Brightmere Westmill Butterbush Bluedell Irondeer Oakmere Southwheat Wellmage Lightmere Esterfall Stoneglass Eriwall Woodice Snowshore Greenshore Corbank Goldwyvern Oldmoor Morwald Courtwall Rosemill Buttermead Foxhaven Stonefair Esterash Morwall Foxvale Freyview Newley Wolflea Bushgate Clearnesse Wildemarsh Marbleiron Lochmage Westvale Dellwyn Fairsage Clearland Ironshore Shoreburn Violetley Erilyn Newby Westerlight Valhaven Greyice Ironriver Eastcastle Courtcastle Brightmere
50
Brightmere Brightmere
Westmill Westmill
Butterbush Butterbush
Bluedell Bluedell
Irondeer Irondeer
Oakmere Oakmere
Southwheat Southwheat
Wellmage Wellmage
Lightmere Lightmere
Esterfall Esterfall
Stoneglass Stoneglass
Eriwall Eriwall
Woodice Woodice
Snowshore Snowshore
Greenshore Greenshore
Corbank Corbank
Goldwyvern Goldwyvern
Oldmoor Oldmoor
Morwald Morwald
Courtwall Courtwall
Rosemill Rosemill
Buttermead Buttermead
Foxhaven Foxhaven
Stonefair Stonefair
Esterash Esterash
Morwall Morwall
Foxvale Foxvale
Freyview Freyview
Newley Newley
Wolflea Wolflea
Bushgate Bushgate
Clearnesse Clearnesse
Wildemarsh Wildemarsh
Marbleiron Marbleiron
Lochmage Lochmage
Westvale Westvale
Dellwyn Dellwyn
Fairsage Fairsage
Clearland Clearland
Ironshore Ironshore
Shoreburn Shoreburn
Violetley Violetley
Erilyn Erilyn
Newby Newby
Westerlight Westerlight
Valhaven Valhaven
Greyice Greyice
Ironriver Ironriver
Eastcastle Eastcastle
Courtcastle Courtcastle
