Shoreburn Snowshore Lightmere Goldcrest Morwald Clearland Wildemarsh Fogland Stonefair Brightrock Highmont Strongfall Fairsage Rosegate Orbarrow Butterbush Mallowbridge Silverwitch Westmill Woodice Eastcastle Courtcastle Morwall Icenesse Newmill Coldville Courtedge Buttermead Freymere Northwynne Eriwall Wolflea Mistshore Dellwyn Northriver Newley Lochmage Butterhill Corbank Bluedell Erilyn Redwell Flowermill Westvale Greyice Mallowness Wooddell Oldmoor Windbridge Silverlea Butterway Esterash Violetfay Applecastle Redlake Bluelake Southwheat Wellbank Seamoor Stoneglass Marbleiron Janholt Courtwall Flowerfield Rosemill Deephedge Silverbarrow Newby Irondeer Freyview Bluewyn Westerlight Bushgate Clearnesse Blackbush Fieldedge Brightmere Violetley Springfox Starryhill Foxhaven Greenshore Southpine Ostwynne Fairice Wellmage Esterfall Foxvale Summermage Snowsage Goldwyvern Verthedge Greensummer Oakmere Orfort Bluedale Ironriver Ironshore Valhaven Mallowway Shoreburn
100
Shoreburn Shoreburn
Snowshore Snowshore
Lightmere Lightmere
Goldcrest Goldcrest
Morwald Morwald
Clearland Clearland
Wildemarsh Wildemarsh
Fogland Fogland
Stonefair Stonefair
Brightrock Brightrock
Highmont Highmont
Strongfall Strongfall
Fairsage Fairsage
Rosegate Rosegate
Orbarrow Orbarrow
Butterbush Butterbush
Mallowbridge Mallowbridge
Silverwitch Silverwitch
Westmill Westmill
Woodice Woodice
Eastcastle Eastcastle
Courtcastle Courtcastle
Morwall Morwall
Icenesse Icenesse
Newmill Newmill
Coldville Coldville
Courtedge Courtedge
Buttermead Buttermead
Freymere Freymere
Northwynne Northwynne
Eriwall Eriwall
Wolflea Wolflea
Mistshore Mistshore
Dellwyn Dellwyn
Northriver Northriver
Newley Newley
Lochmage Lochmage
Butterhill Butterhill
Corbank Corbank
Bluedell Bluedell
Erilyn Erilyn
Redwell Redwell
Flowermill Flowermill
Westvale Westvale
Greyice Greyice
Mallowness Mallowness
Wooddell Wooddell
Oldmoor Oldmoor
Windbridge Windbridge
Silverlea Silverlea
Butterway Butterway
Esterash Esterash
Violetfay Violetfay
Applecastle Applecastle
Redlake Redlake
Bluelake Bluelake
Southwheat Southwheat
Wellbank Wellbank
Seamoor Seamoor
Stoneglass Stoneglass
Marbleiron Marbleiron
Janholt Janholt
Courtwall Courtwall
Flowerfield Flowerfield
Rosemill Rosemill
Deephedge Deephedge
Silverbarrow Silverbarrow
Newby Newby
Irondeer Irondeer
Freyview Freyview
Bluewyn Bluewyn
Westerlight Westerlight
Bushgate Bushgate
Clearnesse Clearnesse
Blackbush Blackbush
Fieldedge Fieldedge
Brightmere Brightmere
Violetley Violetley
Springfox Springfox
Starryhill Starryhill
Foxhaven Foxhaven
Greenshore Greenshore
Southpine Southpine
Ostwynne Ostwynne
Fairice Fairice
Wellmage Wellmage
Esterfall Esterfall
Foxvale Foxvale
Summermage Summermage
Snowsage Snowsage
Goldwyvern Goldwyvern
Verthedge Verthedge
Greensummer Greensummer
Oakmere Oakmere
Orfort Orfort
Bluedale Bluedale
Ironriver Ironriver
Ironshore Ironshore
Valhaven Valhaven
Mallowway Mallowway
