129 137 124 92 179 76 49 162 119 64 71 90 152 58 170 73 6 130 167 7 96 118 10 28 5 148 101 97 48 98 103 192 175 127 74 160 37 196 154 110 157 4 2 55 165 27 94 139 19 43 72 21 182 21 72 79 112 61 31 88 115 197 107 197 51 34 109 184 85 133 106 181 8 181 32 145 172 141 25 16 137 129
56
124 124
76 76
49 49
64 64
58 58
73 73 136
130 130
7 7
118 118 13 166
10 10 100 22
28 28
148 148
97 97
103 103
175 175
127 127
160 160
37 37
196 196
154 154 193
157 157
4 4
55 55
94 94
139 139
19 19
43 43
79 79
112 112
61 61
31 31
88 88 1
115 115
34 34
109 109
184 184
85 85
133 133
106 106 178
181 181 169
145 145
172 172
25 25
16 16
119 163
152 91
96 70
101 52
192 121
2 46
165 40
21 151 67
182 190
107 82
8 142
32 187
