FacultyClub LawrenceofScience PacificFilmArchive OBrien Library Etcheverry HearstGym BioscienceLibrary Pimentel Manville Hilgard Cheit SproulPlaza Wheeler Durham SutardjaDai UniversityHouse FPF EarthquakeLibrary Spieker StudentUnion BrainImagingCenter Morrison Mulford CareerCenter FacultyClub
25
FacultyClub FacultyClub
LawrenceofScience LawrenceofScience
PacificFilmArchive PacificFilmArchive
OBrien OBrien
Library Library
Etcheverry Etcheverry
HearstGym HearstGym
BioscienceLibrary BioscienceLibrary
Pimentel Pimentel
Manville Manville
Hilgard Hilgard
Cheit Cheit
SproulPlaza SproulPlaza
Wheeler Wheeler
Durham Durham
SutardjaDai SutardjaDai
UniversityHouse UniversityHouse
FPF FPF
EarthquakeLibrary EarthquakeLibrary
Spieker Spieker
StudentUnion StudentUnion
BrainImagingCenter BrainImagingCenter
Morrison Morrison
Mulford Mulford
CareerCenter CareerCenter
