FacultyClub MLK SutardjaDai BancroftLibrary Library FPF HealthServices EastAsianLibrary Evans PhysicsLibrary HearstGym Pimentel NorthGate EarthLibrary Underhill Etcheverry TAAP Manville SocialLibrary BrainImagingCenter WooHonFai Bechtel Bowles AquaticCenter HearstFieldAnnex NewspapersLibrary AnthropologyLibrary StudentUnion LawrenceofScience SproulPlaza Senior EthnicLibrary MelvinLaboratory Investigative MediaCenter UpperHearstParking DonnerLaboratory Hilgard HearstGreekTheatre StowPlaza InternationalHouse Davis FoxCottage Latimer SimpsonCenter MaxwellField AndersenAuditorium VisualCenter PacificFilmArchive Cheit MartinezCommons CesarChavez UniversityHouse VLSB HearstFountain Stanley OptometryLibrary Jacobs BioscienceLibrary Unit3 BerkeleyWayWest LatinAmerican SEAsianLibrary EngineeringLibrary FoundersRock Warren Durant Soda CareerCenter Wheeler Wellman IdaHouse EnergyBuilding OBrien Stephens Birge LeConte SpringerGateway Campbell IRLE BancroftDance Giauque Mulford Hildebrand AlumniHouse Durham ArtHistoryLibrary McCone Boalt LawSchool MSRI Koshland MathLibrary Sproul BanwayBuilding BerkeleyLawLibrary CITRIS Spieker Morrison EarthquakeLibrary FacultyClub
100
FacultyClub FacultyClub
MLK MLK
SutardjaDai SutardjaDai
BancroftLibrary BancroftLibrary
Library Library
FPF FPF
HealthServices HealthServices
EastAsianLibrary EastAsianLibrary
Evans Evans
PhysicsLibrary PhysicsLibrary
HearstGym HearstGym
Pimentel Pimentel
NorthGate NorthGate
EarthLibrary EarthLibrary
Underhill Underhill
Etcheverry Etcheverry
TAAP TAAP
Manville Manville
SocialLibrary SocialLibrary
BrainImagingCenter BrainImagingCenter
WooHonFai WooHonFai
Bechtel Bechtel
Bowles Bowles
AquaticCenter AquaticCenter
HearstFieldAnnex HearstFieldAnnex
NewspapersLibrary NewspapersLibrary
AnthropologyLibrary AnthropologyLibrary
StudentUnion StudentUnion
LawrenceofScience LawrenceofScience
SproulPlaza SproulPlaza
Senior Senior
EthnicLibrary EthnicLibrary
MelvinLaboratory MelvinLaboratory
Investigative Investigative
MediaCenter MediaCenter
UpperHearstParking UpperHearstParking
DonnerLaboratory DonnerLaboratory
Hilgard Hilgard
HearstGreekTheatre HearstGreekTheatre
StowPlaza StowPlaza
InternationalHouse InternationalHouse
Davis Davis
FoxCottage FoxCottage
Latimer Latimer
SimpsonCenter SimpsonCenter
MaxwellField MaxwellField
AndersenAuditorium AndersenAuditorium
VisualCenter VisualCenter
PacificFilmArchive PacificFilmArchive
Cheit Cheit
MartinezCommons MartinezCommons
CesarChavez CesarChavez
UniversityHouse UniversityHouse
VLSB VLSB
HearstFountain HearstFountain
Stanley Stanley
OptometryLibrary OptometryLibrary
Jacobs Jacobs
BioscienceLibrary BioscienceLibrary
Unit3 Unit3
BerkeleyWayWest BerkeleyWayWest
LatinAmerican LatinAmerican
SEAsianLibrary SEAsianLibrary
EngineeringLibrary EngineeringLibrary
FoundersRock FoundersRock
Warren Warren
Durant Durant
Soda Soda
CareerCenter CareerCenter
Wheeler Wheeler
Wellman Wellman
IdaHouse IdaHouse
EnergyBuilding EnergyBuilding
OBrien OBrien
Stephens Stephens
Birge Birge
LeConte LeConte
SpringerGateway SpringerGateway
Campbell Campbell
IRLE IRLE
BancroftDance BancroftDance
Giauque Giauque
Mulford Mulford
Hildebrand Hildebrand
AlumniHouse AlumniHouse
Durham Durham
ArtHistoryLibrary ArtHistoryLibrary
McCone McCone
Boalt Boalt
LawSchool LawSchool
MSRI MSRI
Koshland Koshland
MathLibrary MathLibrary
Sproul Sproul
BanwayBuilding BanwayBuilding
BerkeleyLawLibrary BerkeleyLawLibrary
CITRIS CITRIS
Spieker Spieker
Morrison Morrison
EarthquakeLibrary EarthquakeLibrary
