0 17 55 15 177 195 119 143 132 113 105 161 188 87 114 140 149 64 162 167 69 124 102 65 191 82 75 97 199 90 197 123 154 92 91 96 106 49 178 93 42 32 181 26 133 13 3 131 25 141 103 139 18 67 71 73 46 76 58 175 134 117 158 99 135 44 80 170 33 8 171 180 51 145 85 38 56 19 88 47 168 155 60 112 148 120 52 172 153 35 74 173 94 77 48 174 136 83 169 0
98
17 17
55 55
15 15
177 177
195 195
119 119
143 143
132 132
113 113
105 105
161 161
188 188
87 87
114 114
140 140
149 149
64 64
162 162
167 167
69 69
124 124
102 102
65 65
191 191
82 82
75 75
97 97
199 199
90 90
197 197
123 123
154 154
92 92
91 91
96 96
106 106
49 49
178 178
93 93
42 42
32 32
181 181
26 26
133 133
13 13
3 3
131 131
25 25
141 141
103 103
139 139
18 18
67 67
71 71
73 73
46 46
76 76
58 58
175 175
134 134
117 117
158 158
99 99
135 135
44 44
80 80
170 170
33 33
8 8
171 171
180 180
51 51
145 145
85 85
38 38
56 56
19 19
88 88
47 47
168 168
155 155
60 60
112 112
148 148
120 120
52 52
172 172
153 153
35 35
74 74
173 173
94 94
77 77
48 48
174 174
136 136
83 83
169 169
