1 15 131 56 72 41 16 21 53 95 42 95 53 55 27 36 80 20 45 166 46 91 104 23 194 78 57 35 65 54 10 74 99 8 79 76 68 69 13 66 90 63 22 14 89 48 26 4 81 5 96 176 18 114 37 24 97 25 77 49 67 167 83 28 84 172 62 92 100 6 47 87 32 2 61 93 9 71 39 179 98 52 82 11 94 164 86 50 17 58 161 60 85 33 59 44 88 34 12 51 120 43 66 31 7 1
92
15 15
56 56
72 72
41 41
16 16
21 21
53 53
95 95
42 42 64
55 55
27 27
36 36
80 80 70
20 20
45 45
46 46
91 91
23 23
78 78 3
57 57
35 35
65 65 75
54 54
10 10
74 74
99 99
8 8
79 79
76 76
68 68
69 69 30
13 13
66 66
90 90
63 63
22 22
14 14
89 89
48 48
26 26
4 4
81 81
5 5
96 96
18 18
37 37
24 24
97 97
25 25
77 77
49 49
67 67
83 83
28 28
84 84
62 62
92 92
100 100
6 6
47 47
87 87
32 32
2 2
61 61 38
93 93
9 9
71 71
39 39
98 98
52 52
82 82
11 11
94 94
86 86
50 50
17 17
58 58
60 60
85 85
33 33 29
59 59
44 44 40
88 88
34 34
12 12
51 51
43 43
31 31
7 7
104 73
167 101
161 19
