159 109 180 193 24 20 41 129 78 96 162 67 119 172 126 97 14 140 149 76 184 165 65 93 154 93 65 51 148 47 182 48 117 7 72 45 25 101 132 163 53 137 127 61 188 85 54 200 46 192 130 107 134 107 44 4 149 23 181 100 59 147 157 71 15 167 8 178 16 13 63 121 166 27 173 133 17 36 66 10 171 69 138 81 28 9 31 114 92 158 74 158 102 5 177 111 177 64 156 52 6 164 32 79 160 88 29 50 108 75 77 159
82
109 109
180 180 122
193 193
24 24
41 41
96 96
172 172
126 126
97 97
14 14
140 140
76 76
165 165
65 65 98 26
93 93
154 154 2
51 51
148 148
47 47
48 48
7 7
72 72
45 45
101 101
132 132
53 53
137 137
61 61
85 85
200 200
46 46
192 192
107 107
134 134 120
4 4
181 181
100 100 199 139
59 59
157 157
71 71
15 15
167 167
178 178
13 13 106
63 63
121 121
133 133
17 17
36 36
10 10
138 138
28 28
31 31
114 114 35
158 158 99
74 74 185
102 102 123 82
111 111 34 128
64 64
156 156
52 52
6 6
32 32
79 79 3
88 88
77 77 190
20 87
162 191
119 86
127 146
44 60
23 21
147 40
27 145 169
69 155
81 11
92 116
177 174
164 43
108 38
75 37
159 22
