Home141 Home109 Home20 Home149 Home88 Home11 Home49 Home47 Home150 Home36 Home103 Home156 Home163 Home6 Home128 Home112 Home16 Home131 Home2 Home134 Home62 Home152 Home105 Home76 Home5 Home86 Home174 Home173 Home34 Home176 Home52 Home66 Home91 Home115 Home120 Home135 Home87 Home101 Home170 Home100 Home166 Home45 Home60 Home136 Home147 Home51 Home30 Home96 Home44 Home38 Home55 Home114 Home73 Home161 Home97 Home53 Home164 Home127 Home7 Home42 Home32 Home89 Home3 Home157 Home92 Home14 Home50 Home140 Home31 Home172 Home40 Home110 Home125 Home43 Home111 Home27 Home83 Home145 Home144 Home78 Home122 Home143 Home82 Home26 Home121 Home75 Home81 Home25 Home74 Home12 Home1 Home28 Home64 Home29 Home37 Home13 Home65 Home141
78
Home20 Home20 Home126
Home149 Home149
Home88 Home88
Home11 Home11
Home47 Home47
Home36 Home36
Home103 Home103
Home156 Home156
Home128 Home128
Home112 Home112
Home16 Home16
Home131 Home131
Home134 Home134
Home62 Home62
Home152 Home152
Home105 Home105
Home76 Home76
Home5 Home5 Home63 Home124 Home167
Home86 Home86
Home173 Home173
Home34 Home34
Home176 Home176
Home66 Home66
Home91 Home91
Home120 Home120 Home69
Home135 Home135
Home87 Home87
Home170 Home170 Home165
Home100 Home100 Home67
Home45 Home45
Home60 Home60
Home136 Home136
Home147 Home147
Home51 Home51
Home96 Home96
Home44 Home44
Home55 Home55
Home114 Home114
Home161 Home161
Home97 Home97
Home53 Home53
Home164 Home164
Home127 Home127
Home7 Home7
Home32 Home32
Home89 Home89
Home3 Home3
Home157 Home157
Home92 Home92
Home50 Home50
Home31 Home31
Home172 Home172
Home110 Home110
Home125 Home125
Home43 Home43
Home111 Home111
Home27 Home27
Home83 Home83
Home144 Home144
Home122 Home122
Home143 Home143
Home82 Home82 Home177
Home26 Home26
Home75 Home75
Home81 Home81
Home25 Home25
Home74 Home74
Home1 Home1
Home64 Home64
Home37 Home37
Home13 Home13
Home141 Home15
Home2 Home132
Home101 Home4
Home73 Home106
Home145 Home171
Home28 Home35
Home29 Home48 Home154
