Satish IHN21LA4 RP28W1 M71OYIS EEZS HQG39M B3R68HYWZ KBI1CALMNJ DST5W4G0 PMXEOGGIQ DNIV2BOR2P LM7KL5G3V ARTWTP9 KCOFJD 01G9IQ2 PUW25N CKNDWG ZMZIWZ 4UE11 LQQ5IH MXJIYJYNH4 9QJRN FM2G14H8I G90OCSZY FPZT ZH2INF 5HULMUDLAQ 3J6SSA GH8C G4QE3I 8UPUEGO EFIKTK4Y0Y 4P0LGP0 PIW6IC50D H1LQ91V A118 A8WYICH3 9K8PLAET 9V10EOH E9DZLL M649OA ZMQ5BH L7QS0UEPJ Q7ZEY 7GAD3F CB93 B690 3WJYJDDU ZZACWP FM2HEMVR1 Q7Z37G5 VGYKKKOFLZ 6PVQIBNB9 HBQM42U GN4G0L2 HM48FZD0 E2DHWGC H41HZ6 QW15YTSV M35E O44VZ E37ZKA8WK 91ZONFE GILAN21GR3 26PG YSRPP 8TH7QVQY GNVXN E5HD 2BLLD3SK 7622OJ ET82NVH9 YU3U1T 1UCE MLKOJ JX6GCY 8MDFNIK8AY FWM5C W71YV1R66L 0TRB9358 79KTC8AS9 P6RI91D87 3IXHQXHYBV LBR67PCKBJ ETB2 2B1K6EW9CL DYYG23O VOAV C8WREP 02X2C YQB2CII950 ETNCY9XH2 7T8I47 CV6NHW7M J2ETZ1C CXQDH6YMZ8 5XYO SQLSVN DDB26ZHC 4VE7V 4C88SXD Satish
100
IHN21LA4 IHN21LA4
RP28W1 RP28W1
M71OYIS M71OYIS
EEZS EEZS
HQG39M HQG39M
B3R68HYWZ B3R68HYWZ
KBI1CALMNJ KBI1CALMNJ
DST5W4G0 DST5W4G0
PMXEOGGIQ PMXEOGGIQ
DNIV2BOR2P DNIV2BOR2P
LM7KL5G3V LM7KL5G3V
ARTWTP9 ARTWTP9
KCOFJD KCOFJD
01G9IQ2 01G9IQ2
PUW25N PUW25N
CKNDWG CKNDWG
ZMZIWZ ZMZIWZ
4UE11 4UE11
LQQ5IH LQQ5IH
MXJIYJYNH4 MXJIYJYNH4
9QJRN 9QJRN
FM2G14H8I FM2G14H8I
G90OCSZY G90OCSZY
FPZT FPZT
ZH2INF ZH2INF
5HULMUDLAQ 5HULMUDLAQ
3J6SSA 3J6SSA
GH8C GH8C
G4QE3I G4QE3I
8UPUEGO 8UPUEGO
EFIKTK4Y0Y EFIKTK4Y0Y
4P0LGP0 4P0LGP0
PIW6IC50D PIW6IC50D
H1LQ91V H1LQ91V
A118 A118
A8WYICH3 A8WYICH3
9K8PLAET 9K8PLAET
9V10EOH 9V10EOH
E9DZLL E9DZLL
M649OA M649OA
ZMQ5BH ZMQ5BH
L7QS0UEPJ L7QS0UEPJ
Q7ZEY Q7ZEY
7GAD3F 7GAD3F
CB93 CB93
B690 B690
3WJYJDDU 3WJYJDDU
ZZACWP ZZACWP
FM2HEMVR1 FM2HEMVR1
Q7Z37G5 Q7Z37G5
VGYKKKOFLZ VGYKKKOFLZ
6PVQIBNB9 6PVQIBNB9
HBQM42U HBQM42U
GN4G0L2 GN4G0L2
HM48FZD0 HM48FZD0
E2DHWGC E2DHWGC
H41HZ6 H41HZ6
QW15YTSV QW15YTSV
M35E M35E
O44VZ O44VZ
E37ZKA8WK E37ZKA8WK
91ZONFE 91ZONFE
GILAN21GR3 GILAN21GR3
26PG 26PG
YSRPP YSRPP
8TH7QVQY 8TH7QVQY
GNVXN GNVXN
E5HD E5HD
2BLLD3SK 2BLLD3SK
7622OJ 7622OJ
ET82NVH9 ET82NVH9
YU3U1T YU3U1T
1UCE 1UCE
MLKOJ MLKOJ
JX6GCY JX6GCY
8MDFNIK8AY 8MDFNIK8AY
FWM5C FWM5C
W71YV1R66L W71YV1R66L
0TRB9358 0TRB9358
79KTC8AS9 79KTC8AS9
P6RI91D87 P6RI91D87
3IXHQXHYBV 3IXHQXHYBV
LBR67PCKBJ LBR67PCKBJ
ETB2 ETB2
2B1K6EW9CL 2B1K6EW9CL
DYYG23O DYYG23O
VOAV VOAV
C8WREP C8WREP
02X2C 02X2C
YQB2CII950 YQB2CII950
ETNCY9XH2 ETNCY9XH2
7T8I47 7T8I47
CV6NHW7M CV6NHW7M
J2ETZ1C J2ETZ1C
CXQDH6YMZ8 CXQDH6YMZ8
5XYO 5XYO
SQLSVN SQLSVN
DDB26ZHC DDB26ZHC
4VE7V 4VE7V
4C88SXD 4C88SXD
