129 89 130 36 9 161 103 4 81 158 142 180 13 50 11 101 84 66 122 192 105 23 194 29 157 195 85 56 51 6 110 14 55 126 39 178 175 59 95 156 99 196 25 98 109 107 100 151 114 108 125 2 188 16 49 155 17 57 123 8 48 189 145 15 0 82 65 177 190 64 163 26 128 152 21 61 91 150 171 121 53 191 63 97 76 96 87 33 58 1 174 5 40 62 137 197 92 183 88 44 129
98
89 89
130 130
36 36
9 9
161 161
103 103
4 4 184
81 81
158 158
142 142
180 180
13 13
50 50
11 11
101 101
84 84
66 66
122 122
192 192
105 105
23 23
194 194
29 29
157 157
195 195
85 85
56 56
51 51
6 6
110 110
14 14
55 55
126 126
39 39
178 178
175 175
59 59
95 95
156 156
99 99
196 196
25 25
98 98
109 109
107 107
100 100
151 151
114 114
108 108
125 125
2 2
188 188
16 16
49 49
155 155
17 17
57 57
123 123
8 8
48 48
189 189
145 145
15 15
0 0 160
82 82
65 65
177 177
190 190
64 64
163 163
26 26
128 128
152 152
21 21
61 61
91 91
150 150
171 171
121 121
53 53
191 191
63 63
97 97
76 76
96 96
87 87
33 33
58 58
174 174
5 5
40 40
62 62
137 137
197 197
92 92
183 183
88 88
44 44
