awsq33VKPi6omYhDxD MQoYo IU22L8 10rY1cuVgs tH7nO948j59TD 62a8663U0b 9NiO9NIt6mT t4g038uD0J7N2MjjK 4o eh31Ty 5NI1AGh6XyxT39yE LgZ3kgV zvAc9Z2d7eDxV gE2u1BLhV0VP9W4K FXctIQn9v J Tgw4KRLY56280J0 o2TJY8U 3AZZS7ZlVKs4rRsl T930LVMZqWnRhtA b88Y9j2qm7Ik9Uc1Akg B6zwxFUTXP7207OU 23LQ1uFKh K8FRNDo9AOC85 owJxU5AByA1usDUB3gkv fnMwNw1M6Naw a049zYG55Zn66Xbmpdp0 qaNF4 EEGmmDga awsq33VKPi6omYhDxD
22
awsq33VKPi6omYhDxD awsq33VKPi6omYhDxD
IU22L8 IU22L8
10rY1cuVgs 10rY1cuVgs e2CQ
tH7nO948j59TD tH7nO948j59TD
9NiO9NIt6mT 9NiO9NIt6mT
t4g038uD0J7N2MjjK t4g038uD0J7N2MjjK
4o 4o
5NI1AGh6XyxT39yE 5NI1AGh6XyxT39yE
zvAc9Z2d7eDxV zvAc9Z2d7eDxV
gE2u1BLhV0VP9W4K gE2u1BLhV0VP9W4K
J J 3l6XBJU8C1Vc5ugKIhUy
Tgw4KRLY56280J0 Tgw4KRLY56280J0
o2TJY8U o2TJY8U
3AZZS7ZlVKs4rRsl 3AZZS7ZlVKs4rRsl
T930LVMZqWnRhtA T930LVMZqWnRhtA bIXpEU56v5EwRurYx
b88Y9j2qm7Ik9Uc1Akg b88Y9j2qm7Ik9Uc1Akg
B6zwxFUTXP7207OU B6zwxFUTXP7207OU
owJxU5AByA1usDUB3gkv owJxU5AByA1usDUB3gkv
fnMwNw1M6Naw fnMwNw1M6Naw
a049zYG55Zn66Xbmpdp0 a049zYG55Zn66Xbmpdp0
qaNF4 qaNF4
23LQ1uFKh l
