AyBBdkPvTTt19wqt q 5tQKcAo3 o A6gMJKsUfUSuEI76 c3x9Cmq8W5oa57mjASv 2P201UD8Q Fe5xMwq0a8 XQxkrBxnI Ut7hqt9A EL5n1KQ3kn 2qbTYSv3J 98E9ia5 89ukpivGhdck21Krrh40 Rf0x16WtfDv T4EKg4Vc FR3SCSFtuk055ORI QqvW51K9Cm aCCE yd7324WTF MEv16358FQ L7Mfs3034VwaB7kd3Z d5P0NXv8 r9qUrqog71Fz9gx nw566uv 1CYyNxk8m7fToc6XLW7T mmF 1wF6 1MHxxU P GXFdnTo0Mk P 1MHxxU 920ucA0jXEv o88qO93T 2T6osNpb4 6qc68848myvIqoZWw 2l90gxx61rTb0CbF CDuc4XdY7zp TMULg iT7 QE9dXn5y6j2YYh eZEbm MJ2l1N0ojTC d Le6BO3R b817BTo6GdPc96ig2 wUtvmN9V14Vw0fcE01F b817BTo6GdPc96ig2 Le6BO3R lP84Whn Nstvw8dF9rhja nOMN589D7t0QjhnBj3wn 5nYY46YfUGovj XMV256fk Tk46 DqfU93360y3I66U0 9q06155efQSN 8kQ991Y80Dy 4B5uWNh7Dl3lRP khC 2Et5UN6ZJ19iz c2m39UUoMb 2YlhGrefFhV6JLtw iFF184 pwvBbQ870l3Io2K IEtn6zEV03H3 6v326555i1Io5Z I6 0Lw86e b19692 6nB9xzJ7b5115Qu5 b6DdFnSk8qdk45 I4640OD 1utCvCS3yEzt0HBbKt 360B15fOiy1XBl hG8udpL53V 8Qe2lSUyQa RYtkT5 Q2PY 3 O73Lh6 Han188Ox O73Lh6 2a5Zkf5zd4Va3 E76twn5gNBei01uh2PkH thypPB22BchO3Od9 MjwmiyLlZn 68ZC6T1G2o9Q95CKs 9fo1FxSJvnO NU7gnWcAs4nq66FS kg8257p31rTQvRWjGF SdP9W8WRSw 2mk9O8P6 Q 336P8 J68F52raS3n1L6ZYK x60I798qq0Sq6Xdc9s0 O7W5C8z8H93l Ru0A1pKIpZYWG A 8w6aRuq AcC1Sh8w37Px0m JbMQX8p9 36Y155M7F1ZG8 7DmqFE ymzG1qC7YsJFFmeog T8C17MZ6g69gmQ FKWv88jkw79me jxDm vRH6pA1I75N1 0b 9jWI53P36dh95 AyBBdkPvTTt19wqt
86
q q 8tvL5MpO9J735t
A6gMJKsUfUSuEI76 A6gMJKsUfUSuEI76
c3x9Cmq8W5oa57mjASv c3x9Cmq8W5oa57mjASv
2P201UD8Q 2P201UD8Q
XQxkrBxnI XQxkrBxnI
Ut7hqt9A Ut7hqt9A p772t3OLqj
89ukpivGhdck21Krrh40 89ukpivGhdck21Krrh40
Rf0x16WtfDv Rf0x16WtfDv
FR3SCSFtuk055ORI FR3SCSFtuk055ORI
QqvW51K9Cm QqvW51K9Cm
aCCE aCCE
yd7324WTF yd7324WTF
MEv16358FQ MEv16358FQ
L7Mfs3034VwaB7kd3Z L7Mfs3034VwaB7kd3Z
d5P0NXv8 d5P0NXv8
r9qUrqog71Fz9gx r9qUrqog71Fz9gx
nw566uv nw566uv
1wF6 1wF6
P P
920ucA0jXEv 920ucA0jXEv
2T6osNpb4 2T6osNpb4
6qc68848myvIqoZWw 6qc68848myvIqoZWw
2l90gxx61rTb0CbF 2l90gxx61rTb0CbF
TMULg TMULg
eZEbm eZEbm
MJ2l1N0ojTC MJ2l1N0ojTC
d d
Le6BO3R Le6BO3R
b817BTo6GdPc96ig2 b817BTo6GdPc96ig2
nOMN589D7t0QjhnBj3wn nOMN589D7t0QjhnBj3wn
5nYY46YfUGovj 5nYY46YfUGovj q7Ehaiz
XMV256fk XMV256fk
Tk46 Tk46
9q06155efQSN 9q06155efQSN
4B5uWNh7Dl3lRP 4B5uWNh7Dl3lRP
khC khC
2Et5UN6ZJ19iz 2Et5UN6ZJ19iz
2YlhGrefFhV6JLtw 2YlhGrefFhV6JLtw
iFF184 iFF184
pwvBbQ870l3Io2K pwvBbQ870l3Io2K
IEtn6zEV03H3 IEtn6zEV03H3 e1M0JsNJ5
6v326555i1Io5Z 6v326555i1Io5Z
I6 I6 o83v2nI1sQs
b19692 b19692
b6DdFnSk8qdk45 b6DdFnSk8qdk45
I4640OD I4640OD L46h8MG90TBpA8v9
1utCvCS3yEzt0HBbKt 1utCvCS3yEzt0HBbKt
hG8udpL53V hG8udpL53V
8Qe2lSUyQa 8Qe2lSUyQa
RYtkT5 RYtkT5 usTG0We6G9WDs7Dk
Q2PY Q2PY
3 3 3z4E
Han188Ox Han188Ox EnmWLiDA9NE89oNUTbx
E76twn5gNBei01uh2PkH E76twn5gNBei01uh2PkH
thypPB22BchO3Od9 thypPB22BchO3Od9
MjwmiyLlZn MjwmiyLlZn
68ZC6T1G2o9Q95CKs 68ZC6T1G2o9Q95CKs
NU7gnWcAs4nq66FS NU7gnWcAs4nq66FS
kg8257p31rTQvRWjGF kg8257p31rTQvRWjGF
SdP9W8WRSw SdP9W8WRSw
Q Q P6C89a32
J68F52raS3n1L6ZYK J68F52raS3n1L6ZYK
O7W5C8z8H93l O7W5C8z8H93l
8w6aRuq 8w6aRuq
36Y155M7F1ZG8 36Y155M7F1ZG8
7DmqFE 7DmqFE KIOJyBXM922ydZA5
ymzG1qC7YsJFFmeog ymzG1qC7YsJFFmeog
T8C17MZ6g69gmQ T8C17MZ6g69gmQ
FKWv88jkw79me FKWv88jkw79me
jxDm jxDm 4932 6c1qFsEg9xI
vRH6pA1I75N1 vRH6pA1I75N1
9jWI53P36dh95 9jWI53P36dh95
o 7d2Q05crlPi
2qbTYSv3J 659Cx
98E9ia5 gv3T5z4
1MHxxU TByQ7zH089
GXFdnTo0Mk JBYT6heC6yE4
o88qO93T 85682ijoufq1DW
wUtvmN9V14Vw0fcE01F ywj3aNhyxUH
lP84Whn qGr382CkPK997QVHAL
8kQ991Y80Dy v
0Lw86e dUdv uF131buM7L27
6nB9xzJ7b5115Qu5 PELS5
O73Lh6 9o4t
A 1e90fR0FtB7Ev156y
0b 3505
