845LWU7Kg6167HQY i7lmV5iDIgl5f 1 5 fgM12T 6RiHvQ4xTN5 9vq8gscs7dz1 eDv5MBdo MVvh DUiYDuR9yYFD5 u3Qv EnhLq7BgTj8IN3Z2m YKpC4gQmPKaU311w9eOT O41Muu 95fufpL7BuUW8Mng00jE O58T dw6Yuyls1ZilP493g91O 95E0752p51t ZT3 y B4mQOl023dn1 3HQj1I8wd8 eqYzN7b19UgNo1K 672Pt4Ytw8LW J ElUTL 122gt KKUFV29x8iO 9 N8191M9E9v HDLHc5Kdk N8191M9E9v 48783322I5q9PFVPT SmI7f H6pXAnE0KypnExX YLKBD54k pbE3R4QsB76l r k 3k 3 TU76UjE52906 4 KpBvy 4l4aqvNKB NQ3vX6W6H74aK53np 5Ll49ySSWT043CtCd2 5CCl0n2r5512 MY3aL96Y 2qgWbB40Ya16 xaM1q4jQi3efYb0 11l6P71DgEau1baEX4 77yN7eHZwfF99R2 geUO1h 8M2OK8Px58 i7lmV5iDIgl5f 845LWU7Kg6167HQY
44
845LWU7Kg6167HQY 845LWU7Kg6167HQY
5 5
fgM12T fgM12T
6RiHvQ4xTN5 6RiHvQ4xTN5
eDv5MBdo eDv5MBdo 5Qkzz260R7
MVvh MVvh
DUiYDuR9yYFD5 DUiYDuR9yYFD5
u3Qv u3Qv 42U0k6JhTQxPvUw8
EnhLq7BgTj8IN3Z2m EnhLq7BgTj8IN3Z2m
YKpC4gQmPKaU311w9eOT YKpC4gQmPKaU311w9eOT
O41Muu O41Muu
O58T O58T
95E0752p51t 95E0752p51t
ZT3 ZT3
y y
B4mQOl023dn1 B4mQOl023dn1
eqYzN7b19UgNo1K eqYzN7b19UgNo1K
672Pt4Ytw8LW 672Pt4Ytw8LW
ElUTL ElUTL D
122gt 122gt
KKUFV29x8iO KKUFV29x8iO ftk2
9 9
48783322I5q9PFVPT 48783322I5q9PFVPT
SmI7f SmI7f
H6pXAnE0KypnExX H6pXAnE0KypnExX
YLKBD54k YLKBD54k
r r ICQxh0Q58799CUd2
3k 3k
3 3
TU76UjE52906 TU76UjE52906
4 4
KpBvy KpBvy
4l4aqvNKB 4l4aqvNKB
NQ3vX6W6H74aK53np NQ3vX6W6H74aK53np
5CCl0n2r5512 5CCl0n2r5512
MY3aL96Y MY3aL96Y
2qgWbB40Ya16 2qgWbB40Ya16
xaM1q4jQi3efYb0 xaM1q4jQi3efYb0
11l6P71DgEau1baEX4 11l6P71DgEau1baEX4
geUO1h geUO1h
8M2OK8Px58 8M2OK8Px58
J 7L X6SrYf57mSUQQ28C
HDLHc5Kdk SL88w66v7
77yN7eHZwfF99R2 TBk5Pt5vt5SInt
