0 90 79 4 171 101 55 63 24 54 108 26 89 23 197 16 57 142 199 154 151 145 95 147 97 84 87 85 75 11 121 49 40 100 35 124 93 174 56 36 2 182 88 198 6 58 68 118 77 125 34 76 7 105 92 17 33 72 28 41 46 22 107 47 51 96 150 29 14 61 65 3 12 153 73 99 32 99 82 18 42 10 122 21 17 13 5 109 31 141 64 9 50 112 191 71 67 8 128 53 20 126 60 140 0 137 0
80
0 0 15 43 59 62 86
90 90
79 79
4 4
55 55
63 63
24 24
54 54 98
26 26
89 89
23 23
16 16
57 57 1
95 95
97 97
84 84
87 87
85 85
75 75
11 11
49 49
40 40 69
35 35
93 93 38
56 56
36 36
2 2 78 27
88 88
6 6
58 58
68 68
77 77
34 34
76 76
7 7
92 92
17 17
33 33 74
72 72 83
28 28
41 41
46 46
22 22
47 47
51 51 30
96 96
29 29
14 14
61 61 70
65 65
3 3
12 12
73 73
99 99
32 32 25
82 82
18 18
42 42 48
10 10
21 21
13 13
5 5
31 31
64 64
9 9 80
50 50
71 71 94
67 67
8 8
53 53
20 20
60 60
199 39
100 44
174 81
125 91
105 19
153 66
128 45
137 37 52
