69 56 25 195 113 188 0 193 51 162 71 80 74 72 166 81 106 63 165 146 112 11 97 147 197 163 8 27 117 26 119 24 50 190 185 171 58 198 3 110 99 14 148 16 90 83 160 2 150 132 121 192 5 33 191 37 134 82 44 186 4 52 30 158 1 64 118 1 87 46 59 149 128 31 53 194 77 100 135 36 127 131 115 101 69
79
56 56
25 25
195 195
113 113
188 188
193 193
51 51
162 162
71 71
80 80
74 74
72 72
166 166
81 81
106 106
63 63
165 165
146 146
112 112
11 11 104
97 97
147 147
197 197
163 163
27 27
117 117
26 26
119 119
24 24
50 50
190 190
185 185
171 171
58 58
198 198
110 110
99 99
14 14
148 148
16 16
90 90
83 83
160 160
2 2
150 150
132 132
121 121
192 192
5 5
33 33
191 191
37 37
134 134
82 82
44 44
186 186
52 52
30 30
158 158
1 1
64 64
118 118
87 87
46 46
59 59
149 149
128 128
31 31
53 53
194 194
77 77
100 100
135 135
36 36
127 127
131 131
115 115
101 101
3 133
