112 118 96 40 94 13 143 60 169 136 149 66 120 121 172 97 168 129 85 36 190 33 71 83 52 81 152 107 49 174 183 34 194 124 130 14 162 64 80 58 59 119 138 144 165 114 75 182 44 21 157 188 105 17 170 9 54 56 42 163 68 41 99 6 187 154 160 131 24 184 181 78 171 72 70 158 11 147 20 104 0 117 166 151 102 35 95 28 69 29 27 53 23 146 126 127 84 109 73 8 123 112
100
118 118
96 96
40 40
94 94
13 13
143 143
60 60
169 169
136 136
149 149
66 66
120 120
121 121
172 172
97 97
168 168
129 129
85 85
36 36
190 190
33 33
71 71
83 83
52 52
81 81
152 152
107 107
49 49
174 174
183 183
34 34
194 194
124 124
130 130
14 14
162 162
64 64
80 80
58 58
59 59
119 119
138 138
144 144
165 165
114 114
75 75
182 182
44 44
21 21
157 157
188 188
105 105
17 17
170 170
9 9
54 54
56 56
42 42
163 163
68 68
41 41
99 99
6 6
187 187
154 154
160 160
131 131
24 24
184 184
181 181
78 78
171 171
72 72
70 70
158 158
11 11
147 147
20 20
104 104
0 0
117 117
166 166
151 151
102 102
35 35
95 95
28 28
69 69
29 29
27 27
53 53
23 23
146 146
126 126
127 127
84 84
109 109
73 73
8 8
123 123
