0 13 106 50 59 51 89 167 110 17 125 28 20 145 58 36 46 49 48 74 4 133 52 130 94 24 16 157 69 192 81 140 124 40 64 11 70 111 78 35 38 8 34 97 96 120 93 63 21 6 25 3 90 88 57 195 99 56 45 148 85 9 98 84 169 66 149 23 12 10 188 87 79 41 44 27 113 30 176 82 22 62 150 67 91 121 14 31 100 29 39 86 139 37 47 76 132 83 68 54 53 151 60 92 177 72 123 65 5 196 18 32 77 173 80 71 0
95
13 13
50 50
59 59 7
51 51
89 89
17 17
28 28
20 20
58 58
36 36
46 46
49 49
48 48
74 74
4 4
52 52
94 94
24 24
16 16
69 69
81 81
40 40
64 64
11 11
70 70
78 78
35 35
38 38
8 8
34 34
97 97
96 96
93 93
63 63
21 21
6 6
25 25
3 3
90 90
88 88
57 57
99 99
56 56
45 45
85 85
9 9
98 98
84 84
66 66
23 23
12 12
10 10
87 87
79 79
41 41 19
44 44
27 27
30 30
82 82
22 22
62 62
67 67
91 91
14 14
31 31
100 100 73 61
29 29
39 39
86 86
37 37
47 47
76 76
83 83
68 68
54 54
53 53
60 60
92 92
72 72
65 65
5 5
18 18
32 32
77 77
80 80
71 71
110 26
192 95
111 75
113 15 1
176 42
132 43
151 55
177 33
0 2
