48 20 168 109 6 11 79 21 148 81 35 173 145 118 58 164 77 19 121 120 159 197 65 5 51 84 60 57 151 45 191 66 74 149 92 177 158 42 9 180 156 52 193 194 157 114 123 162 8 190 185 32 64 83 55 36 29 152 136 129 141 196 46 10 115 154 110 102 179 174 125 143 137 43 101 98 16 40 176 122 170 3 155 199 138 78 7 175 165 38 147 135 181 113 69 77 124 2 23 39 85 92 126 119 93 133 107 87 90 25 171 163 72 186 73 48
93
48 48
20 20
109 109
11 11
79 79
21 21
148 148
35 35
145 145
118 118
58 58
164 164
19 19
120 120
197 197
5 5
84 84
60 60
151 151
191 191
66 66
74 74
149 149
177 177
158 158
42 42
9 9
180 180
156 156
52 52
193 193
194 194
157 157
123 123
190 190
185 185
64 64
55 55
36 36
29 29
152 152
136 136
129 129
141 141
196 196
46 46
10 10
115 115
154 154 53
110 110
179 179
125 125
143 143 167
137 137
101 101
98 98 103 67
16 16
40 40
176 176
170 170
3 3
155 155
199 199
138 138
78 78
7 7
175 175
165 165 34
38 38 117
147 147
135 135
181 181
113 113 182
69 69
2 2
23 23
39 39
85 85
126 126
119 119
93 93
133 133
107 107
87 87
90 90
25 25
171 171
163 163
186 186
73 73
173 88
124 56
72 108
