mdyuzxshey vkrlpmybdj jatkaoyfxb zumetrybth ebqxbaqnmm ljhmnbaicr owusjcmdkp lnicnhmajr chjuuxuacs euqbrkzdsw oggftsricu lkvobxyfca fznfvsgjhc hkempoemlv mswyvpdrsy lndsfxewdc zpybghfdbe psiebvskfb qydclznxrd cmdqzmgvfi tmrnpjqnxx wtlzrefwav hsjqtjkukk smwxdupkdv koawdpgqdx unihwwnyqz qepegujmaa unihwwnyqz koawdpgqdx aokbiptbzc smwxdupkdv hsjqtjkukk wtlzrefwav jrmlkfexfk gllungmori rkyixxpcbx optviwhmbr ixyurvbpvu uooysjrxsb seeyrseflx uooysjrxsb ixyurvbpvu siatqqydwf ahqdrcepub lazlsvgukx idfvjoquhh lbuiysostx oegfbrwyrp bswhowadhl wtyqwjwskq yiwwdwbzth xftptyrlvl knfzsnhzvx oewptytlja jedsthbmzo xftptyrlvl yiwwdwbzth jqtguzxxsl hadchvmijq phknwbtipl kdujdjjwot zjbarjhmau wkwwcqjtxf qcktwemqbm tvcolajnao vkrlpmybdj mdyuzxshey
39
mdyuzxshey mdyuzxshey mysadifwma
vkrlpmybdj vkrlpmybdj zmfuudfatm
jatkaoyfxb jatkaoyfxb bnmegnfgii
zumetrybth zumetrybth
ebqxbaqnmm ebqxbaqnmm
ljhmnbaicr ljhmnbaicr
owusjcmdkp owusjcmdkp
lnicnhmajr lnicnhmajr
euqbrkzdsw euqbrkzdsw
lkvobxyfca lkvobxyfca
fznfvsgjhc fznfvsgjhc
mswyvpdrsy mswyvpdrsy
lndsfxewdc lndsfxewdc
psiebvskfb psiebvskfb
qydclznxrd qydclznxrd
cmdqzmgvfi cmdqzmgvfi qfbvncxldf
wtlzrefwav wtlzrefwav
koawdpgqdx koawdpgqdx
qepegujmaa qepegujmaa xtvbrolacp
aokbiptbzc aokbiptbzc
gllungmori gllungmori
rkyixxpcbx rkyixxpcbx eooyfwmxln
optviwhmbr optviwhmbr
seeyrseflx seeyrseflx vugkhjygfe
ahqdrcepub ahqdrcepub
lazlsvgukx lazlsvgukx
lbuiysostx lbuiysostx
wtyqwjwskq wtyqwjwskq
xftptyrlvl xftptyrlvl
knfzsnhzvx knfzsnhzvx
oewptytlja oewptytlja nwlccbonas
jedsthbmzo jedsthbmzo
jqtguzxxsl jqtguzxxsl
hadchvmijq hadchvmijq wynbxuuxru
kdujdjjwot kdujdjjwot
zjbarjhmau zjbarjhmau bulywvvpni
qcktwemqbm qcktwemqbm
ixyurvbpvu gwnccktgki
oegfbrwyrp tgbmxdmvwe
