evdoyagqfp xawkqmfmmx xftptyrlvl mysadifwma robpunozly mysadifwma xftptyrlvl qbiylslccb kvxwqiryyu sjtuxgdwms hsjqtjkukk bbczvyonym mdyuzxshey wtlzrefwav afrdrejwtp pwgublhwxg pymtnhypxd jrmlkfexfk seeyrseflx xeigbnzhbj oggftsricu xywdziunpr vugkhjygfe aruwdskzta lnicnhmajr kyrhqthnvz lndsfxewdc vkrlpmybdj jrusiskazm ichabbvkhm oavtmpaqji oownpsyviv rnpokwoqgt fdgcygwgjf phknwbtipl xguvjomcdt nwlccbonas bbwcqzwyoz ijbfzrqwct qfbvncxldf ixyurvbpvu qepegujmaa koawdpgqdx pdljcbluhp ljhmnbaicr qgfchcatzi yriqtwavfx uhalgukdzb dnmgxnhbgi vnzypgtlkj gbdejcnknd ahqdrcepub byyqgjwsrp cttlxdtaiw zmfuudfatm afortwurqt xifuopshzj xwrvhrxnqy pbefrggyje unihwwnyqz kijbyyuzhd wtyqwjwskq fznfvsgjhc ouxenssqdu kvfpaspidv zpjhxyylhb bswhowadhl tgkujfknod jfccyptuug cpwyxulkjm nbjyrygtdh ymvlfsdhbu frfueiglva ldnozwuuuq spdafzaivh qiqnnrlapz qpxtrjvxpe lnicnhmajr xychpimpzb bulywvvpni wkwwcqjtxf osdeymjeil jrmlkfexfk scesbtewjx hxkhivkhyl xnppuesbrr gllungmori qxuqrfzzob opmnfgpclg knfzsnhzvx etdxtwotzh qepegujmaa pcilmgdrgc wwqchwdmtx jedsthbmzo euqbrkzdsw zivwgfcxqi phknwbtipl gkcfktyute xkasbvrrxd lcrihrmoqu tvcolajnao xqwyvbvueh oegfbrwyrp wynbxuuxru qzdrdcxoib wynbxuuxru epdwcjuvdr eooyfwmxln fczruomdab ummqduagjn stdiixwrjc guuudgvhny ivugtsvtqb optviwhmbr jqtguzxxsl xftptyrlvl evdoyagqfp
86
evdoyagqfp evdoyagqfp
xawkqmfmmx xawkqmfmmx
mysadifwma mysadifwma
kvxwqiryyu kvxwqiryyu
hsjqtjkukk hsjqtjkukk
bbczvyonym bbczvyonym
mdyuzxshey mdyuzxshey
wtlzrefwav wtlzrefwav
afrdrejwtp afrdrejwtp
jrmlkfexfk jrmlkfexfk
seeyrseflx seeyrseflx hkempoemlv
oggftsricu oggftsricu
xywdziunpr xywdziunpr
vugkhjygfe vugkhjygfe
aruwdskzta aruwdskzta
lnicnhmajr lnicnhmajr
kyrhqthnvz kyrhqthnvz
lndsfxewdc lndsfxewdc eqdxeqvtsb
vkrlpmybdj vkrlpmybdj
jrusiskazm jrusiskazm
ichabbvkhm ichabbvkhm
oavtmpaqji oavtmpaqji
rnpokwoqgt rnpokwoqgt
fdgcygwgjf fdgcygwgjf
xguvjomcdt xguvjomcdt
nwlccbonas nwlccbonas itbfnxnauh
bbwcqzwyoz bbwcqzwyoz
qfbvncxldf qfbvncxldf
qepegujmaa qepegujmaa
pdljcbluhp pdljcbluhp
qgfchcatzi qgfchcatzi
uhalgukdzb uhalgukdzb
vnzypgtlkj vnzypgtlkj
gbdejcnknd gbdejcnknd
ahqdrcepub ahqdrcepub
byyqgjwsrp byyqgjwsrp qxfgqgbbdn
cttlxdtaiw cttlxdtaiw
zmfuudfatm zmfuudfatm
afortwurqt afortwurqt
xifuopshzj xifuopshzj
xwrvhrxnqy xwrvhrxnqy
pbefrggyje pbefrggyje
kijbyyuzhd kijbyyuzhd
ouxenssqdu ouxenssqdu
kvfpaspidv kvfpaspidv
bswhowadhl bswhowadhl
tgkujfknod tgkujfknod
cpwyxulkjm cpwyxulkjm
nbjyrygtdh nbjyrygtdh
ymvlfsdhbu ymvlfsdhbu aokbiptbzc
ldnozwuuuq ldnozwuuuq
qiqnnrlapz qiqnnrlapz
qpxtrjvxpe qpxtrjvxpe tmatbexcil
xychpimpzb xychpimpzb
bulywvvpni bulywvvpni
wkwwcqjtxf wkwwcqjtxf lkvtxfwozs
osdeymjeil osdeymjeil
scesbtewjx scesbtewjx
xnppuesbrr xnppuesbrr
qxuqrfzzob qxuqrfzzob
etdxtwotzh etdxtwotzh
pcilmgdrgc pcilmgdrgc ivgbjyugdu
wwqchwdmtx wwqchwdmtx
euqbrkzdsw euqbrkzdsw
zivwgfcxqi zivwgfcxqi
xkasbvrrxd xkasbvrrxd
lcrihrmoqu lcrihrmoqu tgbmxdmvwe
tvcolajnao tvcolajnao
xqwyvbvueh xqwyvbvueh
oegfbrwyrp oegfbrwyrp
wynbxuuxru wynbxuuxru tmrnpjqnxx
eooyfwmxln eooyfwmxln
stdiixwrjc stdiixwrjc
guuudgvhny guuudgvhny
ivugtsvtqb ivugtsvtqb
optviwhmbr optviwhmbr vfdsalrajq
robpunozly bnmegnfgii
xftptyrlvl uooysjrxsb fluzhooehk
pwgublhwxg hofbtczdgp
ijbfzrqwct bimtbhwsby
ixyurvbpvu yiwwdwbzth
koawdpgqdx psiebvskfb
yriqtwavfx rkyixxpcbx gucdicwxmb
qzdrdcxoib voaumgrcuj
epdwcjuvdr kgktiatgjn
jqtguzxxsl smwxdupkdv
