loc0 loc67 loc2 loc65 loc1 loc55 loc28 loc65 loc11 loc56 loc47 loc59 loc5 loc86 loc23 loc95 loc41 loc89 loc8 loc62 loc17 loc53 loc16 loc61 loc7 loc78 loc24 loc51 loc15 loc60 loc6 loc57 loc34 loc52 loc43 loc70 loc22 loc58 loc48 loc66 loc3 loc63 loc18 loc54 loc45 loc63 loc30 loc66 loc39 loc58 loc0
36
loc2 loc2
loc1 loc1
loc28 loc28
loc11 loc11
loc47 loc47
loc5 loc5
loc23 loc23
loc41 loc41
loc8 loc8
loc17 loc17
loc16 loc16
loc7 loc7
loc24 loc24
loc15 loc15
loc6 loc6
loc34 loc34
loc43 loc43
loc22 loc22
loc48 loc48
loc3 loc3
loc18 loc18
loc45 loc45
loc30 loc30
loc39 loc39
loc67 loc14 loc32
loc55 loc19
loc65 loc46 loc20 loc10 loc38 loc29 loc37
loc59 loc50
loc62 loc44
loc53 loc25 loc26 loc35
loc51 loc42
loc60 loc21
loc57 loc12 loc33
loc58 loc40 loc4 loc13 loc31 loc49
loc63 loc27
loc54 loc9 loc36
