loc0 loc193 loc85 loc157 loc4 loc129 loc21 loc183 loc6 loc186 loc87 loc123 loc30 loc183 loc3 loc120 loc66 loc102 loc48 loc189 loc99 loc102 loc39 loc111 loc72 loc135 loc27 loc108 loc9 loc135 loc90 loc153 loc91 loc127 loc10 loc109 loc64 loc127 loc55 loc172 loc100 loc136 loc73 loc118 loc2 loc128 loc74 loc110 loc74 loc128 loc65 loc118 loc38 loc113 loc77 loc131 loc14 loc149 loc59 loc158 loc62 loc125 loc80 loc107 loc17 loc179 loc44 loc116 loc98 loc125 loc23 loc158 loc68 loc149 loc95 loc104 loc76 loc103 loc58 loc166 loc79 loc115 loc43 loc160 loc16 loc133 loc52 loc105 loc96 loc132 loc15 loc105 loc78 loc133 loc97 loc124 loc7 loc106 loc70 loc124 loc34 loc115 loc166 loc13 loc157 loc49 loc130 loc31 loc121 loc0
76
loc85 loc85
loc4 loc4
loc21 loc21
loc6 loc6
loc87 loc87
loc30 loc30
loc3 loc3
loc66 loc66
loc48 loc48
loc99 loc99
loc39 loc39
loc72 loc72
loc27 loc27
loc9 loc9
loc90 loc90
loc91 loc91
loc10 loc10
loc64 loc64
loc55 loc55
loc100 loc100
loc73 loc73
loc2 loc2
loc74 loc74
loc65 loc65
loc38 loc38
loc77 loc77
loc14 loc14
loc59 loc59
loc62 loc62
loc80 loc80
loc17 loc17
loc44 loc44
loc98 loc98
loc23 loc23
loc68 loc68
loc95 loc95
loc76 loc76
loc58 loc58
loc79 loc79
loc43 loc43
loc16 loc16
loc52 loc52
loc96 loc96
loc15 loc15
loc78 loc78
loc97 loc97
loc7 loc7
loc70 loc70
loc34 loc34
loc13 loc13
loc49 loc49
loc31 loc31
loc123 loc93 loc33
loc120 loc22 loc75 loc12
loc189 loc57
loc102 loc84
loc111 loc1
loc135 loc18 loc36 loc81 loc54
loc108 loc63
loc153 loc45
loc109 loc19 loc46
loc172 loc82
loc136 loc37 loc28
loc118 loc20
loc110 loc92 loc11 loc47
loc113 loc29 loc5 loc41
loc131 loc32 loc56 loc83
loc125 loc86
loc107 loc35 loc8 loc53 loc26 loc71
loc179 loc89
loc103 loc40 loc94 loc50
loc105 loc60 loc69 loc42 loc51
loc132 loc24
loc124 loc61 loc88
loc115 loc25
loc121 loc67
