99 58 150 117 31 20 82 48 166 6 39 14 35 36 92 6 34 188 2 47 8 22 19 1 12 19 184 168 164 29 103 28 100 29 10 31 94 23 9 46 119 13 160 29 167 3 26 48 125 46 55 64 170 21 132 43 131 29 183 45 59 7 18 172 86 181 111 7 53 16 173 37 169 23 27 16 61 51 37 83 81 0 21 78 23 180 37 158 14 123 161 13 171 38 126 99
70
99 99
150 150
117 117
20 20
82 82
166 166
39 39
35 35
92 92
34 34
188 188
47 47
8 8
22 22
1 1
12 12
184 184
168 168
164 164
103 103
28 28
100 100
10 10
94 94
9 9
119 119
160 160
167 167
26 26
125 125
55 55
170 170
132 132
131 131
183 183
59 59
18 18
172 172
181 181
111 111
53 53
173 173
169 169
27 27
61 61
51 51
83 83
0 0
78 78
180 180
158 158
123 123
161 161
171 171
126 126
48 122
6 75 151 70 142
36 15 98 155
2 40 146 63 112 73 127 192
19 24 80 106 33 174
29 88
13 186 56 102 42
3 90
21 163
45 41
37 130
16 124 97 190 30 68 148 17 66 185
23 114 5 165
14 4 149 178
38 25
