81 27 188 117 53 121 150 52 180 103 77 196 24 64 14 20 58 127 92 200 141 85 115 161 100 96 123 59 179 86 178 165 45 46 41 17 135 84 184 166 124 78 34 48 8 69 182 93 33 154 198 191 195 125 23 18 152 108 16 36 189 170 97 132 65 42 95 153 126 167 56 107 9 43 138 130 197 183 49 57 76 90 87 164 35 1 159 88 12 80 162 70 199 89 145 158 74 156 109 71 81
100
81 81
27 27
188 188
117 117
53 53
121 121
150 150
52 52
180 180
103 103
77 77
196 196
24 24
64 64
14 14
20 20
58 58
127 127
92 92
200 200
141 141
85 85
115 115
161 161
100 100
96 96
123 123
59 59
179 179
86 86
178 178
165 165
45 45
46 46
41 41
17 17
135 135
84 84
184 184
166 166
124 124
78 78
34 34
48 48
8 8
69 69
182 182
93 93
33 33
154 154
198 198
191 191
195 195
125 125
23 23
18 18
152 152
108 108
16 16
36 36
189 189
170 170
97 97
132 132
65 65
42 42
95 95
153 153
126 126
167 167
56 56
107 107
9 9
43 43
138 138
130 130
197 197
183 183
49 49
57 57
76 76
90 90
87 87
164 164
35 35
1 1
159 159
88 88
12 12
80 80
162 162
70 70
199 199
89 89
145 145
158 158
74 74
156 156
109 109
71 71
