0 56 35 20 81 84 77 41 36 22 50 26 69 40 11 34 1 59 24 63 80 82 89 45 7 54 57 68 53 49 27 39 9 78 86 99 18 44 55 31 97 58 3 48 100 61 8 88 98 74 37 47 43 2 10 83 93 21 13 71 94 70 17 62 5 87 38 46 72 29 14 73 52 32 4 66 95 79 90 12 28 42 33 76 51 92 65 23 60 75 85 16 96 6 15 25 64 67 19 30 91 0
100
56 56
35 35
20 20
81 81
84 84
77 77
41 41
36 36
22 22
50 50
26 26
69 69
40 40
11 11
34 34
1 1
59 59
24 24
63 63
80 80
82 82
89 89
45 45
7 7
54 54
57 57
68 68
53 53
49 49
27 27
39 39
9 9
78 78
86 86
99 99
18 18
44 44
55 55
31 31
97 97
58 58
3 3
48 48
100 100
61 61
8 8
88 88
98 98
74 74
37 37
47 47
43 43
2 2
10 10
83 83
93 93
21 21
13 13
71 71
94 94
70 70
17 17
62 62
5 5
87 87
38 38
46 46
72 72
29 29
14 14
73 73
52 52
32 32
4 4
66 66
95 95
79 79
90 90
12 12
28 28
42 42
33 33
76 76
51 51
92 92
65 65
23 23
60 60
75 75
85 85
16 16
96 96
6 6
15 15
25 25
64 64
67 67
19 19
30 30
91 91
