0 30 28 26 25 23 32 20 19 18 17 85 86 83 81 80 79 78 77 76 74 72 65 71 70 64 63 62 58 59 58 56 54 53 51 49 48 47 46 44 42 38 37 36 35 34 33 117 116 112 115 113 114 115 112 110 111 130 129 128 ViksNode 107 108 105 106 102 101 100 122 100 99 96 93 94 92 14 13 12 10 9 8 7 6 5 4 3 0
41
30 30
25 25
20 20 21
19 19
18 18
86 86
80 80
78 78
74 74
71 71
70 70
63 63
59 59 60
56 56
53 53
48 48
47 47
42 42 43
37 37
36 36
35 35
117 117
113 113
114 114
130 130
108 108
106 106
99 99
94 94
13 13
10 10
8 8
7 7
4 4
3 3
28 27
64 73
54 55
101 104
122 121 123
14 15
