destitute transpiration septillion creekside Hewlett decor swordfish Vega Andersen Halstead embassy tate diligent swingy midget balustrade Isfahan MN Hindi Gilmore funny fatten choice shroud connubial schedule slowdown amateur illusion extractor mediate Fisk anvil Curtis trill yogurt Elizabethan Modesto Auberge jewel Injun stanza Bleeker minion Dominican bobble McCall papal ripe Darwin Rio Loomis destitute
50
transpiration transpiration
septillion septillion
creekside creekside
Hewlett Hewlett
decor decor
swordfish swordfish
Vega Vega
Andersen Andersen
Halstead Halstead
embassy embassy
tate tate
diligent diligent
swingy swingy
midget midget
balustrade balustrade
Isfahan Isfahan
MN MN
Hindi Hindi
Gilmore Gilmore
funny funny
fatten fatten
choice choice
shroud shroud
connubial connubial
schedule schedule
slowdown slowdown
amateur amateur
illusion illusion
extractor extractor
mediate mediate
Fisk Fisk
anvil anvil
trill trill
yogurt yogurt
Elizabethan Elizabethan
Modesto Modesto
Auberge Auberge
jewel jewel
Injun Injun
stanza stanza
Bleeker Bleeker
minion minion
Dominican Dominican
bobble bobble
McCall McCall
papal papal
ripe ripe
Darwin Darwin
Rio Rio
Loomis Loomis
