woebegone Irvin mack Zorn December Hewlett griddle illusion transfuse catenate Darwin Elizabethan Goodrich Simon yogurt trimester deduce Curtis sphalerite noon Auberge Rodney swordfish funky millennium inform postscript Wheller combine icon update bifurcate Durango sinh monotonous MN casserole renaissance plunder transonic atom coarse embroil fulsome thirteen broil barnacle yearn Isfahan thoroughfare felony babysat balustrade imperishable switchmen Gilmore simulate Stephen PDP whatsoever Sunday mediate Fisk swingy dull archive softball car papal archive Andersen extrovert Vega funny wingspread shovel choice lexicon Modesto stanza administer anvil connubial Winchester bat directory numerology diligent McCall septillion oriole bunch midstream confrontation relaxation backplate involuntary mitre spill involuntary slowdown woebegone
90
Irvin Irvin
mack mack
Zorn Zorn
December December
Hewlett Hewlett
griddle griddle
illusion illusion
transfuse transfuse
catenate catenate
Darwin Darwin
Goodrich Goodrich
Simon Simon
yogurt yogurt
trimester trimester
deduce deduce
Curtis Curtis
sphalerite sphalerite
noon noon
Auberge Auberge
Rodney Rodney
swordfish swordfish
funky funky
millennium millennium
inform inform secondary
postscript postscript
Wheller Wheller
icon icon
update update
bifurcate bifurcate
Durango Durango Reilly
sinh sinh
monotonous monotonous dreadnought
casserole casserole
renaissance renaissance
transonic transonic
coarse coarse
embroil embroil
fulsome fulsome
thirteen thirteen
broil broil
barnacle barnacle
yearn yearn
Isfahan Isfahan
thoroughfare thoroughfare
felony felony equipping tate
babysat babysat
imperishable imperishable
Gilmore Gilmore
simulate simulate
Stephen Stephen
PDP PDP limitate
whatsoever whatsoever
Sunday Sunday silage
mediate mediate
Fisk Fisk
swingy swingy
dull dull
archive archive explosion
softball softball
car car
papal papal
Andersen Andersen
extrovert extrovert Tucson
Vega Vega
funny funny
wingspread wingspread
shovel shovel
choice choice
Modesto Modesto
stanza stanza
administer administer
anvil anvil
connubial connubial
Winchester Winchester
bat bat
directory directory
numerology numerology viscous
diligent diligent
McCall McCall
septillion septillion
oriole oriole
bunch bunch
midstream midstream
relaxation relaxation
backplate backplate
involuntary involuntary
mitre mitre
spill spill
slowdown slowdown
MN exothermic
