exothermic namesake Dominican yogurt FPC coarse midget lordosis Halstead Sicilian extrovert sacrifice McCall Andersen swordfish wafer Tucson Bernini Curtis Injun Iowa combine trill shovel decor Irvin felony exothermic
24
namesake namesake
yogurt yogurt
FPC FPC
coarse coarse
midget midget
lordosis lordosis
Halstead Halstead
extrovert extrovert
sacrifice sacrifice
McCall McCall
Andersen Andersen
swordfish swordfish
wafer wafer
Tucson Tucson
Bernini Bernini amateur
Curtis Curtis
Injun Injun
Iowa Iowa
combine combine
trill trill
shovel shovel
decor decor
Irvin Irvin
felony felony
