1 8 9 38 31 44 18 7 28 6 37 19 27 17 43 30 36 46 33 15 40 12 20 47 11 23 14 25 13 21 32 39 48 5 42 24 10 45 35 4 26 2 29 41 34 3 22 16 1
48
1 49 128
8 123 56
9 73 72
38 111 61
31 143 70
44 114 102
18 69 63
7 120 107
28 131 83
6 126 119
37 125 99
19 98 53
27 78 140
17 60 66
43 64 136
30 95 101
36 110 130
46 144 54
33 127 67
15 103 85
40 87 117
12 116 59
20 115 124
47 113 141
11 65 142
23 108 55
14 105 75
25 80 86
13 79 109
21 82 138
32 139 135
39 57 52
48 58 68
5 90 93
42 89 104
24 134 88
10 76 132
45 122 74
35 92 84
4 118 51
26 100 121
2 62 81
29 129 96
41 137 106
34 50 77
3 112 97
22 71 94
16 91 133
