g3ylJsdLuC idQHxtSnxr BUMLJo6sc3 AXNCIbkEJh xtp1B5q0W1 CSjLrGbUz3 QTNhZIciNJ h5Si5BAPN0 oIVQ2qkgnR s3eMpsYH00 fWIjO8yhE3 uvoepIQg9n IA0Uf143OT BNkM7qaRNw XlU2fx0ZPn 7wS9dKOnJR IT4pKw3giW pWVnBerIra bWDewy6WbV oCk2Yieytb Tk8ERvdKxF WAi18jd2vJ S8BtTu4yH9 bserQRNqfz 2O61j91J3T K05xB79KZo srT70dfQEr Pz3egMzKU8 gZXiityEnU J3muHocLp9 7wS9dKOnJR 12ECENJIev Oiowits7js nKHFs5cKTX 03xK87sjTf 7g0Idy1nzK KUJdxKVZFO 0wTk0mYkLH g2I4si69gU u4FAx2sHZm 1TfvXd6dPZ dC48GQHGzO RN0bCAV6rQ pk0Vh75DnH Qu2MUNKITj yU6iUY8YgO XOxGPscMMG WcyuqGYOzU oWmQcQwHPo 2eMl9AO5o8 QrJxLpX875 dj8JMfo3hX 4znnlMjVra MXIvZpEPtW biWuM2iRnz mok9StGG0X TSSOUimHPg 97ZNlakBoq mwzQG3SxnO rCoEuOa7EU XW1Wn7EqpN GQ4F0g3Mdj TP2TNyk7wl 2nSOTVmvxV yky49wE4YG YAqGe4tKAP FvzkpZRSj8 PcFJuErB3q CxfzSa2YOV M2hatQPY96 tubjzjzUpV 8ZKCAWlImg t25XjDwQhD DJYFSgxecW vUu8ijgxxf bsEkAY2K41 Q1N77BLmyb TSSOUimHPg LCKLTNE1vp uNliYB9ELN x7iq98BiN3 IGpxjveim7 yvMowGbkvn u4LnQNaaiz 0mnwiU4XrT wRn7Oi1bcW xjSWG1YKh9 TBzLS0OAYU 723MhcLxt0 1QXjsHNYao 2S929yZddP YpRs8m6oyX oEdovEhrWM CUEWGmB7Gt dMOAUqH7Z3 qnkfLCmfDn Pijq8aHqIR lfdanPGo3c jBYJ7v19BQ qjDSEKmZMW FqFik17fFH r8njDwxc2t JD3uem81Lg D0kECQ0RvI emYRLTiyj9 LeZK9UvMT9 33omYiVXOD 5SSy593K31 WvFZJEkTrw aEo62SfMqH j98kcW9qGB onlLq65Azx idQHxtSnxr g3ylJsdLuC
88
idQHxtSnxr idQHxtSnxr
BUMLJo6sc3 BUMLJo6sc3 jPXsbXPNMq fecMfiAuGC
xtp1B5q0W1 xtp1B5q0W1
CSjLrGbUz3 CSjLrGbUz3
QTNhZIciNJ QTNhZIciNJ
h5Si5BAPN0 h5Si5BAPN0
oIVQ2qkgnR oIVQ2qkgnR 0hs3CNDF4L bhojeHeddF
s3eMpsYH00 s3eMpsYH00
uvoepIQg9n uvoepIQg9n
IA0Uf143OT IA0Uf143OT
BNkM7qaRNw BNkM7qaRNw
XlU2fx0ZPn XlU2fx0ZPn
IT4pKw3giW IT4pKw3giW
bWDewy6WbV bWDewy6WbV
oCk2Yieytb oCk2Yieytb
Tk8ERvdKxF Tk8ERvdKxF uIf3wnJUdn
WAi18jd2vJ WAi18jd2vJ
S8BtTu4yH9 S8BtTu4yH9
2O61j91J3T 2O61j91J3T
K05xB79KZo K05xB79KZo
srT70dfQEr srT70dfQEr
Pz3egMzKU8 Pz3egMzKU8
gZXiityEnU gZXiityEnU
12ECENJIev 12ECENJIev
Oiowits7js Oiowits7js
nKHFs5cKTX nKHFs5cKTX
03xK87sjTf 03xK87sjTf
7g0Idy1nzK 7g0Idy1nzK
KUJdxKVZFO KUJdxKVZFO fXy828RCG4
0wTk0mYkLH 0wTk0mYkLH
g2I4si69gU g2I4si69gU oVMPVsMWrZ
u4FAx2sHZm u4FAx2sHZm 2OsmeZV9xh
1TfvXd6dPZ 1TfvXd6dPZ mbSdju1TJK
RN0bCAV6rQ RN0bCAV6rQ
pk0Vh75DnH pk0Vh75DnH
yU6iUY8YgO yU6iUY8YgO
WcyuqGYOzU WcyuqGYOzU
oWmQcQwHPo oWmQcQwHPo
QrJxLpX875 QrJxLpX875
dj8JMfo3hX dj8JMfo3hX
4znnlMjVra 4znnlMjVra
biWuM2iRnz biWuM2iRnz
97ZNlakBoq 97ZNlakBoq
mwzQG3SxnO mwzQG3SxnO
XW1Wn7EqpN XW1Wn7EqpN
GQ4F0g3Mdj GQ4F0g3Mdj TyL7NE2puV
TP2TNyk7wl TP2TNyk7wl
yky49wE4YG yky49wE4YG Pv5LMSkQii WRd4lScvm6
YAqGe4tKAP YAqGe4tKAP
FvzkpZRSj8 FvzkpZRSj8
CxfzSa2YOV CxfzSa2YOV
M2hatQPY96 M2hatQPY96
tubjzjzUpV tubjzjzUpV
t25XjDwQhD t25XjDwQhD
vUu8ijgxxf vUu8ijgxxf
bsEkAY2K41 bsEkAY2K41
Q1N77BLmyb Q1N77BLmyb
LCKLTNE1vp LCKLTNE1vp
x7iq98BiN3 x7iq98BiN3
yvMowGbkvn yvMowGbkvn
u4LnQNaaiz u4LnQNaaiz
0mnwiU4XrT 0mnwiU4XrT
wRn7Oi1bcW wRn7Oi1bcW
TBzLS0OAYU TBzLS0OAYU
723MhcLxt0 723MhcLxt0
1QXjsHNYao 1QXjsHNYao
2S929yZddP 2S929yZddP
YpRs8m6oyX YpRs8m6oyX
oEdovEhrWM oEdovEhrWM
CUEWGmB7Gt CUEWGmB7Gt
dMOAUqH7Z3 dMOAUqH7Z3
qnkfLCmfDn qnkfLCmfDn
Pijq8aHqIR Pijq8aHqIR
lfdanPGo3c lfdanPGo3c
jBYJ7v19BQ jBYJ7v19BQ
qjDSEKmZMW qjDSEKmZMW
r8njDwxc2t r8njDwxc2t
JD3uem81Lg JD3uem81Lg
emYRLTiyj9 emYRLTiyj9
LeZK9UvMT9 LeZK9UvMT9
5SSy593K31 5SSy593K31
WvFZJEkTrw WvFZJEkTrw
aEo62SfMqH aEo62SfMqH
onlLq65Azx onlLq65Azx
fWIjO8yhE3 KHDeTTvJC1
bserQRNqfz KpxiCfRqh3
rCoEuOa7EU 8KtuAXHUy3
8ZKCAWlImg z9nRKYQ1ub
