153 20 50 81 199 127 150 12 168 183 28 179 56 5 20 50 79 199 43 183 195 83 24 134 77 108 83 152 105 146 169 94 131 187 128 50 136 161 105 180 177 126 53 167 50 74 35 29 19 81 88 95 178 99 20 7 97 23 40 96 83 184 138 36 50 122 89 49 56 50 172 24 60 40 42 57 194 99 129 41 96 40 81 120 61 47 126 137 188 93 156 83 98 180 52 96 178 143 135 56 11 16 24 89 163 105 112 37 90 105 160 50 68 97 4 21 79 182 137 13 16 113 70 82 26 23 197 3 29 58 89 86 2 126 15 81 118 126 145 85 140 119 196 79 153
95
153 153
20 20
50 50 171 192
81 81
127 127
150 150
12 12
168 168
28 28
179 179
56 56
5 5
79 79
43 43
195 195
83 83 8
134 134
77 77
108 108
152 152
146 146
169 169
131 131
187 187
128 128
136 136
161 161
180 180
177 177
126 126 124
53 53
167 167
74 74
35 35
19 19
88 88
95 95
178 178
99 99
7 7
23 23
40 40
96 96
184 184
138 138
36 36
122 122
89 89
49 49
172 172
60 60
42 42
194 194
129 129
41 41
120 120
61 61
47 47
137 137
188 188
93 93
156 156
98 98
52 52
135 135
11 11
16 16
163 163
112 112
37 37
90 90
160 160
68 68
4 4
21 21
182 182
13 13
113 113
70 70
26 26
197 197
3 3
58 58
86 86
2 2
15 15
118 118
145 145
140 140
119 119
196 196
183 29 170
199 147
24 34
105 0
