Jennifer0 Dorian5 Robert6 Manuel7 Robert6 Dorian5 Wilma9 Gladys10 Wilma9 Charles12 Etha14 Fred19 James24 Norma25 Christina26 Norma25 James24 Jason28 Lonnie29 Jason28 Derick31 Willie33 Annie38 Tyrone43 Cindy44 John45 Cindy44 Tyrone43 Emma47 Edna48 Emma47 Ruth50 Wilma52 Miriam57 Richard62 Douglas63 Sonya64 Douglas63 Richard62 Laura66 September67 Laura66 James69 Deena71 Carolyn76 Deena71 William72 David73 William72 Deena71 James69 Laura66 Richard62 Miriam57 Wilma52 David53 Ida54 David53 Wilma52 Ruth50 Emma47 Tyrone43 Annie38 Willie33 Ruby34 Drew35 Ruby34 Willie33 Derick31 Jason28 James24 Fred19 Etha14 Doris15 Liza16 Doris15 Etha14 Charles12 Wilma9 Dorian5 Jennifer0
25
Robert6 Robert6
Manuel7 Manuel7 Kathleen8
Gladys10 Gladys10 Gregory11
Norma25 Norma25
Christina26 Christina26 Nadine27
Lonnie29 Lonnie29 William30
Cindy44 Cindy44
John45 John45 Mabel46
Edna48 Edna48 Dana49
Douglas63 Douglas63
Sonya64 Sonya64 Angela65
September67 September67 Armando68
Jennifer0 Patricia4 Mark3 Janet2 Lorraine1
Charles12 John13
Fred19 William23 Doris22 Jennifer21 Daniel20
Derick31 Mona32
Annie38 Michael42 Gina41 Tony40 Robert39
Ruth50 Virginia51
Miriam57 Michael61 Natalie60 Robert59 Hector58
James69 Jesus70
Carolyn76 Robbie78 David77
David73 Steve75 Richard74
Ida54 Tony56 James55
Drew35 Louis37 Charles36
Liza16 Wesley18 Nannie17
