htb26qt wqkqf q42s9z886w5 aplkk57cpzm grn3uqx9y 7pbkkbbpw zjj1dm8s 5stwoup art44ncra ynuam4f8 1161ildqnj piawzpgtzz9 kxhc6t8tu yg6hizqty ysiw8m4l ilaz9q 812l47wm 4ka6l1c8w 9oii82xaa 52a3fj2zh 8jea4n4ez fej54ps5j hyc885fvjls 3khitn6 vl6czuab 8m3pascg s9vu9xx884 dlkmpx x73l73jp g2g6fxcwr2l yhvc7zg h1gz5hzz k3qywmpr 9lvbrlgk kwtb3cg 9egqgrh7x4e y3eg7gqq6 7hz6j8 37v6d yr44oj2 i6lsw66h pwqxinlzb3s ozag34bm9 ay5sahonq84 mucolb1r f92ere3 tjwldi euhqqqmdpe ushjdkdhm9 6u4sf1gi e7lxs pt2n7hl ic2r4blmm9 1ca2x2cnc mw8g2qjo1 iffsi a5u8g4sej yx6dguko p9mtts og6n7bgq8h hwu8dv9jgknbm 6k7du uzsjpl5f5 gd5ct4 t4iedm itrx5fucdq 87jxa zjh83ae yhp7wbv9 tu8xxomxhi hc2hf5t8 nm7ud 1jhmm8m85 l8yypbh ht1efrhmh 8gc7dka8lfy txlltgki 4w6uhigzl pmyqr zou7sx9w nd9xavj dt4ljfgjkizpq hq5mh8mi vrem3ey3kg44 obabms 59yzvtv htb26qt
84
wqkqf wqkqf
q42s9z886w5 q42s9z886w5
aplkk57cpzm aplkk57cpzm
grn3uqx9y grn3uqx9y
7pbkkbbpw 7pbkkbbpw
5stwoup 5stwoup
art44ncra art44ncra
ynuam4f8 ynuam4f8
1161ildqnj 1161ildqnj
piawzpgtzz9 piawzpgtzz9
kxhc6t8tu kxhc6t8tu
yg6hizqty yg6hizqty
ysiw8m4l ysiw8m4l
ilaz9q ilaz9q
812l47wm 812l47wm
4ka6l1c8w 4ka6l1c8w
9oii82xaa 9oii82xaa
52a3fj2zh 52a3fj2zh
8jea4n4ez 8jea4n4ez
fej54ps5j fej54ps5j
hyc885fvjls hyc885fvjls
3khitn6 3khitn6
vl6czuab vl6czuab
8m3pascg 8m3pascg
s9vu9xx884 s9vu9xx884
dlkmpx dlkmpx
x73l73jp x73l73jp
g2g6fxcwr2l g2g6fxcwr2l
yhvc7zg yhvc7zg
h1gz5hzz h1gz5hzz
k3qywmpr k3qywmpr
9lvbrlgk 9lvbrlgk
kwtb3cg kwtb3cg
9egqgrh7x4e 9egqgrh7x4e
y3eg7gqq6 y3eg7gqq6
7hz6j8 7hz6j8
37v6d 37v6d
yr44oj2 yr44oj2
i6lsw66h i6lsw66h
pwqxinlzb3s pwqxinlzb3s
ozag34bm9 ozag34bm9
ay5sahonq84 ay5sahonq84
mucolb1r mucolb1r
f92ere3 f92ere3
tjwldi tjwldi
euhqqqmdpe euhqqqmdpe
ushjdkdhm9 ushjdkdhm9
6u4sf1gi 6u4sf1gi
e7lxs e7lxs
pt2n7hl pt2n7hl
ic2r4blmm9 ic2r4blmm9
1ca2x2cnc 1ca2x2cnc
mw8g2qjo1 mw8g2qjo1
iffsi iffsi
a5u8g4sej a5u8g4sej
yx6dguko yx6dguko
p9mtts p9mtts
og6n7bgq8h og6n7bgq8h
hwu8dv9jgknbm hwu8dv9jgknbm
6k7du 6k7du
uzsjpl5f5 uzsjpl5f5
gd5ct4 gd5ct4
t4iedm t4iedm
itrx5fucdq itrx5fucdq
87jxa 87jxa
zjh83ae zjh83ae
yhp7wbv9 yhp7wbv9
tu8xxomxhi tu8xxomxhi
hc2hf5t8 hc2hf5t8
nm7ud nm7ud
1jhmm8m85 1jhmm8m85
l8yypbh l8yypbh
ht1efrhmh ht1efrhmh
8gc7dka8lfy 8gc7dka8lfy
txlltgki txlltgki
4w6uhigzl 4w6uhigzl
pmyqr pmyqr
zou7sx9w zou7sx9w
nd9xavj nd9xavj
dt4ljfgjkizpq dt4ljfgjkizpq
hq5mh8mi hq5mh8mi
vrem3ey3kg44 vrem3ey3kg44
obabms obabms
59yzvtv 59yzvtv
