ZfI6StUliqd8YxBr0zVp Z6746tUNXH05XsKVq5bc ahOHRJ1vvp181ZC4ei0x gGXF4imn3IOLlYGD81XA ZBTm8fkarNXg3vLUAnt8 SI1jqone3x4IZwZ6qVW6 QBaUzVWA62rnfcsnEShZ 98jc4TOf5CFD5ooRLXKs WEpQsV1SPLNjRDFxWGJw RnnCc8OgQLqPe5HvvbS3 Af4sQnaDf5G2yrOfmk45 YzWX8RqUW0YPFsebUKYP UoiNiYnewh16WNDFqvYW zFahEplFbW4f2V6jQTmi cC9SZGtAtirSBnbvLWzt QGzcn6XPemZ0IhmCJCmq Fa64KRccvM4rqOgxBKtu ip0vmcqzxYgrY2Mc3Bu9 zs8puphf0SbuOBS6XpM9 Hxhi6IYOb3B8uxHbGYVt mMagcNSN7U8s7oy3e0j4 5JVto9dbOz4Lu3AeAOZD uYmver98TgwbkIsM8XgU gX6xMy6pWnenI68kwgcu gj1PIUxoUprs5rKMLNpv BFat56YSkekx77JCOMI4 ZfI6StUliqd8YxBr0zVp
24
ZfI6StUliqd8YxBr0zVp ZfI6StUliqd8YxBr0zVp
Z6746tUNXH05XsKVq5bc Z6746tUNXH05XsKVq5bc
gGXF4imn3IOLlYGD81XA gGXF4imn3IOLlYGD81XA
ZBTm8fkarNXg3vLUAnt8 ZBTm8fkarNXg3vLUAnt8
SI1jqone3x4IZwZ6qVW6 SI1jqone3x4IZwZ6qVW6
QBaUzVWA62rnfcsnEShZ QBaUzVWA62rnfcsnEShZ
98jc4TOf5CFD5ooRLXKs 98jc4TOf5CFD5ooRLXKs
WEpQsV1SPLNjRDFxWGJw WEpQsV1SPLNjRDFxWGJw
RnnCc8OgQLqPe5HvvbS3 RnnCc8OgQLqPe5HvvbS3
Af4sQnaDf5G2yrOfmk45 Af4sQnaDf5G2yrOfmk45 QUmdpeJNwq8Od3rclrVL
YzWX8RqUW0YPFsebUKYP YzWX8RqUW0YPFsebUKYP
UoiNiYnewh16WNDFqvYW UoiNiYnewh16WNDFqvYW
cC9SZGtAtirSBnbvLWzt cC9SZGtAtirSBnbvLWzt
QGzcn6XPemZ0IhmCJCmq QGzcn6XPemZ0IhmCJCmq
Fa64KRccvM4rqOgxBKtu Fa64KRccvM4rqOgxBKtu
ip0vmcqzxYgrY2Mc3Bu9 ip0vmcqzxYgrY2Mc3Bu9
zs8puphf0SbuOBS6XpM9 zs8puphf0SbuOBS6XpM9
Hxhi6IYOb3B8uxHbGYVt Hxhi6IYOb3B8uxHbGYVt
mMagcNSN7U8s7oy3e0j4 mMagcNSN7U8s7oy3e0j4
5JVto9dbOz4Lu3AeAOZD 5JVto9dbOz4Lu3AeAOZD
uYmver98TgwbkIsM8XgU uYmver98TgwbkIsM8XgU
gX6xMy6pWnenI68kwgcu gX6xMy6pWnenI68kwgcu
gj1PIUxoUprs5rKMLNpv gj1PIUxoUprs5rKMLNpv
BFat56YSkekx77JCOMI4 BFat56YSkekx77JCOMI4
