M2S9flVUcYP2sJdh8LXf H59EihDjhfpS7ToXFM3L Z0DuoZMcx6oyDPWFznMK sH3pvLOfMUrEGUrmsHCu PZrpdQAa8H8tkrajh08J E84Fbb1fDMRXU6XgwbS0 Bc6dudheE3WGLxP0iDdK tVhIJJgs0kEFaQx1hdWm k7k4sHxeh1pR4sOjcVuj Eu0wGcDBBrgvePzHfqrS ECCnzlgsMEvTYjNwAlfM yZPIHwySFuIdRJCMzjnz L8bxdxuDa5issn2PiN3u Jjat3uJ5XboI9kZe0522 W4IxjYZtRN88GGSV9Uoc PbYOO88SokShsv7XrgBm NMTjl1jsvrb7y2ggdCSc XmlH4l2BXG35TF70bZqZ fmFrd4vggNac5TkiFJAd m1IYiQsUBuvvpTv7yWXO Dt5YfbjQq6VoKnyw6Zav pNXWB5geApaSjbsCCT4J MtQDjkLToWj4d53MMhKG nbZglhhmYQAPQz4eETaj Pqf0Sn4UvsBLaxz7WO4n EtrZREkmL456viQQJ9Rb S8uMGvUglWyhnfV5Wzdp 48nWZMVqWDxfH9uMf2U3 zD7ErBenXxsG4D9b5TEV 0uvEfLgT4s8ImTk9VWBt dKH5OdpmJKCU83bbXVxZ Kfu1pc3YPMGebW7Iu8ex v0QJIKD4q7sFXrzFSb6J 8KfYYXeMqM0D4nShLOzi 4bQwji0D4wyEDLd54MWv 9GrchmlNCDIapQ9OnEYh oWxP87H6AXwFzF0dpB9d jgcWqrcniA4q9WNs9xkc 9Jr76N4fnNot7SNYqBKG tUowOUG1V7iCXBCMR0AT yHMPX8vHctuUweyLluyz 5gumrx48u1yPpF6ivPOI vxiwkV1b5fV2sGCBFsRQ gZVNRDm5p6aX5QEEX8UG zdtRVpQ9lVyEhNj9Evpp dOKaHsIcDX32wPXAX2Gt uy6RcQAYd3ATM1Icq3my LxEzX08MG9T8knIYbul0 LNMZej67uy0Whvqp5OR1 cdaizmjQrCe5Vnwy3JQF vodEvdIApqt0N3TZsbxN 93aDiM8K0XhtiVcCVKi2 M2S9flVUcYP2sJdh8LXf
50
M2S9flVUcYP2sJdh8LXf M2S9flVUcYP2sJdh8LXf
H59EihDjhfpS7ToXFM3L H59EihDjhfpS7ToXFM3L
Z0DuoZMcx6oyDPWFznMK Z0DuoZMcx6oyDPWFznMK
sH3pvLOfMUrEGUrmsHCu sH3pvLOfMUrEGUrmsHCu
PZrpdQAa8H8tkrajh08J PZrpdQAa8H8tkrajh08J
Bc6dudheE3WGLxP0iDdK Bc6dudheE3WGLxP0iDdK
tVhIJJgs0kEFaQx1hdWm tVhIJJgs0kEFaQx1hdWm
k7k4sHxeh1pR4sOjcVuj k7k4sHxeh1pR4sOjcVuj
Eu0wGcDBBrgvePzHfqrS Eu0wGcDBBrgvePzHfqrS
ECCnzlgsMEvTYjNwAlfM ECCnzlgsMEvTYjNwAlfM
yZPIHwySFuIdRJCMzjnz yZPIHwySFuIdRJCMzjnz
L8bxdxuDa5issn2PiN3u L8bxdxuDa5issn2PiN3u
Jjat3uJ5XboI9kZe0522 Jjat3uJ5XboI9kZe0522
W4IxjYZtRN88GGSV9Uoc W4IxjYZtRN88GGSV9Uoc
NMTjl1jsvrb7y2ggdCSc NMTjl1jsvrb7y2ggdCSc
XmlH4l2BXG35TF70bZqZ XmlH4l2BXG35TF70bZqZ
fmFrd4vggNac5TkiFJAd fmFrd4vggNac5TkiFJAd
m1IYiQsUBuvvpTv7yWXO m1IYiQsUBuvvpTv7yWXO
Dt5YfbjQq6VoKnyw6Zav Dt5YfbjQq6VoKnyw6Zav
pNXWB5geApaSjbsCCT4J pNXWB5geApaSjbsCCT4J
nbZglhhmYQAPQz4eETaj nbZglhhmYQAPQz4eETaj
Pqf0Sn4UvsBLaxz7WO4n Pqf0Sn4UvsBLaxz7WO4n
EtrZREkmL456viQQJ9Rb EtrZREkmL456viQQJ9Rb
S8uMGvUglWyhnfV5Wzdp S8uMGvUglWyhnfV5Wzdp
48nWZMVqWDxfH9uMf2U3 48nWZMVqWDxfH9uMf2U3
zD7ErBenXxsG4D9b5TEV zD7ErBenXxsG4D9b5TEV
0uvEfLgT4s8ImTk9VWBt 0uvEfLgT4s8ImTk9VWBt
dKH5OdpmJKCU83bbXVxZ dKH5OdpmJKCU83bbXVxZ
Kfu1pc3YPMGebW7Iu8ex Kfu1pc3YPMGebW7Iu8ex
v0QJIKD4q7sFXrzFSb6J v0QJIKD4q7sFXrzFSb6J
8KfYYXeMqM0D4nShLOzi 8KfYYXeMqM0D4nShLOzi
4bQwji0D4wyEDLd54MWv 4bQwji0D4wyEDLd54MWv
9GrchmlNCDIapQ9OnEYh 9GrchmlNCDIapQ9OnEYh
oWxP87H6AXwFzF0dpB9d oWxP87H6AXwFzF0dpB9d
jgcWqrcniA4q9WNs9xkc jgcWqrcniA4q9WNs9xkc
9Jr76N4fnNot7SNYqBKG 9Jr76N4fnNot7SNYqBKG
tUowOUG1V7iCXBCMR0AT tUowOUG1V7iCXBCMR0AT
yHMPX8vHctuUweyLluyz yHMPX8vHctuUweyLluyz
5gumrx48u1yPpF6ivPOI 5gumrx48u1yPpF6ivPOI
vxiwkV1b5fV2sGCBFsRQ vxiwkV1b5fV2sGCBFsRQ
gZVNRDm5p6aX5QEEX8UG gZVNRDm5p6aX5QEEX8UG
zdtRVpQ9lVyEhNj9Evpp zdtRVpQ9lVyEhNj9Evpp
dOKaHsIcDX32wPXAX2Gt dOKaHsIcDX32wPXAX2Gt
uy6RcQAYd3ATM1Icq3my uy6RcQAYd3ATM1Icq3my
LxEzX08MG9T8knIYbul0 LxEzX08MG9T8knIYbul0
LNMZej67uy0Whvqp5OR1 LNMZej67uy0Whvqp5OR1
cdaizmjQrCe5Vnwy3JQF cdaizmjQrCe5Vnwy3JQF
vodEvdIApqt0N3TZsbxN vodEvdIApqt0N3TZsbxN
93aDiM8K0XhtiVcCVKi2 93aDiM8K0XhtiVcCVKi2
PbYOO88SokShsv7XrgBm Z8MZ2JfftjeVVnGFSOQe
