Chattanooga ElPaso CorpusChristi Worcester Fresno Plano Yonkers Durham Roseville FortWorth VirginiaBeach Glendale Portland Chicago Naperville Orlando Albuquerque Waco LongBeach Cincinnati Paterson Oceanside CapeCoral LittleRock Macon Wichita Memphis SanAntonio Cleveland NewOrleans Washington SaintPaul Norfolk Irvine Syracuse NewYork Anaheim ChulaVista Arlington McAllen ElkGrove Savannah FortLauderdale NewportNews DesMoines Newark RanchoCucamonga SantaClarita Hayward Jacksonville SanJose SanBernardino Boise Sunnyvale SanDiego Charlotte Murfreesboro Salinas Bakersfield BatonRouge Detroit Olathe Corona Lubbock SantaAna OklahomaCity Fontana Lincoln Madison Denton Lexington Baltimore Aurora Fayetteville Richmond Stockton Surprise Anchorage Phoenix Indianapolis Riverside Scottsdale Austin Vancouver PortStLucie Miramar Honolulu Fremont Huntsville Tacoma Oxnard Spokane Springfield Berkeley Knoxville GardenGrove Toledo Henderson Orange Frisco KansasCity Jackson Brownsville Boston Salem FortCollins Pomona Buffalo Tallahassee MorenoValley Chattanooga
91
ElPaso ElPaso
Worcester Worcester
Plano Plano
Yonkers Yonkers
Durham Durham
FortWorth FortWorth
Glendale Glendale
Chicago Chicago
Naperville Naperville
Orlando Orlando
Waco Waco
Cincinnati Cincinnati
Paterson Paterson
Oceanside Oceanside
CapeCoral CapeCoral
LittleRock LittleRock Shreveport
Wichita Wichita
Memphis Memphis
SanAntonio SanAntonio
Cleveland Cleveland
Washington Washington
SaintPaul SaintPaul
Irvine Irvine
Syracuse Syracuse
NewYork NewYork
Anaheim Anaheim
ChulaVista ChulaVista
McAllen McAllen
Savannah Savannah
FortLauderdale FortLauderdale
NewportNews NewportNews Alexandria
DesMoines DesMoines
Newark Newark
SantaClarita SantaClarita
Hayward Hayward Akron
Jacksonville Jacksonville
SanJose SanJose
SanBernardino SanBernardino
Boise Boise
SanDiego SanDiego
Charlotte Charlotte
Murfreesboro Murfreesboro
Bakersfield Bakersfield
BatonRouge BatonRouge
Olathe Olathe
Corona Corona
Lubbock Lubbock Louisville
SantaAna SantaAna
Fontana Fontana
Lincoln Lincoln
Madison Madison Joliet
Denton Denton
Lexington Lexington
Baltimore Baltimore
Aurora Aurora
Fayetteville Fayetteville
Richmond Richmond
Surprise Surprise
Anchorage Anchorage Midland
Phoenix Phoenix
Indianapolis Indianapolis
Riverside Riverside
Scottsdale Scottsdale Tempe
Austin Austin
Vancouver Vancouver
PortStLucie PortStLucie
Honolulu Honolulu SanFrancisco
Fremont Fremont
Tacoma Tacoma
Oxnard Oxnard
Spokane Spokane
Springfield Springfield
Berkeley Berkeley
Knoxville Knoxville
GardenGrove GardenGrove
Toledo Toledo
Henderson Henderson
Orange Orange
Frisco Frisco
KansasCity KansasCity
Jackson Jackson
Brownsville Brownsville
Boston Boston
Salem Salem Ontario
Pomona Pomona
Buffalo Buffalo
Tallahassee Tallahassee
Fresno GrandRapids
Albuquerque LosAngeles
LongBeach GrandPrairie
Norfolk Raleigh
