SaintPaul Indianapolis Mesa Baltimore ChulaVista Cincinnati Phoenix Charlotte Lincoln Minneapolis BatonRouge FortWorth LongBeach Dallas Scottsdale Newark Honolulu Memphis Louisville Madison SanFrancisco Stockton Houston Chesapeake Lubbock StPetersburg Milwaukee Columbus Glendale Hialeah OklahomaCity FortWayne Aurora Austin ElPaso LosAngeles Plano Chandler NewOrleans KansasCity Fresno Lexington JerseyCity Denver Detroit Tucson Philadelphia Pittsburgh SantaAna Durham WinstonSalem Oakland Tampa SanDiego SanJose SaintPaul
45
Indianapolis Indianapolis
Baltimore Baltimore
Cincinnati Cincinnati
Phoenix Phoenix
Charlotte Charlotte
Lincoln Lincoln
FortWorth FortWorth
LongBeach LongBeach
Dallas Dallas
Scottsdale Scottsdale
Newark Newark
Honolulu Honolulu
Memphis Memphis
Madison Madison
Stockton Stockton
Houston Houston
Chesapeake Chesapeake
Lubbock Lubbock
StPetersburg StPetersburg Henderson
Milwaukee Milwaukee
Columbus Columbus
Glendale Glendale
Hialeah Hialeah
OklahomaCity OklahomaCity
FortWayne FortWayne Anchorage
Aurora Aurora
Austin Austin SanAntonio
ElPaso ElPaso
Plano Plano
Chandler Chandler
NewOrleans NewOrleans
Lexington Lexington
JerseyCity JerseyCity Laredo
Denver Denver
Tucson Tucson Raleigh
Pittsburgh Pittsburgh
SantaAna SantaAna
Durham Durham
WinstonSalem WinstonSalem
Tampa Tampa
SanDiego SanDiego
SanJose SanJose
Minneapolis Bakersfield
Fresno Spokane
Oakland Atlanta
