Jacksonville Atlanta Louisville Arlington Portland Seattle LasVegas LongBeach Omaha Austin Raleigh Indianapolis LosAngeles ElPaso Nashville VirginiaBeach ColoradoSprings Chicago Minneapolis Tulsa Albuquerque Oakland Phoenix OklahomaCity FortWorth SanJose Boston SanAntonio Detroit Columbus Tucson Milwaukee Jacksonville
23
Jacksonville Jacksonville
Atlanta Atlanta Fresno SanFrancisco
Louisville Louisville
Portland Portland
Seattle Seattle
LasVegas LasVegas
LongBeach LongBeach
Austin Austin
Indianapolis Indianapolis
LosAngeles LosAngeles
ElPaso ElPaso
VirginiaBeach VirginiaBeach
Minneapolis Minneapolis
Tulsa Tulsa
Albuquerque Albuquerque
Phoenix Phoenix
FortWorth FortWorth
SanJose SanJose
Boston Boston
Columbus Columbus
Tucson Tucson
Raleigh Memphis
Oakland Philadelphia
