Porterton Dianashire Ashleyborough Clarkberg Burtonview Murphyside Bakertown Murphyside Burtonview Clarkberg Reevestown Judithview Michaelview Judithview Reevestown Clarkberg Ashleyborough Osborneville Payneview Teresafort Smithtown Teresafort Payneview Jacksonville Jennifertown Jacksonville Payneview Barnesmouth Harrisport Barnesmouth Payneview Osborneville Christophermouth Shawnhaven Christophermouth Osborneville Ashleyborough Paulburgh Walltown Callahantown Maryport Callahantown Walltown Scotttown Jacksonview Scotttown Walltown Paulburgh Robertsstad Toddtown Swansonshire Toddtown Robertsstad Paulburgh Ashleyborough Dianashire Burgessview Williamfort Moodyburgh Heatherberg Thomasborough Heatherberg Moodyburgh Gregoryberg Smithfort Gregoryberg Moodyburgh Williamfort Thomasville Lopezburgh Byrdfurt Lopezburgh Thomasville Williamfort Williamport Ashleystad Holthaven Ashleystad Codyton Ashleystad Williamport Williamfort Burgessview Marcusburgh Tylerbury Marcusburgh Matthewburgh Virginiastad Robinsonmouth Virginiastad Matthewburgh Bondfort Adamview Bondfort Shawnmouth Bondfort Matthewburgh Marcusburgh Fletcherland Kingview Williamschester Kingview Fletcherland Marcusburgh Burgessview Billton Banksburgh Simmonsburgh Michaelville Simmonsburgh Banksburgh Yvonneborough Parkermouth Yvonneborough Banksburgh Billton Burgessview Dianashire Porterton Wallton Danielleport Cooperton Lopezborough Waltersmouth Lopezborough Cooperton Danielleport Scottburgh Laurenbury Haleview Laurenbury Scottburgh Danielleport Melissaview Cheyennefurt Watsonville Cheyennefurt Melissaview Campbellhaven Annberg Campbellhaven Melissaview Danielleport Wallton Derekmouth Jeffreyfort Johnsonchester Jeffreyfort Garytown Audreyfort Garytown Jeffreyfort Derekmouth Charlesberg Weberbury Kimberlyburgh Weberbury Charlesberg Kevinberg Adamside Kevinberg Patriciabury Kevinberg Charlesberg Sethland Ellisstad Sethland Charlesberg Derekmouth Geraldside Joseport Gabrielburgh Joseport Hallborough Joseport Geraldside Michellehaven Ramosborough Michellehaven Cranemouth Michellehaven Geraldside Derekmouth Wallton Davisstad Jacksonton Singletonton Clarkbury Singletonton Jacksonton Davisstad Leechester Pettyton Bondmouth Pettyton Leechester Davisstad Newmanburgh Gallowaymouth Rioshaven Gallowaymouth Newmanburgh Davisstad Wallton Porterton
50
Bakertown Bakertown Derekville Jameston
Michaelview Michaelview Clarenceview
Smithtown Smithtown Abigailville Jacksonland
Jennifertown Jennifertown Feliciaville
Harrisport Harrisport Brendaview
Maryport Maryport Reynoldsview Combsville
Jacksonview Jacksonview Danielville
Swansonshire Swansonshire Abigailhaven
Thomasborough Thomasborough Ortegaberg Masseyside
Smithfort Smithfort Millerborough
Byrdfurt Byrdfurt Loweryborough Garciamouth
Holthaven Holthaven Vickiville
Codyton Codyton Mindyview Ryanside
Robinsonmouth Robinsonmouth Horneside
Adamview Adamview Harrisborough
Shawnmouth Shawnmouth Priceville Buckleyside
Williamschester Williamschester Mirandaview
Michaelville Michaelville Williamland
Parkermouth Parkermouth Shawnfort
Haleview Haleview Hallstad
Watsonville Watsonville Christyland Robertomouth
Annberg Annberg Houstonchester Dyerport
Audreyfort Audreyfort Patriciaside
Kimberlyburgh Kimberlyburgh Candiceland
Adamside Adamside Bradberg Andrewschester
Patriciabury Patriciabury Thomasmouth Troyfort
Ellisstad Ellisstad Osbornemouth
Gabrielburgh Gabrielburgh Hodgesstad
Hallborough Hallborough Kylieview
Ramosborough Ramosborough Fordhaven
Cranemouth Cranemouth Joneschester
Clarkbury Clarkbury Jermaineton
Bondmouth Bondmouth Taylorton Mercedesmouth
Rioshaven Rioshaven Josephstad
Teresafort Calvinton
Jacksonville Christopherhaven
Barnesmouth Clarkborough
Shawnhaven Candaceborough Dannyside
Walltown Williamshire
Lopezburgh Leahmouth
Tylerbury Hansonbury Wilsonstad
Virginiastad Johnsonberg
Fletcherland Ortizberg
Waltersmouth Adkinsberg Adamport
Cheyennefurt Thompsonshire
Johnsonchester Susanfort Nealfurt
Weberbury Clarkport
Sethland Tannerhaven
Leechester Suttonville
Pettyton Jonesfurt
