Hernandezville Joelview Downsville Richardhaven Tammychester Richardhaven Downsville Joelview Mitchellchester Lopezmouth Dixonton Keithton Dixonton Francesmouth Dixonton Lopezmouth Heathermouth Lopezview Heathermouth Lopezmouth Mitchellchester Joelview Farmerside Ralphtown Stricklandbury Tylermouth Stricklandbury Ralphtown Garciaport Charlesburgh Garciaport Ralphtown Farmerside Ryanton Williamsmouth Mcdonaldmouth Williamsmouth Ryanton Farmerside Gabriellabury Courtneyfurt Gabriellabury Farmerside Joelview Hernandezville Beckyshire Ponceville Bridgesville Riveramouth Bradshawside Riveramouth Martinton Riveramouth Bridgesville Esparzaberg Kristinbury Esparzaberg Thomasburgh Esparzaberg Bridgesville Dennisstad Wilsonburgh Dennisstad Bridgesville Ponceville Mcculloughchester Crystalchester Smithmouth Crystalchester Mcculloughchester Jonestown Barbarachester Jonestown Kellyfort Jonestown Mcculloughchester Ponceville Garymouth Christophertown Crystaltown Christophertown Garymouth Camposstad Donaldstad Camposstad Garymouth Ponceville Beckyshire Derekton Wallaceville Morenoside Wallaceville Derekton Beckyshire Hernandezville
26
Tammychester Tammychester Rebeccaton
Keithton Keithton Andrewland Aprilstad
Francesmouth Francesmouth Richardville
Lopezview Lopezview Robertsfort
Tylermouth Tylermouth Deanstad
Charlesburgh Charlesburgh Angelaview
Mcdonaldmouth Mcdonaldmouth Adkinsfurt
Bradshawside Bradshawside Wandaside
Martinton Martinton Deborahfort Brianland
Kristinbury Kristinbury Allenberg
Thomasburgh Thomasburgh Johnsonmouth Sanchezland
Wilsonburgh Wilsonburgh Josephton Harristown
Smithmouth Smithmouth Robertborough
Barbarachester Barbarachester Jonesberg
Kellyfort Kellyfort Pittsland Tinatown
Crystaltown Crystaltown Johnsontown
Donaldstad Donaldstad Thomastown
Downsville Haasville
Heathermouth Emilymouth
Mitchellchester Huynhton
Williamsmouth Johnstonmouth
Gabriellabury Hendersonchester
Courtneyfurt Contrerasland Morrisbury
Camposstad Williamsville
Derekton Belindamouth
Morenoside Johnport Amberfurt
