0 73 79 11 26 62 12 53 20 81 68 77 36 78 14 56 1 58 69 43 3 80 93 21 74 5 41 32 59 97 31 86 66 2 83 40 52 9 6 46 24 89 29 82 92 54 49 60 4 57 25 70 16 22 51 13 47 98 91 65 45 42 19 37 35 44 85 75 10 71 94 39 67 96 27 99 63 64 48 7 50 34 55 90 84 76 15 33 61 28 38 72 30 8 17 95 87 18 88 23 0
100
0 0
73 73
79 79
11 11
26 26
62 62
12 12
53 53
20 20
81 81
68 68
77 77
36 36
78 78
14 14
56 56
1 1
58 58
69 69
43 43
3 3
80 80
93 93
21 21
74 74
5 5
41 41
32 32
59 59
97 97
31 31
86 86
66 66
2 2
83 83
40 40
52 52
9 9
6 6
46 46
24 24
89 89
29 29
82 82
92 92
54 54
49 49
60 60
4 4
57 57
25 25
70 70
16 16
22 22
51 51
13 13
47 47
98 98
91 91
65 65
45 45
42 42
19 19
37 37
35 35
44 44
85 85
75 75
10 10
71 71
94 94
39 39
67 67
96 96
27 27
99 99
63 63
64 64
48 48
7 7
50 50
34 34
55 55
90 90
84 84
76 76
15 15
33 33
61 61
28 28
38 38
72 72
30 30
8 8
17 17
95 95
87 87
18 18
88 88
23 23
