K CF AM FD EN FS GD DV BJ AW AH EU CM GR EO CY X EV AF ED GC L BB CW GG AG EG BQ CK FH BR CJ GK FR GI FE FV BA G BE BY V I AX BO FJ EC P GJ BP EA EM DX DB BI FG CQ DZ AB EZ C DR FX FU EH FM BG Z GO FI GE EK T FO CB FZ AJ DK DI EL DG DC U BL M AN DH DS FP CE EQ GF CT Y AS R BF GL DP BX EJ B K
100
CF CF
AM AM
FD FD
EN EN
FS FS
GD GD
DV DV
BJ BJ
AW AW
AH AH
EU EU
CM CM
GR GR
EO EO
CY CY
X X
EV EV
AF AF
ED ED
GC GC
L L
BB BB
CW CW
GG GG
AG AG
EG EG
BQ BQ
CK CK
FH FH
BR BR
CJ CJ
GK GK
FR FR
GI GI
FE FE
FV FV
BA BA
G G
BE BE
BY BY
V V
I I
AX AX
BO BO
FJ FJ
EC EC
P P
GJ GJ
BP BP
EA EA
EM EM
DX DX
DB DB
BI BI
FG FG
CQ CQ
DZ DZ
AB AB
EZ EZ
DR DR
FX FX
FU FU
EH EH
FM FM
BG BG
Z Z
GO GO
FI FI
GE GE
EK EK
T T
FO FO
CB CB
FZ FZ
AJ AJ
DK DK
DI DI
EL EL
DG DG
DC DC
U U
BL BL
M M
AN AN
DH DH
DS DS
FP FP
CE CE
EQ EQ
GF GF
CT CT
Y Y
AS AS
R R
BF BF
GL GL
DP DP
BX BX
EJ EJ
B B
