89 69 183 109 112 199 100 179 190 149 39 85 146 148 13 58 16 118 1 98 48 9 27 78 101 169 5 172 130 156 51 189 75 59 124 37 99 44 25 33 121 195 132 32 96 38 81 41 94 151 135 192 70 136 3 18 64 6 107 31 140 23 128 49 111 144 160 122 61 125 114 102 178 155 56 86 29 173 21 188 197 36 79 73 141 194 133 193 97 191 65 147 82 11 83 88 80 127 4 12 187 89
100
69 69
183 183
109 109
112 112
199 199
100 100
179 179
190 190
149 149
39 39
85 85
146 146
148 148
13 13
58 58
16 16
118 118
1 1
98 98
48 48
9 9
27 27
78 78
101 101
169 169
5 5
172 172
130 130
156 156
51 51
189 189
75 75
59 59
124 124
37 37
99 99
44 44
25 25
33 33
121 121
195 195
132 132
32 32
96 96
38 38
81 81
41 41
94 94
151 151
135 135
192 192
70 70
136 136
3 3
18 18
64 64
6 6
107 107
31 31
140 140
23 23
128 128
49 49
111 111
144 144
160 160
122 122
61 61
125 125
114 114
102 102
178 178
155 155
56 56
86 86
29 29
173 173
21 21
188 188
197 197
36 36
79 79
73 73
141 141
194 194
133 133
193 193
97 97
191 191
65 65
147 147
82 82
11 11
83 83
88 88
80 80
127 127
4 4
12 12
187 187
