fmdhlepsteinstdnkill epsteindlsfdntmkillh stepsteinhkillfmnldd lnsmkilltfdepsteindh dfdkillepsteinslmhnt dlnsthfmepsteinkilld epsteindfhlmdnskillt fmsepsteindntldhkill tlmsdhdnkillfepstein epsteinmhndfkilltdls hsdlepsteinmnkilldft hsndepsteindlmtkillf lndsdkilltmepsteinhf nkilltdhlmdepsteinsf hepsteinsddnfkillmlt ddtmkillepsteinflsnh fddsepsteinhnlkilltm msfltdkillnepsteinhd dfkilllmtepsteinhdsn nfdhkilllsmtepsteind killnsfmhdepsteindtl fdshnmkillepsteinltd epsteinskilldlndhmtf fshtdepsteinmldnkill hsdfepsteintlnkilldm lhepsteinkilldtnmfsd tmsdnfdlkillhepstein hdepsteinskillldtnfm hnfdtmlepsteinkillds nltdmsfepsteinkilldh fkillepsteindlhdnsmt epsteinkillmsftnddlh dmepsteinfnhltkillsd depsteinnlsfmhtkilld hnsdkilllftdmepstein epsteinfsddmthkillnl tlsfdmdepsteinnhkill fhndskillepsteintldm ddlmnftepsteinhskill fepsteinhsntddkilllm killmlepsteindthnfsd ntlepsteindmfdshkill nepsteinlmdkilldhfts dhkilllsepsteinmntdf killepsteinlhtfdsmdn epsteinlshkilldnfdmt flepsteindndhmtkills killdmnsfhldepsteint ndkillftdsmepsteinlh lmhdtfdepsteinnkills dnkillepsteinlshdtfm epsteindlsfdntmkillh fmdhlepsteinstdnkill
46
epsteindlsfdntmkillh epsteindlsfdntmkillh
stepsteinhkillfmnldd stepsteinhkillfmnldd
lnsmkilltfdepsteindh lnsmkilltfdepsteindh
dlnsthfmepsteinkilld dlnsthfmepsteinkilld
epsteindfhlmdnskillt epsteindfhlmdnskillt
fmsepsteindntldhkill fmsepsteindntldhkill
tlmsdhdnkillfepstein tlmsdhdnkillfepstein lsdepsteinfmkillndth tmlepsteinsdnfkillhd
epsteinmhndfkilltdls epsteinmhndfkilltdls
hsndepsteindlmtkillf hsndepsteindlmtkillf
lndsdkilltmepsteinhf lndsdkilltmepsteinhf
nkilltdhlmdepsteinsf nkilltdhlmdepsteinsf
hepsteinsddnfkillmlt hepsteinsddnfkillmlt
ddtmkillepsteinflsnh ddtmkillepsteinflsnh
msfltdkillnepsteinhd msfltdkillnepsteinhd
dfkilllmtepsteinhdsn dfkilllmtepsteinhdsn
nfdhkilllsmtepsteind nfdhkilllsmtepsteind
killnsfmhdepsteindtl killnsfmhdepsteindtl
fdshnmkillepsteinltd fdshnmkillepsteinltd
epsteinskilldlndhmtf epsteinskilldlndhmtf
fshtdepsteinmldnkill fshtdepsteinmldnkill
hsdfepsteintlnkilldm hsdfepsteintlnkilldm
lhepsteinkilldtnmfsd lhepsteinkilldtnmfsd
hdepsteinskillldtnfm hdepsteinskillldtnfm
hnfdtmlepsteinkillds hnfdtmlepsteinkillds
nltdmsfepsteinkilldh nltdmsfepsteinkilldh
epsteinkillmsftnddlh epsteinkillmsftnddlh
dmepsteinfnhltkillsd dmepsteinfnhltkillsd
depsteinnlsfmhtkilld depsteinnlsfmhtkilld
hnsdkilllftdmepstein hnsdkilllftdmepstein
tlsfdmdepsteinnhkill tlsfdmdepsteinnhkill
fhndskillepsteintldm fhndskillepsteintldm
ddlmnftepsteinhskill ddlmnftepsteinhskill
fepsteinhsntddkilllm fepsteinhsntddkilllm
killmlepsteindthnfsd killmlepsteindthnfsd
ntlepsteindmfdshkill ntlepsteindmfdshkill
nepsteinlmdkilldhfts nepsteinlmdkilldhfts
dhkilllsepsteinmntdf dhkilllsepsteinmntdf
killepsteinlhtfdsmdn killepsteinlhtfdsmdn
epsteinlshkilldnfdmt epsteinlshkilldnfdmt
flepsteindndhmtkills flepsteindndhmtkills
killdmnsfhldepsteint killdmnsfhldepsteint epsteintdkilllnfdhms
ndkillftdsmepsteinlh ndkillftdsmepsteinlh
lmhdtfdepsteinnkills lmhdtfdepsteinnkills
dnkillepsteinlshdtfm dnkillepsteinlshdtfm mftkillepsteinndlhsd
fmdhlepsteinstdnkill nhmkilllsftepsteindd
epsteinfsddmthkillnl dhepsteindsnlkillfmt
