dldkilltnmhfepsteins msddkilllthepsteinfn dlfdkilltepsteinhnms fhnmkillepsteinsdltd lepsteindnhstfdmkill tdkillepsteinsmhdfnl epsteintfhndkilllmsd epsteinsnmflhtdkilld dtsmdnlhfepsteinkill mkillthfdlnepsteinds skillthlfndepsteindm fsepsteindkillhmtdln killhdfnsepsteinmltd epsteinfsltkillnhddm fmltddhnepsteinskill mlepsteinskilldnftdh lepsteinkilldhfmstnd thdlskillnfdmepstein dmtlsfhnkilldepstein hnddkilltslmfepstein killtepsteinddhlmnsf ltfnsdhepsteinkilldm killtdmsdfhnepsteinl dhkillldsepsteintnmf dkillnmhldstfepstein epsteinshlkilldmnfdt dfdepsteintlnskillhm ldepsteindhkilltsmfn mdkilllfdnstepsteinh epsteinfthkilldnslmd ntmdhepsteinsdkillfl fddsmepsteintnkillhl mndtkillepsteindlfhs dftkillhmldnepsteins ndkillthdepsteinlsmf ndshkilldmlepsteinft lmkillepsteintsndfhd hepsteinntdkillsdmfl lmkillepsteintsndfhd lhsntdepsteindkillmf mdkillnlsdtepsteinhf nftmskilldldepsteinh fthlkillnepsteindsdm killmdshdtnflepstein sdndhepsteinltkillfm dfkilllepsteinsnmhtd epsteindmshtfldnkill hsepsteinfkillnmddtl hepsteinnfmtlkilldds ldfsmnepsteinkilltdh dkillldfepsteintsmnh hmndfkillslepsteintd dftkillhmldnepsteins dtnkillsepsteinmdfhl lkillfthdsepsteindnm nsepsteinfmdkillhldt hnskillepsteintfdmld hnsepsteinmkillfddtl dhtepsteinkillsdflmn killepsteinfdlhdtnms skillmfepsteinthddnl dhsepsteintlkillmfnd lepsteindsmnhftdkill epsteinldtnfmshdkill fdmtdepsteinkilllsnh lntkillepsteinfsddhm mhdskillldftnepstein dhmkillfdltnsepstein lkilldtnmsepsteindfh hepsteinnfdmlsdtkill depsteinftndhmkillsl epsteindkilltlmnhsfd hkilllepsteinnstfddm lsmftnepsteinkillhdd dflstmkillepsteindhn killdepsteinmfltdshn tsdnhkilllmepsteindf tdfkillslepsteinhdmn sldhnfmtdkillepstein msepsteintlhnfkilldd hmdkilllnepsteinfsdt killhtdmdlnsfepstein sndldftmkillepsteinh nepsteindhkillltmsfd killthsepsteindmlfdn depsteinslkillhdftmn killmfndshdtepsteinl mfndlsdepsteinhkillt dsftepsteindhkillmnl mfndlsdepsteinhkillt dmldfhskillntepstein mdkillntepsteindfhsl tndskilldfepsteinmhl nmdhepsteinkilltfsld epsteinhnkillsldfdmt mkilldlshdtfepsteinn epsteinhdkillltsmfdn dnldkillhmfstepstein killdldepsteinmfsthn shfnmltepsteindkilld killtdslhfdepsteinnm fmtnkilldepsteindhsl fhdmnepsteindkillslt tldkillhsfnmepsteind depsteinlfnmkilldsht tsmdepsteinkillhfdln killfthnmsdlepsteind killsepsteindmtflhnd msddkilllthepsteinfn dldkilltnmhfepsteins
89
msddkilllthepsteinfn msddkilllthepsteinfn
dlfdkilltepsteinhnms dlfdkilltepsteinhnms
fhnmkillepsteinsdltd fhnmkillepsteinsdltd mhkillepsteinddlfsnt
lepsteindnhstfdmkill lepsteindnhstfdmkill
tdkillepsteinsmhdfnl tdkillepsteinsmhdfnl
epsteintfhndkilllmsd epsteintfhndkilllmsd
epsteinsnmflhtdkilld epsteinsnmflhtdkilld
dtsmdnlhfepsteinkill dtsmdnlhfepsteinkill
mkillthfdlnepsteinds mkillthfdlnepsteinds
skillthlfndepsteindm skillthlfndepsteindm
fsepsteindkillhmtdln fsepsteindkillhmtdln epsteinlmkillfshnddt
killhdfnsepsteinmltd killhdfnsepsteinmltd
fmltddhnepsteinskill fmltddhnepsteinskill
lepsteinkilldhfmstnd lepsteinkilldhfmstnd
thdlskillnfdmepstein thdlskillnfdmepstein
dmtlsfhnkilldepstein dmtlsfhnkilldepstein
killtepsteinddhlmnsf killtepsteinddhlmnsf
ltfnsdhepsteinkilldm ltfnsdhepsteinkilldm tepsteinmdfldhnskill
killtdmsdfhnepsteinl killtdmsdfhnepsteinl
dkillnmhldstfepstein dkillnmhldstfepstein
dfdepsteintlnskillhm dfdepsteintlnskillhm
ldepsteindhkilltsmfn ldepsteindhkilltsmfn
mdkilllfdnstepsteinh mdkilllfdnstepsteinh lkillepsteintdshmfnd
epsteinfthkilldnslmd epsteinfthkilldnslmd
ntmdhepsteinsdkillfl ntmdhepsteinsdkillfl
fddsmepsteintnkillhl fddsmepsteintnkillhl
mndtkillepsteindlfhs mndtkillepsteindlfhs
ndkillthdepsteinlsmf ndkillthdepsteinlsmf
ndshkilldmlepsteinft ndshkilldmlepsteinft
lmkillepsteintsndfhd lmkillepsteintsndfhd
hepsteinntdkillsdmfl hepsteinntdkillsdmfl depsteintkilllnmsfdh
lhsntdepsteindkillmf lhsntdepsteindkillmf
mdkillnlsdtepsteinhf mdkillnlsdtepsteinhf
nftmskilldldepsteinh nftmskilldldepsteinh
sdndhepsteinltkillfm sdndhepsteinltkillfm
dfkilllepsteinsnmhtd dfkilllepsteinsnmhtd
epsteindmshtfldnkill epsteindmshtfldnkill
hsepsteinfkillnmddtl hsepsteinfkillnmddtl
ldfsmnepsteinkilltdh ldfsmnepsteinkilltdh
hmndfkillslepsteintd hmndfkillslepsteintd
dtnkillsepsteinmdfhl dtnkillsepsteinmdfhl
hnskillepsteintfdmld hnskillepsteintfdmld
hnsepsteinmkillfddtl hnsepsteinmkillfddtl
dhtepsteinkillsdflmn dhtepsteinkillsdflmn
skillmfepsteinthddnl skillmfepsteinthddnl
dhsepsteintlkillmfnd dhsepsteintlkillmfnd
epsteinldtnfmshdkill epsteinldtnfmshdkill
fdmtdepsteinkilllsnh fdmtdepsteinkilllsnh
mhdskillldftnepstein mhdskillldftnepstein
dhmkillfdltnsepstein dhmkillfdltnsepstein
lkilldtnmsepsteindfh lkilldtnmsepsteindfh
hepsteinnfdmlsdtkill hepsteinnfdmlsdtkill
depsteinftndhmkillsl depsteinftndhmkillsl
epsteindkilltlmnhsfd epsteindkilltlmnhsfd
lsmftnepsteinkillhdd lsmftnepsteinkillhdd
dflstmkillepsteindhn dflstmkillepsteindhn
killdepsteinmfltdshn killdepsteinmfltdshn
tsdnhkilllmepsteindf tsdnhkilllmepsteindf
tdfkillslepsteinhdmn tdfkillslepsteinhdmn
sldhnfmtdkillepstein sldhnfmtdkillepstein tepsteinhsdkillmldfn
msepsteintlhnfkilldd msepsteintlhnfkilldd
hmdkilllnepsteinfsdt hmdkilllnepsteinfsdt
killhtdmdlnsfepstein killhtdmdlnsfepstein nfltdmkillsdepsteinh
sndldftmkillepsteinh sndldftmkillepsteinh
nepsteindhkillltmsfd nepsteindhkillltmsfd
killthsepsteindmlfdn killthsepsteindmlfdn
depsteinslkillhdftmn depsteinslkillhdftmn
killmfndshdtepsteinl killmfndshdtepsteinl
dmldfhskillntepstein dmldfhskillntepstein
mdkillntepsteindfhsl mdkillntepsteindfhsl
tndskilldfepsteinmhl tndskilldfepsteinmhl dkillnmsfhtlepsteind
nmdhepsteinkilltfsld nmdhepsteinkilltfsld
epsteinhnkillsldfdmt epsteinhnkillsldfdmt
mkilldlshdtfepsteinn mkilldlshdtfepsteinn
epsteinhdkillltsmfdn epsteinhdkillltsmfdn
dnldkillhmfstepstein dnldkillhmfstepstein
killdldepsteinmfsthn killdldepsteinmfsthn
shfnmltepsteindkilld shfnmltepsteindkilld
killtdslhfdepsteinnm killtdslhfdepsteinnm slepsteinkillfmddhtn
fmtnkilldepsteindhsl fmtnkilldepsteindhsl mkillldnhepsteinstfd
fhdmnepsteindkillslt fhdmnepsteindkillslt
tldkillhsfnmepsteind tldkillhsfnmepsteind
depsteinlfnmkilldsht depsteinlfnmkilldsht lhepsteintndkilldsmf
tsmdepsteinkillhfdln tsmdepsteinkillhfdln
killfthnmsdlepsteind killfthnmsdlepsteind
fthlkillnepsteindsdm thnkillmddsepsteinfl
killmdshdtnflepstein fdskillndtmepsteinlh
dkillldfepsteintsmnh dlshdtepsteinnkillfm
dsftepsteindhkillmnl sdlhfnmdepsteintkill
