tepsteinfdkilldlmhns killepsteintdldshfnm thsfnmkilldlepsteind ndlepsteinhdtskillfm ldnmepsteinhfstdkill hepsteinnfstkilllmdd hfskillnepsteinldtdm hdepsteinsmdtnflkill fnlskillhtepsteindmd nmhdkilltslepsteinfd hldmepsteindsnkilltf tmhsnfepsteinldkilld ndlmhepsteintdskillf htskillepsteindnlfdm slepsteinftndkillmdh thmepsteinlkillfsndd mfskillnhlddtepstein dhlepsteindkillsmtnf lepsteinfdkillsdnmht nfdhepsteinltsdmkill nkillsdtdhfmlepstein epsteinthsdmndkillfl snldmtkillfepsteindh msnepsteinfkillhtdld fnmhskilldepsteinltd dtepsteindnhmskillfl killepsteintdldshfnm nlhtdsdepsteinfmkill tepsteinfdkilldlmhns
24
killepsteintdldshfnm killepsteintdldshfnm
ndlepsteinhdtskillfm ndlepsteinhdtskillfm
hepsteinnfstkilllmdd hepsteinnfstkilllmdd
hdepsteinsmdtnflkill hdepsteinsmdtnflkill
fnlskillhtepsteindmd fnlskillhtepsteindmd
hldmepsteindsnkilltf hldmepsteindsnkilltf
tmhsnfepsteinldkilld tmhsnfepsteinldkilld
ndlmhepsteintdskillf ndlmhepsteintdskillf
htskillepsteindnlfdm htskillepsteindnlfdm
thmepsteinlkillfsndd thmepsteinlkillfsndd
dhlepsteindkillsmtnf dhlepsteindkillsmtnf
lepsteinfdkillsdnmht lepsteinfdkillsdnmht
nfdhepsteinltsdmkill nfdhepsteinltsdmkill
nkillsdtdhfmlepstein nkillsdtdhfmlepstein
epsteinthsdmndkillfl epsteinthsdmndkillfl
snldmtkillfepsteindh snldmtkillfepsteindh
msnepsteinfkillhtdld msnepsteinfkillhtdld hkillmepsteinstdfdnl
fnmhskilldepsteinltd fnmhskilldepsteinltd
nlhtdsdepsteinfmkill nlhtdsdepsteinfmkill
thsfnmkilldlepsteind tskillepsteinhfmddnl
ldnmepsteinhfstdkill skilldnmlhdftepstein
hfskillnepsteinldtdm killnfhdsdltepsteinm
slepsteinftndkillmdh epsteinsdfmhltkillnd
mfskillnhlddtepstein epsteindsmnlfdtkillh
