149 000 001 002 013 024 025 026 027 028 038 037 036 044 031 024 013 002 001 000 149 060 051 050 053 056 053 054 063 072 084 088 087 086 073 085 074 075 076 077 078 079 063 090 091 099 096 097 090 063 054 062 070 069 067 070 062 060 149 100 105 103 104 120 119 140 125 123 122 126 117 115 116 107 100 149
31
026 026
037 037
031 031
060 060
050 050
053 053
056 056 066
054 054 059
088 088
086 086
085 085
078 078 083
079 079
091 091
096 096
097 097
069 069
067 067
103 103
104 104
123 123
126 126
115 115
038 048
024 006
063 065 064
087 089
076 081 080
070 068
105 111
140 142
