BatonRouge Burbank Anchorage Buffalo AtlanticCity Boulder AnnArbor Birmingham Bryan Albany Bethlehem Barnstable Berkeley Atlanta Arvada Amarillo BoiseCity Aberdeen Aurora Abilene Beaumont Albuquerque Boston Bradenton Cambridge BatonRouge
25
BatonRouge BatonRouge
Burbank Burbank
Anchorage Anchorage
Buffalo Buffalo
AtlanticCity AtlanticCity
Boulder Boulder
AnnArbor AnnArbor
Birmingham Birmingham
Bryan Bryan
Albany Albany
Bethlehem Bethlehem
Barnstable Barnstable
Berkeley Berkeley
Atlanta Atlanta
Arvada Arvada
Amarillo Amarillo
BoiseCity BoiseCity
Aberdeen Aberdeen
Aurora Aurora
Abilene Abilene
Beaumont Beaumont
Albuquerque Albuquerque
Boston Boston
Bradenton Bradenton
Cambridge Cambridge
