FortCollins Elizabeth Akron Erie Albuquerque Fargo Arvada Hickory Inglewood DesMoines Chandler LittleRock Henderson Manchester Atlanta Leominster Kalamazoo Fresno Houston DalyCity Fayetteville Appleton Brownsville Barnstable Louisville Lubbock Lancaster Anchorage Joliet Fairfield LasCruces Evansville Danbury Chicago Lorain CedarRapids Detroit Bethlehem Beaumont Jacksonville Gilbert Augusta Jefferson Dallas Abilene Bradenton Hollywood Grayslake Bremerton Allentown AppleValley Fontana Harrisburg Irvine Austin Cleveland ColoradoSprings Layton Denver Kennewick Anaheim Harlingen Hemet Knoxville Independence Bellevue Lakeland CollegeStation Boise ElPaso Aberdeen FortWaltonBeach Amarillo BoiseCity Eugene GrandRapids Garland Indianapolis Burbank Fremont Cary Irving Lacey Brighton Elkhart Champaign DavidsonCounty Frederick Hampton Lakewood Lafayette Carrollton ElMonte Berkeley CapeCoral Baltimore BonitaSprings AnnArbor Bakersfield FortCollins
99
FortCollins FortCollins
Elizabeth Elizabeth
Akron Akron
Erie Erie
Albuquerque Albuquerque
Fargo Fargo
Arvada Arvada
Hickory Hickory
Inglewood Inglewood
DesMoines DesMoines
Chandler Chandler
LittleRock LittleRock
Henderson Henderson
Manchester Manchester
Atlanta Atlanta
Leominster Leominster
Kalamazoo Kalamazoo
Fresno Fresno
Houston Houston
DalyCity DalyCity
Fayetteville Fayetteville
Appleton Appleton
Brownsville Brownsville
Barnstable Barnstable
Louisville Louisville
Lubbock Lubbock
Lancaster Lancaster
Anchorage Anchorage
Joliet Joliet
Fairfield Fairfield
LasCruces LasCruces
Evansville Evansville
Danbury Danbury
Chicago Chicago
Lorain Lorain
CedarRapids CedarRapids
Detroit Detroit
Bethlehem Bethlehem
Beaumont Beaumont
Jacksonville Jacksonville
Gilbert Gilbert
Augusta Augusta
Jefferson Jefferson
Dallas Dallas
Abilene Abilene
Bradenton Bradenton
Hollywood Hollywood
Grayslake Grayslake
Bremerton Bremerton
Allentown Allentown
AppleValley AppleValley
Fontana Fontana
Harrisburg Harrisburg
Irvine Irvine
Austin Austin
Cleveland Cleveland
ColoradoSprings ColoradoSprings
Layton Layton
Denver Denver
Kennewick Kennewick
Anaheim Anaheim
Harlingen Harlingen
Hemet Hemet
Knoxville Knoxville
Independence Independence
Bellevue Bellevue
Lakeland Lakeland
CollegeStation CollegeStation
Boise Boise
ElPaso ElPaso
Aberdeen Aberdeen
FortWaltonBeach FortWaltonBeach
Amarillo Amarillo Alexandria
BoiseCity BoiseCity
Eugene Eugene
GrandRapids GrandRapids
Garland Garland
Indianapolis Indianapolis
Burbank Burbank
Fremont Fremont
Cary Cary
Irving Irving
Lacey Lacey
Brighton Brighton
Elkhart Elkhart
Champaign Champaign
DavidsonCounty DavidsonCounty
Frederick Frederick
Hampton Hampton
Lakewood Lakewood
Lafayette Lafayette
Carrollton Carrollton
ElMonte ElMonte
Berkeley Berkeley
CapeCoral CapeCoral
Baltimore Baltimore
BonitaSprings BonitaSprings
AnnArbor AnnArbor
Bakersfield Bakersfield
