4HOMU ZRPB5 YJ67U 8CLEZ TCC7B L2PQE 9WSXC FCYPJ L2GJ5 EDSMH WI88U P419D FC0PR CFGE5 6OA3K K50JQ 7U3JG 53Y1R DTPF4 TORQI 1F0YL DOLRQ 45JXE PTADN Q7FCL W2M5C 4WDJE CM5WA WXZHF BE5V8 ELH5L 768ZF VHCFR W2H22 AT3CI SHOOM 50J5H RU85S HZHRA KOYRV 6ACGE 0U9HU KC9RF IZESQ ZN2EP NPDI9 M1HJR ZHSBU TBPBM Y61KP UW44H 52MNN SA6G0 8EXDQ PYPSO T9O11 OLLV9 H1LTE C45HH BVMDZ 0D2BR SKPO7 ZZH8Z WP2MA 6WOBI 7GA8O TY0L7 61QWU TI35I RAAD4 FRZVP 69BJO LLTLN IF7TL SYV5N XEEQB 2C63O LIRLU C7WKJ OIPRN V8GEC PXCIN 2BUI5 A1QRL DCHO3 945CN 1RS2N WZB33 3AIXW Q5DAA 0VPRW V22SY MC71K LKP22 HWKGJ C8O6I PMFJ2 DDXG0 X180A JXLE1 4HOMU
99
ZRPB5 ZRPB5
YJ67U YJ67U
8CLEZ 8CLEZ
TCC7B TCC7B
L2PQE L2PQE LEBVZ
9WSXC 9WSXC
FCYPJ FCYPJ
L2GJ5 L2GJ5
EDSMH EDSMH
WI88U WI88U
P419D P419D
FC0PR FC0PR
CFGE5 CFGE5
6OA3K 6OA3K
K50JQ K50JQ
7U3JG 7U3JG
53Y1R 53Y1R
DTPF4 DTPF4
TORQI TORQI
1F0YL 1F0YL
DOLRQ DOLRQ
45JXE 45JXE
PTADN PTADN
Q7FCL Q7FCL
W2M5C W2M5C
4WDJE 4WDJE
CM5WA CM5WA
WXZHF WXZHF
BE5V8 BE5V8
ELH5L ELH5L
768ZF 768ZF
VHCFR VHCFR
W2H22 W2H22
AT3CI AT3CI
SHOOM SHOOM
50J5H 50J5H
RU85S RU85S
HZHRA HZHRA
KOYRV KOYRV
6ACGE 6ACGE
0U9HU 0U9HU
KC9RF KC9RF
IZESQ IZESQ
ZN2EP ZN2EP
NPDI9 NPDI9
M1HJR M1HJR
ZHSBU ZHSBU
TBPBM TBPBM
Y61KP Y61KP
UW44H UW44H
52MNN 52MNN
SA6G0 SA6G0
8EXDQ 8EXDQ
PYPSO PYPSO
T9O11 T9O11
OLLV9 OLLV9
H1LTE H1LTE
C45HH C45HH
BVMDZ BVMDZ
0D2BR 0D2BR
SKPO7 SKPO7
ZZH8Z ZZH8Z
WP2MA WP2MA
6WOBI 6WOBI
7GA8O 7GA8O
TY0L7 TY0L7
61QWU 61QWU
TI35I TI35I
RAAD4 RAAD4
FRZVP FRZVP
69BJO 69BJO
LLTLN LLTLN
IF7TL IF7TL
SYV5N SYV5N
XEEQB XEEQB
2C63O 2C63O
LIRLU LIRLU
C7WKJ C7WKJ
OIPRN OIPRN
V8GEC V8GEC
PXCIN PXCIN
2BUI5 2BUI5
A1QRL A1QRL
DCHO3 DCHO3
945CN 945CN
1RS2N 1RS2N
WZB33 WZB33
3AIXW 3AIXW
Q5DAA Q5DAA
0VPRW 0VPRW
V22SY V22SY
MC71K MC71K
LKP22 LKP22
HWKGJ HWKGJ
C8O6I C8O6I
PMFJ2 PMFJ2
DDXG0 DDXG0
X180A X180A
JXLE1 JXLE1
