0 92 158 29 107 168 167 106 31 108 7 146 194 193 145 80 147 18 152 198 197 151 51 153 7 140 96 139 189 30 104 59 103 165 166 30 136 187 188 137 85 138 34 157 92 159 2 176 119 50 118 23 163 100 43 101 164 15 117 25 115 25 116 174 12 178 177 121 94 123 2 192 191 142 143 10 135 91 133 185 33 179 180 125 124 97 126 38 183 130 95 131 184 23 196 149 148 88 150 36 169 170 110 17 109 21 154 93 155 37 114 35 112 113 172 22 77 127 181 41 160 161 0
91
158 158
107 107
168 168
167 167
106 106
108 108
146 146
194 194
193 193
145 145
147 147
152 152
198 198
197 197
151 151
153 153
140 140 190
139 139
189 189
104 104
103 103
165 165
166 166
136 136
187 187
188 188
137 137
138 138
157 157
159 159
176 176
119 119
118 118 175
163 163
100 100
101 101
164 164
117 117
115 115 173
116 116
174 174
178 178 122
177 177
121 121
123 123
192 192
191 191
142 142
143 143
135 135
133 133
185 185
179 179
180 180
125 125
124 124
126 126
183 183
130 130
131 131
184 184
196 196
149 149
148 148 195
150 150
169 169
170 170
110 110
109 109
154 154
155 155
114 114
112 112 171
113 113
172 172
127 127
181 181 182
160 160
161 161
96 141
59 105
50 120
43 102
15 144
33 186
95 132
17 111
93 156
77 128 129
41 134
0 162
