0 1 3 7 16 34 70 34 69 34 16 33 68 33 67 33 16 7 15 31 64 31 63 31 15 32 66 32 65 32 15 7 3 8 18 38 77 38 18 37 76 37 75 37 18 38 78 38 18 8 17 36 74 36 73 36 17 35 71 35 17 8 3 1 4 9 20 41 84 41 83 41 20 42 86 42 85 42 20 9 19 40 82 40 81 40 19 39 80 39 79 39 19 9 4 10 22 46 93 46 94 46 22 45 92 45 91 45 22 10 21 44 89 44 90 44 21 43 88 43 87 43 21 10 4 1 0 2 6 14 30 62 30 61 30 14 29 60 29 14 6 13 27 55 27 56 27 13 28 58 28 13 6 2 5 11 24 50 24 49 24 11 23 47 95 47 96 47 23 48 97 48 98 48 23 11 5 12 25 52 25 51 25 12 26 53 26 54 26 12 5 2 0
51
70 141 142
69 139 140
68 138 137
67 135 136
64 130 129
63 128 127
66 134 133
65 132 131
77 155 156
76 153 154
75 152 151
78 158 157
17 145
74 150 149
73 147 148
71 144 143
35 146
84 169 170
83 167 168
86 174 173
85 172 171
82 166 165
81 164 163
80 161 162
79 160 159
93 187 188
94 190 189
92 186 185
91 183 184
89 179 180
90 182 181
88 177 178
87 175 176
62 125 126
61 123 124
29 119 120
60 121 122
55 112 111
56 114 113
28 116 115
58 117 118
50 101 102
49 199 100
95 191 192
96 193 194
97 196 195
98 197 198
52 106 105
51 104 103
53 108 107
54 110 109
