5 4 33 43 47 45 158 102 55 138 69 183 69 138 116 134 50 62 34 133 56 146 129 159 90 149 28 180 65 178 71 119 67 41 18 190 18 177 37 64 191 91 36 11 20 100 78 179 32 166 122 48 46 154 187 74 170 199 53 17 105 25 30 75 39 157 121 52 162 103 189 77 196 184 85 86 135 10 112 171 104 83 151 19 81 76 156 137 42 165 63 26 35 188 110 35 22 168 155 96 99 1 101 174 27 2 140 164 29 193 38 58 5
90
33 33
43 43
47 47
158 158 80
102 102
55 55
138 138 61
69 69 153
183 183 51
116 116
50 50
34 34 9
133 133 68
56 56
146 146
159 159
149 149
28 28
180 180
178 178
71 71
67 67
41 41
18 18 192
177 177
37 37
64 64
91 91
11 11
20 20
100 100
78 78
179 179
32 32
122 122
48 48
46 46
154 154
187 187
170 170
199 199
53 53
17 17
105 105
25 25
75 75
39 39 92
157 157
52 52
162 162
103 103
189 189
77 77 143
196 196
184 184
85 85
135 135
10 10
171 171
104 104
83 83
151 151
81 81
76 76
156 156
137 137
42 42
63 63
26 26
188 188
110 110
22 22
168 168
96 96
99 99
1 1
101 101
174 174
2 2
140 140
164 164
193 193
58 58 152
45 14
62 123
190 16
191 194
74 31
86 44
165 173
