A42 A100 A78 A107 A24 A120 A44 A21 A112 A177 A121 A179 A115 A4 A7 A168 A125 A182 A125 A72 A167 A77 A66 A45 A108 A9 A105 A16 A137 A32 A127 A196 A30 A189 A30 A191 A64 A186 A34 A186 A143 A172 A73 A40 A193 A185 A56 A88 A13 A163 A43 A84 A183 A93 A91 A124 A12 A139 A142 A83 A103 A173 A0 A98 A148 A98 A144 A106 A149 A39 A76 A187 A117 A50 A65 A82 A194 A28 A169 A95 A151 A17 A158 A11 A51 A133 A67 A136 A5 A2 A141 A2 A154 A104 A118 A146 A31 A159 A130 A35 A58 A176 A57 A23 A184 A60 A184 A100 A42
83
A42 A42 A71
A100 A100
A78 A78
A107 A107
A120 A120
A21 A21
A177 A177
A179 A179
A4 A4
A7 A7
A182 A182 A102
A72 A72 A114 A37
A167 A167
A77 A77
A45 A45
A9 A9
A105 A105
A16 A16
A137 A137
A32 A32
A127 A127
A196 A196
A30 A30 A90
A189 A189 A3
A191 A191 A46
A64 A64
A34 A34 A94
A143 A143
A172 A172
A40 A40
A193 A193 A20
A185 A185
A88 A88 A113
A13 A13 A70 A75
A43 A43
A84 A84
A183 A183
A93 A93
A124 A124 A145
A139 A139
A142 A142
A103 A103
A0 A0
A98 A98 A132
A148 A148 A192
A144 A144
A106 A106
A39 A39
A76 A76
A187 A187 A198
A117 A117
A65 A65
A82 A82
A194 A194
A28 A28
A95 A95
A17 A17
A51 A51
A67 A67
A136 A136
A5 A5
A2 A2
A154 A154
A118 A118
A159 A159
A130 A130
A35 A35
A58 A58
A176 A176
A57 A57 A38
A23 A23
A184 A184
A168 A54
A125 A181
A66 A126
A186 A111
A73 A123
A149 A33
A151 A96
A11 A122
A141 A135
A146 A128
A60 A92
