DZA GBR ECU FRA FRO GEO HND DMA ATA ATF ASM FSM ERI AUT GNQ GRD GUM HKG CMR CCK COG CAF BVT CAN BRB BHS DOM CUW DNK ARE CYM CXR CZE CYM BGD BFA BLM BRA GRC GUY HMD GLP BGR BDI BEN BLR BRN COD CHE CIV FLK FIN AFG FIN ESP AND ALB DZA
46
GBR GBR
ECU ECU
FRA FRA
FRO FRO
GEO GEO
HND HND
ATA ATA
ATF ATF
FSM FSM GHA
ERI ERI
GNQ GNQ
GRD GRD
HKG HKG
CCK CCK
COG COG
CAF CAF
BVT BVT
CAN CAN
BRB BRB
BHS BHS
DOM DOM AUS
CUW CUW
DNK DNK
ARE ARE
CYM CYM
CXR CXR
CZE CZE
BGD BGD
BFA BFA
BLM BLM BES
GRC GRC
HMD HMD
GLP GLP
BDI BDI
BEN BEN
BLR BLR
BRN BRN
COD COD
CHE CHE
FLK FLK
FIN FIN
AND AND
ALB ALB ARG
DMA DJI
GUY CUB
AFG ABW
