100 58 98 94 95 189 192 188 21 56 21 188 136 20 141 133 50 19 47 48 49 51 23 53 18 55 58 100 31 15 30 16 61 14 34 7 39 78 39 7 34 103 13 29 43 72 40 8 9 6 74 73 41 3 42 144 129 130 131 142 46 2 44 4 71 4 44 45 44 2 17 1 54 61 60 22 25 59 16 30 15 27 70 36 33 12 11 10 76 121 119 111 115 153 156 104 165 164 85 86 100 88 100
59
58 58
192 192
21 21
56 56 57
20 20
50 50
19 19
47 47
48 48
49 49
51 51
23 23
53 53 52
18 18
55 55 24
31 31
15 15
30 30
16 16
14 14
34 34
7 7
39 39
13 13
29 29
43 43
40 40
8 8
9 9
6 6
41 41
3 3
42 42
46 46
2 2
44 44
4 4
45 45 26
17 17
1 1
54 54
60 60
22 22
25 25
59 59
27 27
36 36 28
33 33
12 12
11 11
10 10
121 121
111 111
153 153
165 165
189 182
78 37
71 5
88 32
