YuhuaEast Sennett SerangoonGarden SingaporeRiver ChinaSquare SerangoonNorth TagoreSindo Punggol Matilda OrangeGrove PeoplesPark BayfrontSubzone SungeiKadut TelokBlangahRise Sentosa EastCoast Sembawang TampinesNorth JooSengPayaLebar JurongPort PeiChun DairyFarm PangSua AngMoKioTownCentre ChangiPoint Cairnhill DhobyGhaut BukitBatokWest BukitBatokSouth WoodlandsWest Northland Mountbatten ReservoirView EvertonPark ClementiNorth PasirRisDrive TohGuan PayaLebarEast Museum Moulmein GeylangEast MountEmily KebunBahru Tampines PunggolField TuasBay TiongBahru TuasPromenade Tanglin BenoiSector TuasNorthPioneer Chatsworth InstitutionHill KentRidge Commonwealth SungeiRoad WaterwayEast YioChuKang ChangiWest RochorCanal Port AlexandraNorth SimpangNorth Paterson PulauPunggolTimor Khatib SerangoonCentral SembawangHills SouthernIslands HongKahNorth KeatHong YioChuKangEast UluPandan JurongWestCentral OneNorth BoonLayPlace LowerSeletar PearlsHill MandaiEast Aljunied BoatQuay Saujana HougangCentral DefuIndustrialPark ChoaChuKang Kembangan UpperThomson HongKah OneTreeHill SembawangStraits Shipyard PasirRisPark BedokSouth Trafalgar Serangoon Brickworks IstanaNegara BedokNorth CityHall PasirRis Mandai Geylang YuhuaEast
100
Sennett Sennett
SerangoonGarden SerangoonGarden
SingaporeRiver SingaporeRiver
ChinaSquare ChinaSquare
SerangoonNorth SerangoonNorth
TagoreSindo TagoreSindo
Punggol Punggol
Matilda Matilda
OrangeGrove OrangeGrove
PeoplesPark PeoplesPark
BayfrontSubzone BayfrontSubzone
SungeiKadut SungeiKadut
TelokBlangahRise TelokBlangahRise
Sentosa Sentosa
EastCoast EastCoast
Sembawang Sembawang
TampinesNorth TampinesNorth
JooSengPayaLebar JooSengPayaLebar
JurongPort JurongPort
PeiChun PeiChun
DairyFarm DairyFarm
PangSua PangSua
AngMoKioTownCentre AngMoKioTownCentre
ChangiPoint ChangiPoint
Cairnhill Cairnhill
DhobyGhaut DhobyGhaut
BukitBatokWest BukitBatokWest
BukitBatokSouth BukitBatokSouth
WoodlandsWest WoodlandsWest
Northland Northland
Mountbatten Mountbatten
ReservoirView ReservoirView
EvertonPark EvertonPark
ClementiNorth ClementiNorth
PasirRisDrive PasirRisDrive
TohGuan TohGuan
PayaLebarEast PayaLebarEast
Museum Museum
Moulmein Moulmein
GeylangEast GeylangEast
KebunBahru KebunBahru
Tampines Tampines
PunggolField PunggolField
TuasBay TuasBay
TiongBahru TiongBahru
TuasPromenade TuasPromenade
Tanglin Tanglin
BenoiSector BenoiSector
TuasNorthPioneer TuasNorthPioneer
Chatsworth Chatsworth
InstitutionHill InstitutionHill
KentRidge KentRidge
Commonwealth Commonwealth
SungeiRoad SungeiRoad
WaterwayEast WaterwayEast
YioChuKang YioChuKang
ChangiWest ChangiWest
RochorCanal RochorCanal
Port Port
AlexandraNorth AlexandraNorth
SimpangNorth SimpangNorth
Paterson Paterson
PulauPunggolTimor PulauPunggolTimor
Khatib Khatib
SerangoonCentral SerangoonCentral
SembawangHills SembawangHills
SouthernIslands SouthernIslands
HongKahNorth HongKahNorth
KeatHong KeatHong
YioChuKangEast YioChuKangEast
UluPandan UluPandan
JurongWestCentral JurongWestCentral
OneNorth OneNorth
BoonLayPlace BoonLayPlace
LowerSeletar LowerSeletar
PearlsHill PearlsHill
MandaiEast MandaiEast
Aljunied Aljunied
BoatQuay BoatQuay
Saujana Saujana
HougangCentral HougangCentral
DefuIndustrialPark DefuIndustrialPark
ChoaChuKang ChoaChuKang
Kembangan Kembangan
UpperThomson UpperThomson
HongKah HongKah
OneTreeHill OneTreeHill
SembawangStraits SembawangStraits
Shipyard Shipyard
PasirRisPark PasirRisPark
BedokSouth BedokSouth
Trafalgar Trafalgar
Serangoon Serangoon
Brickworks Brickworks
IstanaNegara IstanaNegara
BedokNorth BedokNorth
CityHall CityHall
PasirRis PasirRis
Mandai Mandai
Geylang Geylang
