139 58 74 36 8 178 95 182 7 60 39 57 108 16 26 198 71 104 33 62 188 109 187 191 141 48 173 113 196 72 69 82 67 106 1 47 176 105 158 145 96 27 128 184 119 146 23 14 43 13 89 21 79 114 157 2 98 172 186 156 30 144 142 15 18 134 127 189 84 44 161 130 37 5 35 65 81 122 91 112 41 22 125 131 31 25 111 153 101 64 199 165 148 32 152 123 77 78 9 53 138 104 75 118 147 11 85 139
100
58 58
74 74
8 8
178 178
95 95
182 182
7 7
60 60
39 39
57 57
108 108
16 16
26 26
198 198
71 71
104 104
33 33
188 188
109 109
187 187
191 191
141 141
48 48
173 173
113 113
72 72
69 69
82 82
67 67
106 106
1 1
47 47
176 176
105 105
158 158
145 145
96 96
27 27
128 128
184 184
119 119
146 146
23 23
14 14
43 43
13 13
89 89
21 21
79 79
114 114
157 157
2 2
98 98
172 172
186 186
156 156
30 30
144 144
142 142
15 15
18 18
134 134
127 127
189 189
84 84
44 44
161 161
130 130
37 37
5 5
35 35
65 65
81 81
122 122
91 91
112 112
41 41
22 22
125 125
131 131
31 31
25 25
111 111
153 153
101 101
64 64
165 165
148 148
32 32
152 152
123 123
77 77
78 78
9 9
138 138
75 75
118 118
147 147
11 11
85 85
