F8 C3 O1 S0 Q5 B0 C4 H4 B2 I6 B4 N6 N7 S7 E4 D9 Q7 B3 A8 G0 G9 D8 O2 R8 M0 J2 I0 S9 E2 Q8 H5 L6 N8 G4 E5 A1 C0 M5 K6 P9 T5 T8 A0 F9 I4 A2 H2 D7 R9 N4 D3 C2 L9 I9 H1 N2 Q0 F1 I8 H0 F2 C1 D4 R6 P7 T1 K1 G1 S5 K3 J1 J0 R4 Q3 K5 T0 A9 C8 M6 P2 N0 T9 I2 F6 H3 S8 R0 I3 P6 S2 P5 H6 N1 G6 O5 A3 E7 E8 D5 E3 O3 F8
100
C3 C3
O1 O1
S0 S0
Q5 Q5
B0 B0
C4 C4
H4 H4
B2 B2
I6 I6
B4 B4
N6 N6
N7 N7
S7 S7
E4 E4
D9 D9
Q7 Q7
B3 B3
A8 A8
G0 G0
G9 G9
D8 D8
O2 O2
R8 R8
M0 M0
J2 J2
I0 I0
S9 S9
E2 E2
Q8 Q8
H5 H5
L6 L6
N8 N8
G4 G4
E5 E5
A1 A1
C0 C0
M5 M5
K6 K6
P9 P9
T5 T5
T8 T8
A0 A0
F9 F9
I4 I4
A2 A2
H2 H2
D7 D7
R9 R9
N4 N4
D3 D3
C2 C2
L9 L9
I9 I9
H1 H1
N2 N2
Q0 Q0
F1 F1
I8 I8
H0 H0
F2 F2
C1 C1
D4 D4
R6 R6
P7 P7
T1 T1
K1 K1
G1 G1
S5 S5
K3 K3
J1 J1
J0 J0
R4 R4
Q3 Q3
K5 K5
T0 T0
A9 A9
C8 C8
M6 M6
P2 P2
N0 N0
T9 T9
I2 I2
F6 F6
H3 H3
S8 S8
R0 R0
I3 I3
P6 P6
S2 S2
P5 P5
H6 H6
N1 N1
G6 G6
O5 O5
A3 A3
E7 E7
E8 E8
D5 D5
E3 E3
O3 O3
