Qwilfish Tropius Skorupi Skiddo Noibat Simisear Sandile Vullaby Amoonguss Lotad Drapion Taillow Scatterbug Meloetta Porygon2 Crawdaunt Weezing Bastiodon Shellder Vespiquen Inkay Slurpuff Metang Metapod Whismur Stufful Woobat Escavalier Weepinbell Honedge Kakuna Treecko Seaking Nincada Comfey Magnemite Froakie Bounsweet Gengar Munna Swadloon Tauros Wailord Plusle Jumpluff Steenee Volcarona Magmar Shellos Drampa Qwilfish
49
Qwilfish Qwilfish
Skorupi Skorupi
Skiddo Skiddo
Noibat Noibat
Simisear Simisear
Sandile Sandile
Vullaby Vullaby
Amoonguss Amoonguss
Lotad Lotad
Drapion Drapion
Taillow Taillow
Scatterbug Scatterbug
Meloetta Meloetta
Porygon2 Porygon2
Crawdaunt Crawdaunt
Weezing Weezing
Bastiodon Bastiodon
Shellder Shellder
Vespiquen Vespiquen
Inkay Inkay
Slurpuff Slurpuff
Metang Metang
Metapod Metapod
Whismur Whismur
Stufful Stufful Conkeldurr
Woobat Woobat
Escavalier Escavalier
Weepinbell Weepinbell
Honedge Honedge
Kakuna Kakuna
Treecko Treecko
Seaking Seaking
Nincada Nincada
Comfey Comfey
Magnemite Magnemite
Froakie Froakie
Bounsweet Bounsweet
Gengar Gengar
Munna Munna
Swadloon Swadloon
Tauros Tauros
Wailord Wailord
Plusle Plusle
Jumpluff Jumpluff
Steenee Steenee
Volcarona Volcarona
Magmar Magmar
Shellos Shellos
Drampa Drampa
