Myrtle Joliet Deltona Alexandria Minneapolis Lexington Macon Barnstable Mobile Brownsville Baltimore Montgomery Plen Huntington Muskegon Bloomington Medford Kansas Champaign Cary Huntsville Erie Grays Aribel Abilene Hartford Davidson Hollywood Cedar Corpus GreenBay Bridgeport Cathedral Chandler Dallas Hemet Bradenton Merced Moreno Nashua Appleton Leominster Houma Harlingen Lorain Lansing Chicago Miramar Kissimmee Albuquerque Albany Myrtle
50
Joliet Joliet
Deltona Deltona
Alexandria Alexandria
Minneapolis Minneapolis
Lexington Lexington
Macon Macon
Barnstable Barnstable
Mobile Mobile
Brownsville Brownsville
Baltimore Baltimore
Montgomery Montgomery
Plen Plen
Huntington Huntington
Muskegon Muskegon
Bloomington Bloomington
Medford Medford
Kansas Kansas
Champaign Champaign
Cary Cary
Huntsville Huntsville
Erie Erie
Grays Grays
Aribel Aribel
Abilene Abilene
Hartford Hartford
Davidson Davidson
Hollywood Hollywood
Cedar Cedar
Corpus Corpus
GreenBay GreenBay
Bridgeport Bridgeport
Cathedral Cathedral
Chandler Chandler
Dallas Dallas
Hemet Hemet
Bradenton Bradenton
Merced Merced
Moreno Moreno
Nashua Nashua
Appleton Appleton
Leominster Leominster
Houma Houma
Harlingen Harlingen
Lorain Lorain
Lansing Lansing
Chicago Chicago
Miramar Miramar
Kissimmee Kissimmee
Albuquerque Albuquerque
Albany Albany
