Monroe Lewisville Allentown Miami Chesapeake Mobile Leominster Canton Four Monterey Denver Kennewick Ten Lakeland Baton Layton Abilene Charleston Johnson Boulder Lacey Anaheim Jacksonville Julian Cleveland Erie Elkhart Manchester Cary Killeen Clarke Hesperia Viejo Gilbert Modesto Hampton Bradenton Akron Laredo Seven Muskegon Prairie Naples Bedford Hayward Denton Kissimmee Dallas Huntsville Glendale Brownsville Davidson Rapids Arlington Mesquite Amarillo Austin Havre Aberdeen Lowell Cambridge Albany Boise Merced Montgomery Detroit Three Kailua Bridgeport Bethlehem Corpus Hartford Lafayette Hickory Huntington Irving Elizabeth Dayton Burlington Kenosha Baltimore Greensboro Vista Gainesville Melbourne Birmingham Hialeah Mesa Carrollton Athens Asheville Fairfield Fayetteville Apple Anchorage Daytona Antioch Hagerstown Lancaster Clarksville Monroe
100
Monroe Monroe
Lewisville Lewisville
Allentown Allentown
Miami Miami
Chesapeake Chesapeake
Mobile Mobile
Leominster Leominster
Canton Canton
Four Four
Monterey Monterey
Denver Denver
Kennewick Kennewick
Ten Ten
Lakeland Lakeland
Baton Baton
Layton Layton
Abilene Abilene
Charleston Charleston
Johnson Johnson
Boulder Boulder
Lacey Lacey
Anaheim Anaheim
Jacksonville Jacksonville
Julian Julian
Cleveland Cleveland
Erie Erie
Elkhart Elkhart
Manchester Manchester
Cary Cary
Killeen Killeen
Clarke Clarke
Hesperia Hesperia
Viejo Viejo
Gilbert Gilbert
Modesto Modesto
Hampton Hampton
Bradenton Bradenton
Akron Akron
Laredo Laredo
Seven Seven
Muskegon Muskegon
Prairie Prairie
Naples Naples
Bedford Bedford
Hayward Hayward
Denton Denton
Kissimmee Kissimmee
Dallas Dallas
Huntsville Huntsville
Glendale Glendale
Brownsville Brownsville
Davidson Davidson
Rapids Rapids
Arlington Arlington
Mesquite Mesquite
Amarillo Amarillo
Austin Austin
Havre Havre
Aberdeen Aberdeen
Lowell Lowell
Cambridge Cambridge
Albany Albany
Boise Boise
Merced Merced
Montgomery Montgomery
Detroit Detroit
Three Three
Kailua Kailua
Bridgeport Bridgeport
Bethlehem Bethlehem
Corpus Corpus
Hartford Hartford
Lafayette Lafayette
Hickory Hickory
Huntington Huntington
Irving Irving
Elizabeth Elizabeth
Dayton Dayton
Burlington Burlington
Kenosha Kenosha
Baltimore Baltimore
Greensboro Greensboro
Vista Vista
Gainesville Gainesville
Melbourne Melbourne
Birmingham Birmingham
Hialeah Hialeah
Mesa Mesa
Carrollton Carrollton
Athens Athens
Asheville Asheville
Fairfield Fairfield
Fayetteville Fayetteville
Apple Apple
Anchorage Anchorage
Daytona Daytona
Antioch Antioch
Hagerstown Hagerstown
Lancaster Lancaster
Clarksville Clarksville
