DK CX FA CS BC CA DI BH EY DZ GB DN HJ BE AU AO CW CE AN EN HE DP DF AB DU AG DM DX CT AZ FZ ED HC FB CP DO AK EO EA DB CY CD CR FP FH FG EL BV DL HF EP GX FN BW DD AT EQ GY EB FT CI CM HI AM FW CK GV BI ET GZ EM EW GR CC BR BL GG FD DE CU AA BF DT AY EF ES GT HB AV BM BP CG HD GN BZ DK
94
CX CX
FA FA
CS CS
BC BC
CA CA
DI DI
BH BH
EY EY
DZ DZ
GB GB
DN DN
HJ HJ
BE BE
AU AU
AO AO
CW CW
CE CE
AN AN
EN EN
HE HE
DP DP
DF DF
AB AB
DU DU
AG AG
DM DM
DX DX
CT CT
AZ AZ
FZ FZ
ED ED
HC HC
FB FB
CP CP
DO DO
AK AK
EO EO
EA EA
DB DB
CY CY
CD CD
CR CR
FP FP
FH FH
FG FG
EL EL
BV BV
DL DL
HF HF
EP EP
GX GX
FN FN
BW BW
DD DD
AT AT
EQ EQ
GY GY
EB EB
FT FT
CI CI
CM CM
HI HI
AM AM
FW FW
CK CK
GV GV
BI BI
ET ET
GZ GZ
EM EM
EW EW
GR GR
CC CC
BR BR
BL BL
GG GG
FD FD
DE DE
CU CU
AA AA
BF BF
DT DT
AY AY
EF EF
ES ES
GT GT
HB HB
AV AV
BM BM
BP BP
CG CG
HD HD
GN GN
BZ BZ
