Soda VLSB CareerCenter Dwinelle EastAsianLibrary CampbellHall EshlemanHall BlackwellHall BlumHall BirgeHall BARTStation BarrowsHall BarrowLane Cory EvansDiamond BerkeleyArtMuseum DavisHall CalvinLaboratory ClarkKerrCampus ChouHall DonnerLab ChanShunAuditorium EtcheverryHall CNMAT CaliforniaHall EdwardsStadium BanwayBldg BarkerHall DoeMemorialLibrary AlumniHouse CheitHall BotanicalGarden CyclotronRd BoaltHall BancroftLibrary EastGate AnthonyHall Campanile BerkeleyWayWest BrainImagingCenter DurantHall Soda
40
VLSB VLSB
CareerCenter CareerCenter
Dwinelle Dwinelle
EastAsianLibrary EastAsianLibrary
CampbellHall CampbellHall
EshlemanHall EshlemanHall
BlackwellHall BlackwellHall
BlumHall BlumHall
BirgeHall BirgeHall
BARTStation BARTStation
BarrowsHall BarrowsHall
BarrowLane BarrowLane
Cory Cory
EvansDiamond EvansDiamond
BerkeleyArtMuseum BerkeleyArtMuseum
DavisHall DavisHall
CalvinLaboratory CalvinLaboratory
ClarkKerrCampus ClarkKerrCampus
ChouHall ChouHall
DonnerLab DonnerLab
ChanShunAuditorium ChanShunAuditorium
EtcheverryHall EtcheverryHall
CNMAT CNMAT
CaliforniaHall CaliforniaHall
EdwardsStadium EdwardsStadium
BanwayBldg BanwayBldg
BarkerHall BarkerHall
DoeMemorialLibrary DoeMemorialLibrary
AlumniHouse AlumniHouse
CheitHall CheitHall
BotanicalGarden BotanicalGarden
CyclotronRd CyclotronRd
BoaltHall BoaltHall
BancroftLibrary BancroftLibrary
EastGate EastGate
AnthonyHall AnthonyHall
Campanile Campanile
BerkeleyWayWest BerkeleyWayWest
BrainImagingCenter BrainImagingCenter
DurantHall DurantHall
