a bz bb by bf dv k cp gm fl cv ci aw aj t ap l er gl ep h ey em fy dq j dj gb gh fg dn al gp fu dx eu ew fa fs fr fd fv ev fz b fn fh do ck bm ag dg ec p eg m ea et ga bd cs az bc ct ae bi bl cl y dm u dt c ak cq ar cu eq fb w ff ex gn ee cb an du ab df aa de e en ah bv br cd ch o ed a
100
a a
bz bz
bb bb
by by
bf bf
dv dv
k k
cp cp
gm gm
fl fl
cv cv
ci ci
aw aw
aj aj
t t
ap ap
l l
er er
gl gl
ep ep
h h
ey ey
em em
fy fy
dq dq
j j
dj dj
gb gb
gh gh
fg fg
dn dn
al al
gp gp
fu fu
dx dx
eu eu
ew ew
fa fa
fs fs
fr fr
fd fd
fv fv
ev ev
fz fz
b b
fn fn
fh fh
do do
ck ck
bm bm
ag ag
dg dg
ec ec
p p
eg eg
m m
ea ea
et et
ga ga
bd bd
cs cs
az az
bc bc
ct ct
ae ae
bi bi
bl bl
cl cl
y y
dm dm
u u
dt dt
c c
ak ak
cq cq
ar ar
cu cu
eq eq
fb fb
w w
ff ff
ex ex
gn gn
ee ee
cb cb
an an
du du
ab ab
df df
aa aa
de de
e e
en en
ah ah
bv bv
br br
cd cd
ch ch
o o
ed ed
