1 153 81 40 99 95 160 27 155 29 6 165 34 159 183 121 149 117 164 7 129 89 9 131 87 127 70 197 119 20 17 14 45 93 13 178 52 35 53 100 78 36 67 188 118 114 94 68 181 191 44 147 57 120 151 92 28 190 140 60 180 161 148 137 3 11 97 126 76 132 42 16 184 59 182 139 91 167 21 112 108 192 122 32 77 163 172 186 79 143 65 176 116 64 25 12 142 123 74 2 170 1
100
153 153
81 81
40 40
99 99
95 95
160 160
27 27
155 155
29 29
6 6
165 165
34 34
159 159
183 183
121 121
149 149
117 117
164 164
7 7
129 129
89 89
9 9
131 131
87 87
127 127
70 70
197 197
119 119
20 20
17 17
14 14
45 45
93 93
13 13
178 178
52 52
35 35
53 53
100 100
78 78
36 36
67 67
188 188
118 118
114 114
94 94
68 68
181 181
191 191
44 44
147 147
57 57
120 120
151 151
92 92
28 28
190 190
140 140
60 60
180 180
161 161
148 148
137 137
3 3
11 11
97 97
126 126
76 76
132 132
42 42
16 16
184 184
59 59
182 182
139 139
91 91
167 167
21 21
112 112
108 108
192 192
122 122
32 32
77 77
163 163
172 172
186 186
79 79
143 143
65 65
176 176
116 116
64 64
25 25
12 12
142 142
123 123
74 74
2 2
170 170
