187 153 29 42 196 67 18 47 110 7 68 32 45 8 119 78 52 161 191 136 30 2 166 173 72 107 190 169 90 171 69 146 114 79 44 160 39 9 128 181 133 124 23 73 142 175 117 95 53 180 80 83 157 58 176 140 65 183 15 82 127 131 109 22 71 148 150 92 184 126 33 165 55 54 89 154 134 108 97 163 41 93 132 111 6 152 12 6 164 87 36 172 162 70 199 48 63 94 120 13 59 156 86 187
100
153 153
29 29
42 42
196 196
67 67
18 18
47 47
110 110
7 7
68 68
32 32
45 45
8 8
119 119
78 78
52 52
161 161
191 191
136 136
30 30
2 2
166 166
173 173
72 72
107 107
190 190
169 169
90 90
171 171
69 69
146 146
114 114
79 79
44 44
160 160
39 39
9 9
128 128
181 181
133 133
124 124
23 23
73 73
142 142
175 175
117 117
95 95
53 53
180 180
80 80
83 83
157 157
58 58
176 176
140 140
65 65
183 183
15 15
82 82
127 127
131 131
109 109
71 71
148 148
150 150
92 92
184 184
126 126
33 33
165 165
55 55
54 54
89 89
154 154
134 134
108 108
97 97
163 163
41 41
93 93
132 132
111 111
6 6
152 152
12 12
164 164
87 87
36 36
172 172
162 162
70 70
199 199
48 48
63 63
94 94
120 120
13 13
59 59
156 156
86 86
