0 155 7 183 153 87 61 103 123 25 33 137 91 165 149 161 163 113 5 63 9 17 11 55 135 179 105 131 159 97 39 73 169 27 177 119 75 197 71 67 145 171 167 57 43 69 109 13 49 59 65 195 101 157 189 1 15 111 181 79 37 31 129 53 173 139 23 45 51 95 83 81 143 151 199 3 115 47 191 29 193 93 127 175 133 125 35 117 99 141 107 21 19 185 89 147 85 77 121 187 41 0
100
155 155
7 7
183 183
153 153
87 87
61 61
103 103
123 123
25 25
33 33
137 137
91 91
165 165
149 149
161 161
163 163
113 113
5 5
63 63
9 9
17 17
11 11
55 55
135 135
179 179
105 105
131 131
159 159
97 97
39 39
73 73
169 169
27 27
177 177
119 119
75 75
197 197
71 71
67 67
145 145
171 171
167 167
57 57
43 43
69 69
109 109
13 13
49 49
59 59
65 65
195 195
101 101
157 157
189 189
1 1
15 15
111 111
181 181
79 79
37 37
31 31
129 129
53 53
173 173
139 139
23 23
45 45
51 51
95 95
83 83
81 81
143 143
151 151
199 199
3 3
115 115
47 47
191 191
29 29
193 193
93 93
127 127
175 175
133 133
125 125
35 35
117 117
99 99
141 141
107 107
21 21
19 19
185 185
89 89
147 147
85 85
77 77
121 121
187 187
41 41
