0 39 78 129 160 8 116 3 119 69 21 174 105 126 43 156 163 38 189 62 77 136 190 94 31 115 170 188 58 143 125 96 19 131 51 17 9 159 16 191 183 184 182 199 192 178 2 4 12 109 133 52 86 195 60 193 198 80 177 185 74 29 68 33 18 93 194 157 50 35 32 142 24 70 103 180 197 179 46 158 0
80
0 0
39 39
78 78
129 129
160 160
8 8
116 116
3 3
119 119
69 69
21 21
174 174
105 105
126 126
43 43
156 156
163 163
38 38
189 189
62 62
77 77
136 136
190 190
94 94
31 31
115 115
170 170
188 188
58 58
143 143
125 125
96 96
19 19
131 131
51 51
17 17
9 9
159 159
16 16
191 191
183 183
184 184
182 182
199 199
192 192
178 178
2 2
4 4
12 12
109 109
133 133
52 52
86 86
195 195
60 60
193 193
198 198
80 80
177 177
185 185
74 74
29 29
68 68
33 33
18 18
93 93
194 194
157 157
50 50
35 35
32 32
142 142
24 24
70 70
103 103
180 180
197 197
179 179
46 46
158 158
