190 60 76 112 185 149 36 55 34 121 104 68 10 22 30 117 179 11 100 71 66 195 146 193 139 62 46 109 29 102 198 181 21 176 169 57 50 54 32 163 116 164 93 136 165 8 67 111 189 40 27 173 177 101 118 142 1 156 133 3 108 69 162 95 188 192 84 186 23 168 103 141 94 113 123 182 2 99 152 132 83 129 33 114 92 106 137 38 65 44 61 52 138 47 4 172 5 153 45 56 166 135 190
100
60 60
76 76
112 112
185 185
149 149
36 36
55 55
34 34
121 121
104 104
68 68
10 10
22 22
30 30
117 117
179 179
11 11
100 100
71 71
66 66
195 195
146 146
193 193
139 139
62 62
46 46
109 109
29 29
102 102
198 198
181 181
21 21
176 176
169 169
57 57
50 50
54 54
32 32
163 163
116 116
164 164
93 93
136 136
165 165
8 8
67 67
111 111
189 189
40 40
27 27
173 173
177 177
101 101
118 118
142 142
1 1
156 156
133 133
3 3
108 108
69 69
162 162
95 95
188 188
192 192
84 84
186 186
23 23
168 168
103 103
141 141
94 94
113 113
123 123
182 182
2 2
99 99
152 152
132 132
83 83
129 129
33 33
114 114
92 92
106 106
137 137
38 38
65 65
44 44
61 61
52 52
138 138
47 47
172 172
5 5
153 153
45 45
56 56
166 166
135 135
