114 49 161 119 78 102 170 94 174 150 166 112 15 66 105 75 109 21 181 148 42 33 89 59 131 197 43 70 14 31 124 176 183 16 4 3 103 84 169 146 12 87 38 36 7 96 167 147 32 24 196 134 177 69 41 5 195 37 115 111 155 127 171 93 135 187 29 0 191 76 10 133 63 18 26 47 92 108 62 149 35 1 117 100 28 91 67 98 188 81 182 164 154 95 53 199 51 173 74 175 114
100
114 114
49 49
161 161
119 119
78 78
102 102
170 170
94 94
174 174
150 150
166 166
112 112
15 15
66 66
105 105
75 75
109 109
21 21
181 181
148 148
42 42
33 33
89 89
59 59
131 131
197 197
43 43
70 70
14 14
31 31
124 124
176 176
183 183
16 16
4 4
3 3
103 103
84 84
169 169
146 146
12 12
87 87
38 38
36 36
7 7
96 96
167 167
147 147
32 32
24 24
196 196
134 134
177 177
69 69
41 41
5 5
195 195
37 37
115 115
111 111
155 155
127 127
171 171
93 93
135 135
187 187
29 29
0 0
191 191
76 76
10 10
133 133
63 63
18 18
26 26
47 47
92 92
108 108
62 62
149 149
35 35
1 1
117 117
100 100
28 28
91 91
67 67
98 98
188 188
81 81
182 182
164 164
154 154
95 95
53 53
199 199
51 51
173 173
74 74
175 175
