gc as ac co ab cm q fr dw es ga dx gn gh fd fo ft bl an ad cq gj di gi bx ap bt bb fn ey bi el cj ee cl cs cv ao ah bc by p fq fk ff e fe bq a at dn ai v gq bu y gm dg u ds dy fw fh cz b bn et bv j cp cr ep ck am go er g br cg fy fa db az cn ge bj fi dq bp aw do dp gg dj ae en dh d eq em gk gc
100
as as
ac ac
co co
ab ab
cm cm
q q
fr fr
dw dw
es es
ga ga
dx dx
gn gn
gh gh
fd fd
fo fo
ft ft
bl bl
an an
ad ad
cq cq
gj gj
di di
gi gi
bx bx
ap ap
bt bt
bb bb
fn fn
ey ey
bi bi
el el
cj cj
ee ee
cl cl
cs cs
cv cv
ao ao
ah ah
bc bc
by by
p p
fq fq
fk fk
ff ff
e e
fe fe
bq bq
a a
at at
dn dn
ai ai
v v
gq gq
bu bu
y y
gm gm
dg dg
u u
ds ds
dy dy
fw fw
fh fh
cz cz
b b
bn bn
et et
bv bv
j j
cp cp
cr cr
ep ep
ck ck
am am
go go
er er
g g
br br
cg cg
fy fy
fa fa
db db
az az
cn cn
ge ge
bj bj
fi fi
dq dq
bp bp
aw aw
do do
dp dp
gg gg
dj dj
ae ae
en en
dh dh
d d
eq eq
em em
gk gk
