Liam Isaiah Daniel Robert Adam Jayden Cooper Matthew Ian Henry Jonathan Levi Jackson Eli Dominic Eli Lucas Noah Luke Asher Jordan Nicholas Samuel Brayden Ethan Ayden Carter Benjamin Sawyer Jose Owen Dylan Thomas Ezra Michael Jaxson Logan William Aiden Elijah Mason Alexander Mateo Sebastian Mateo Joseph Isaiah Liam
29
Liam Liam
Daniel Daniel
Jayden Jayden
Matthew Matthew
Henry Henry
Jackson Jackson
Lucas Lucas
Noah Noah
Luke Luke
Samuel Samuel
Ethan Ethan
Carter Carter
Benjamin Benjamin
Owen Owen
Dylan Dylan
Michael Michael
Logan Logan
William William
Aiden Aiden
Elijah Elijah
Mason Mason
Alexander Alexander
Sebastian Sebastian David
Joseph Joseph
Eli Wyatt
Dominic Oliver
Jordan Jacob
Sawyer John
Thomas James
