Liam Jordan Jack Joshua Lucas Noah Maverick Anthony Angel Jaxson Cameron Caleb Elliott Carter Antonio Kaleb Isaac James Steven Sawyer Ian Alejandro Dawson Oscar Bryce Sebastian Edward Wyatt Gael Emmanuel Samuel Eric Greyson Chase Aaron David Brody Elliot Jasper Connor Nathan Kevin Finn Luke Miles Nolan Elijah Nolan Ryan Xavier Emmett George Ethan Brantley Kai Justin Josiah Julian Matteo Jameson Daniel Nicholas Silas Braxton Jackson Ezra Ezekiel Ezra Jose Preston Jonathan Brayden Asher Waylon Jaxon King Matthew John Bennett Landon William Beau Dean Patrick Oliver Andrew Isaiah Hunter Zachary Jude Theodore Rowan Austin Hayden Christian Rhett Aiden Tucker Charles Mason Bentley Jayden Max Lincoln Dylan Joel Dominic Victor Gabriel Jayce Henry Malachi Adam Malachi Bryson Leo Alexander Grayson Abraham Giovanni Robert Joseph Jude Evan Liam
79
Liam Liam
Jordan Jordan
Jack Jack
Joshua Joshua
Lucas Lucas
Noah Noah
Maverick Maverick
Anthony Anthony
Angel Angel
Jaxson Jaxson
Cameron Cameron
Caleb Caleb
Carter Carter
Isaac Isaac
James James
Ian Ian
Sebastian Sebastian
Wyatt Wyatt
Samuel Samuel
Greyson Greyson
Aaron Aaron Michael
David David
Connor Connor
Nathan Nathan
Luke Luke
Nolan Nolan Logan
Elijah Elijah Adrian
Ryan Ryan
Xavier Xavier
Ethan Ethan
Josiah Josiah
Julian Julian
Daniel Daniel
Nicholas Nicholas
Jackson Jackson
Ezra Ezra
Ezekiel Ezekiel Jeremiah
Jose Jose
Jonathan Jonathan
Brayden Brayden
Asher Asher
Jaxon Jaxon
Matthew Matthew
John John
Landon Landon
William William
Oliver Oliver
Andrew Andrew
Isaiah Isaiah
Hunter Hunter Thomas
Theodore Theodore
Austin Austin
Christian Christian
Aiden Aiden Mateo Easton
Charles Charles
Mason Mason
Jayden Jayden
Lincoln Lincoln
Dylan Dylan
Dominic Dominic
Gabriel Gabriel
Henry Henry
Adam Adam Colton
Bryson Bryson
Leo Leo
Alexander Alexander
Robert Robert
Joseph Joseph
Evan Evan
Antonio Cooper Owen
Kaleb Elias
Sawyer Eli
Oscar Levi
Elliot Grayson
Finn Jacob
Kai Christopher Carson
Jameson Hudson Benjamin
Waylon Parker
Jude Jace
