Liam Jaxon David James Aiden Jaxon Sebastian Samuel Alexander Oliver Carter William Elijah Mason Noah Logan Ethan Jackson Lucas Julian Michael Joseph Daniel Wyatt Benjamin Liam
22
Liam Liam
David David
James James
Aiden Aiden
Sebastian Sebastian
Samuel Samuel
Alexander Alexander Henry
Oliver Oliver
Carter Carter
William William
Elijah Elijah
Mason Mason
Noah Noah
Logan Logan
Ethan Ethan
Jackson Jackson
Lucas Lucas
Michael Michael
Joseph Joseph Jacob Matthew
Daniel Daniel
Wyatt Wyatt
Benjamin Benjamin
