zero six seven fourteen thirteen twenty twentyone fifteen twentytwo twentynine thirtyfive thirtyfour thirtythree thirtytwo thirtyone thirty thirtyseven thirtyeight fortyfive fortyfour fiftyone fifty fiftyseven fiftyeight sixtyfive sixtysix sixtyseven sixtyeight seventyfive seventyfour eightyone eightytwo eightynine eightyeight eightyseven eighty seventynine seventyeight seventyone seventyseven seventy sixtythree sixtytwo sixtyone sixty fiftythree fiftyfour fiftyfive fortyeight fortyseven forty thirtynine thirtytwo twentyfive twentyfour seventeen ten eleven twelve five four three two zero
47
six six
fourteen fourteen
twenty twenty
fifteen fifteen
twentytwo twentytwo
twentynine twentynine
thirtyfive thirtyfive
thirtyfour thirtyfour
thirtythree thirtythree
thirty thirty
thirtyseven thirtyseven thirtysix
fortyfive fortyfive
fortyfour fortyfour
fiftyone fiftyone
fifty fifty
fiftyseven fiftyseven
sixtyfive sixtyfive
sixtysix sixtysix
sixtyseven sixtyseven
sixtyeight sixtyeight
seventyfive seventyfive
eightyone eightyone
eightytwo eightytwo
eightynine eightynine
eightyeight eightyeight ninetyfive
eightyseven eightyseven
seventynine seventynine
seventyeight seventyeight eightyfour
seventyone seventyone
seventyseven seventyseven
seventy seventy
sixtytwo sixtytwo
sixtyone sixtyone
sixty sixty
fiftythree fiftythree
fiftyfive fiftyfive
fortyeight fortyeight
fortyseven fortyseven
thirtynine thirtynine
twentyfive twentyfive
twentyfour twentyfour
ten ten
twelve twelve
five five
four four
three three
two two
