0 20 79 12 36 86 15 53 32 99 42 35 8 10 88 77 49 87 47 67 40 57 91 1 61 25 38 14 54 16 55 30 41 69 163 22 72 68 180 23 19 153 50 65 56 24 100 96 21 52 74 58 81 18 39 71 7 76 60 3 95 122 27 97 122 73 64 130 80 84 28 90 98 83 89 59 70 44 92 33 45 48 46 2 5 31 4 34 62 85 11 66 75 29 43 37 26 93 9 194 94 82 63 13 17 78 6 51 0
100
0 0
20 20
79 79
12 12
36 36
86 86
15 15
53 53
32 32
99 99
42 42
35 35
8 8
10 10
88 88
77 77
49 49
87 87
47 47
67 67
40 40
57 57
91 91
1 1
61 61
25 25
38 38
14 14
54 54
16 16
55 55
30 30
41 41
69 69
22 22
72 72
68 68
23 23
19 19
50 50
65 65
56 56
24 24
96 96
21 21
52 52
74 74
58 58
81 81
18 18
39 39
71 71
7 7
76 76
60 60
3 3
95 95
27 27
97 97
73 73
64 64
80 80
84 84
28 28
90 90
98 98
83 83
89 89
59 59
70 70
44 44
92 92
33 33
45 45
48 48
46 46
2 2
5 5
31 31
4 4
34 34
62 62
85 85
11 11
66 66
75 75
29 29
43 43
37 37
26 26
93 93
9 9
94 94
82 82
63 63
13 13
17 17
78 78
6 6
51 51
