0 3 117 191 140 104 138 178 113 78 110 78 113 12 114 180 109 45 95 100 95 45 109 164 142 105 21 103 116 112 175 154 106 153 158 108 115 108 194 118 98 36 125 101 68 15 76 182 114 12 132 102 2 107 4 90 171 119 55 92 117 3 0
35
191 191
140 140
138 138
178 178
180 180
164 164
142 142
175 175
154 154
153 153
158 158
194 194
125 125
182 182
132 132
171 171
104 139
110 168 169 170
113 179
100 120 123 121 122
109 161 163 165 167 162 166
105 145 144 141 146 143
103 134 135 136 137
116 188 189 190
112 172 173 174 176 177
106 152 148 149 147 151 150
108 160 159 157 156
115 187 186
118 196 195
101 127 128 126 129 130 124
114 185 184 183 181
102 133 131
107 155
119 199 197 198
117 192 193
