equinox band uncertainty glove funeral chain presidential dry twitch bark fish brick remark dollar farewell wilderness prejudice novel method muggy tropical mastermind corpse lamb disposition fibre union hiccup photograph secretary referee explicit clothes paint essential jurisdiction seller houseplant aisle flow slice orange analyst equinox
43
equinox equinox
band band
uncertainty uncertainty
glove glove
funeral funeral
chain chain
presidential presidential
dry dry
twitch twitch
bark bark
fish fish
brick brick
remark remark
dollar dollar
farewell farewell
wilderness wilderness
prejudice prejudice
novel novel
method method
muggy muggy
tropical tropical
mastermind mastermind
corpse corpse
lamb lamb
disposition disposition
fibre fibre
union union
hiccup hiccup
photograph photograph
secretary secretary
referee referee
explicit explicit
clothes clothes
paint paint
essential essential
jurisdiction jurisdiction
seller seller
houseplant houseplant
aisle aisle
flow flow
slice slice
orange orange
analyst analyst
