pump need ground packet genetic wear literature exercise mud category engineer distributor title admiration attractive brain anger pipe descent guideline button valley rock leadership preoccupation judicial reject survival overlook diagram wage physical freedom sticky separate reflection mouse plug unanimous ghost parallel forest prospect pedestrian nominate affect hierarchy innovation gloom row lemon ensure float sentiment range depressed privilege impound linger hallway polish performance consideration line sacrifice formulate sweet pray park pursuit sit feign tip aspect minor fairy lot appearance pump
78
pump pump
need need
ground ground
packet packet
genetic genetic
wear wear
literature literature
exercise exercise
mud mud
category category
engineer engineer
distributor distributor
title title
admiration admiration
attractive attractive
brain brain
anger anger
pipe pipe
descent descent
guideline guideline
button button
valley valley
rock rock
leadership leadership
preoccupation preoccupation
judicial judicial
reject reject
survival survival
overlook overlook
diagram diagram
wage wage
physical physical
freedom freedom
sticky sticky
separate separate
reflection reflection
mouse mouse
plug plug
unanimous unanimous
ghost ghost
parallel parallel
forest forest
prospect prospect
pedestrian pedestrian
nominate nominate
affect affect
hierarchy hierarchy
innovation innovation
gloom gloom
row row
lemon lemon
ensure ensure
float float
sentiment sentiment
range range
depressed depressed
privilege privilege
impound impound
linger linger
hallway hallway
polish polish
performance performance
consideration consideration
line line
sacrifice sacrifice
formulate formulate
sweet sweet
pray pray
park park
pursuit pursuit
sit sit
feign feign
tip tip
aspect aspect
minor minor
fairy fairy
lot lot
appearance appearance
