F1E81B DD07FF 1E1095 2334E8 573788 FFFD4B 17779E 770D1A 6CAF46 685D1A CDC6D4 2FEDFB 91A0DC C3B3E7 086D53 4A5708 53C6C8 7829D7 36C862 AEFF96 DCE144 8F495E 0CBC31 5D0E2E 6E313C B47658 D6CC7A 846159 8F17C0 151BC9 580DB7 E5E6C0 C9AF85 9096DB 36590B 66048A D2BE39 783751 6D51F4 846159 20EAE7 ABD8FE D2BE39 490F1E 77A0B5 94A561 112AE7 BB4908 C18C9B 205E5C BB40E6 614224 FFEEBD 2595F1 28F6D1 6CAF46 B7F75A 2CCB19 B69F55 1F842B 851F90 D1967A 3B4B53 E3C2C9 8015E0 29D5D7 55BAD2 239994 8EBF8A 1D21D3 8BFCAC 612FAA 124C90 D4A75D 14B430 E80628 13A782 C4303B 596CF6 86493E 4B3F8A 230A7C 3C5D7A DE6899 59843B 10520F CC9C14 A1F104 0F5860 47FACD D337F2 002274 305D33 191510 813B05 396D53 14994D 4B97F1 A9F1B8 52C88C 7E1C6C 4CAD30 293D59 C953A6 CEAC59 90451D 013940 93EBE3 1111F7 6B340B AE4A01 6966D7 C45E71 6B622D 5F4E43 63361A 85D6DB 7D997B F1E81B
95
F1E81B F1E81B
1E1095 1E1095
573788 573788
FFFD4B FFFD4B
17779E 17779E
770D1A 770D1A
685D1A 685D1A
2FEDFB 2FEDFB
C3B3E7 C3B3E7
4A5708 4A5708
7829D7 7829D7
36C862 36C862
AEFF96 AEFF96
DCE144 DCE144
8F495E 8F495E
0CBC31 0CBC31
6E313C 6E313C
B47658 B47658
D6CC7A D6CC7A
8F17C0 8F17C0
151BC9 151BC9
E5E6C0 E5E6C0
C9AF85 C9AF85
9096DB 9096DB
36590B 36590B
66048A 66048A
783751 783751
6D51F4 6D51F4
20EAE7 20EAE7
ABD8FE ABD8FE
490F1E 490F1E
77A0B5 77A0B5
94A561 94A561
BB4908 BB4908
C18C9B C18C9B
BB40E6 BB40E6
614224 614224
FFEEBD FFEEBD
28F6D1 28F6D1
B7F75A B7F75A
2CCB19 2CCB19
B69F55 B69F55
1F842B 1F842B 7E78F3
851F90 851F90
D1967A D1967A
3B4B53 3B4B53
E3C2C9 E3C2C9
8015E0 8015E0
29D5D7 29D5D7
239994 239994
8EBF8A 8EBF8A
8BFCAC 8BFCAC
124C90 124C90
D4A75D D4A75D
14B430 14B430
E80628 E80628
C4303B C4303B
596CF6 596CF6
86493E 86493E
230A7C 230A7C
DE6899 DE6899
59843B 59843B
CC9C14 CC9C14
A1F104 A1F104
0F5860 0F5860
47FACD 47FACD
D337F2 D337F2
305D33 305D33
813B05 813B05
396D53 396D53
14994D 14994D
4B97F1 4B97F1
52C88C 52C88C
7E1C6C 7E1C6C
4CAD30 4CAD30 5C7062
293D59 293D59
CEAC59 CEAC59
90451D 90451D
93EBE3 93EBE3
6B340B 6B340B
AE4A01 AE4A01
6966D7 6966D7
6B622D 6B622D
5F4E43 5F4E43
63361A 63361A
85D6DB 85D6DB
CDC6D4 8417C8
086D53 61199E F33196
846159 5BB557
2595F1 8B519F 8B6C2F
55BAD2 4099A6
4B3F8A E81014
10520F C3EF62 2BF7B5
C45E71 4A28BA
7D997B E51A66
