7FD578 C03738 EEEA40 66B94B CE97C4 877D0E 283373 C03738 2FBF68 FF39A5 7CDA20 17BEF0 AA2C70 2C376F 309D1E 853F1A 1176C9 6C7BF0 0FED38 1AC5CE 342A3C 2E60FC 1EE680 8633C5 3E0BDD 2FBF68 2E60FC 1BD5F4 6CAF19 9B7F16 E5D023 E27C41 1176C9 853F1A A085DD 4BCD0B F4C859 C3030C 7B7BDE 4BCD0B 01684B E27C41 ED0989 6CAF19 309D1E 2FBF68 01684B 9A65B7 7FD578
24
EEEA40 EEEA40
66B94B 66B94B
877D0E 877D0E
FF39A5 FF39A5
2C376F 2C376F
1176C9 1176C9 981760
6C7BF0 6C7BF0
1AC5CE 1AC5CE
1EE680 1EE680
3E0BDD 3E0BDD
1BD5F4 1BD5F4
6CAF19 6CAF19
9B7F16 9B7F16
E5D023 E5D023
E27C41 E27C41
A085DD A085DD
F4C859 F4C859
7B7BDE 7B7BDE
01684B 01684B
CE97C4 2E60FC
C03738 9F01C8
7CDA20 61D740
17BEF0 859C0E
C3030C B40756
