188645 0FB66D FA567E B833F0 2F1AB5 9B9BDD D04F40 628AB2 B3243F 9B0EC2 AD298D DD2694 410DA1 8D0852 37F745 7BF2B5 D443EB D7CAF9 825884 1276AF 0801CC 19FFAB D27DC1 44716B 143B88 07D80A 103C70 D01E6B 29B2A4 724A76 AA8E14 35F60D 2C101C CB09C0 E954F7 2EA2EE 84EBFF 0FBCDC 7E5598 AFF8D1 673B36 7E18E9 539A92 EC05F7 FD1783 7BF2B5 4FBDE1 B86446 C98FE7 E09D29 61EDA9 3ADA02 94D700 DBDC9A A5CCB5 35FF16 500783 298FDD FF8D45 784F83 467AB7 0D7DE7 A7E9D9 B7B073 EF4D57 3AA8C5 3B1041 7E5598 188645
47
188645 188645
0FB66D 0FB66D
B833F0 B833F0
9B9BDD 9B9BDD
D04F40 D04F40
628AB2 628AB2
9B0EC2 9B0EC2
DD2694 DD2694
8D0852 8D0852
37F745 37F745
D443EB D443EB
D7CAF9 D7CAF9
1276AF 1276AF
19FFAB 19FFAB
44716B 44716B
07D80A 07D80A
D01E6B D01E6B
29B2A4 29B2A4
724A76 724A76
AA8E14 AA8E14
2C101C 2C101C
CB09C0 CB09C0
E954F7 E954F7
84EBFF 84EBFF
0FBCDC 0FBCDC 0A5C0E
AFF8D1 AFF8D1
7E18E9 7E18E9
539A92 539A92
FD1783 FD1783
4FBDE1 4FBDE1
C98FE7 C98FE7
E09D29 E09D29
3ADA02 3ADA02 D5356A
94D700 94D700
DBDC9A DBDC9A 994F93
A5CCB5 A5CCB5
500783 500783
FF8D45 FF8D45
784F83 784F83
467AB7 467AB7
A7E9D9 A7E9D9
B7B073 B7B073
EF4D57 EF4D57
3B1041 3B1041
825884 48C2D5
D27DC1 6D778A
35FF16 800641
