S A AG M AU I AZ K CH I BV C CR N BE P AF D BA A CS L AQ J BW CB CJ Q AK B BT AC BB G BQ F BI V BH AW CP H AH K CQ AB CE AN AE CT AJ R X BK W AY Z BR AA E BM O U AI S
61
S S
A A AP BY Y CC AV CV BG CN BX CM BS CK BU AL BL AT CF BD CD BP AS T
AG AG
M M
AU AU
I I
AZ AZ
K K CO AD CI CW BC BN CU BO AM BZ BF CL AO
CH CH
BV BV
C C
CR CR
N N
BE BE
P P
AF AF
D D
BA BA
CS CS
L L
AQ AQ
J J
BW BW
CB CB
CJ CJ
Q Q
AK AK
B B AR BJ AX CA
BT BT
AC AC
BB BB
G G
BQ BQ
F F
BI BI
V V
BH BH
AW AW
CP CP
H H
AH AH
CQ CQ
AB AB
CE CE
AN AN
AE AE
CT CT
AJ AJ
R R
X X
BK BK
W W
AY AY
Z Z
BR BR
AA AA
E E
BM BM
O O
U U
AI AI
