Wheeler Dwinelle LeConte Birge Campbell Haviland Wellman RSF Koshland Stonefire Haas Minor Maxwell MemorialStadium Maxwell Minor Memorial McLaughlin South Stephens HearstAnnex Unit1 Faculty FSM Baker CZ Baker McCone BigC Pavilion Simons LaNote Koja Simons Pavilion BigC Bongo FallRush Metropolitan Ippuku WayWest Cloyne Cafe3 Hearst Davis Hildebrand GenPlantBio Cheit Soda Sather Soda Moffitt VLSB Etcheverry Latimer Stanley Latimer Evans Morrison Hertz Kroeber Wurster Kroeber Lewis Greek Bechtel Jacobs Cory Greek Morrison Evans Wheeler
32
Dwinelle Dwinelle
Birge Birge
RSF RSF
Stonefire Stonefire
Haas Haas
McLaughlin McLaughlin
Baker Baker
Metropolitan Metropolitan
Cloyne Cloyne
Hearst Hearst
Davis Davis
Cheit Cheit
Moffitt Moffitt
Etcheverry Etcheverry
Morrison Morrison
Kroeber Kroeber
Bechtel Bechtel
Jacobs Jacobs
MemorialStadium Hargrove
Memorial IHouse
Stephens Moses
HearstAnnex Anthony
CZ Fiji
McCone CKerr
Pavilion PeoplePark
LaNote Unit2
Koja TriDelta Legends
WayWest Warren
Sather OCF Martinez Barker Unit3
Stanley Foothill
Wurster Boalt
Wheeler Sproul
