Bowles Birge Bechtel Minor Memorial Maxwell Memorial Minor Bechtel Baker Strada Baker Bechtel Wilde StrawberryCreek Wolf Unit2 Greek Moses Pimentel Stacks Pimentel Moses Wellman Sutardja Kah Gregoire Kresge Boalt VLSB LeConte Campanile Wurster McCone Spats Stonefire PiLambda Stonefire Spats McCone Wurster Campanile Bongo Campanile LeConte Stanley Campbell MemorialStadium Hargrove BearFoodCourt SigmaPhiOmega Evan Blackwell Evan Jacob Foothill Haviland Morgan Haviland Foothill Dwinelle HearstAnnex Dwinelle Haas Crossroads Lawrence UCTheatre Lawrence Crossroads Haas Dwinelle Foothill Davis Hildebrand Davis Foothill Jacob TopDog Starbucks Chipotle Starbucks TopDog Jacob Hertz CVStarr Unit3 CKerr Unit3 CVStarr Hertz Jacob Hearst MLK Latimer Edwards Latimer Mulford Bowles Calvin Bowles
45
Birge Birge
Maxwell Maxwell Barrows
Baker Baker Daiso Simons
Strada Strada RoseGarden
Wilde Wilde
StrawberryCreek StrawberryCreek
Wolf Wolf
Unit2 Unit2 IndianRock
Greek Greek Safeway
Moses Moses Gypsys
Stacks Stacks Sherman
Wellman Wellman
Sutardja Sutardja
Kresge Kresge Castro PeoplesPark
Boalt Boalt
VLSB VLSB NorthGate
Campanile Campanile
Wurster Wurster Zellerbach
Spats Spats
PiLambda PiLambda PiAlphaPhi
Bongo Bongo Cheeseboard ShengKee
Campbell Campbell Koshland Doe
BearFoodCourt BearFoodCourt
Evan Evan Cloyne
Blackwell Blackwell GenPlantBio
Foothill Foothill Unit1
Morgan Morgan Martinez
HearstAnnex HearstAnnex Lothlorien
Haas Haas Pavilion
Crossroads Crossroads
UCTheatre UCTheatre NCEM
Hildebrand Hildebrand YogurtPark
Chipotle Chipotle MFoundry
Unit3 Unit3
CKerr CKerr WayWest Ridge
Edwards Edwards Easterly
Mulford Mulford Crescent
Calvin Calvin Graduate Etcheverry
Memorial TacoBell AlphaSigmaPhi
Bechtel Extension
LeConte RSF ALS
Davis Browns
TopDog GammaPhiBeta Barker
MLK Rochdale
Bowles LaVals
