0 13 17 68 44 70 65 5 22 77 17 80 4 96 11 3 54 75 29 3 51 57 31 25 31 89 72 64 7 35 90 85 98 12 62 81 10 20 86 0 100 104 100 107 100 105 100 103 100 106 100 102 100 101 113 101 109 101 112 101 115 101 110 101 111 101 108 101 100 0
48
13 13
17 17
68 68
44 44
70 70
65 65
5 5 42
22 22
77 77
4 4 14 87 63 49
96 96
54 54
75 75 18 28
29 29
51 51
57 57 21
31 31 53
25 25 24 59
89 89 26 1
72 72
7 7
35 35
90 90
85 85
98 98
62 62
81 81 82
10 10 99 83
20 20 43
86 86
100 100
104 104 136
105 105 138
106 106 149 142 144 147 145 146
102 102 123 124 121 118
101 101 117 198
113 113 188 189
109 109 167
112 112 182 180 179
80 66
11 55 58
3 56
107 152 151 153
103 130 128 127
115 196 194
110 168 169 172 171 173 175
111 177 178
108 158 156 154 160
