3 87 48 100 55 85 93 88 61 88 93 85 55 68 83 63 69 46 64 75 11 70 38 90 97 76 54 94 35 98 99 1 79 6 18 9 69 14 77 12 78 17 10 7 82 19 4 21 3 23 18 15 84 31 86 24 2 27 80 33 69 32 82 41 83 22 48 50 34 52 91 43 13 42 79 36 89 53 80 57 97 60 26 66 4 67 3
49
87 87
100 100
68 68
63 63
46 46
75 75
70 70
90 90
76 76
94 94
98 98
1 1
6 6
9 9
14 14
12 12
17 17
7 7
19 19
21 21
23 23
15 15
31 31
24 24
27 27
33 33
32 32
41 41
22 22
50 50
52 52
43 43
42 42
36 36
53 53
57 57
60 60
66 66
67 67
61 25
69 96
64 71
18 8
84 45
2 40
80 29 73
83 58
48 49
89 56
