86 150 95 57 7 45 147 158 25 140 167 132 55 121 111 159 190 183 4 142 156 62 104 107 98 126 32 181 143 117 70 175 32 157 81 172 88 199 188 71 103 64 25 154 142 22 68 100 182 113 111 76 135 138 62 84 37 73 186 26 9 13 109 5 103 10 171 75 63 2 67 54 114 52 135 38 20 36 134 44 108 184 161 87 127 97 58 93 114 94 136 89 115 53 180 1 42 11 3 19 180 101 133 116 78 8 79 30 61 48 12 149 39 177 18 51 43 192 151 160 147 91 98 148 78 198 188 139 47 34 122 49 125 86 120 186 169 86
94
150 150
57 57
45 45
158 158
140 140
132 132
121 121
159 159
183 183
156 156
107 107
126 126
181 181
117 117
175 175
157 157
199 199
71 71
64 64
154 154
22 22
100 100
113 113
76 76
138 138
84 84
73 73
26 26
13 13
5 5
10 10
75 75
2 2
54 54
52 52
38 38
36 36
44 44
184 184
87 87
97 97
93 93
94 94
89 89
53 53
1 1
11 11
19 19
101 101
116 116
8 8
30 30
48 48
149 149
177 177
51 51
192 192
160 160
91 91
148 148
198 198
139 139
122 122
125 125
120 120
169 169
25 153
167 145 146
4 179
104 189
98 173
143 6
172 56
88 27
68 35 90
182 174
111 129
186 72 196
9 110
63 74
20 82
161 163
127 92
58 28
114 105
180 106 66
133 152
79 21 137
61 69
12 123
43 185
151 194 17
78 14
47 41
