0 50 65 64 62 66 67 63 59 70 68 57 58 57 68 70 71 80 85 87 88 86 92 86 88 91 88 87 85 80 79 73 74 76 74 73 79 80 84 83 97 94 98 94 97 83 84 80 71 70 59 63 67 66 62 64 53 64 65 50 100 115 114 112 116 117 113 109 120 118 107 108 107 118 120 121 130 135 137 138 136 142 136 138 141 138 137 135 130 129 123 124 126 124 123 129 130 134 133 147 144 148 144 147 133 134 130 121 120 109 113 117 116 112 114 103 114 115 100 150 199 198 194 197 183 184 180 179 173 174 176 174 173 179 180 185 187 188 191 188 186 192 186 188 187 185 180 171 170 168 157 158 157 168 170 159 163 167 166 162 164 153 164 165 150 100 50 0 15 14 12 16 17 13 9 20 21 30 34 33 47 44 48 44 47 33 34 30 29 23 24 26 24 23 29 30 35 37 38 41 38 36 42 36 38 37 35 30 21 20 18 7 8 7 18 20 9 13 17 16 12 14 3 14 15 0
65
86 86
92 92 96
91 91 90
74 74
76 76 75
83 83
97 97
94 94
98 98 99
53 53 52
136 136
142 142 146
141 141 140
124 124
126 126 125
133 133
147 147
144 144
148 148 149
103 103 102
199 199
198 198
194 194
197 197
183 183
174 174
176 176 175
191 191 190
186 186
192 192 196
153 153 152
33 33
47 47
44 44
48 48 49
24 24
26 26 25
41 41 40
36 36
42 42 46
3 3 2
0 1
50 51
58 55 56
73 77
80 72
59 60
63 54
108 105 106
123 127
130 122
109 110
113 104
100 101
150 151
180 172
173 177
158 156 155
159 160
163 154
13 4
30 22
23 27
8 6 5
9 10
