31 74 42 77 127 89 151 125 35 64 60 69 38 30 6 58 32 134 138 110 148 83 80 143 90 47 121 114 48 99 156 140 21 45 94 149 82 152 88 9 28 4 108 93 147 78 49 67 160 7 68 86 22 103 27 106 123 117 66 14 115 81 13 131 119 141 20 34 57 29 33 105 137 120 12 186 199 179 180 191 197 171 169 195 184 170 198 173 164 188 168 175 196 167 46 52 128 65 146 112 107 31
100
74 74
42 42
77 77
127 127
89 89
151 151
125 125
35 35
64 64
60 60
69 69
38 38
30 30
6 6
58 58
32 32
134 134
138 138
110 110
148 148
83 83
80 80
143 143
90 90
47 47
121 121
114 114
48 48
99 99
156 156
140 140
21 21
45 45
94 94
149 149
82 82
152 152
88 88
9 9
28 28
4 4
108 108
93 93
147 147
78 78
49 49
67 67
160 160
7 7
68 68
86 86
22 22
103 103
27 27
106 106
123 123
117 117
66 66
14 14
115 115
81 81
13 13
131 131
119 119
141 141
20 20
34 34
57 57
29 29
33 33
105 105
137 137
120 120
12 12
186 186
199 199
179 179
180 180
191 191
197 197
171 171
169 169
195 195
184 184
170 170
198 198
173 173
164 164
188 188
168 168
175 175
196 196
167 167
46 46
52 52
128 128
65 65
146 146
112 112
107 107
