5 7 77 9 10 15 10 9 12 18 12 150 12 25 43 25 37 45 37 44 11 27 53 123 131 123 53 87 57 64 14 23 90 91 32 73 56 52 143 144 176 180 176 144 143 52 19 69 19 20 54 96 59 101 59 118 59 95 1 70 1 0 3 31 39 88 39 41 86 109 86 58 22 92 40 36 82 36 17 68 33 5
40
77 77
9 9
45 45 152
27 27
57 57
23 23 103
91 91
32 32 50
176 176
180 180 194
54 54
96 96
101 101 111 104
31 31
109 109 130
58 58
92 92
68 68 155
7 35
10 160
15 163
18 178
150 191
43 183
44 106
11 113 85
131 140
14 196 63
56 102
52 80
69 145
19 169
59 76 127
118 126
95 121
70 105
1 21 177
0 51
88 168
82 179
