azv xie hyb yiy hip yvc jwx dqy ijd ovx ctf gei cim cwq brw mtd gcw ipq yfq ncc vfq eqa mis boc mpw ufa cib sau scm aur wcd hwc pzr hsi jvc hlc qzx rcw uua vxn rfl gfr uyd rov zuz lmh ivp hcc rti oqv azv
50
azv azv
xie xie
hyb hyb
yiy yiy
hip hip
yvc yvc
jwx jwx
dqy dqy
ijd ijd
ovx ovx
ctf ctf
gei gei
cim cim
cwq cwq
brw brw
mtd mtd
gcw gcw
ipq ipq
yfq yfq
ncc ncc
vfq vfq
eqa eqa
mis mis
boc boc
mpw mpw
ufa ufa
cib cib
sau sau
scm scm
aur aur
wcd wcd
hwc hwc
pzr pzr
hsi hsi
jvc jvc
hlc hlc
qzx qzx
rcw rcw
uua uua
vxn vxn
rfl rfl
gfr gfr
uyd uyd
rov rov
zuz zuz
lmh lmh
ivp ivp
hcc hcc
rti rti
oqv oqv
