xse rsg zud nwc vwg xme fzi lwk nfr lrj txq rtc bdh aii wbg hpx pvs ikb khu fhv nmf ocp wyg pjf gex yug bod ogh fia lvm nvz qdw zkt tdu tso cma ljd nii ukv idv rjv hmi vtd aeg xeh kpp fjy vmv fbk nko nhi cun nry vvn mti miy ils jfh tko uwo qjf krr ptu uau svk bda ttw qxs ruo byu bnl jgt vzr fyc qbf wiy emz vmt uuw kxn adx fgp xjt ksg tlh mok dgl fin ego cen uok ybr jam phg zdb loj ckx kfu nsw hcr xse
99
rsg rsg
zud zud
nwc nwc
vwg vwg
xme xme
fzi fzi
lwk lwk
nfr nfr
lrj lrj
txq txq
rtc rtc
bdh bdh
aii aii
wbg wbg
hpx hpx
pvs pvs
ikb ikb
khu khu
fhv fhv
nmf nmf
ocp ocp
wyg wyg
pjf pjf
gex gex
yug yug
bod bod
ogh ogh
fia fia
lvm lvm
nvz nvz
qdw qdw
zkt zkt
tdu tdu
tso tso
cma cma
ljd ljd
nii nii
ukv ukv
idv idv
rjv rjv
hmi hmi
vtd vtd
aeg aeg
xeh xeh
kpp kpp
fjy fjy
vmv vmv
fbk fbk
nko nko
nhi nhi
cun cun
nry nry
vvn vvn
mti mti
miy miy
ils ils
jfh jfh
tko tko
uwo uwo
qjf qjf
krr krr
ptu ptu
uau uau
svk svk
bda bda
ttw ttw
qxs qxs
ruo ruo
byu byu
bnl bnl
jgt jgt
vzr vzr
fyc fyc
qbf qbf
wiy wiy
emz emz
vmt vmt
uuw uuw
kxn kxn
adx adx
fgp fgp
xjt xjt
ksg ksg
tlh tlh
mok mok
dgl dgl
fin fin
ego ego
cen cen
uok uok
ybr ybr
jam jam
phg phg
zdb zdb
loj loj
ckx ckx
kfu kfu
nsw nsw
hcr hcr
