zMnoKpsz12d1Y6CixoCL vPVOeWczn8eJlf3Gviol BKvWsgveG3lQHgeNBv62 ybqDdUoaPknlNwzZFeto 1Tm2BSSz9mj8o3m9o0TB kHWDWFJURX8TBbDnLSlR M3MAG2lM6nUmTjQ3nD4D jS5XJP3bXemMgWyvfsmt RIRtIJewArUY7i7A6OEl 5jE3DcSbPJWRITx0u2Kf UkKARQyd3ZxfrQwOeW0R B56U06r3nz3RZaXVmiK2 QHym2s92VJ8ycxMeFawz WCUwzDEkBlRrgSeSv9vv 50qWynRev5CSErzk8Yih IcoYVabhkC8yNYJgy44V hH5yU5IgxmmStVnXEBJ1 OcyqfDTyG7wfT1rvpitz TuA4wNSOMjTMUxZ5fZWx GhNWfyijkz8OKJbptIGO dakEfF8eF1B4IYsSGGLe oJor9EUgXhaXPDmChml7 FwLnZPETaUkrkp7dE0hH hzqXRQPGO5tnMpQYDdxn g6l3PryZJRSAXJGUyq22 YqOJXOtRcgzFFRGKRutM fat0ktgmwPXvqLhmWfJ0 BVbv363irLjfCXrWQjqn e7oVwvEXzQVG9DeK8uQS JOo21iuZtHvP9sSModQZ 73GclC6XOTCjqTwHSUFH vPVOeWczn8eJlf3Gviol zMnoKpsz12d1Y6CixoCL
27
ybqDdUoaPknlNwzZFeto WELPo1XEQnG4JejlB13A z6gtkXCB2ntSiYsjrque FHGlzd4VlMUVjTba9Qjm
1Tm2BSSz9mj8o3m9o0TB 07iKiKtYzy9bLoKUo0ve ZcpnIKUrL8i4GzxAolZX 5VNO6t8qAcR3d5jJgfi4
kHWDWFJURX8TBbDnLSlR mTYxpEwVJTp369cmBN7S dUDrtIP8WIldh2FT7uba W8ft2Hcg1VXPVNTpprS3
M3MAG2lM6nUmTjQ3nD4D z2nBS9pweVYpDmW0fMRS GfpGWz1SaDeisCQVEJrI PrzulPuk0tqiNKmdjp0X
jS5XJP3bXemMgWyvfsmt Vv2apUMOUSvB9J5u8yJr ZSg6FSZaRCTLmeHoLgMI CcIlGrru613gqyngyuYo
RIRtIJewArUY7i7A6OEl szEChRtMF49nUq5i634G FqxzURcIHYyg2FOpiXCN cthtNVKVABeolrPabegT
5jE3DcSbPJWRITx0u2Kf NieXnWTTyXxCRp5CSl0i 9q9h29089dBsNERnjXsd gM8AHyLc0ZjUxmDMuXzJ
UkKARQyd3ZxfrQwOeW0R JKKWZrMfMDLTYQt6t5Ap OMLAPgVr1RosMrpENk9K u91JdIwHTd2zumpXCvmK
B56U06r3nz3RZaXVmiK2 Y0dqIYSR4P9Br1Cq3f9U xBNbU9Yu51mQvClxjQdr MyPRIiIVlLarPoP5nZfy
QHym2s92VJ8ycxMeFawz KP4zLIZ5LMWJ6mkRn6BX QFT8yfDPa0xDNdRMchX3 pkPHvGrHHriGlmiL3mRW
WCUwzDEkBlRrgSeSv9vv ofmz95sRAyIS0ShQndvb 15e7umNMnawEegsOhkYh 5cjkSqVe5mFfFhCgwe8r
50qWynRev5CSErzk8Yih 3fQHkf8pseCy7Ys4Kez5 QTgsp1BfPDsixeeH6QUT Vkpfkc0JUDpakJkZipKD
IcoYVabhkC8yNYJgy44V U8fsnzMIN4aMdzToihTq GaG5DAqLVuTD09GfUl6l dBvruVRsFq4ihmzPj7nf
hH5yU5IgxmmStVnXEBJ1 oougNPfNRCSRCWJrOUlb Y2BEa9hp0T63SlTWXenG 3mTCmcCkVhhFn533BM03
OcyqfDTyG7wfT1rvpitz uqAmYQiu3O0THeAaPzKH sNJuS4R6b6KAUX5QI4md G6KTAOxQU8MNiSLazU1t
TuA4wNSOMjTMUxZ5fZWx WdpiLe9uZpnuS9WMphYw JzMVZjOikutQZg00S8wX jdgXkfbupFQ0XUNJEyvU
GhNWfyijkz8OKJbptIGO VxRxz5foWagBafuSz1m4 EvdCmEq3CXPDtnZYkiVu lcq8BXTLE4WDnj4JF3yo
dakEfF8eF1B4IYsSGGLe yE3wNgUIJB0oZwUjLCMo YIAlamFOfZeHd5qDll32 9XhdonQsTDmLQknJ4xeP
oJor9EUgXhaXPDmChml7 TzlCRBgA0Q2cCjETm7Vx C3qGKxHtliSTI7oOnHoB FDT7h4JKMRWa9fcDNmXs
FwLnZPETaUkrkp7dE0hH 9c21VhIQJbtu6kG4NZT4 KBGTLYOWLSviflcWwd9y ZvocIzADG7dBR58wmnu8
hzqXRQPGO5tnMpQYDdxn 8s4ukhLgGBoor0D87KUr bclRgmmOqfg3PHQz06qB XKYNaFpYuIx7Zx7vNANa
g6l3PryZJRSAXJGUyq22 RvFA5khunRjN3Z7dmUKr Armxs904ujfdAYn9LtOF 2DqN6NYyebkVczAnrbNI
YqOJXOtRcgzFFRGKRutM JPD2uBroiElzO4z72vhQ Ryx97mzVLWHytqmLAKlJ HAc1Ylu9mrUmnheKISnK
fat0ktgmwPXvqLhmWfJ0 qSLkk45Evo68Y4JhMUq7 mUERvxQcAO2XlgBTPRGA mNuLv0WHsIRpWEdSUREd
BVbv363irLjfCXrWQjqn MDHuBmBbeFOGqzpuNmVz 34ScKN0pHkNmnxdkoIOC nfdt04yvrwrpPVPzIy2c
e7oVwvEXzQVG9DeK8uQS olgHJpCT79b6HED7FUWa ARorC1kPdEun4czh3dmX bUGtOHLCdzsNiRxcLtaT
JOo21iuZtHvP9sSModQZ QmCq2RCVgnssPOgSwAr8 T7hLF9jTtc4htoAH0PWD oDA5VKbLZuTPP2ZEB14d
