Vernon Portola Stockdale Robertsville Saint Bangor Smith Terra Quail Parchester Hammer Cressey Glencoe Capuchino Sulpizio Garcia Collins Mecca Flinn Dulzura Roseland Presidio Fullerton Three Ritter Rough Ramona Downtown Davenport All Alamo Cambridge Pleasant Woody California Beach Fox Carmel Helm Del Clayton Buena Smoke Lake Wallace Hoffman Kaiser Rowland Civic Veterans Forbestown Yankee Cypress Blue Bonny Donner Coddingtown Escalon Tijuana Manker Crestmont Louis Bakersfield Pacheco Temecula Cerro Bradley Bell Brundage Winterhaven Industrial Anaheim Calaveras Sacramento Cabbage Potrero Delta Escondido Fiorini Warner Industry Marshall Huron Le Richvale Antelope Timbuctoo Moores Chittenden Armstrong Sunny Strawberry South Balboa Yurok Cudahy Santa Sherman Costa Bodad Grasslands Vernon
100
Portola Portola
Stockdale Stockdale
Robertsville Robertsville
Saint Saint
Bangor Bangor
Smith Smith
Terra Terra
Quail Quail
Parchester Parchester
Hammer Hammer
Cressey Cressey
Glencoe Glencoe
Capuchino Capuchino
Sulpizio Sulpizio
Garcia Garcia
Collins Collins
Mecca Mecca
Flinn Flinn
Dulzura Dulzura
Roseland Roseland
Presidio Presidio
Fullerton Fullerton
Three Three
Ritter Ritter
Rough Rough
Ramona Ramona
Downtown Downtown
Davenport Davenport
All All
Alamo Alamo
Cambridge Cambridge
Pleasant Pleasant
Woody Woody
California California
Beach Beach
Fox Fox
Carmel Carmel
Helm Helm
Del Del
Clayton Clayton
Buena Buena
Smoke Smoke
Lake Lake
Wallace Wallace
Hoffman Hoffman
Kaiser Kaiser
Rowland Rowland
Civic Civic
Veterans Veterans
Forbestown Forbestown
Yankee Yankee
Cypress Cypress
Blue Blue
Bonny Bonny
Donner Donner
Coddingtown Coddingtown
Escalon Escalon
Tijuana Tijuana
Manker Manker
Crestmont Crestmont
Louis Louis
Bakersfield Bakersfield
Pacheco Pacheco
Temecula Temecula
Cerro Cerro
Bradley Bradley
Bell Bell
Brundage Brundage
Winterhaven Winterhaven
Industrial Industrial
Anaheim Anaheim
Calaveras Calaveras
Sacramento Sacramento
Cabbage Cabbage
Potrero Potrero
Delta Delta
Escondido Escondido
Fiorini Fiorini
Warner Warner
Industry Industry
Marshall Marshall
Huron Huron
Le Le
Richvale Richvale
Antelope Antelope
Timbuctoo Timbuctoo
Moores Moores
Chittenden Chittenden
Armstrong Armstrong
Sunny Sunny
Strawberry Strawberry
South South
Balboa Balboa
Yurok Yurok
Cudahy Cudahy
Santa Santa
Sherman Sherman
Costa Costa
Bodad Bodad
Grasslands Grasslands
