Encanto Sherman Beach Ramona Vista Shafter Green Santa Delta Quail Homestead Garden Vernon Woodbridge Willow Foothills Riverside Los Jane Woffard Laguna Pumpkin Kentfield Cherokee Bonita Richvale Kern Banning Welden Yurok Granite Elmira Cypress Forest Presidio Clayton City Moccasin Ames Alpaugh Two Cabbage Warner Mount Smoke Costa Glencoe McAuley Chinese All Encanto
50
Encanto Encanto
Sherman Sherman
Beach Beach
Ramona Ramona
Vista Vista
Shafter Shafter
Green Green
Santa Santa
Delta Delta
Quail Quail
Homestead Homestead
Garden Garden
Vernon Vernon
Woodbridge Woodbridge
Willow Willow
Foothills Foothills
Riverside Riverside
Los Los
Jane Jane
Woffard Woffard
Laguna Laguna
Pumpkin Pumpkin
Kentfield Kentfield
Cherokee Cherokee
Bonita Bonita
Richvale Richvale
Kern Kern
Banning Banning
Welden Welden
Yurok Yurok
Granite Granite
Elmira Elmira
Cypress Cypress
Forest Forest
Presidio Presidio
Clayton Clayton
City City
Moccasin Moccasin
Ames Ames
Alpaugh Alpaugh
Two Two
Cabbage Cabbage
Warner Warner
Mount Mount
Smoke Smoke
Costa Costa
Glencoe Glencoe
McAuley McAuley
Chinese Chinese
All All
