1 200 196 197 193 192 188 189 185 184 180 181 177 176 172 173 169 168 164 165 161 160 156 157 153 152 148 149 145 144 140 141 137 136 132 133 129 128 124 125 121 120 116 117 113 112 108 109 105 104 100 101 97 96 92 93 89 88 84 85 81 80 76 77 73 72 68 69 65 64 60 61 57 56 52 53 49 48 44 45 41 40 36 37 33 32 28 29 25 24 20 21 17 16 12 13 9 8 4 5 1
100
196 196
197 197
188 188
189 189
180 180
181 181
172 172
173 173
164 164
165 165
156 156
157 157
148 148
149 149
140 140
141 141
132 132
133 133
124 124
125 125
116 116
117 117
108 108
109 109
100 100
101 101
92 92
93 93
84 84
85 85
76 76
77 77
68 68
69 69
60 60
61 61
52 52
53 53
44 44
45 45
36 36
37 37
28 28
29 29
20 20
21 21
12 12
13 13
4 4
5 5
200 199
193 194
192 191
185 186
184 183
177 178
176 175
169 170
168 167
161 162
160 159
153 154
152 151
145 146
144 143
137 138
136 135
129 130
128 127
121 122
120 119
113 114
112 111
105 106
104 103
97 98
96 95
89 90
88 87
81 82
80 79
73 74
72 71
65 66
64 63
57 58
56 55
49 50
48 47
41 42
40 39
33 34
32 31
25 26
24 23
17 18
16 15
9 10
8 7
1 2
