Evans WursterHall Cornerstone ZellerbachHall Bowles Unit3 Bowles KroeberHall Barrows Unit2 Pappys Milkbomb SouthHall Milkbomb MemorialGlade StrawberryCreek GreekTheatre SatherGate Doe Plentea LatimerHall MLK Dwinelle ThaiNoodle ClarkKerr DavisHall Gilman Marugame Eshelman Campbell DurantHall Firewings CaliforniaHall Firewings RSF Underhill Blackwell ImmThai AlumniHouse BerkeleyWayWest Yifang UniversityVillage HortonHall LeConte Moffit HappyLemon LawrenceHall BancroftLibrary HavilandHall VLSB HearstMining StrawberryCreek Unit1 HAAS Foothill Artichokes Evans
39
ZellerbachHall ZellerbachHall
Bowles Bowles HilgardHall
Unit3 Unit3 Boalt
Barrows Barrows
Unit2 Unit2 Stern
SouthHall SouthHall HesseHall
GreekTheatre GreekTheatre CanyonPool
Doe Doe
MLK MLK HildebrandHall
Dwinelle Dwinelle
ThaiNoodle ThaiNoodle
DavisHall DavisHall
Gilman Gilman BotanicalGardens
Eshelman Eshelman
Campbell Campbell
DurantHall DurantHall
CaliforniaHall CaliforniaHall InternationalHouse
RSF RSF
Blackwell Blackwell
AlumniHouse AlumniHouse
BerkeleyWayWest BerkeleyWayWest
UniversityVillage UniversityVillage Wheeler
LeConte LeConte
Moffit Moffit
LawrenceHall LawrenceHall
BancroftLibrary BancroftLibrary
HavilandHall HavilandHall
VLSB VLSB
HearstMining HearstMining
Unit1 Unit1
HAAS HAAS BAMPFA
Foothill Foothill
Evans Cory
KroeberHall Etcheverry
MemorialGlade Kresge
SatherGate GiauqueHall
Plentea Soda SutardjaDai
Marugame Campanile
HortonHall MemorialStadium
