Soda BerkeleyWayWest Campanile Evans BotanicalGardens HearstMining Dwinelle HavilandHall Foothill LeConte Wheeler DavisHall Moffit SouthHall Unit1 Blackwell DurantHall Unit2 BancroftLibrary Blackwell Cory Gilman HildebrandHall CaliforniaHall Barrows Unit3 Campbell GiauqueHall AlumniHouse InternationalHouse MemorialStadium LawrenceHall GreekTheatre Doe UniversityVillage Doe Soda
24
BerkeleyWayWest BerkeleyWayWest
Campanile Campanile
Evans Evans BAMPFA
HearstMining HearstMining
Dwinelle Dwinelle
Foothill Foothill
LeConte LeConte
Wheeler Wheeler
Moffit Moffit
SouthHall SouthHall
Unit1 Unit1
DurantHall DurantHall
Unit2 Unit2
BancroftLibrary BancroftLibrary
Gilman Gilman
CaliforniaHall CaliforniaHall
Unit3 Unit3
Campbell Campbell
InternationalHouse InternationalHouse
LawrenceHall LawrenceHall
GreekTheatre GreekTheatre
Doe Doe
DavisHall Stern
UniversityVillage Bowles
