Ippudo Platano Gypsys EastAsianLibrary Campbell EastAsianLibrary LittleCampanile BancroftLibrary TennisCourts TPTea Campanile Cornerstone UrbanOutfitters AndrewsApartment Wheeler GSPP EastBaySpiceCompany HesseHall Kips HesseHall ThaiBasil BrandyMelville FireTrails TheHabit Homeroom PokeBar Plentea ClarkKerr Stern BerkeleyHigh Toss LaNote ExtremePizza Cafe3 LewisHall SmokesPoutinerie Bowles Namaste StrawberryCreek Morganhall Jupiter TopDog Firewings Quicklys BerkeleyArtStudio Mezzo GiauqueHall Ikea Milkbomb Blackwell SuperDuperBurgers Pappys HearstAnnex McDonalds HearstAnnex Bowles AshaTeaHouse Barrows BerkeleyBart BigC BerkeleyBart LaBurrita Chipotle Yifang NorthHall DavisHall TukTukThai BSC ClarkKerr DollarTree TripleRock Cinnaholic Bonchon HavilandHall Fengcha Ikes SweetheartCafe PeoplesCafe PurpleKow Flavia HearstGym WursterHall Spats Gather TraderJoes YogurtPark GreatChina YogurtPark LaVals YogurtPark Ucha SouthHall Crossroads LiKaShing BanshoRamen Raretea InternationalHouse BobbyGPizza Marugame Gadani HalalGuys LittleBird FoxTheater GrizzlyPeak AmoebaMusic SnackShack Artichokes LowerSproul Shengkee HortonHall Underhill SteamTrains Underhill Wikiwiki NoodleGirl MSRI Gongcha Ikes BetaLounge NatApartment HildebrandHall Soda Platano Ippudo
87
Platano Platano
Gypsys Gypsys
EastAsianLibrary EastAsianLibrary
LittleCampanile LittleCampanile
TPTea TPTea
Cornerstone Cornerstone
UrbanOutfitters UrbanOutfitters
AndrewsApartment AndrewsApartment
Wheeler Wheeler
EastBaySpiceCompany EastBaySpiceCompany
Kips Kips Muraccis
ThaiBasil ThaiBasil
TheHabit TheHabit
Homeroom Homeroom
PokeBar PokeBar
Plentea Plentea
ClarkKerr ClarkKerr
LaNote LaNote TacoBell
ExtremePizza ExtremePizza
Cafe3 Cafe3 ThaiNoodle
LewisHall LewisHall
SmokesPoutinerie SmokesPoutinerie TheDwight
Namaste Namaste
StrawberryCreek StrawberryCreek
Morganhall Morganhall
Jupiter Jupiter LatimerHall
TopDog TopDog
Firewings Firewings
Quicklys Quicklys
BerkeleyArtStudio BerkeleyArtStudio SaturnCafe
Mezzo Mezzo
Milkbomb Milkbomb
SuperDuperBurgers SuperDuperBurgers
Pappys Pappys
McDonalds McDonalds Morrisonhall
AshaTeaHouse AshaTeaHouse
BigC BigC TenderGreens
LaBurrita LaBurrita
Chipotle Chipotle
Yifang Yifang
NorthHall NorthHall
TukTukThai TukTukThai Venus
BSC BSC
TripleRock TripleRock
Bonchon Bonchon
Fengcha Fengcha
Ikes Ikes Eureka
SweetheartCafe SweetheartCafe
PeoplesCafe PeoplesCafe
WursterHall WursterHall
Spats Spats
Gather Gather
TraderJoes TraderJoes
GreatChina GreatChina SatherGate
Ucha Ucha
Crossroads Crossroads
BanshoRamen BanshoRamen
Raretea Raretea
Marugame Marugame
Gadani Gadani
HalalGuys HalalGuys
GrizzlyPeak GrizzlyPeak
AmoebaMusic AmoebaMusic
SnackShack SnackShack
Artichokes Artichokes
LowerSproul LowerSproul
Shengkee Shengkee
HortonHall HortonHall
Underhill Underhill
Wikiwiki Wikiwiki
Gongcha Gongcha
BetaLounge BetaLounge
Campbell MemorialGlade
BancroftLibrary Cheeseboard
TennisCourts BobaNinja
Campanile ChezPanisse
FireTrails MulfordHall
Barrows Safeway
BerkeleyBart SproulHall HappyLemon
Cinnaholic Slivers
Flavia UCafe
LaVals Target
YogurtPark OptometryBuilding
BobbyGPizza ImmThai
SteamTrains JambaJuice KroeberHall
NoodleGirl Teazone
NatApartment Rachas
