S F K 2 X 3 H 10 T 8 P B C D U N M 6 Z 5 Y 15 20 W2 X2 R 16 11 I B2 G2 L2 Q2 Y2 Z2 R2 M2 H2 C2 D2 I2 N2 T2 U2 O2 J2 E2 F2 K2 P2 V2 49 53 B3 57 62 68 82 Y3 X3 D3 I3 104 T3 R3 105 107 C3 W3 80 79 V3 N3 U3 58 P3 64 71 84 H3 91 G3 77 O3 J3 K3 F3 E3 127 Q3 Q 17 12 7 G W O J E A S
72
F F
K K
X X
H H
T T
P P
B B
C C
D D
U U
N N V
M M
Z Z
Y Y
W2 W2
X2 X2
R R
I I
B2 B2
G2 G2
L2 L2
Q2 Q2
Y2 Y2
Z2 Z2 Z3
R2 R2
M2 M2
H2 H2
C2 C2
D2 D2
I2 I2
N2 N2
T2 T2
U2 U2 A3
O2 O2
J2 J2
E2 E2
F2 F2
K2 K2
P2 P2
V2 V2
B3 B3
Y3 Y3
X3 X3
D3 D3
I3 I3
T3 T3
R3 R3
C3 C3
W3 W3
V3 V3
N3 N3
U3 U3
P3 P3
H3 H3
G3 G3
O3 O3
J3 J3
K3 K3
F3 F3
E3 E3
Q3 Q3
Q Q
G G
W W
O O
J J
E E
A A
3 L
53 A2
58 M3
91 L3
