hutmk omjfc dowbf yaxts ablxw rlfxc lnfiu aeomh otirh yiodb bcrwj ijofp ywion ijvuq xeljy misyc urlkt coubd xintv oscrv mlfbi lsnhz gxdqt ugyls yzaje lcghr tyuep xnysi cursl zsehb hopbn qdzgs tejxc aqzce axmwy artvi vmgxh mzlsn spuoi vczkh ugamb hutmk
40
omjfc omjfc
dowbf dowbf
yaxts yaxts
ablxw ablxw
rlfxc rlfxc
lnfiu lnfiu
aeomh aeomh
otirh otirh
yiodb yiodb
bcrwj bcrwj
ijofp ijofp
ywion ywion
ijvuq ijvuq
xeljy xeljy
misyc misyc
urlkt urlkt
coubd coubd
xintv xintv
oscrv oscrv
mlfbi mlfbi
lsnhz lsnhz
gxdqt gxdqt
ugyls ugyls
yzaje yzaje
lcghr lcghr
tyuep tyuep
xnysi xnysi
cursl cursl
zsehb zsehb
hopbn hopbn
qdzgs qdzgs
tejxc tejxc
aqzce aqzce
axmwy axmwy
artvi artvi
vmgxh vmgxh
mzlsn mzlsn
spuoi spuoi
vczkh vczkh
ugamb ugamb
