Hayward Asheville Durham Deltona Corona Modesto Hampton RichmondCounty Charlotte Hickory Winston Murrieta Winston Tucson Washington LakeCharles Newark McHenry Springdale Barnstable Kennewick NewYorkCity York NewBedford Aurora Tucson Bradenton SaintPaul PuntaGorda Omaha Topeka Montgomery SantaCruz Milwaukee BelAir McAllen KansasCity Huntsville Yonkers Waterloo NewOrleans Waco Harlingen SaintLouis GrandRapids Abilene Atlanta Danbury Burbank CedarRapids Hayward
42
Asheville Asheville
Durham Durham Bloomington
Deltona Deltona
Modesto Modesto
Hampton Hampton
RichmondCounty RichmondCounty
Charlotte Charlotte
Hickory Hickory HuntingtonBeach Tyler
Tucson Tucson PalmBay
LakeCharles LakeCharles
Newark Newark
McHenry McHenry Torrance
Springdale Springdale
Barnstable Barnstable
Kennewick Kennewick
NewYorkCity NewYorkCity
York York
NewBedford NewBedford
Aurora Aurora Bakersfield
Bradenton Bradenton
SaintPaul SaintPaul
PuntaGorda PuntaGorda
Omaha Omaha
Topeka Topeka
SantaCruz SantaCruz
BelAir BelAir Monroe
McAllen McAllen
Huntsville Huntsville
Yonkers Yonkers
Waterloo Waterloo
Waco Waco
Harlingen Harlingen
GrandRapids GrandRapids
Atlanta Atlanta
Danbury Danbury
Burbank Burbank Chicago
CedarRapids CedarRapids
Murrieta Tampa
Winston Memphis
Montgomery ThousandOaks
Abilene Downey
Hayward SantaClara
