Aberdeen SanAntonio Redding SaltLakeCity Chattanooga Lowell WestValleyCity Columbia GreenBay McAllen Modesto SanBernardino Hartford Miramar Newburgh Hampton Tuscaloosa Winston Austin Henderson StPetersburg Lewisville Elkhart Racine Montgomery SouthLyon Reno Aberdeen
23
SanAntonio SanAntonio
SaltLakeCity SaltLakeCity
Chattanooga Chattanooga
Lowell Lowell
WestValleyCity WestValleyCity
GreenBay GreenBay
Modesto Modesto
SanBernardino SanBernardino
Miramar Miramar
Newburgh Newburgh
Hampton Hampton
Tuscaloosa Tuscaloosa
Winston Winston
Austin Austin
Henderson Henderson
StPetersburg StPetersburg
Lewisville Lewisville Gainesville
Racine Racine
Montgomery Montgomery
SouthLyon SouthLyon
Reno Reno Springdale
McAllen Marina
Elkhart Pensacola
