Hayward Shreveport Hartford NorthLasVegas SterlingHeights Champaign Charlotte Lubbock Bryan HavredeGrace JohnsonCity SanAntonio ElPaso SaintPaul Duluth SaintPaul GrandRapids Vancouver Torrance Eugene Anaheim Columbus SantaClara Aberdeen SimiValley Cincinnati NewportNews Bethlehem Orem NewYork Kalamazoo RoundLakeBeach Lorain Scottsdale Omaha NewYorkCity Henderson Topeka Downey Burlington Norwalk StLouis Sacramento Escondido Mesquite NewBedford McAllen Elkhart Modesto PuntaGorda Hemet Mobile SanBernardino Pueblo Youngstown Fullerton Flint Trenton Louisville Boulder LakeCharles Spartanburg Springfield Harlingen Murrieta Syracuse Olympia PortSaintLucie ThousandOaks Huntsville Kissimmee Marina Hialeah Albuquerque Oxnard SanBuenaventura Norwich Utica Anchorage Fresno SouthBend Bakersfield Racine PembrokePines Layton Marysville Stamford OverlandPark Greenville Plano Hagerstown PalmBay CorpusChristi StPaul Savannah Lacey PortArthur RichmondCounty SiouxFalls Carrollton Newburgh Waterbury Lafayette GreenBay Laredo Gastonia Hampton Salem Deltona Tucson York Reno Ogden Sarasota Scranton Arvada Tyler Nashua LasVegas Bloomington CapeCoral Seaside Shreveport Hayward
96
Hartford Hartford
NorthLasVegas NorthLasVegas
Champaign Champaign
Charlotte Charlotte
Lubbock Lubbock
HavredeGrace HavredeGrace
JohnsonCity JohnsonCity
ElPaso ElPaso
SaintPaul SaintPaul
Duluth Duluth Detroit
GrandRapids GrandRapids
Vancouver Vancouver
Torrance Torrance Melbourne
Eugene Eugene Boise
Anaheim Anaheim
Columbus Columbus
SantaClara SantaClara
Aberdeen Aberdeen
Cincinnati Cincinnati
NewportNews NewportNews
Bethlehem Bethlehem
Kalamazoo Kalamazoo
RoundLakeBeach RoundLakeBeach
Scottsdale Scottsdale
Omaha Omaha
NewYorkCity NewYorkCity
Henderson Henderson
Topeka Topeka
Downey Downey
Burlington Burlington
StLouis StLouis
Mesquite Mesquite
NewBedford NewBedford
McAllen McAllen
Elkhart Elkhart
Modesto Modesto
PuntaGorda PuntaGorda
Hemet Hemet
Mobile Mobile
Pueblo Pueblo
Fullerton Fullerton
Flint Flint
Louisville Louisville
LakeCharles LakeCharles
Spartanburg Spartanburg
Harlingen Harlingen
Olympia Olympia
ThousandOaks ThousandOaks
Huntsville Huntsville
Kissimmee Kissimmee
Marina Marina Frederick
Hialeah Hialeah
Albuquerque Albuquerque
Oxnard Oxnard
SanBuenaventura SanBuenaventura
Norwich Norwich
Utica Utica
Anchorage Anchorage
Fresno Fresno
Bakersfield Bakersfield
Racine Racine
Layton Layton
Marysville Marysville
Stamford Stamford
OverlandPark OverlandPark
Greenville Greenville
Plano Plano
Hagerstown Hagerstown
PalmBay PalmBay
CorpusChristi CorpusChristi
Savannah Savannah
Lacey Lacey
RichmondCounty RichmondCounty
SiouxFalls SiouxFalls
Newburgh Newburgh
Waterbury Waterbury
GreenBay GreenBay
Laredo Laredo
Salem Salem
Deltona Deltona
Tucson Tucson
York York
Ogden Ogden
Scranton Scranton
Arvada Arvada
Tyler Tyler
Nashua Nashua
LasVegas LasVegas
Bloomington Bloomington
CapeCoral CapeCoral
Bryan Birmingham
NewYork Monroe
Youngstown Barnstable
StPaul CathedralCity
Hampton Newark
Sarasota HuntingtonBeach
