0 1 19 21 23 22 20 32 42 43 51 52 54 53 52 62 63 64 65 73 74 88 89 98 99 90 104 105 106 107 111 112 121 126 127 128 129 130 137 139 144 143 142 141 140 138 147 151 152 153 154 155 156 157 173 174 189 191 198 197 190 199 0
31
23 23
42 42
54 54
53 53
64 64
99 99
105 105
127 127
130 130
142 142
154 154
198 198
1 2 17 4 15 7
21 30
20 25
32 33 44
51 40 48
52 56
62 67
73 72
74 83 87 86 76
89 91 101 94
104 108
112 120 114
128 124
137 136
139 146
147 148
157 172 168 158 163
174 182 186 178 176
190 194 192
