MHnVCXOJJwOI UvfnFwkwYqFk RWoTZCNhceUR NkzUoyRYPnbb phTlHtTwrYOU FhVNapbaoZOZ svpVoYHpEpjH crcFIKqbaYTC oClepMbylsqk GoPPViXuIoMW JCPkGQQBkgge PCNGxUSnzrYJ GLfJulJDWdHA SJPfUQrbAbqM jmWqilJNXyuV cXYRsTNMJDHO SPoMbAzxrqrj KKNtdnAHmUpc AZrILCuGwbtV YfpLHnDpSXzc ltlOmMSvjmIL bVDkAfQbeTmx YbGvPudTcbyh ilCjMogPnNTK NmmqQKqzdERM MlFqcqjWiUdI MHnVCXOJJwOI
25
UvfnFwkwYqFk UvfnFwkwYqFk
RWoTZCNhceUR RWoTZCNhceUR
NkzUoyRYPnbb NkzUoyRYPnbb
phTlHtTwrYOU phTlHtTwrYOU
FhVNapbaoZOZ FhVNapbaoZOZ
svpVoYHpEpjH svpVoYHpEpjH
crcFIKqbaYTC crcFIKqbaYTC
oClepMbylsqk oClepMbylsqk
GoPPViXuIoMW GoPPViXuIoMW
JCPkGQQBkgge JCPkGQQBkgge
PCNGxUSnzrYJ PCNGxUSnzrYJ
GLfJulJDWdHA GLfJulJDWdHA
SJPfUQrbAbqM SJPfUQrbAbqM
jmWqilJNXyuV jmWqilJNXyuV
cXYRsTNMJDHO cXYRsTNMJDHO
SPoMbAzxrqrj SPoMbAzxrqrj
KKNtdnAHmUpc KKNtdnAHmUpc
AZrILCuGwbtV AZrILCuGwbtV
YfpLHnDpSXzc YfpLHnDpSXzc
ltlOmMSvjmIL ltlOmMSvjmIL
bVDkAfQbeTmx bVDkAfQbeTmx
YbGvPudTcbyh YbGvPudTcbyh
ilCjMogPnNTK ilCjMogPnNTK
NmmqQKqzdERM NmmqQKqzdERM
MlFqcqjWiUdI MlFqcqjWiUdI
