IvOdahrtFwzZ nKmMbiEuiffc jXOmYlZmvqnI hLCSOZLNEdhX ctZWqndwhbJm touUfboeiIya nxbMBCPhfQij yFQWQWtUUMle lznMKRYSMheH XwPJYwaGcHxO uzYTzVwixczQ qFGlIHDqKyPA OIjApACwnyqG lRgeGnDJBtMa cQFNlImsTWTM IQvKLYGCcCbd fblrDraNAUxK WnABnktZDxMx WHSGrQQrrotE qlMzHEurfTvO zcAOlsVDUDkc WRiugWLCujBI PKHkuTHeRXhO TglqUXfjbefC TTwdgXpOLyxF QFfSmYtuSTPl AoaIXEzdsCrm mvdksSctoMVi EKWhDcEeEkGK dXlgwkdKhUmB EOKLHvbbCToE NxxrxPgsnMqG hPSXtHMMyKAK KtoZVrQmJWki gJMLzBkWmUoV QZQElPdcHxru JNoAmCxHcsYw nyTRNDRCsANl cRekprdsHHWw quZcTYtpBjSn qxhFFIUEfnzV YvLRANdegrdA ppfBOAvWYXyJ vkOqMvrCUWYf mZUBOQTZyXOM cpNycWVdmzHJ xXoCKkdkKAne QDhUZstsJKtV pjemGRILnFei aSpDrTbKBytW fiHhqLtPfdZy WsLfQLsirtHk wXjNgGRCXYRl UGahWpWtmUQn ybLCwZqVZKud QxNjgiXciQma ypApeqMQPnQA nschEYWjrAsr mgKEFEWheOqk yVSfaizVeLPT LNoKVqXhLEzn AhJBAeSEuUkL aXlcDzbXwAJW ocysUjOwnenm RQBxIsRWzmfl SKbQkQUhqQEt FkNlSGMBOUbz UYTxhnOtiPHB zOkfhFVfOKVi AQgpWBullbIi EwXugPkGUVkm DiKlonktcqTP evRMhyiHKGXv gXcuqckdTdIP WWtfhwMSzfGW HVwGkspnDHbf IcNVObbuvzWY zypYDSZfKAvD GvyjKkGcUdcI jXgKDXnEJsra IfTQNEFsiTgr YGzazHdyrGCd RGYiIUdVAiVL sTgUExIipvWV PFpQuVVRxbvV gkTmCiZxFrJw NMSHhfMtAJZb tARvBeqQDqSY HEwqlaeMfSzl oOIjuHJcVRiV nlzJUuBrsbXD zCWezcJmUGqs ZPYnROAizafx wHeDieHMYzAK oKIKkmsSWzmH ubtvaUeVUfmV TZmWJenJbEsV sFSBpaJxLpBT yHOsEGOhjOLt JpwDMOwQmqOp WUqhotrexTBp IvOdahrtFwzZ
100
nKmMbiEuiffc nKmMbiEuiffc
jXOmYlZmvqnI jXOmYlZmvqnI
hLCSOZLNEdhX hLCSOZLNEdhX
ctZWqndwhbJm ctZWqndwhbJm
touUfboeiIya touUfboeiIya
nxbMBCPhfQij nxbMBCPhfQij
yFQWQWtUUMle yFQWQWtUUMle
lznMKRYSMheH lznMKRYSMheH
XwPJYwaGcHxO XwPJYwaGcHxO
uzYTzVwixczQ uzYTzVwixczQ
qFGlIHDqKyPA qFGlIHDqKyPA
OIjApACwnyqG OIjApACwnyqG
lRgeGnDJBtMa lRgeGnDJBtMa
cQFNlImsTWTM cQFNlImsTWTM
IQvKLYGCcCbd IQvKLYGCcCbd
fblrDraNAUxK fblrDraNAUxK
WnABnktZDxMx WnABnktZDxMx
WHSGrQQrrotE WHSGrQQrrotE
qlMzHEurfTvO qlMzHEurfTvO
zcAOlsVDUDkc zcAOlsVDUDkc
WRiugWLCujBI WRiugWLCujBI
PKHkuTHeRXhO PKHkuTHeRXhO
TglqUXfjbefC TglqUXfjbefC
TTwdgXpOLyxF TTwdgXpOLyxF
QFfSmYtuSTPl QFfSmYtuSTPl
AoaIXEzdsCrm AoaIXEzdsCrm
mvdksSctoMVi mvdksSctoMVi
EKWhDcEeEkGK EKWhDcEeEkGK
dXlgwkdKhUmB dXlgwkdKhUmB
EOKLHvbbCToE EOKLHvbbCToE
NxxrxPgsnMqG NxxrxPgsnMqG
hPSXtHMMyKAK hPSXtHMMyKAK
KtoZVrQmJWki KtoZVrQmJWki
gJMLzBkWmUoV gJMLzBkWmUoV
QZQElPdcHxru QZQElPdcHxru
JNoAmCxHcsYw JNoAmCxHcsYw
nyTRNDRCsANl nyTRNDRCsANl
cRekprdsHHWw cRekprdsHHWw
quZcTYtpBjSn quZcTYtpBjSn
qxhFFIUEfnzV qxhFFIUEfnzV
YvLRANdegrdA YvLRANdegrdA
ppfBOAvWYXyJ ppfBOAvWYXyJ
vkOqMvrCUWYf vkOqMvrCUWYf
mZUBOQTZyXOM mZUBOQTZyXOM
cpNycWVdmzHJ cpNycWVdmzHJ
xXoCKkdkKAne xXoCKkdkKAne
QDhUZstsJKtV QDhUZstsJKtV
pjemGRILnFei pjemGRILnFei
aSpDrTbKBytW aSpDrTbKBytW
fiHhqLtPfdZy fiHhqLtPfdZy
WsLfQLsirtHk WsLfQLsirtHk
wXjNgGRCXYRl wXjNgGRCXYRl
UGahWpWtmUQn UGahWpWtmUQn
ybLCwZqVZKud ybLCwZqVZKud
QxNjgiXciQma QxNjgiXciQma
ypApeqMQPnQA ypApeqMQPnQA
nschEYWjrAsr nschEYWjrAsr
mgKEFEWheOqk mgKEFEWheOqk
yVSfaizVeLPT yVSfaizVeLPT
LNoKVqXhLEzn LNoKVqXhLEzn
AhJBAeSEuUkL AhJBAeSEuUkL
aXlcDzbXwAJW aXlcDzbXwAJW
ocysUjOwnenm ocysUjOwnenm
RQBxIsRWzmfl RQBxIsRWzmfl
SKbQkQUhqQEt SKbQkQUhqQEt
FkNlSGMBOUbz FkNlSGMBOUbz
UYTxhnOtiPHB UYTxhnOtiPHB
zOkfhFVfOKVi zOkfhFVfOKVi
AQgpWBullbIi AQgpWBullbIi
EwXugPkGUVkm EwXugPkGUVkm
DiKlonktcqTP DiKlonktcqTP
evRMhyiHKGXv evRMhyiHKGXv
gXcuqckdTdIP gXcuqckdTdIP
WWtfhwMSzfGW WWtfhwMSzfGW
HVwGkspnDHbf HVwGkspnDHbf
IcNVObbuvzWY IcNVObbuvzWY
zypYDSZfKAvD zypYDSZfKAvD
GvyjKkGcUdcI GvyjKkGcUdcI
jXgKDXnEJsra jXgKDXnEJsra
IfTQNEFsiTgr IfTQNEFsiTgr
YGzazHdyrGCd YGzazHdyrGCd
RGYiIUdVAiVL RGYiIUdVAiVL
sTgUExIipvWV sTgUExIipvWV
PFpQuVVRxbvV PFpQuVVRxbvV
gkTmCiZxFrJw gkTmCiZxFrJw
NMSHhfMtAJZb NMSHhfMtAJZb
tARvBeqQDqSY tARvBeqQDqSY
HEwqlaeMfSzl HEwqlaeMfSzl
oOIjuHJcVRiV oOIjuHJcVRiV
nlzJUuBrsbXD nlzJUuBrsbXD
zCWezcJmUGqs zCWezcJmUGqs
ZPYnROAizafx ZPYnROAizafx
wHeDieHMYzAK wHeDieHMYzAK
oKIKkmsSWzmH oKIKkmsSWzmH
ubtvaUeVUfmV ubtvaUeVUfmV
TZmWJenJbEsV TZmWJenJbEsV
sFSBpaJxLpBT sFSBpaJxLpBT
yHOsEGOhjOLt yHOsEGOhjOLt
JpwDMOwQmqOp JpwDMOwQmqOp
WUqhotrexTBp WUqhotrexTBp
