5 190 124 164 149 38 82 27 69 168 35 112 55 159 16 58 79 170 20 185 197 100 46 147 198 97 93 106 89 42 66 177 122 102 137 130 196 108 103 83 188 1 78 50 8 157 117 91 115 92 182 5
50
190 190
124 124
164 164
149 149
38 38
82 82
27 27
69 69
168 168
35 35
112 112
55 55
159 159
16 16
58 58
79 79
170 170
20 20
185 185
197 197
100 100
46 46
147 147
198 198
97 97
93 93
106 106
89 89
42 42
66 66
177 177
122 122
102 102
137 137
130 130
196 196
108 108
103 103
83 83
188 188
1 1
78 78
50 50
8 8
157 157
117 117
91 91
115 115
92 92
182 182
