0 59 73 198 71 93 24 31 34 36 151 67 178 27 39 194 111 75 91 17 172 184 138 157 87 158 50 83 140 187 108 96 1 163 7 173 102 79 196 119 10 130 145 179 104 141 164 80 60 110 135 129 11 136 122 26 25 171 18 30 95 123 61 16 118 105 15 101 68 62 12 189 162 109 168 22 155 144 6 2 42 35 161 56 5 89 193 38 150 23 66 160 55 142 40 9 152 156 49 124 147 21 0
100
59 59
73 73
198 198
71 71
93 93
24 24
31 31
34 34
36 36
151 151
67 67
178 178
27 27
39 39
194 194
111 111
75 75
91 91
17 17
172 172
184 184
138 138
157 157
87 87
158 158
50 50
83 83
140 140
187 187
108 108
96 96
1 1
163 163
7 7
173 173
102 102
79 79
196 196
119 119
10 10
130 130
145 145
179 179
104 104
141 141
164 164
80 80
60 60
110 110
135 135
129 129
11 11
136 136
122 122
26 26
25 25
171 171
18 18
30 30
95 95
123 123
61 61
16 16
118 118
105 105
15 15
101 101
68 68
62 62
12 12
189 189
162 162
109 109
168 168
22 22
155 155
144 144
6 6
42 42
35 35
161 161
56 56
5 5
89 89
193 193
38 38
150 150
23 23
66 66
160 160
55 55
142 142
40 40
9 9
152 152
156 156
49 49
124 124
147 147
21 21
