Soda a e p q ah ag af ae n d a g f r ak t al ak h a b m ad l ax ac av ab k b a i x u v ao ap y j aa at z aa j i a Soda a0 c9 a7 b8 d1 d9 b9 d8 c3 d7 d5 c9 a0 a5 a9 b7 a4 a3 a8 b5 c1 d3 d6 a5 a0 c5 b2 c7 b3 e6 e7 b1 e5 b2 e3 c5 a0 Soda C9 A7 B8 D1 D9 B9 D8 C3 D7 D5 C9 Soda C5 E3 B2 E5 B1 E7 E6 B3 C7 B2 C5 Soda A5 D6 D3 C1 B5 A8 A3 A4 B7 A9 A5 Soda A E P V AG U Q E A C J I C A B H AB Z Y N G A D K T AI AU AS AI K D A F M AC W X O F A Soda
83
p p
ah ah
af af
n n
d d
f f
r r
t t
al al
h h
b b
ad ad
l l
ax ax
av av
ab ab
x x
v v
ap ap
j j
at at
z z ar
c9 c9
a7 a7 a1
d1 d1
d9 d9
b9 b9
c3 c3 e1
d7 d7
d5 d5
a5 a5
a9 a9
b7 b7
a3 a3
b5 b5
c1 c1
d3 d3
c5 c5
c7 c7
b3 b3
e7 e7
b1 b1
e5 e5
e3 e3
C9 C9
A7 A7 A1
D1 D1
D9 D9
B9 B9
C3 C3 E1
D7 D7
D5 D5
C5 C5
E3 E3
E5 E5
B1 B1
E7 E7
B3 B3
C7 C7
A5 A5
D3 D3
C1 C1
B5 B5
A3 A3
B7 B7
A9 A9
P P
AG AG
Q Q
J J
H H
AB AB
N N
T T
AU AU
AS AS
AC AC
ak aj
u an
I AF
Y AP
AI AW
X AO
