ssp200 13 10 2 14 2 8 6 5 4 3 7 2 12 2 181 182 192 182 187 183 184 185 186 188 182 194 182 181 152 164 152 158 156 155 154 153 157 152 162 152 181 137 147 137 143 141 140 139 138 142 137 149 137 181 92 104 92 98 96 95 94 93 97 92 102 92 181 32 42 32 37 33 34 35 36 38 32 44 32 181 17 29 17 27 17 22 18 19 20 21 23 17 181 167 177 167 172 168 169 170 171 173 167 179 167 181 62 74 62 68 66 65 64 63 67 62 72 62 181 77 87 77 83 81 80 79 78 82 77 89 77 181 107 119 107 112 108 109 110 111 113 107 117 107 181 47 57 47 53 51 50 49 48 52 47 59 47 181 122 134 122 127 123 124 125 126 128 122 132 122 181 2 10 13 ssp200
78
14 14 15
6 6
5 5
4 4
3 3
183 183
184 184
185 185
186 186
194 194 195
164 164 165
156 156
155 155
154 154
153 153
141 141
140 140
139 139
138 138
149 149 150
104 104 105
96 96
95 95
94 94
93 93
33 33
34 34
35 35
36 36
44 44 45
29 29 30
18 18
19 19
20 20
21 21
168 168
169 169
170 170
171 171
179 179 180
74 74 75
66 66
65 65
64 64
63 63
81 81
80 80
79 79
78 78
89 89 90
119 119 120
108 108
109 109
110 110
111 111
51 51
50 50
49 49
48 48
59 59 60
134 134 135
123 123
124 124
125 125
126 126
12 11
192 191
162 161
147 146
102 101
42 41
27 26
177 176
72 71
87 86
117 116
57 56
132 131
