SabrinaSiriPrince50 aHwNY UBrR9 52PwN H8qqB 0kSSC Ms6jj plb6L UBrR9 aHwNY M7N2p X8iWp cRUJh DrLs7 4MOkB yJVF4 9HL6t DrLs7 SVxWg nbohZ d2ZYh SVxWg cRUJh duKKu 11x30 WcEcU EZqNK OSLHQ 11x30 YgbLl Wutnl 5X0EW vmJdf YgbLl duKKu X8iWp SabrinaSiriPrince50
19
aHwNY aHwNY
UBrR9 UBrR9
52PwN 52PwN
H8qqB H8qqB
0kSSC 0kSSC
Ms6jj Ms6jj
plb6L plb6L
4MOkB 4MOkB
yJVF4 yJVF4
9HL6t 9HL6t
nbohZ nbohZ
d2ZYh d2ZYh
WcEcU WcEcU
EZqNK EZqNK
OSLHQ OSLHQ
Wutnl Wutnl
5X0EW 5X0EW
vmJdf vmJdf
M7N2p rFWcq i3qsm Bjd2k nMJpi nannc V7iEC cwf5o
