Jason Jeremy Timothy Rebekah Brett Shane Kelsey Carol Amanda Heather Tammy Kara Tommy Kimberly Jacqueline Bryan Evan Brittany Kyle David Joshua Cheryl Jordan Stephen Dylan Mark Regina Christina Edwin Mary Jane Dana Nathaniel Roy Gregory Andrew Rachel Monica Alexandra Nicholas Laura Gabriel Brad Grace Kari Rebecca Kristen Susan Shannon April Robin Kayla John Paul Scott Crystal James Johnathan Megan Adrian Mercedes William Cristian Logan Jill Misty Jeffery Ronnie Stacie Carrie Juan Karen Lauren Charles Michelle Dustin Melinda Randy Nicole Jose Sabrina Shawn Kathy Jennifer Katelyn Samantha Robert Jeffrey Joseph Adam Wendy Ashley Melissa Wayne Elizabeth Brian Tristan Claire Mario Ricky Derek Jason
100
Jeremy Jeremy
Timothy Timothy
Rebekah Rebekah
Brett Brett
Shane Shane
Kelsey Kelsey
Carol Carol
Amanda Amanda
Heather Heather
Tammy Tammy
Kara Kara
Tommy Tommy
Kimberly Kimberly
Jacqueline Jacqueline
Bryan Bryan
Evan Evan
Brittany Brittany
Kyle Kyle
David David
Joshua Joshua
Cheryl Cheryl
Jordan Jordan
Stephen Stephen
Dylan Dylan
Mark Mark
Regina Regina
Christina Christina
Edwin Edwin
Mary Mary
Jane Jane
Dana Dana
Nathaniel Nathaniel
Roy Roy
Gregory Gregory
Andrew Andrew
Rachel Rachel
Monica Monica
Alexandra Alexandra
Nicholas Nicholas
Laura Laura
Gabriel Gabriel
Brad Brad
Grace Grace
Kari Kari
Rebecca Rebecca
Kristen Kristen
Susan Susan
Shannon Shannon
April April
Robin Robin
Kayla Kayla
John John
Paul Paul
Scott Scott
Crystal Crystal
James James
Johnathan Johnathan
Megan Megan
Adrian Adrian
Mercedes Mercedes
William William
Cristian Cristian
Logan Logan
Jill Jill
Misty Misty
Jeffery Jeffery
Ronnie Ronnie
Stacie Stacie
Carrie Carrie
Juan Juan
Karen Karen
Lauren Lauren
Charles Charles
Michelle Michelle
Dustin Dustin
Melinda Melinda
Randy Randy
Nicole Nicole
Jose Jose
Sabrina Sabrina
Shawn Shawn
Kathy Kathy
Jennifer Jennifer
Katelyn Katelyn
Samantha Samantha
Robert Robert
Jeffrey Jeffrey
Joseph Joseph
Adam Adam
Wendy Wendy
Ashley Ashley
Melissa Melissa
Wayne Wayne
Elizabeth Elizabeth
Brian Brian
Tristan Tristan
Claire Claire
Mario Mario
Ricky Ricky
Derek Derek
