Granbull PorygonZ Grumpig Budew Whimsicott Mightyena Bronzor Mightyena Darkrai Jirachi Kangaskhan Skitty Quilava Whiscash Greninja Torkoal Diggersby Metapod Arbok Raichu Lycanroc Amoonguss Golbat Cinccino Heatmor Serperior Bergmite Jolteon Metagross Carbink Infernape Heatran Charmander Ampharos Trumbeak Mawile Spiritomb Spinda Blissey Magmar Metang Reuniclus Swanna Unown Relicanth Floatzel Deoxys Staryu Dustox Vivillon Pancham Mudsdale Pidgeot Rockruff Ninjask Slakoth Chatot Cosmog Crawdaunt Azurill Corphish Krookodile Cascoon Chespin Illumise Torchic Binacle Exeggcute Torracat Lapras Hitmontop Absol Lileep Goomy Magmortar Happiny Machamp Remoraid Floette Typhlosion Chinchou Bonsly Sylveon Luvdisc Mantine Carnivine Feraligatr Staravia Tsareena Gliscor TypeNull Cubone Butterfree Beedrill Mimikyu Glalie Charizard Malamar Probopass Electrike Lampent Rufflet Crabominable Flygon Electrode Granbull
97
PorygonZ PorygonZ
Grumpig Grumpig
Budew Budew
Whimsicott Whimsicott
Mightyena Mightyena
Bronzor Bronzor Roserade
Darkrai Darkrai
Jirachi Jirachi
Kangaskhan Kangaskhan
Skitty Skitty
Quilava Quilava
Whiscash Whiscash
Greninja Greninja
Torkoal Torkoal
Diggersby Diggersby
Metapod Metapod
Arbok Arbok
Raichu Raichu
Lycanroc Lycanroc
Golbat Golbat
Cinccino Cinccino
Heatmor Heatmor
Serperior Serperior
Bergmite Bergmite
Jolteon Jolteon Buizel
Metagross Metagross
Carbink Carbink Reshiram
Infernape Infernape
Heatran Heatran
Charmander Charmander
Ampharos Ampharos
Trumbeak Trumbeak
Mawile Mawile
Spiritomb Spiritomb
Spinda Spinda
Blissey Blissey
Magmar Magmar
Reuniclus Reuniclus
Swanna Swanna
Unown Unown
Relicanth Relicanth
Floatzel Floatzel
Deoxys Deoxys
Dustox Dustox
Vivillon Vivillon
Mudsdale Mudsdale
Pidgeot Pidgeot
Rockruff Rockruff
Ninjask Ninjask
Slakoth Slakoth
Chatot Chatot
Cosmog Cosmog
Crawdaunt Crawdaunt
Corphish Corphish
Krookodile Krookodile
Cascoon Cascoon
Chespin Chespin
Torchic Torchic
Binacle Binacle
Exeggcute Exeggcute
Torracat Torracat
Lapras Lapras
Hitmontop Hitmontop
Absol Absol
Lileep Lileep
Goomy Goomy
Magmortar Magmortar
Happiny Happiny
Machamp Machamp
Remoraid Remoraid
Floette Floette
Typhlosion Typhlosion
Chinchou Chinchou
Bonsly Bonsly
Sylveon Sylveon
Luvdisc Luvdisc
Mantine Mantine
Carnivine Carnivine
Feraligatr Feraligatr
Tsareena Tsareena
Gliscor Gliscor
TypeNull TypeNull
Cubone Cubone
Butterfree Butterfree
Beedrill Beedrill
Mimikyu Mimikyu
Glalie Glalie
Charizard Charizard
Malamar Malamar
Probopass Probopass
Electrike Electrike
Lampent Lampent
Rufflet Rufflet
Crabominable Crabominable
Flygon Flygon
Electrode Electrode
Staryu Nuzleaf
