Glameow Loudred Archeops Electivire Furret Wartortle Golett Beheeyem Ledian Zygarde Ivysaur Spiritomb Bergmite Gumshoos Electivire Yanma Sigilyph Togepi Feebas Wailord Turtwig Meganium Piplup Poochyena Fomantis Throh Glalie Buneary Gigalith Spheal Inkay Glameow
23
Loudred Loudred
Archeops Archeops
Electivire Electivire
Furret Furret
Golett Golett
Beheeyem Beheeyem Leavanny
Ledian Ledian
Zygarde Zygarde
Spiritomb Spiritomb
Bergmite Bergmite
Gumshoos Gumshoos
Yanma Yanma
Togepi Togepi
Wailord Wailord
Meganium Meganium
Piplup Piplup
Glalie Glalie
Buneary Buneary
Gigalith Gigalith
Spheal Spheal Gothorita
Inkay Inkay
Ivysaur Spinarak
Fomantis Mudbray
