Florges Stufful Omastar Bouffalant Infernape Palkia Girafarig Serperior Poliwag Purrloin Sentret Cradily Tsareena Weepinbell Persian Furfrou Scolipede Bisharp Bayleef Aurorus Carracosta Doublade Hitmonlee Yanmega Poliwrath Zapdos Caterpie Tentacruel Chansey Regice Zubat Manectric Bidoof Machoke Timburr Cascoon Delibird Togetic Bergmite Wormadam Wailmer Primarina Kricketot Dusknoir Celesteela Snorlax Shaymin Gastrodon Moltres Celebi Cofagrigus Pichu Dialga Volbeat Buzzwole Hakamoo Lillipup Cherrim Toxapex Ralts Florges
49
Stufful Stufful
Omastar Omastar
Bouffalant Bouffalant
Infernape Infernape
Girafarig Girafarig
Poliwag Poliwag
Purrloin Purrloin
Sentret Sentret
Tsareena Tsareena
Weepinbell Weepinbell
Persian Persian
Scolipede Scolipede
Bisharp Bisharp
Bayleef Bayleef
Aurorus Aurorus
Carracosta Carracosta
Hitmonlee Hitmonlee
Yanmega Yanmega
Poliwrath Poliwrath
Zapdos Zapdos
Tentacruel Tentacruel
Regice Regice
Zubat Zubat
Manectric Manectric
Bidoof Bidoof Piloswine
Machoke Machoke
Timburr Timburr
Cascoon Cascoon
Delibird Delibird
Togetic Togetic
Bergmite Bergmite
Wormadam Wormadam
Wailmer Wailmer
Primarina Primarina
Kricketot Kricketot
Dusknoir Dusknoir
Celesteela Celesteela
Shaymin Shaymin
Gastrodon Gastrodon
Moltres Moltres
Celebi Celebi
Pichu Pichu
Dialga Dialga
Volbeat Volbeat
Buzzwole Buzzwole
Hakamoo Hakamoo
Lillipup Lillipup
Cherrim Cherrim
Ralts Ralts
