0 80 13 67 136 2 111 40 42 62 23 121 102 162 122 35 184 46 106 131 189 17 151 16 98 199 27 130 174 197 177 157 63 81 50 138 128 5 26 9 4 69 180 87 183 66 109 176 195 6 160 117 168 134 116 59 147 82 36 125 74 144 171 11 55 105 152 181 72 97 19 70 45 137 140 196 31 30 34 139 53 166 10 126 20 108 185 198 76 84 48 149 145 85 114 103 179 156 91 75 83 143 52 0
99
80 80
13 13
67 67
136 136
111 111
40 40
42 42
62 62
23 23
121 121
102 102
162 162
122 122
35 35
184 184
46 46
106 106
131 131
189 189
17 17
151 151
16 16
98 98
199 199
27 27
130 130
174 174
197 197
177 177
157 157
63 63
81 81
50 50
138 138
128 128
26 26
9 9 88
4 4
69 69
180 180
87 87
183 183
66 66
109 109
176 176
195 195
160 160
117 117
168 168
134 134
116 116
59 59
147 147
82 82
36 36
125 125
74 74
144 144
171 171
11 11
55 55
105 105
152 152
181 181
72 72
97 97
19 19
70 70
45 45
137 137
140 140
196 196
31 31
30 30
34 34
139 139
53 53
166 166
10 10
126 126
20 20
108 108
185 185
198 198
76 76
84 84
48 48
149 149
145 145
85 85
114 114
103 103
179 179
156 156
91 91
75 75
83 83
143 143
52 52
