21 156 157 143 140 147 55 185 186 33 155 165 25 179 161 93 89 141 151 191 151 175 65 121 120 9 8 101 92 91 178 63 83 82 177 126 127 5 15 171 113 81 11 41 131 132 61 60 59 50 197 95 97 36 37 189 124 189 145 66 69 136 39 119 159 117 75 137 125 115 116 47 48 79 23 160 17 77 114 183 172 153 152 111 188 134 181 53 150 85 107 193 194 101 27 43 73 87 38 169 166 167 30 29 154 20 187 102 103 104 105 106 109 176 149 142 139 1 2 3 34 129 21
93
21 21
157 157
143 143
147 147
55 55
185 185
33 33
155 155
165 165
25 25
179 179
161 161
93 93
89 89
141 141
151 151
191 191 13
175 175
65 65
121 121
9 9
101 101
91 91
63 63 71
83 83
177 177
127 127
5 5
15 15
171 171
113 113 31
81 81
11 11
41 41
131 131
61 61
59 59
197 197 163
95 95 195
97 97
37 37
189 189
145 145
69 69
39 39
119 119
159 159
117 117
75 75
137 137
125 125
115 115
47 47
79 79
23 23
17 17
77 77
183 183
153 153
111 111
181 181
53 53
85 85
107 107
193 193
27 27
43 43
73 73
87 87
169 169 57
167 167
29 29
187 187
103 103
105 105
109 109
149 149
139 139
1 1
3 3
129 129
156 45
120 51
8 7
50 49
36 35
124 123
66 67
116 133
48 19
172 173
188 135
142 99
