0 70 66 71 88 80 22 44 19 10 26 74 15 33 68 76 29 52 49 62 60 56 48 93 61 98 7 91 85 3 8 21 59 63 39 100 5 83 87 38 96 72 58 79 95 51 99 6 89 18 46 30 13 65 12 84 77 42 28 53 73 23 47 40 45 43 35 82 64 69 41 32 4 90 24 86 75 2 20 16 9 31 50 54 57 92 14 67 25 17 81 78 1 94 37 34 11 55 27 97 36 0
100
70 70
66 66
71 71
88 88
80 80
22 22
44 44
19 19
10 10
26 26
74 74
15 15
33 33
68 68
76 76
29 29
52 52
49 49
62 62
60 60
56 56
48 48
93 93
61 61
98 98
7 7
91 91
85 85
3 3
8 8
21 21
59 59
63 63
39 39
100 100
5 5
83 83
87 87
38 38
96 96
72 72
58 58
79 79
95 95
51 51
99 99
6 6
89 89
18 18
46 46
30 30
13 13
65 65
12 12
84 84
77 77
42 42
28 28
53 53
73 73
23 23
47 47
40 40
45 45
43 43
35 35
82 82
64 64
69 69
41 41
32 32
4 4
90 90
24 24
86 86
75 75
2 2
20 20
16 16
9 9
31 31
50 50
54 54
57 57
92 92
14 14
67 67
25 25
17 17
81 81
78 78
1 1
94 94
37 37
34 34
11 11
55 55
27 27
97 97
36 36
