101 100 0 7 2 5 8 6 9 3 1 4 35 33 30 31 39 34 36 38 32 37 75 78 74 71 72 73 76 77 79 70 22 29 26 24 25 27 28 21 20 23 59 57 53 55 51 50 54 58 56 52 41 42 45 48 40 47 49 43 44 46 85 86 88 89 83 81 80 87 82 84 68 64 63 69 67 60 66 65 62 61 11 16 18 10 14 12 13 17 19 15 97 93 90 95 92 94 98 96 91 99 100 101
100
0 0
7 7
2 2
5 5
8 8
6 6
9 9
3 3
1 1
4 4
35 35
33 33
30 30
31 31
39 39
34 34
36 36
38 38
32 32
37 37
75 75
78 78
74 74
71 71
72 72
73 73
76 76
77 77
79 79
70 70
22 22
29 29
26 26
24 24
25 25
27 27
28 28
21 21
20 20
23 23
59 59
57 57
53 53
55 55
51 51
50 50
54 54
58 58
56 56
52 52
41 41
42 42
45 45
48 48
40 40
47 47
49 49
43 43
44 44
46 46
85 85
86 86
88 88
89 89
83 83
81 81
80 80
87 87
82 82
84 84
68 68
64 64
63 63
69 69
67 67
60 60
66 66
65 65
62 62
61 61
11 11
16 16
18 18
10 10
14 14
12 12
13 13
17 17
19 19
15 15
97 97
93 93
90 90
95 95
92 92
94 94
98 98
96 96
91 91
99 99
