Soda Burkina Malawi Mayotte Ireland Macedonia Burundi Congo Luxembourg Argentina Pakistan Saint Belize British Korea Egypt Sint Croatia Macao Macedonia Lao Kiribati Mexico Bahamas Indonesia Nigeria Rwanda Singapore Lebanon Finland Cambodia Fiji Netherlands Jamaica Sao Kyrgyzstan Antigua Republic Algeria Niger United Albania Niue Iraq Estonia New Moldova Latvia Japan Pitcairn Palau Hong Liberia Aruba Northern Soda
50
Burkina Burkina
Malawi Malawi
Mayotte Mayotte
Ireland Ireland
Burundi Burundi
Congo Congo
Luxembourg Luxembourg
Argentina Argentina
Pakistan Pakistan
Saint Saint
Belize Belize
British British
Korea Korea
Egypt Egypt
Sint Sint
Croatia Croatia
Macao Macao
Lao Lao
Kiribati Kiribati
Mexico Mexico
Bahamas Bahamas
Indonesia Indonesia
Nigeria Nigeria
Rwanda Rwanda
Singapore Singapore
Lebanon Lebanon
Finland Finland
Cambodia Cambodia
Fiji Fiji
Netherlands Netherlands
Jamaica Jamaica
Sao Sao
Kyrgyzstan Kyrgyzstan
Antigua Antigua
Republic Republic
Algeria Algeria
Niger Niger
United United
Albania Albania
Iraq Iraq
New New
Moldova Moldova
Latvia Latvia
Japan Japan
Pitcairn Pitcairn
Palau Palau
Hong Hong
Liberia Liberia
Aruba Aruba
Northern Northern
