1 67 49 64 62 52 78 43 45 63 55 28 77 22 34 26 38 68 74 11 47 36 32 27 54 17 61 15 12 58 23 76 70 29 39 75 66 73 72 20 56 14 19 35 79 41 65 46 33 71 25 16 21 10 24 44 51 37 31 13 69 48 42 59 57 40 60 53 50 18 30 1
70
67 67
49 49
64 64
62 62
52 52
78 78
43 43
45 45
63 63
55 55
28 28
77 77
22 22
34 34
26 26
38 38
68 68
74 74
11 11
47 47
36 36
32 32
27 27
54 54
17 17
61 61
15 15
12 12
58 58
23 23
76 76
70 70
29 29
39 39
75 75
66 66
73 73
72 72
20 20
56 56
14 14
19 19
35 35
79 79
41 41
65 65
46 46
33 33
71 71
25 25
16 16
21 21
10 10
24 24
44 44
51 51
37 37
31 31
13 13
69 69
48 48
42 42
59 59
57 57
40 40
60 60
53 53
50 50
18 18
30 30
