Essos JarrensOutpost Keld Batcave Chrofall Winterfell WesternAirTemple Omashu HighGarden TheGodswood TheChumBucket Vintas Alethkar Arkham Aerodenn Netherfort Astapor Westeros Arrowcave Dragonstone BaSingSe Neddington TheEyrie Peridrift JahKeved Atlantas Soda WitheredHeath Lockinge CastleBlack TheUnderworld Tartarus Riverrun Steeltown Meereen DuWeldenvarden Helgrind Shinovar Blackwater BikiniBottom TheKrustyKrab Duskhollow TheReshiIsles Trebon ShriekingShack Valyria ShatteredPlains Barkamsted Ademre TheCommonwealth Lorien Toffingburg Dubwall FleaBottom TheWhompingWillow Jakku CaveofTwoLovers TheSpiritWorld SatishVille Endor TheSpine RepublicCity TheGreatDivide Azir FlourishBlotts Gizton Severen ProBendingArena KnifesEdge Boatwright Urubaen TheFae Toperhagen TheVale Penketh Yll Arcwallow MountOlympus Ellesmera Alderaan Bobbingbourne Hogsmead Tarbean Castamere TheBoilingRock FireNation Sanlow Hogwarts GooLagoon Neddingtown Grimbarrow Carvahall Karth BeyondtheWall Braavos Newarre Accrington DiagonAlley Ivormere TheRiverStyx Essos
100
Essos Essos
JarrensOutpost JarrensOutpost
Keld Keld
Batcave Batcave
Chrofall Chrofall
Winterfell Winterfell
WesternAirTemple WesternAirTemple
Omashu Omashu
HighGarden HighGarden
TheGodswood TheGodswood
TheChumBucket TheChumBucket
Vintas Vintas
Alethkar Alethkar
Arkham Arkham
Aerodenn Aerodenn
Netherfort Netherfort
Astapor Astapor
Westeros Westeros
Arrowcave Arrowcave
Dragonstone Dragonstone
BaSingSe BaSingSe
Neddington Neddington
TheEyrie TheEyrie
Peridrift Peridrift
JahKeved JahKeved
Atlantas Atlantas
Soda Soda
WitheredHeath WitheredHeath
Lockinge Lockinge
CastleBlack CastleBlack
TheUnderworld TheUnderworld
Tartarus Tartarus
Riverrun Riverrun
Steeltown Steeltown
Meereen Meereen
DuWeldenvarden DuWeldenvarden
Helgrind Helgrind
Shinovar Shinovar
Blackwater Blackwater
BikiniBottom BikiniBottom
TheKrustyKrab TheKrustyKrab
Duskhollow Duskhollow
TheReshiIsles TheReshiIsles
Trebon Trebon
ShriekingShack ShriekingShack
Valyria Valyria
ShatteredPlains ShatteredPlains
Barkamsted Barkamsted
Ademre Ademre
TheCommonwealth TheCommonwealth
Lorien Lorien
Toffingburg Toffingburg
Dubwall Dubwall
FleaBottom FleaBottom
TheWhompingWillow TheWhompingWillow
Jakku Jakku
CaveofTwoLovers CaveofTwoLovers
TheSpiritWorld TheSpiritWorld
SatishVille SatishVille
Endor Endor
TheSpine TheSpine
RepublicCity RepublicCity
TheGreatDivide TheGreatDivide
Azir Azir
FlourishBlotts FlourishBlotts
Gizton Gizton
Severen Severen
ProBendingArena ProBendingArena
KnifesEdge KnifesEdge
Boatwright Boatwright
Urubaen Urubaen
TheFae TheFae
Toperhagen Toperhagen
TheVale TheVale
Penketh Penketh
Yll Yll
Arcwallow Arcwallow
MountOlympus MountOlympus
Ellesmera Ellesmera
Alderaan Alderaan
Bobbingbourne Bobbingbourne
Hogsmead Hogsmead
Tarbean Tarbean
Castamere Castamere
TheBoilingRock TheBoilingRock
FireNation FireNation
Sanlow Sanlow
Hogwarts Hogwarts
GooLagoon GooLagoon
Neddingtown Neddingtown
Grimbarrow Grimbarrow
Carvahall Carvahall
Karth Karth
BeyondtheWall BeyondtheWall
Braavos Braavos
Newarre Newarre
Accrington Accrington
DiagonAlley DiagonAlley
Ivormere Ivormere
TheRiverStyx TheRiverStyx
