FleaBottom Bobbingbourne Urubaen Toperhagen Vintas HighGarden Yll MinistryofMagic Arkham Westopolis Carvahall TheVale Lorien ShriekingShack TheSpine Lorien Glimthain UtgardMountain TheBoilingRock Ademre SatishVille Ebonfall GringottsBank Batcave Eggmanland Trebon TheGreatDivide TheBurningPlains Olivanders RockofKuthian FleaBottom
24
Bobbingbourne Bobbingbourne
Urubaen Urubaen
Vintas Vintas
HighGarden HighGarden
Yll Yll
MinistryofMagic MinistryofMagic Accrington
Arkham Arkham
Westopolis Westopolis
TheVale TheVale
ShriekingShack ShriekingShack
Glimthain Glimthain
UtgardMountain UtgardMountain
TheBoilingRock TheBoilingRock
Ademre Ademre
SatishVille SatishVille
Ebonfall Ebonfall
GringottsBank GringottsBank
Batcave Batcave
Eggmanland Eggmanland
Trebon Trebon
TheGreatDivide TheGreatDivide
TheBurningPlains TheBurningPlains
Olivanders Olivanders
TheSpine Coalwatch
