21 121 142 97 37 149 49 74 64 34 120 14 16 60 18 88 81 136 194 68 130 160 156 108 127 15 42 7 47 169 32 91 115 27 31 61 147 29 40 159 23 30 10 180 167 90 102 75 96 178 78 163 122 17 119 176 186 190 188 56 103 177 46 116 24 172 170 62 38 105 51 196 139 135 131 152 144 151 184 133 53 72 137 100 154 87 20 45 36 168 125 82 114 95 146 118 134 48 2 54 21
100
21 21
121 121
142 142
97 97
37 37
149 149
49 49
74 74
64 64
34 34
120 120
14 14
16 16
60 60
18 18
88 88
81 81
136 136
194 194
68 68
130 130
160 160
156 156
108 108
127 127
15 15
42 42
7 7
47 47
169 169
32 32
91 91
115 115
27 27
31 31
61 61
147 147
29 29
40 40
159 159
23 23
30 30
10 10
180 180
167 167
90 90
102 102
75 75
96 96
178 178
78 78
163 163
122 122
17 17
119 119
176 176
186 186
190 190
188 188
56 56
103 103
177 177
46 46
116 116
24 24
172 172
170 170
62 62
38 38
105 105
51 51
196 196
139 139
135 135
131 131
152 152
144 144
151 151
184 184
133 133
53 53
72 72
137 137
100 100
154 154
87 87
20 20
45 45
36 36
168 168
125 125
82 82
114 114
95 95
146 146
118 118
134 134
48 48
2 2
54 54
