8 3 29 47 30 51 70 116 54 100 135 182 179 181 183 188 193 160 191 192 171 118 78 59 61 42 40 39 26 21 22 17 23 25 24 87 19 89 91 95 93 45 102 136 137 90 38 88 147 109 168 190 169 167 115 165 164 153 185 142 97 49 65 64 63 66 113 152 105 68 69 53 72 73 71 55 35 52 99 145 144 125 173 174 120 79 6 83 85 127 124 121 172 123 126 82 80 5 2 4 33 8
100
3 3
29 29
47 47
30 30
51 51
70 70
116 116
54 54
100 100
135 135
182 182
179 179
181 181
183 183
188 188
193 193
160 160
191 191
192 192
171 171
118 118
78 78
59 59
61 61
42 42
40 40
39 39
26 26
21 21
22 22
17 17
23 23
25 25
24 24
87 87
19 19
89 89
91 91
95 95
93 93
45 45
102 102
136 136
137 137
90 90
38 38
88 88
147 147
109 109
168 168
190 190
169 169
167 167
115 115
165 165
164 164
153 153
185 185
142 142
97 97
49 49
65 65
64 64
63 63
66 66
113 113
152 152
105 105
68 68
69 69
53 53
72 72
73 73
71 71
55 55
35 35
52 52
99 99
145 145
144 144
125 125
173 173
174 174
120 120
79 79
6 6
83 83
85 85
127 127
124 124
121 121
172 172
123 123
126 126
82 82
80 80
5 5
2 2
4 4
33 33
