UMUCUTWAW STQNQT JOWHZXTIA JJAQQ TNKNMUFI WRQUJ XGGIUBVDN TNSRRJCDD XWBHEYXJU AOWYQNAYA CRSMUEPQG YPXLG MHXHJGEF VASGY VHHVQ AWQOWSNYN JVYIBRJ ZFMGDWP ZPFHBWI USUVN TJFSEUB KUUVZB XJOXYWA ELILXSR MWTSDF MNWMWDXCQ GUDSRTKLA WEPDZ OMBFD QOHWG RRFKVFYKR CNINRTR TCXWZV ZLYFI VHLSP GVNFQM YNHRBC IZNSKNS VSMLVXSP PLYPQBTP DQOPCH CJLYWOAQ SUIOZK EGEASKKIE RDTQTJB ZSHRTZVKO YFKIFTRS UENPUJ KAYADTT FVKLDY OIPVAKF UMUCUTWAW
50
STQNQT STQNQT
JOWHZXTIA JOWHZXTIA
JJAQQ JJAQQ
TNKNMUFI TNKNMUFI
WRQUJ WRQUJ
XGGIUBVDN XGGIUBVDN
TNSRRJCDD TNSRRJCDD
XWBHEYXJU XWBHEYXJU
AOWYQNAYA AOWYQNAYA
CRSMUEPQG CRSMUEPQG
YPXLG YPXLG
MHXHJGEF MHXHJGEF
VASGY VASGY
VHHVQ VHHVQ
AWQOWSNYN AWQOWSNYN
JVYIBRJ JVYIBRJ
ZFMGDWP ZFMGDWP
ZPFHBWI ZPFHBWI
USUVN USUVN
TJFSEUB TJFSEUB
KUUVZB KUUVZB
XJOXYWA XJOXYWA
ELILXSR ELILXSR
MWTSDF MWTSDF
MNWMWDXCQ MNWMWDXCQ
GUDSRTKLA GUDSRTKLA
WEPDZ WEPDZ
OMBFD OMBFD
QOHWG QOHWG
RRFKVFYKR RRFKVFYKR
CNINRTR CNINRTR
TCXWZV TCXWZV
ZLYFI ZLYFI
VHLSP VHLSP
GVNFQM GVNFQM
YNHRBC YNHRBC
IZNSKNS IZNSKNS
VSMLVXSP VSMLVXSP
PLYPQBTP PLYPQBTP
DQOPCH DQOPCH
CJLYWOAQ CJLYWOAQ
SUIOZK SUIOZK
EGEASKKIE EGEASKKIE
RDTQTJB RDTQTJB
ZSHRTZVKO ZSHRTZVKO
YFKIFTRS YFKIFTRS
UENPUJ UENPUJ
KAYADTT KAYADTT
FVKLDY FVKLDY
OIPVAKF OIPVAKF
