runcation festuca cutout embittered jaborandi metre tholoi destinate nervus ilian usant Simferopol foreshores Marah chargeback holodeck cloaca fason timefuse boomah silicon triforium hambone construed Carazo baken multifaith erysipelas prairies torsions blackdye aliens lionfish maxim perfusive yokeline stinkbugs inurns offset medicine polyuria Muscogee trikini begynnynge thereagain draftox stips grilses miticides unbribable almshouse wheatberry kempy tutelar revolution huddle backpay Lipetsk broomer decouples bewitch fibrates husbandman stoble passcards haligi greatborn montages infants bookhouses toper flourless dollying turbid tipuana quakerlike conceiv colocynth palatial Massorete agistments oogle ephas urethritic tuneful turnoff Margery yuzus forepast lichened wintrier retexture Astaire pentine ungroomed wideband coalblack undramatic wolfer megahero runcation
100
runcation runcation
festuca festuca
cutout cutout
embittered embittered
jaborandi jaborandi
metre metre
tholoi tholoi
destinate destinate
nervus nervus
ilian ilian
usant usant
Simferopol Simferopol
foreshores foreshores
Marah Marah
chargeback chargeback
holodeck holodeck
cloaca cloaca
fason fason
timefuse timefuse
boomah boomah
silicon silicon
triforium triforium
hambone hambone
construed construed
Carazo Carazo
baken baken
multifaith multifaith
erysipelas erysipelas
prairies prairies
torsions torsions
blackdye blackdye
aliens aliens
lionfish lionfish
maxim maxim
perfusive perfusive
yokeline yokeline
stinkbugs stinkbugs
inurns inurns
offset offset
medicine medicine
polyuria polyuria
Muscogee Muscogee
trikini trikini
begynnynge begynnynge
thereagain thereagain
draftox draftox
stips stips
grilses grilses
miticides miticides
unbribable unbribable
almshouse almshouse
wheatberry wheatberry
kempy kempy
tutelar tutelar
revolution revolution
huddle huddle
backpay backpay
Lipetsk Lipetsk
broomer broomer
decouples decouples
bewitch bewitch
fibrates fibrates
husbandman husbandman
stoble stoble
passcards passcards
haligi haligi
greatborn greatborn
montages montages
infants infants
bookhouses bookhouses
toper toper
flourless flourless
dollying dollying
turbid turbid
tipuana tipuana
quakerlike quakerlike
conceiv conceiv
colocynth colocynth
palatial palatial
Massorete Massorete
agistments agistments
oogle oogle
ephas ephas
urethritic urethritic
tuneful tuneful
turnoff turnoff
Margery Margery
yuzus yuzus
forepast forepast
lichened lichened
wintrier wintrier
retexture retexture
Astaire Astaire
pentine pentine
ungroomed ungroomed
wideband wideband
coalblack coalblack
undramatic undramatic
wolfer wolfer
megahero megahero
