73 63 186 197 42 75 48 163 196 99 159 66 184 161 128 145 189 167 190 107 82 98 70 101 39 173 171 83 175 41 122 187 109 24 15 194 53 57 129 195 76 125 155 0 192 118 176 123 136 92 60 21 77 127 112 62 61 11 110 95 40 12 35 124 10 26 115 49 89 135 185 162 96 133 19 47 52 58 191 37 143 72 55 168 154 119 68 169 71 138 16 166 2 6 7 27 81 44 183 153 73
100
73 73
63 63
186 186
197 197
42 42
75 75
48 48
163 163
196 196
99 99
159 159
66 66
184 184
161 161
128 128
145 145
189 189
167 167
190 190
107 107
82 82
98 98
70 70
101 101
39 39
173 173
171 171
83 83
175 175
41 41
122 122
187 187
109 109
24 24
15 15
194 194
53 53
57 57
129 129
195 195
76 76
125 125
155 155
0 0
192 192
118 118
176 176
123 123
136 136
92 92
60 60
21 21
77 77
127 127
112 112
62 62
61 61
11 11
110 110
95 95
40 40
12 12
35 35
124 124
10 10
26 26
115 115
49 49
89 89
135 135
185 185
162 162
96 96
133 133
19 19
47 47
52 52
58 58
191 191
37 37
143 143
72 72
55 55
168 168
154 154
119 119
68 68
169 169
71 71
138 138
16 16
166 166
2 2
6 6
7 7
27 27
81 81
44 44
183 183
153 153
