132 173 185 25 26 27 28 31 195 113 109 105 101 97 95 91 87 85 184 154 192 162 155 77 75 81 61 47 45 41 39 35 33 2 3 5 6 8 9 177 13 148 180 142 44 40 36 38 46 56 60 62 64 66 160 76 78 68 72 80 82 182 166 159 152 156 133 167 183 171 136 149 188 194 198 193 135 197 181 196 189 138 146 161 17 137 176 108 106 100 98 92 96 88 86 90 102 104 118 122 126 132
100
173 173
185 185
25 25
26 26
27 27
28 28
31 31
195 195
113 113
109 109
105 105
101 101
97 97
95 95
91 91
87 87
85 85
184 184
154 154
192 192
162 162
155 155
77 77
75 75
81 81
61 61
47 47
45 45
41 41
39 39
35 35
33 33
2 2
3 3
5 5
6 6
8 8
9 9
177 177
13 13
148 148
180 180
142 142
44 44
40 40
36 36
38 38
46 46
56 56
60 60
62 62
64 64
66 66
160 160
76 76
78 78
68 68
72 72
80 80
82 82
182 182
166 166
159 159
152 152
156 156
133 133
167 167
183 183
171 171
136 136
149 149
188 188
194 194
198 198
193 193
135 135
197 197
181 181
196 196
189 189
138 138
146 146
161 161
17 17
137 137
176 176
108 108
106 106
100 100
98 98
92 92
96 96
88 88
86 86
90 90
102 102
104 104
118 118
122 122
126 126
