140 153 123 147 73 82 89 35 139 169 53 19 11 79 130 6 166 8 159 56 150 132 25 104 182 47 162 103 76 125 179 7 101 41 176 55 185 133 80 42 134 59 142 83 57 163 85 14 112 62 167 9 61 177 32 115 122 102 13 67 117 49 4 160 158 95 149 128 134 175 84 5 45 127 168 29 151 196 12 173 93 97 197 137 94 146 190 33 178 145 44 50 141 65 23 154 124 96 18 77 152 170 186 108 135 140
92
153 153
123 123
73 73
82 82
89 89
35 35
139 139
169 169
53 53
19 19 21
11 11
79 79
130 130
6 6
166 166
8 8
159 159
56 56
150 150 27
132 132
25 25
104 104
182 182
47 47
103 103
76 76
125 125
179 179
7 7
101 101
41 41
176 176
55 55
185 185
133 133 114
80 80 40
42 42
134 134
59 59
142 142
83 83
57 57
85 85
14 14
112 112 22
62 62
167 167
9 9
61 61
177 177
32 32
115 115
102 102
13 13
117 117
49 49
4 4
160 160
158 158
95 95
128 128
175 175
84 84
5 5
45 45
127 127
168 168
29 29
151 151
196 196 10
12 12 193
173 173
93 93 39
97 97
197 197
94 94
146 146
190 190
178 178
44 44
50 50
65 65
154 154
96 96
18 18
77 77
170 170
186 186
108 108
135 135
162 36
122 51
