a0 a19 a0 a97 a32 a25 a88 a8 a41 a3 a56 a98 a51 a53 a94 a48 a9 a1 a37 a22 a28 a33 a6 a55 a49 a77 a2 a43 a79 a5 a24 a44 a89 a75 a52 a13 a60 a71 a82 a46 a15 a39 a7 a47 a59 a11 a81 a26 a83 a90 a99 a17 a0
41
a97 a97
a25 a25
a88 a88
a8 a8 a78
a56 a56
a98 a98
a51 a51
a53 a53
a94 a94 a23 a87
a48 a48
a9 a9
a37 a37
a28 a28
a33 a33
a55 a55
a77 a77
a2 a2
a43 a43
a79 a79
a44 a44
a75 a75
a52 a52
a60 a60
a71 a71
a82 a82
a46 a46
a39 a39
a47 a47
a59 a59 a74
a11 a11 a86
a81 a81
a83 a83
a90 a90
a99 a99
a17 a17
a19 a65
a3 a50
a1 a12 a93 a80 a18
a6 a42
a24 a73
a0 a21
