aliquam eu enim fames sed suscipit senectus porttitor ut lectus cursus lorem sagittis platea semper nec vestibulum habitasse viverra vitae maecenas euismod praesent ornare eros adipiscing cras consectetur congue imperdiet mi et nisi ultricies habitant mauris condimentum mattis placerat turpis gravida malesuada quis quisque aliquam
43
eu eu
enim enim
fames fames
sed sed
suscipit suscipit
senectus senectus
porttitor porttitor
ut ut
lectus lectus
cursus cursus
lorem lorem
sagittis sagittis
platea platea
semper semper
nec nec
vestibulum vestibulum
habitasse habitasse
viverra viverra
vitae vitae
maecenas maecenas
euismod euismod
praesent praesent
ornare ornare
eros eros
adipiscing adipiscing
cras cras
consectetur consectetur
congue congue
imperdiet imperdiet
mi mi
et et
nisi nisi
ultricies ultricies
habitant habitant
mauris mauris
condimentum condimentum
mattis mattis
placerat placerat
turpis turpis
gravida gravida
malesuada malesuada
quis quis
quisque quisque
