AAA AAB AAC ABC ABB ACB ACC ACD ADD ADC ADB ADA BAA BAB BAC BBC BBB BCB BCC BCD BDD BDC BDB BDA CAA CAB CAC CBC CBB CCB CCC CCD CDD CDC CDB CDA DAA DAB DAC DBC DBB DCB DCC DCD DDD DDC DDB DDA EAA EAB EAC EBC EBB ECB ECC ECD EDD EDC EDB EDA FAA FAB FAC FBC FBB FCB FCC FCD FDD FDC FDB FDA GAA GAB GAC GBC GBB GCB GCC GCD GDD GDC GDB GDA HAA HAB HAC HBC HBB HCB HCC HCD HDD HDC HDB HDA IAA IAB IAC IBC IBB ICB ICC ICD IDD IDC IDB IDA JAA JAB JAC JBC JBB JCB JCC JCD JDD JDC JDB JDA KAA KAB KAC KBC KBB KCB KCC KCD KDD KDC KDB KDA LAA LAB LBB LCB LCC LCD LBD LBC LAC LAB LAA KDA KCA KBA KAA JDA JCA JBA JAA IDA ICA IBA IAA HDA HCA HBA HAA GDA GCA GBA GAA FDA FCA FBA FAA EDA ECA EBA EAA DDA DCA DBA DAA CDA CCA CBA CAA BDA BCA BBA BAA ADA ACA ABA AAA
71
ABC ABC
ABB ABB
ACB ACB
ACD ACD
ADD ADD
BBC BBC
BBB BBB
BCB BCB
BCD BCD
BDD BDD
CBC CBC
CBB CBB
CCB CCB
CCD CCD
CDD CDD
DBC DBC
DBB DBB
DCB DCB
DCD DCD
DDD DDD
EBC EBC
EBB EBB
ECB ECB
ECD ECD
EDD EDD
FBC FBC
FBB FBB
FCB FCB
FCD FCD
FDD FDD
GBC GBC
GBB GBB
GCB GCB
GCD GCD
GDD GDD
HBC HBC
HBB HBB
HCB HCB
HCD HCD
HDD HDD
IBC IBC
IBB IBB
ICB ICB
ICD ICD
IDD IDD
JBC JBC
JBB JBB
JCB JCB
JCD JCD
JDD JDD
KBC KBC
KBB KBB
KCB KCB
KCD KCD
KDD KDD
LBB LBB
LCB LCB
LCD LCD LDD
LBC LBC
AAC AAD
BAC BAD
CAC CAD
DAC DAD
EAC EAD
FAC FAD
GAC GAD
HAC HAD
IAC IAD
JAC JAD
KAC KAD
LAC LAD
