AAA AAB AAC ABC ABB ACB ACC ACD ADD ADC ADB ADA BAA BAB BAC BBC BBB BCB BCC BCD BDD BDC BDB BDA CAA CAB CAC CBC CBB CCB CCC CCD CDD CDC CDB CDA DAA DAB DAC DBC DBB DCB DCC DCD DDD DDC DDB DDA EAA EAB EAC EBC EBB ECB ECC ECD EDD EDC EDB EDA FAA FAB FBB FCB FCC FCD FBD FBC FAC FAB FAA EDA ECA EBA EAA DDA DCA DBA DAA CDA CCA CBA CAA BDA BCA BBA BAA ADA ACA ABA AAA
35
ABC ABC
ABB ABB
ACB ACB
ACD ACD
ADD ADD
BBC BBC
BBB BBB
BCB BCB
BCD BCD
BDD BDD
CBC CBC
CBB CBB
CCB CCB
CCD CCD
CDD CDD
DBC DBC
DBB DBB
DCB DCB
DCD DCD
DDD DDD
EBC EBC
EBB EBB
ECB ECB
ECD ECD
EDD EDD
FBB FBB
FCB FCB
FCD FCD FDD
FBC FBC
AAC AAD
BAC BAD
CAC CAD
DAC DAD
EAC EAD
FAC FAD
