Gastre Leo Pingtung Bell Kindu Channahon Branson Baicheng Bosilovo Maidenhead Narva Daloa Sholapur Derby Visby Luganville Coronel Cocieri Kalgoorlie Winters Taungoo Polatsk Cumming Polevskoy Coatzacoalcos Chepes Sambava Allahabad Dongola Punakha Absecon Aasiaat Forteau Charlestown Gwadar Bungoma Neryungri Malolos Clay Juliaca Scottsdale Tukchi Hope Woodinville Scranton Benha Caen Destrnik Triesen Kyrenia Bovec Gastre
50
Leo Leo
Pingtung Pingtung
Bell Bell
Kindu Kindu
Channahon Channahon
Branson Branson
Baicheng Baicheng
Bosilovo Bosilovo
Maidenhead Maidenhead
Narva Narva
Daloa Daloa
Sholapur Sholapur
Derby Derby
Visby Visby
Luganville Luganville
Coronel Coronel
Cocieri Cocieri
Kalgoorlie Kalgoorlie
Winters Winters
Taungoo Taungoo
Polatsk Polatsk
Cumming Cumming
Polevskoy Polevskoy
Coatzacoalcos Coatzacoalcos
Chepes Chepes
Sambava Sambava
Allahabad Allahabad
Dongola Dongola
Punakha Punakha
Absecon Absecon
Aasiaat Aasiaat
Forteau Forteau
Charlestown Charlestown
Gwadar Gwadar
Bungoma Bungoma
Neryungri Neryungri
Malolos Malolos
Clay Clay
Juliaca Juliaca
Scottsdale Scottsdale
Tukchi Tukchi
Hope Hope
Woodinville Woodinville
Scranton Scranton
Benha Benha
Caen Caen
Destrnik Destrnik
Triesen Triesen
Kyrenia Kyrenia
Bovec Bovec
