Soda Location50 Location58 Location125 Location16 Location48 Location179 Location163 Location187 Location75 Location184 Location99 Location56 Location113 Location1 Location132 Location151 Location43 Location182 Location61 Location109 Location30 Location105 Location72 Location120 Location32 Location192 Location118 Location123 Location172 Location189 Location173 Location123 Location127 Location89 Location39 Location47 Location131 Location0 Location145 Location36 Location177 Location104 Location149 Location191 Location181 Location29 Location180 Location12 Location60 Location88 Location57 Location117 Location154 Location158 Location9 Location135 Location129 Location130 Location162 Location40 Location164 Location19 Location25 Location31 Location34 Location30 Location42 Location61 Location70 Location49 Location13 Location188 Location33 Location143 Location115 Location27 Location168 Location119 Location102 Location41 Location112 Location121 Location46 Location26 Location74 Location11 Location10 Location77 Location144 Location65 Location62 Location126 Location62 Location65 Location144 Location64 Location133 Location134 Location101 Location96 Location176 Location190 Location50 Soda
83
Soda Soda
Location50 Location50
Location125 Location125
Location16 Location16
Location48 Location48
Location179 Location179
Location163 Location163
Location187 Location187
Location75 Location75
Location184 Location184 Location142
Location99 Location99
Location56 Location56
Location113 Location113
Location1 Location1
Location132 Location132
Location151 Location151
Location43 Location43
Location182 Location182
Location30 Location30
Location105 Location105
Location72 Location72
Location120 Location120
Location32 Location32 Location116
Location118 Location118
Location123 Location123
Location172 Location172
Location189 Location189
Location173 Location173
Location127 Location127
Location89 Location89
Location39 Location39
Location131 Location131
Location0 Location0
Location145 Location145
Location36 Location36
Location104 Location104
Location149 Location149
Location191 Location191
Location181 Location181
Location29 Location29
Location180 Location180
Location12 Location12
Location60 Location60
Location88 Location88
Location57 Location57
Location154 Location154
Location158 Location158
Location9 Location9
Location135 Location135
Location129 Location129
Location162 Location162
Location40 Location40
Location164 Location164
Location19 Location19
Location25 Location25
Location34 Location34
Location42 Location42
Location70 Location70
Location49 Location49
Location188 Location188
Location33 Location33
Location143 Location143
Location115 Location115
Location27 Location27
Location168 Location168
Location119 Location119
Location102 Location102
Location41 Location41
Location112 Location112
Location46 Location46
Location74 Location74 Location87
Location11 Location11
Location10 Location10
Location144 Location144
Location62 Location62
Location64 Location64
Location134 Location134
Location101 Location101 Location128
Location176 Location176 Location38 Location8
Location190 Location190
Location109 Location3
Location126 Location147
Location96 Location90 Location28
