xjbms fuume lpolv bicnj ocgbu iddrb wnlug yztko bqgqy mrnvg deoux hstmf xvefe lfceh uzzfw nnnts dzfkr impuz xecik akegy mbzzn riwwe qkysn vaeqh ejwkt xeikc bsuwt kvvqk psudb czppi rnrnh usrtf uegez itxfb ydhop ybgaf llwzk bthif kyaqs tykrt fnhle bwgqu lkzxl beqlb lyixz nrtqp wxnxi npvgp fxnnl hwhxr xjbms
50
xjbms xjbms
fuume fuume
lpolv lpolv
bicnj bicnj
ocgbu ocgbu
iddrb iddrb
wnlug wnlug
yztko yztko
bqgqy bqgqy
mrnvg mrnvg
deoux deoux
hstmf hstmf
xvefe xvefe
lfceh lfceh
uzzfw uzzfw
nnnts nnnts
dzfkr dzfkr
impuz impuz
xecik xecik
akegy akegy
mbzzn mbzzn
riwwe riwwe
qkysn qkysn
vaeqh vaeqh
ejwkt ejwkt
xeikc xeikc
bsuwt bsuwt
kvvqk kvvqk
psudb psudb
czppi czppi
rnrnh rnrnh
usrtf usrtf
uegez uegez
itxfb itxfb
ydhop ydhop
ybgaf ybgaf
llwzk llwzk
bthif bthif
kyaqs kyaqs
tykrt tykrt
fnhle fnhle
bwgqu bwgqu
lkzxl lkzxl
beqlb beqlb
lyixz lyixz
nrtqp nrtqp
wxnxi wxnxi
npvgp npvgp
fxnnl fxnnl
hwhxr hwhxr
