0 26 77 72 41 64 78 62 44 1 29 70 47 37 57 13 49 52 25 11 31 12 55 56 28 60 4 5 7 22 42 50 38 3 32 43 65 69 27 23 48 76 63 19 6 14 53 36 73 74 33 68 75 10 9 18 58 51 15 8 16 46 24 61 39 30 20 17 54 2 59 67 71 21 34 45 66 35 0
78
0 0
26 26
77 77
72 72
41 41
64 64
78 78
62 62
44 44
1 1
29 29
70 70
47 47
37 37
57 57
13 13
49 49
52 52
25 25
11 11
31 31
12 12
55 55
56 56
28 28
60 60
4 4
5 5
7 7
22 22
42 42
50 50
38 38
3 3
32 32
43 43
65 65
69 69
27 27
23 23
48 48
76 76
63 63
19 19
6 6
14 14
53 53
36 36
73 73
74 74
33 33
68 68
75 75
10 10
9 9
18 18
58 58
51 51
15 15
8 8
16 16
46 46
24 24
61 61
39 39
30 30
20 20
17 17
54 54
2 2
59 59
67 67
71 71
21 21
34 34
45 45
66 66
35 35
