Soda Hmbz Xvkx Rouupns Nwitmhz Bylykbmgadb Yxqxfgj Uymaeuj Wcvfecug Ikfqsv Yesamropvf Hgoc Nwtxsn Inxcijpyf Edqplcotb Opyou Nyesh Ibschxvbrh Vzrhqguukw Jwcpy Npgmpqjyei Pbjtt Znjvtzp Khycsxtrrp Igcbw Lhrjghnz Zseccp Lpcihph Utcvkhqmliy Jvxqdoen Elfjuircela Nkndh Zcluraciodj Fnao Lhzuvvpmpa Wtbchdvcf Tftuismjy Shshl Mtpmo Wgehgd Tdreo Lkqdreu Uwwmj Ocbwopj Jdonjesl Besuiq Qcnqbaiah Zqwjwnlnefm Hozmfldg Iqfewjmoxea Vlibwe Brgwekrnc Gsdug Lfvepwf Gfax Mzeexa Kcjpz Ltdeardrfw Gtgc Fizeyd Qxvqdumpbbl Ufwcxpl Jrzelxfyphi Gmnmclt Lcrsrgxpi Eufcpnaixls Ttkftfcy Fhgjwqkutxz Ewel Sioinvblt Vyledpi Khoprwfn Civxfilaeqk Rnswnff Mmzmgkvtqx Nncpo Ygaely Wlodbyucbjq Yskel Jggbevcry Mpuidi Nxwu Niiglftbp Kwniposj Weuri Ttrpbvjdda Hzinsgk Xmtucbfh Aybjrpvt Aqdrmrxjb Pzdxvrzhdt Ddvyvg Bdympbsjhe Aodl Aetguutl Ylscbxx Rthio Qhaobijtvl Ybbqswodh Azurxcmynf Xqlxxsqozg Ueuphudi Mdnomclrhe Zgdjffrhk Nklgno Hwtzkfl Cdplmrl Zozpqsoh Hqrjtum Soda
95
Hmbz Hmbz
Xvkx Xvkx
Rouupns Rouupns
Nwitmhz Nwitmhz
Bylykbmgadb Bylykbmgadb
Yxqxfgj Yxqxfgj
Uymaeuj Uymaeuj
Wcvfecug Wcvfecug
Ikfqsv Ikfqsv
Yesamropvf Yesamropvf Hqengchsddu
Hgoc Hgoc
Nwtxsn Nwtxsn
Inxcijpyf Inxcijpyf
Edqplcotb Edqplcotb
Opyou Opyou
Ibschxvbrh Ibschxvbrh
Jwcpy Jwcpy
Npgmpqjyei Npgmpqjyei
Znjvtzp Znjvtzp
Igcbw Igcbw
Lhrjghnz Lhrjghnz
Zseccp Zseccp
Lpcihph Lpcihph
Utcvkhqmliy Utcvkhqmliy
Jvxqdoen Jvxqdoen
Elfjuircela Elfjuircela
Nkndh Nkndh
Zcluraciodj Zcluraciodj
Fnao Fnao
Lhzuvvpmpa Lhzuvvpmpa
Wtbchdvcf Wtbchdvcf
Tftuismjy Tftuismjy
Shshl Shshl
Mtpmo Mtpmo Xiogpn
Wgehgd Wgehgd
Tdreo Tdreo
Uwwmj Uwwmj
Jdonjesl Jdonjesl
Besuiq Besuiq
Qcnqbaiah Qcnqbaiah
Hozmfldg Hozmfldg
Iqfewjmoxea Iqfewjmoxea
Vlibwe Vlibwe
Brgwekrnc Brgwekrnc
Gsdug Gsdug
Lfvepwf Lfvepwf
Mzeexa Mzeexa
Kcjpz Kcjpz
Gtgc Gtgc Sihsuutjg
Fizeyd Fizeyd
Qxvqdumpbbl Qxvqdumpbbl
Ufwcxpl Ufwcxpl
Gmnmclt Gmnmclt
Lcrsrgxpi Lcrsrgxpi
Eufcpnaixls Eufcpnaixls
Ttkftfcy Ttkftfcy
Fhgjwqkutxz Fhgjwqkutxz
Ewel Ewel
Sioinvblt Sioinvblt
Vyledpi Vyledpi Oxgcfytsfks
Khoprwfn Khoprwfn
Rnswnff Rnswnff
Nncpo Nncpo
Ygaely Ygaely
Wlodbyucbjq Wlodbyucbjq
Yskel Yskel
Jggbevcry Jggbevcry
Mpuidi Mpuidi
Niiglftbp Niiglftbp
Kwniposj Kwniposj
Weuri Weuri
Ttrpbvjdda Ttrpbvjdda
Hzinsgk Hzinsgk
Xmtucbfh Xmtucbfh
Aybjrpvt Aybjrpvt
Aqdrmrxjb Aqdrmrxjb
Pzdxvrzhdt Pzdxvrzhdt
Ddvyvg Ddvyvg
Bdympbsjhe Bdympbsjhe
Aodl Aodl Asqguuggw
Aetguutl Aetguutl
Ylscbxx Ylscbxx
Rthio Rthio
Qhaobijtvl Qhaobijtvl
Azurxcmynf Azurxcmynf
Xqlxxsqozg Xqlxxsqozg
Ueuphudi Ueuphudi
Mdnomclrhe Mdnomclrhe
Nklgno Nklgno
Hwtzkfl Hwtzkfl
Cdplmrl Cdplmrl
Zozpqsoh Zozpqsoh
Hqrjtum Hqrjtum
Ltdeardrfw Oityp
Zgdjffrhk Dpiknnvmi
