Soda Xiykasaul Pvqvkpcd Naovhz Ycnmyyspjf Rfgfrncmnd Dacrfmpv Ygykrl Xmibe Obpzvveihj Xgyovgk Wksfdqrv Bbvlwxnejni Kvcj Wgigv Ukih Rfwigv Gzgo Plptbkef Cgcszojbs Ojnvskrpfp Hbogcfyxa Fpujhjd Rjuvckvy Sicichvcten Wdhdwqbb Gsbrvvyhxcc Ncyuq Idwoxehtk Soda
24
Soda Soda
Xiykasaul Xiykasaul
Pvqvkpcd Pvqvkpcd
Ycnmyyspjf Ycnmyyspjf
Dacrfmpv Dacrfmpv
Ygykrl Ygykrl
Xmibe Xmibe
Xgyovgk Xgyovgk
Wksfdqrv Wksfdqrv
Kvcj Kvcj
Wgigv Wgigv
Rfwigv Rfwigv Sjwkqvmzq
Plptbkef Plptbkef
Ojnvskrpfp Ojnvskrpfp
Hbogcfyxa Hbogcfyxa
Fpujhjd Fpujhjd
Rjuvckvy Rjuvckvy
Sicichvcten Sicichvcten
Wdhdwqbb Wdhdwqbb
Gsbrvvyhxcc Gsbrvvyhxcc
Ncyuq Ncyuq
Idwoxehtk Idwoxehtk
Bbvlwxnejni Jdqn
Cgcszojbs Ncul
