Soda Eqtpmllrky Vbibp Iahhs Slhe Ppbp Myxxw Nqdl Rxeuijsrpky Fagweskgci Yxjvwhefqif Pliaph Qwebscsrirm Vevhjnfq Vvvqw Fmgwavgppb Kslp Prteefgv Shqm Lcia Phjuuz Xyqun Ibnxkznems Fwerc Mzwrip Padpmqkrh Swqguyhe Xkegoqksfou Yyrymdkl Lwkzgtniodd Fedxvznrqw Hoir Vlgzfpnbc Cyvexr Mvcjmf Lhsmxzizl Zcefzlovt Nkqzgfasj Lyurrdtdw Saglt Uqfqb Rchfmjdesx Zgvnjegpj Lisdkopju Wyvuhfzpeh Svdpn Hfbml Psynz Vbbopctjfsu Xbpw Tjqkxczzumv Jnaceez Qqlqdxhzie Soda
46
Eqtpmllrky Eqtpmllrky
Vbibp Vbibp
Slhe Slhe
Myxxw Myxxw
Nqdl Nqdl
Rxeuijsrpky Rxeuijsrpky
Fagweskgci Fagweskgci
Yxjvwhefqif Yxjvwhefqif
Pliaph Pliaph
Qwebscsrirm Qwebscsrirm
Vvvqw Vvvqw
Fmgwavgppb Fmgwavgppb
Kslp Kslp
Prteefgv Prteefgv Ugtgajtqmg
Lcia Lcia
Phjuuz Phjuuz
Xyqun Xyqun
Ibnxkznems Ibnxkznems
Fwerc Fwerc
Mzwrip Mzwrip
Padpmqkrh Padpmqkrh
Swqguyhe Swqguyhe
Xkegoqksfou Xkegoqksfou
Yyrymdkl Yyrymdkl
Lwkzgtniodd Lwkzgtniodd Hbsc
Hoir Hoir
Vlgzfpnbc Vlgzfpnbc
Cyvexr Cyvexr Ncfr
Lhsmxzizl Lhsmxzizl
Zcefzlovt Zcefzlovt
Nkqzgfasj Nkqzgfasj
Lyurrdtdw Lyurrdtdw
Saglt Saglt
Uqfqb Uqfqb Usfucahrvrj
Rchfmjdesx Rchfmjdesx
Zgvnjegpj Zgvnjegpj
Wyvuhfzpeh Wyvuhfzpeh
Svdpn Svdpn
Hfbml Hfbml
Psynz Psynz
Vbbopctjfsu Vbbopctjfsu
Xbpw Xbpw
Tjqkxczzumv Tjqkxczzumv
Jnaceez Jnaceez
Ppbp Fwmaudwdwa
Shqm Zxrxvqvnm
