0 35 86 134 179 24 33 21 53 164 34 88 13 27 23 199 104 156 12 92 61 45 80 8 125 154 98 124 106 102 140 55 57 93 97 108 3 188 50 90 160 197 6 145 131 153 15 32 118 52 40 29 144 42 152 181 130 149 46 173 58 0
60
35 35
86 86
134 134
179 179
24 24
33 33
21 21
53 53
164 164
34 34
88 88
13 13
27 27
23 23
199 199
104 104
156 156
12 12
92 92
61 61
45 45
80 80
8 8
125 125
154 154
98 98
124 124
106 106
102 102
140 140
55 55
57 57
93 93
97 97
108 108
3 3
188 188
50 50
90 90
160 160
197 197
6 6
145 145
131 131
153 153
15 15
32 32
118 118
52 52
40 40
29 29
144 144
42 42
152 152
181 181
130 130
149 149
46 46
173 173
58 58
