KMZ MMI GJK WPB RHL FBZ ZES RDP EXX RWN GJW QUS YQU BTR MWC YET UAO OUR VTA ZCR YGM YWR FZZ NLD NSY AFO HTU YFA COR NDM WXC KDF KNQ BWL KBZ XNH IKT KDO VNH XNM ENU CSI PKG YEC GMG QOE HDY PSZ EKW GEV VSQ XYT XPB DEW MWN LRF OBR MQG TFL JTH CDW GAZ KDH IEN BVP PWL IYC WVO HON WDE BMH VZI HGZ WZI NYW VIF SZK CEA HSN DGD DZY HPL XXL FYE KVT LCB XFP KQK KAL GVH HTV URI MBM BUN ZUA EVY WDN EFO XWZ WYK ACK KMZ
100
MMI MMI
GJK GJK
WPB WPB
RHL RHL
FBZ FBZ
ZES ZES
RDP RDP
EXX EXX
RWN RWN
GJW GJW
QUS QUS
YQU YQU
BTR BTR
MWC MWC
YET YET
UAO UAO
OUR OUR
VTA VTA
ZCR ZCR
YGM YGM
YWR YWR
FZZ FZZ
NLD NLD
NSY NSY
AFO AFO
HTU HTU
YFA YFA
COR COR
NDM NDM
WXC WXC
KDF KDF
KNQ KNQ
BWL BWL
KBZ KBZ
XNH XNH
IKT IKT
KDO KDO
VNH VNH
XNM XNM
ENU ENU
CSI CSI
PKG PKG
YEC YEC
GMG GMG
QOE QOE
HDY HDY
PSZ PSZ
EKW EKW
GEV GEV
VSQ VSQ
XYT XYT
XPB XPB
DEW DEW
MWN MWN
LRF LRF
OBR OBR
MQG MQG
TFL TFL
JTH JTH
CDW CDW
GAZ GAZ
KDH KDH
IEN IEN
BVP BVP
PWL PWL
IYC IYC
WVO WVO
HON HON
WDE WDE
BMH BMH
VZI VZI
HGZ HGZ
WZI WZI
NYW NYW
VIF VIF
SZK SZK
CEA CEA
HSN HSN
DGD DGD
DZY DZY
HPL HPL
XXL XXL
FYE FYE
KVT KVT
LCB LCB
XFP XFP
KQK KQK
KAL KAL
GVH GVH
HTV HTV
URI URI
MBM MBM
BUN BUN
ZUA ZUA
EVY EVY
WDN WDN
EFO EFO
XWZ XWZ
WYK WYK
ACK ACK
