USG TWC KND STN QUA CMD GIG NRV IUT MBE DPP LYL OJJ NMY GJX KHL AKT UQJ IUL POT BFD KJA ZLI DZG ZBM BYF HOD OEK PST DZD TFP VFE UWO VKQ XIG RAI BJT IRG EMI WSF SCZ QFZ WIF FPK STT KXU SJL TIB OKD WRP EMJ USG
50
TWC TWC
KND KND
STN STN
QUA QUA
CMD CMD
GIG GIG
NRV NRV
IUT IUT
MBE MBE
DPP DPP
LYL LYL
OJJ OJJ
NMY NMY
GJX GJX
KHL KHL
AKT AKT
UQJ UQJ
IUL IUL
POT POT
BFD BFD
KJA KJA
ZLI ZLI
DZG DZG
ZBM ZBM
BYF BYF
HOD HOD
OEK OEK
PST PST
DZD DZD
TFP TFP
VFE VFE
UWO UWO
VKQ VKQ
XIG XIG
RAI RAI
BJT BJT
IRG IRG
EMI EMI
WSF WSF
SCZ SCZ
QFZ QFZ
WIF WIF
FPK FPK
STT STT
KXU KXU
SJL SJL
TIB TIB
OKD OKD
WRP WRP
EMJ EMJ
