m6 r8 y0 r3 r4 r7 r2 r1 w8 w9 w3 w2 w1 q7 q6 q4 q8 q3 q0 l8 q1 l6 l7 l5 l0 l4 l2 m8 m4 n7 n8 n6 n5 n2 v6 v1 v4 x7 x1 v0 x9 n3 k8 x5 z9 z8 z3 k9 k0 k7 k4 k2 j9 j8 j3 j2 j5 j4 j0 j1 h8 h7 h9 g9 h4 g8 f7 g2 f4 g6 g0 f5 f1 f6 e9 e3 h1 e6 e2 d5 d0 e1 d3 d4 c9 c3 c5 b8 c2 b3 c0 a9 b9 a8 b0 a6 a1 a0 a5 m6
99
m6 m6
r8 r8
y0 y0
r3 r3
r4 r4
r7 r7
r2 r2
r1 r1
w8 w8
w9 w9
w3 w3
w2 w2
w1 w1
q7 q7
q6 q6
q4 q4
q8 q8
q3 q3
q0 q0
l8 l8
q1 q1
l6 l6
l7 l7
l5 l5
l0 l0
l4 l4
l2 l2
m8 m8
m4 m4
n7 n7
n8 n8
n6 n6
n5 n5
n2 n2
v6 v6
v1 v1
v4 v4
x7 x7
x1 x1
v0 v0
x9 x9
n3 n3
k8 k8
x5 x5
z9 z9
z8 z8
z3 z3
k9 k9
k0 k0
k7 k7
k4 k4
k2 k2
j9 j9
j8 j8
j3 j3
j2 j2
j5 j5
j4 j4
j0 j0
j1 j1
h8 h8
h7 h7
h9 h9
g9 g9
h4 h4
g8 g8
f7 f7
g2 g2
f4 f4
g6 g6
g0 g0
f5 f5
f1 f1
f6 f6
e9 e9
e3 e3
h1 h1
e6 e6
e2 e2
d5 d5
d0 d0
e1 e1
d3 d3
d4 d4
c9 c9
c3 c3
c5 c5
b8 b8
c2 c2
b3 b3
c0 c0
a9 a9
b9 b9
a8 a8
b0 b0
a6 a6
a1 a1
a0 a0
a5 a5
