0 3 37 2 74 144 16 60 49 89 81 85 80 71 68 7 56 10 53 69 72 64 26 91 30 112 73 76 20 105 51 35 36 5 11 43 93 79 66 65 44 45 90 50 58 46 33 25 4 97 139 28 77 42 47 62 23 15 61 9 99 34 12 19 32 57 29 39 63 86 161 54 84 1 70 95 83 88 180 24 92 31 40 94 41 27 87 98 59 67 55 52 78 6 96 22 75 48 139 82 21 13 18 0
98
0 0
3 3
37 37
2 2
74 74
16 16
60 60
49 49
89 89
81 81
85 85
80 80
71 71
68 68
7 7
56 56
10 10
53 53
69 69
72 72
64 64
26 26
91 91
30 30
73 73
76 76
20 20
51 51
35 35
36 36
5 5
11 11
43 43
93 93
79 79
66 66
65 65
44 44
45 45
90 90
50 50
58 58
46 46
33 33
25 25
4 4
97 97
28 28
77 77
42 42
47 47
62 62
23 23
15 15
61 61
9 9
99 99
34 34
12 12
19 19
32 32
57 57
29 29
39 39
63 63
86 86
54 54
84 84
1 1
70 70
95 95
83 83
88 88
24 24
92 92
31 31
40 40 14
94 94
41 41
27 27
87 87 17
98 98
59 59
67 67
55 55
52 52
78 78
6 6
96 96
22 22
75 75
48 48
82 82
21 21
13 13
18 18
105 8
139 38
