0 51 45 35 126 121 50 195 47 1 164 82 24 30 14 162 179 139 101 175 177 52 44 127 186 12 78 120 2 133 71 146 28 11 183 63 194 149 49 39 46 131 10 178 5 93 142 64 21 141 103 34 62 100 79 91 23 104 85 76 163 143 172 132 140 66 170 136 110 108 193 155 22 168 150 67 115 97 130 72 13 77 59 99 87 94 68 105 42 73 152 29 192 27 38 31 189 26 56 0
98
51 51
45 45
35 35
126 126
121 121
50 50
195 195
47 47
1 1
164 164
82 82
24 24
30 30
14 14
162 162
179 179
139 139
101 101
175 175
177 177
52 52
44 44
127 127
186 186
12 12
78 78
120 120
2 2
133 133
71 71
146 146
28 28
11 11
183 183
63 63
194 194
149 149
49 49
39 39
46 46
131 131
10 10
178 178
5 5
93 93
142 142
64 64
21 21
141 141
103 103
34 34
62 62
100 100
79 79
91 91
23 23
104 104
85 85
76 76
163 163
143 143
172 172
132 132
140 140
66 66
170 170
136 136
110 110
108 108
193 193
155 155
22 22
168 168
150 150
67 67
115 115
97 97
130 130
72 72
13 13
77 77
59 59
99 99
87 87
94 94
68 68
105 105
42 42
73 73
152 152
29 29
192 192
27 27
38 38
31 31
189 189
26 26
56 56
