aa0 kd9 kd8 kd5 kd6 kd4 kd2 kd3 kd1 kd0 kc9 kc8 kc7 kc6 kc4 kc5 kc3 kc2 kc0 kb9 kb6 kb2 kb5 kb8 kb4 kb7 kb3 kb1 kb0 ka9 ka6 ka4 ka7 ka5 ka2 ka0 gd9 gd7 gd6 gd4 gd1 gd0 gc9 gc5 gc6 gc0 gc1 gc0 gb9 gb6 gb1 gb7 gb4 gb3 gb0 ga9 ga8 ga5 ga1 ga0 ad9 ad1 ad2 ad3 ad2 ad1 ad9 ad0 ac9 ac4 ac7 ac3 ac6 ac8 ac5 ac0 ab9 ab8 ab7 ab4 ab7 ab8 ab5 ab1 ab0 aa9 aa8 aa2 aa4 aa2 aa1 aa5 aa1 aa0
44
kd8 kd8
kd5 kd5
kd4 kd4
kd3 kd3
kd1 kd1
kc8 kc8
kc6 kc6
kc5 kc5
kc2 kc2
kb6 kb6
kb2 kb2
kb5 kb5
kb8 kb8
kb7 kb7
ka6 ka6
ka7 ka7 ka8
ka5 ka5
ka2 ka2
gd9 gd9 gd8
gd7 gd7
gd4 gd4 gd3
gc5 gc5
gc1 gc1 gc2
gb6 gb6
gb7 gb7
gb4 gb4
gb3 gb3
ac7 ac7
ac3 ac3 ac2
ac6 ac6
ac8 ac8
ab8 ab8
ab7 ab7
ab4 ab4 ab2
ab5 ab5
aa4 aa4 aa3 aa7
aa5 aa5 aa6
kc0 kc1
gc0 gc3 gc8
gb1 gb2
ga8 ga7 ga4
ga5 ga6
ga1 ga2 ga3
ad3 ad4 ad6 ad5 ad7 ad8
