0 55 92 94 67 23 147 106 191 181 61 188 112 2 140 14 167 98 170 124 183 125 195 112 120 172 137 99 128 123 83 101 81 29 82 153 24 197 90 143 11 65 95 141 169 21 77 56 58 19 152 59 171 74 132 194 119 134 114 39 50 32 35 185 109 10 176 12 45 157 148 64 81 107 149 20 117 89 186 150 138 57 108 48 16 131 160 36 189 71 187 9 187 159 49 85 164 86 175 96 105 72 30 142 69 12 182 38 145 100 51 102 121 79 13 84 0
87
55 55
92 92
94 94
67 67 27
23 23
147 147 104
106 106 196
188 188
112 112
2 2
14 14
167 167
170 170
124 124 26
125 125
195 195
172 172
137 137
99 99
123 123
83 83 198
101 101
29 29
82 82
24 24
197 197
90 90
143 143
11 11
95 95
141 141
169 169 66
21 21
77 77
56 56
19 19
152 152
59 59
74 74
132 132
119 119
39 39
50 50
35 35
185 185
10 10
176 176
12 12
45 45
157 157 41
148 148
64 64
107 107
20 20
89 89
186 186 97
150 150
138 138
57 57
108 108
16 16
160 160
189 189
71 71
9 9 139
49 49
85 85
164 164
86 86
175 175
105 105
72 72
142 142
69 69 161
182 182 73
38 38
100 100
51 51
102 102
13 13
181 68
98 166
128 52 3
58 129
194 43
114 103 1
96 46
