2 41 85 9 60 35 199 97 183 91 27 98 36 152 162 173 59 5 163 158 163 5 125 31 10 194 93 101 150 127 12 81 25 37 86 128 198 147 115 104 166 113 99 165 140 149 171 179 171 18 14 22 76 51 176 174 180 126 114 107 43 80 118 6 71 43 107 114 126 175 87 8 13 138 164 117 102 45 181 34 23 11 26 63 131 109 161 4 112 190 92 21 105 108 57 15 30 137 172 103 116 67 182 189 184 130 55 139 62 90 95 82 178 155 196 121 7 121 199 195 56 52 145 193 50 1 58 73 83 38 186 0 186 136 119 68 53 157 2
85
2 2
85 85
35 35
97 97 106
27 27 141
98 98
36 36
173 173
59 59
158 158 110
125 125
194 194
93 93
12 12
25 25
86 86
128 128
115 115
113 113
165 165
149 149 3
171 171
179 179 133
14 14
76 76
51 51
174 174 28
126 126
114 114
80 80 54
118 118
6 6
8 8
13 13
138 138
164 164
181 181
34 34
23 23
26 26
63 63
131 131 156
161 161
4 4
112 112
92 92
15 15
30 30
116 116
67 67
182 182
189 189 122
130 130
55 55
139 139
90 90 177
95 95
82 82
178 178
196 196
121 121
7 7 79
56 56
52 52
145 145
193 193
50 50 42
58 58
73 73
38 38 46
0 0 192
136 136
119 119
53 53
157 157 49
60 142
163 188
198 100
147 32
104 44
175 48
57 94
172 61
62 96
1 187
