ffffff uuuuuuu ll xxx ii aaaa xxxxx ffffffff ggggg rrrrr nnnnnn fffff ttttttt sssss bbbbbbb d cccc j dd zzzzz ee wwwwww hhhhhhh q gggggggg kkkkkkkk tttttt eeeee jjjj dddd a qqqqqq ggggggg bbbbbb aaa x o iiiiiiii hhh s aaaaaa oooooooo lll hhhh zzz jjjjjj ttttt ssssss mm tttt eeee ffff oooooo yyyyyyy sss yy qqq sssssss xxxxxxx ccccccc rrrrrr bbbbbbbb mmmmmmmm kkkkkk aaaaaaaa e eeeeeee aa pppppppp vvvvvv k lllllll iiiiiii vvvvv uuuuuu b llllll llllllll rr wwww xxxx vvv wwwww ooooo ssss gggg pppp cccccc qq m eeeeee cc jjj ppppp kkkk mmmm tt nnn uuu uu ffffff
100
ffffff ffffff
uuuuuuu uuuuuuu
ll ll
xxx xxx
ii ii
aaaa aaaa
xxxxx xxxxx
ffffffff ffffffff
ggggg ggggg
rrrrr rrrrr
nnnnnn nnnnnn
fffff fffff
ttttttt ttttttt
sssss sssss
bbbbbbb bbbbbbb
d d
cccc cccc
j j
dd dd
zzzzz zzzzz
ee ee
wwwwww wwwwww
hhhhhhh hhhhhhh
q q
gggggggg gggggggg
kkkkkkkk kkkkkkkk
tttttt tttttt
eeeee eeeee
jjjj jjjj
dddd dddd
a a
qqqqqq qqqqqq
ggggggg ggggggg
bbbbbb bbbbbb
aaa aaa
x x
o o
iiiiiiii iiiiiiii
hhh hhh
s s
aaaaaa aaaaaa
oooooooo oooooooo
lll lll
hhhh hhhh
zzz zzz
jjjjjj jjjjjj
ttttt ttttt
ssssss ssssss
mm mm
tttt tttt
eeee eeee
ffff ffff
oooooo oooooo
yyyyyyy yyyyyyy
sss sss
yy yy
qqq qqq
sssssss sssssss
xxxxxxx xxxxxxx
ccccccc ccccccc
rrrrrr rrrrrr
bbbbbbbb bbbbbbbb
mmmmmmmm mmmmmmmm
kkkkkk kkkkkk
aaaaaaaa aaaaaaaa
e e
eeeeeee eeeeeee
aa aa
pppppppp pppppppp
vvvvvv vvvvvv
k k
lllllll lllllll
iiiiiii iiiiiii
vvvvv vvvvv
uuuuuu uuuuuu
b b
llllll llllll
llllllll llllllll
rr rr
wwww wwww
xxxx xxxx
vvv vvv
wwwww wwwww
ooooo ooooo
ssss ssss
gggg gggg
pppp pppp
cccccc cccccc
qq qq
m m
eeeeee eeeeee
cc cc
jjj jjj
ppppp ppppp
kkkk kkkk
mmmm mmmm
tt tt
nnn nnn
uuu uuu
uu uu
