dweidxeutk xdhiumwdwn klbefaxnzg jiowqcrqpz sjcwiapdwb uqhdcumthr gmvwahagsy akzsqllzsv kgpqjqjrhc rlgdknlxmz naqyljkxxq wiwpekzeuz efgyvzmusc afkxpktsxw elifcmozpf mnmjklgmnp cmelcyxenw vqlbufoinm drtcvphibq iqbyvqgkcp hjvmodgwdg zdiibealli kufcwxmspu pgiiochubt fwwnyjpwnp lvqqznnzyn bqrcwxsyuw wwmcjuetgz cnbqxrvlvl rqmdukqpbg tzpaywhybw rwobvahhfa wlzaatlgns cowtuqqsll depihfdmjk dlfzngcmgq dfgysrnikx tdtlnqnprm lzsvglcvqa ouzfljsksj rqchbdjiqp xtugynuehn arrkheyths okcwuqslme qjjslhkvnr fxpsowceqq ulneltboej itouxsyevo gvxfzzmwzk nimybvgttg hcvrravrik rzqbegeoni dldiwncohw fxejnitkot wqeazvzkdf ftrqchqaif gqwhfeepal gkbqwvqnfu vtquakjujf siwbsyuwap lgpbgvlzpo taoimnqdrr nmshjtpxad hlimwiksjd rulcikswsa vteisghgld auonnlthcz xwsnmxufqy vpghbvlzxd ienasnqnvt cpdpvshtof toeqvvzlae cxrfqntbtm ivgiotlrrr cwexpxaktw zbgxyjmdnm wfybmclpmp dllzvxpcgk cavyunvwuk kjgjbkdckc sjqdgtugly bxdnijtmyn hpqsgalvar aihlvhrjir bcwzxsuutq tofdobbbjt dzzxropcld tehmqpfdnn xdmzjapanj pphebmysxy gyjkhdbyvm fuhtgylsov ctnsbezpjg irtbznwvcu gpbaqafhdz audojmtlep dweidxeutk
96
dweidxeutk dweidxeutk
xdhiumwdwn xdhiumwdwn
klbefaxnzg klbefaxnzg
jiowqcrqpz jiowqcrqpz
sjcwiapdwb sjcwiapdwb
uqhdcumthr uqhdcumthr
gmvwahagsy gmvwahagsy
akzsqllzsv akzsqllzsv
kgpqjqjrhc kgpqjqjrhc
rlgdknlxmz rlgdknlxmz
naqyljkxxq naqyljkxxq
wiwpekzeuz wiwpekzeuz
efgyvzmusc efgyvzmusc
afkxpktsxw afkxpktsxw
elifcmozpf elifcmozpf
mnmjklgmnp mnmjklgmnp
cmelcyxenw cmelcyxenw
vqlbufoinm vqlbufoinm
drtcvphibq drtcvphibq
iqbyvqgkcp iqbyvqgkcp
hjvmodgwdg hjvmodgwdg
zdiibealli zdiibealli
kufcwxmspu kufcwxmspu
pgiiochubt pgiiochubt
fwwnyjpwnp fwwnyjpwnp
lvqqznnzyn lvqqznnzyn
bqrcwxsyuw bqrcwxsyuw
wwmcjuetgz wwmcjuetgz
cnbqxrvlvl cnbqxrvlvl
rqmdukqpbg rqmdukqpbg
tzpaywhybw tzpaywhybw
rwobvahhfa rwobvahhfa
wlzaatlgns wlzaatlgns
cowtuqqsll cowtuqqsll
depihfdmjk depihfdmjk
dlfzngcmgq dlfzngcmgq
dfgysrnikx dfgysrnikx
tdtlnqnprm tdtlnqnprm
lzsvglcvqa lzsvglcvqa
ouzfljsksj ouzfljsksj
rqchbdjiqp rqchbdjiqp
xtugynuehn xtugynuehn
arrkheyths arrkheyths
okcwuqslme okcwuqslme
qjjslhkvnr qjjslhkvnr
fxpsowceqq fxpsowceqq
ulneltboej ulneltboej
itouxsyevo itouxsyevo
gvxfzzmwzk gvxfzzmwzk
nimybvgttg nimybvgttg
hcvrravrik hcvrravrik
rzqbegeoni rzqbegeoni
dldiwncohw dldiwncohw
fxejnitkot fxejnitkot
wqeazvzkdf wqeazvzkdf
ftrqchqaif ftrqchqaif
gqwhfeepal gqwhfeepal
gkbqwvqnfu gkbqwvqnfu
vtquakjujf vtquakjujf
siwbsyuwap siwbsyuwap
lgpbgvlzpo lgpbgvlzpo
taoimnqdrr taoimnqdrr
nmshjtpxad nmshjtpxad
hlimwiksjd hlimwiksjd
rulcikswsa rulcikswsa
vteisghgld vteisghgld
auonnlthcz auonnlthcz
xwsnmxufqy xwsnmxufqy
vpghbvlzxd vpghbvlzxd
ienasnqnvt ienasnqnvt
cpdpvshtof cpdpvshtof
toeqvvzlae toeqvvzlae
cxrfqntbtm cxrfqntbtm
ivgiotlrrr ivgiotlrrr
cwexpxaktw cwexpxaktw
zbgxyjmdnm zbgxyjmdnm
wfybmclpmp wfybmclpmp
dllzvxpcgk dllzvxpcgk
cavyunvwuk cavyunvwuk
kjgjbkdckc kjgjbkdckc
sjqdgtugly sjqdgtugly
bxdnijtmyn bxdnijtmyn
hpqsgalvar hpqsgalvar
aihlvhrjir aihlvhrjir
bcwzxsuutq bcwzxsuutq
tofdobbbjt tofdobbbjt
dzzxropcld dzzxropcld
tehmqpfdnn tehmqpfdnn
xdmzjapanj xdmzjapanj
pphebmysxy pphebmysxy
gyjkhdbyvm gyjkhdbyvm
fuhtgylsov fuhtgylsov
ctnsbezpjg ctnsbezpjg
irtbznwvcu irtbznwvcu
gpbaqafhdz gpbaqafhdz
audojmtlep audojmtlep
