Egsmith Waltditch Wenside Burbourne Leathermere Sudtree Flitgrove Chelmbeck Cookford Hornborough Chelmwang Wychsmith Farnsmith Ashdown Shaftbage Egavon Wychbourne Sudtree Wenwold Stainby Brackbrough Wenbeck Watchcombe Pemlow Sudwich Wetwick Nortley Stainbrough Egtree Wychnell Burfield Shaftbridge Penborne Staplake Wychbeck Wywick Barnton Ashbourne Barnton Egsmith
32
Waltditch Waltditch
Wenside Wenside Alfchester
Burbourne Burbourne
Leathermere Leathermere
Sudtree Sudtree
Flitgrove Flitgrove
Chelmbeck Chelmbeck
Cookford Cookford
Chelmwang Chelmwang
Wychsmith Wychsmith
Farnsmith Farnsmith
Ashdown Ashdown
Shaftbage Shaftbage Edgey
Egavon Egavon
Wychbourne Wychbourne
Wenwold Wenwold
Stainby Stainby
Brackbrough Brackbrough
Wenbeck Wenbeck
Pemlow Pemlow
Wetwick Wetwick
Nortley Nortley
Stainbrough Stainbrough
Egtree Egtree Chelmden
Wychnell Wychnell
Shaftbridge Shaftbridge
Penborne Penborne
Staplake Staplake
Wychbeck Wychbeck
Wywick Wywick
Barnton Barnton
Ashbourne Ashbourne Stapbeck
