Chelmbourne Edgwich Stapwang Casford Alfwell Aldhall Egborne Alfcastle Whitavon Elside Stainfield Wenden Kingsbrook Dartsted Clerethorne Stapthorne Stapmoor Burchester Shrivside Southmere Stainhall Whitover Stainside Enbage Flitham Shrivlow Durditch Hornley Barngrove Hartbage Bromgrove Stapwell Alfby Leatherlow Bracklow Pemwood Rocktree Whitborough Rocktree Staflow Cleredon Wyhead Sodside Brainbridge Prestey Sudwich Enlow Cookton Horncester Edgchester Wenwang Sudworth Melborne Egcastle Cookbridge Rocktree Hurstworth Waltbrook Stafthorne Staintree Elgrove Chelmbourne
53
Edgwich Edgwich
Casford Casford
Alfwell Alfwell Marlton
Aldhall Aldhall
Egborne Egborne
Whitavon Whitavon
Elside Elside
Wenden Wenden
Dartsted Dartsted
Stapthorne Stapthorne
Stapmoor Stapmoor
Shrivside Shrivside
Southmere Southmere
Stainhall Stainhall
Whitover Whitover
Stainside Stainside
Enbage Enbage
Flitham Flitham Kingsley
Shrivlow Shrivlow
Durditch Durditch
Hornley Hornley
Hartbage Hartbage
Stapwell Stapwell
Alfby Alfby Leatherlake
Leatherlow Leatherlow
Bracklow Bracklow
Pemwood Pemwood
Rocktree Rocktree
Whitborough Whitborough Horndown
Staflow Staflow Bursted
Cleredon Cleredon
Wyhead Wyhead
Sodside Sodside
Brainbridge Brainbridge
Prestey Prestey
Sudwich Sudwich
Enlow Enlow
Cookton Cookton
Horncester Horncester
Edgchester Edgchester
Wenwang Wenwang
Sudworth Sudworth
Egcastle Egcastle
Cookbridge Cookbridge
Hurstworth Hurstworth
Waltbrook Waltbrook
Staintree Staintree
Elgrove Elgrove Wenborough
Alfcastle Barnham
Clerethorne Barnside
Barngrove Prestdon
Melborne Pemwold
Chelmbourne Shaftwich
