Soda Browning Comstock Bret Vermont Hospital Bristol Yolo Martin Haskell Ajax Forest Madera Marin Greenwood Heinz Allston Shasta Addison Byron Columbia High Blake Domingo Eunice Lewiston Edith Kenilworth Haste Bataan Bowditch Fresno Terrace Mabel Overlook Roosevelt Cutter Bancroft Muir Florida Fulton Colusa Menlo Belrose Haviland Summit Mabel Spring Poplar Keeler Pardee Anne Arch Poppy Soda
49
Browning Browning
Comstock Comstock
Bret Bret
Vermont Vermont
Hospital Hospital
Bristol Bristol
Martin Martin
Haskell Haskell
Ajax Ajax
Forest Forest
Madera Madera
Marin Marin
Greenwood Greenwood
Heinz Heinz
Allston Allston
Shasta Shasta
Addison Addison
Byron Byron
Columbia Columbia
High High
Domingo Domingo
Eunice Eunice
Lewiston Lewiston
Edith Edith
Kenilworth Kenilworth
Haste Haste
Bataan Bataan
Bowditch Bowditch
Fresno Fresno
Terrace Terrace
Mabel Mabel
Overlook Overlook
Cutter Cutter
Bancroft Bancroft
Muir Muir
Florida Florida
Fulton Fulton
Colusa Colusa
Menlo Menlo Burnett
Belrose Belrose
Haviland Haviland
Summit Summit
Spring Spring
Poplar Poplar
Keeler Keeler
Pardee Pardee
Anne Anne
Arch Arch
Poppy Poppy
