Hamsbourne Sundlechester Skelgrove Sudbage Shaftthorne Camhampton Enderton Dribstoke Endbeck Dribstoke Rocklow Suddlebaschester Chilringfield Rotmerby Sunderborough Prestbourne Botherstanport Leatherblesley Camswich Cimansbrough Wendleslake Boothenrensborough Wendleslake Stafdenbourne Chipsted Chipfield Hamsbourne
19
Sundlechester Sundlechester
Sudbage Sudbage
Shaftthorne Shaftthorne
Camhampton Camhampton Hartberbury
Enderton Enderton
Rocklow Rocklow
Chilringfield Chilringfield
Rotmerby Rotmerby
Sunderborough Sunderborough Ciley
Prestbourne Prestbourne
Leatherblesley Leatherblesley Sodderrenshead
Camswich Camswich
Cimansbrough Cimansbrough
Boothenrensborough Boothenrensborough Candlesdon
Chipsted Chipsted
Chipfield Chipfield Hamperrehampton Cammercastle
Skelgrove Warrewick
Endbeck Melshot
Botherstanport Wolvencester
