Whitgrove Dribblecombe Bursmith Hannersmith Shaftborough Cihead Skellenshot Rotherlow Wendleringdown Reddendeney Worhall Siey Redcombe Casbrook Toddenmerbrough Horstleover Warsmith Horsnell Siavon Abgleham Sundlethorne Warblestancester Tippendham Boothingmanstree Faldenhall Wethampton Tipstoke Botenbrook Hampingworth Worford Falderseythorne Durbrook Sodport Skelberden Hamscombe Alfmere Leatherport Stapbrough Reddingtree Endleberey Dribberham Wychcompwold Sirenshall Hampingbascombe Wetwick Stapbrook Wolley Elfield Falworth Whitringlake Milthorne Rothingcombe Ribenwell Abcester Sifield Enderbeck Marlbeck Tippenbrook Suddenmoor Egmerhampton Prestwick Wychchester Marlbrook Toddenmoor Ketnell Staplow Ketchester Watchlake Tippingbage Blansbrook Hamwold Bastlebury Emmerley Southbury Abglewold Farnditch Ribberrenston Southmere Egsted Marlcester Nortwell Todhampton Bootwick Wycastle Bromstanham Clereennell Botbeck Sundendford Chedworth Suddingover Ellerbridge Worrenberwang Bothenhall Dartden Endleshall Candleswick Skellingover Warsmith Wetsmith Elside Cannerthorne Waltbeck Hampingcastle Basditch Bothenton Sodberling Whitgrove
95
Whitgrove Whitgrove
Dribblecombe Dribblecombe
Bursmith Bursmith
Shaftborough Shaftborough
Cihead Cihead
Skellenshot Skellenshot
Rotherlow Rotherlow
Wendleringdown Wendleringdown
Reddendeney Reddendeney
Worhall Worhall
Siey Siey
Redcombe Redcombe
Casbrook Casbrook
Horstleover Horstleover
Horsnell Horsnell
Siavon Siavon
Abgleham Abgleham
Sundlethorne Sundlethorne
Tippendham Tippendham
Boothingmanstree Boothingmanstree
Faldenhall Faldenhall
Wethampton Wethampton
Tipstoke Tipstoke
Hampingworth Hampingworth
Worford Worford
Falderseythorne Falderseythorne Penby
Durbrook Durbrook
Sodport Sodport
Skelberden Skelberden
Alfmere Alfmere
Leatherport Leatherport
Stapbrough Stapbrough
Endleberey Endleberey
Dribberham Dribberham
Wychcompwold Wychcompwold
Sirenshall Sirenshall
Hampingbascombe Hampingbascombe
Wetwick Wetwick
Wolley Wolley
Falworth Falworth
Whitringlake Whitringlake
Milthorne Milthorne
Rothingcombe Rothingcombe
Abcester Abcester
Sifield Sifield
Enderbeck Enderbeck
Tippenbrook Tippenbrook
Suddenmoor Suddenmoor Staincombe Melwood
Egmerhampton Egmerhampton
Prestwick Prestwick
Wychchester Wychchester
Marlbrook Marlbrook
Toddenmoor Toddenmoor
Ketnell Ketnell
Staplow Staplow
Ketchester Ketchester
Watchlake Watchlake Farndlesover
Tippingbage Tippingbage
Blansbrook Blansbrook
Hamwold Hamwold
Bastlebury Bastlebury Rothendcombe
Emmerley Emmerley
Southbury Southbury
Abglewold Abglewold
Farnditch Farnditch
Ribberrenston Ribberrenston
Southmere Southmere
Egsted Egsted
Marlcester Marlcester
Nortwell Nortwell
Todhampton Todhampton
Bootwick Bootwick
Wycastle Wycastle
Bromstanham Bromstanham
Clereennell Clereennell
Botbeck Botbeck
Sundendford Sundendford
Chedworth Chedworth
Suddingover Suddingover
Ellerbridge Ellerbridge
Worrenberwang Worrenberwang
Bothenhall Bothenhall
Dartden Dartden
Candleswick Candleswick
Skellingover Skellingover
Wetsmith Wetsmith
Elside Elside
Cannerthorne Cannerthorne
Waltbeck Waltbeck
Hampingcastle Hampingcastle
Basditch Basditch
Bothenton Bothenton
Sodberling Sodberling
Toddenmerbrough Endingnell
Reddingtree Eley
