0 15 30 45 60 75 90 106 122 107 91 92 108 123 124 109 94 93 77 78 79 80 95 80 65 50 36 51 66 82 98 99 84 85 86 87 103 87 86 85 100 85 70 71 56 41 57 73 58 43 28 12 11 10 25 40 54 53 68 53 38 23 8 7 6 5 20 5 4 19 18 33 48 63 47 31 15 0
47
0 0
15 15
30 30
45 45
75 75
90 90 105
106 106 121 120
122 122
108 108
124 124
109 109
93 93
78 78
80 80
95 95 110 111
50 50
36 36
51 51
98 98
85 85
103 103 119
100 100 116 115
70 70
71 71
56 56
41 41 55
57 57
73 73
28 28
10 10
25 25
40 40
68 68 52
23 23
8 8
7 7
5 5
20 20 35
18 18 3
63 63
47 47
31 31 46
77 76
82 83
87 88
12 13
19 34
