0 18 139 56 98 116 6 38 5 185 27 194 163 175 17 85 99 58 197 186 193 178 14 78 81 121 20 22 31 48 111 51 79 100 10 133 125 168 156 25 138 35 137 96 95 29 119 117 47 67 44 182 32 75 54 120 108 102 160 145 166 8 39 151 64 196 179 180 26 176 199 106 69 12 130 87 159 42 109 9 65 173 89 184 128 134 36 24 126 74 63 91 19 146 170 103 28 155 70 157 50 77 49 0
96
18 18
139 139
98 98
116 116
6 6
38 38
185 185
27 27
194 194
163 163
175 175
17 17
85 85
99 99
58 58
197 197
186 186
193 193
178 178
14 14 83 4 104
78 78
81 81
121 121
20 20
22 22
31 31
48 48
111 111 149
51 51
79 79
100 100
10 10
133 133
125 125
168 168
156 156
25 25
138 138
137 137
96 96
95 95
119 119
117 117
47 47
67 67
44 44
182 182
32 32
75 75
120 120
108 108
102 102
160 160
145 145
166 166
39 39
151 151
64 64
196 196
179 179
180 180
26 26
176 176
199 199
106 106
69 69
12 12
130 130
87 87
159 159
42 42
109 109
9 9
65 65
173 173
89 89
184 184
128 128
134 134
36 36
24 24
126 126
74 74
63 63
91 91
19 19
146 146
170 170
103 103
28 28
155 155
70 70
157 157
50 50
77 77
49 49
