Plano SantaClara Irving Amarillo Cary OklahomaCity Warren SanFrancisco Pasadena Sunnyvale Norman MorenoValley Montgomery Memphis Charleston Mesa OWO Chesapeake Wichita Waco Ontario Denver Beaumont Vancouver Atlanta Garland Omaha Lincoln Elizabeth Anaheim JerseyCity Pikachu Huntsville Lafayette Torrance Lancaster LosAngeles Escondido Akron Hollywood Glasses SanJose Killeen Allentown Stamford Shreveport Laredo Tampa Portland GrandPrairie McAllen ThousandOaks Tampa Glendale Raleigh Chicago Denton SantaRosa FortCollins SiouxFalls SantaAna Tulsa LouisvilleJefferson Reno Norfolk FortLauderdale AnnArbor StLouis Jackson Vallejo LasVegas Joliet Mesquite Worcester Thornton Anchorage Philadelphia GardenGrove Salinas Davidson NewHaven SanAntonio Houston Pomona Spokane CorpusChristi SantaClarita Fremont Madison SanBernardino Knoxville Brownsville Corona Surprise NewOrleans AugustaRichmond HuntingtonBeach Mobile Hartford Dallas Oski SimiValley Irvine Olathe Cincinnati Miami Hampton Tallahassee Riverside Rockford Plano
96
SantaClara SantaClara
Irving Irving
Cary Cary
OklahomaCity OklahomaCity
Warren Warren
SanFrancisco SanFrancisco
Pasadena Pasadena
Sunnyvale Sunnyvale
Norman Norman
MorenoValley MorenoValley
Montgomery Montgomery
Memphis Memphis
Charleston Charleston
Mesa Mesa
OWO OWO
Wichita Wichita
Waco Waco
Ontario Ontario
Denver Denver Hayward
Beaumont Beaumont
Vancouver Vancouver
Atlanta Atlanta Oxnard
Garland Garland
Omaha Omaha
Lincoln Lincoln
Elizabeth Elizabeth
Anaheim Anaheim
JerseyCity JerseyCity
Pikachu Pikachu
Huntsville Huntsville
Lafayette Lafayette
Torrance Torrance
Lancaster Lancaster
Escondido Escondido
Akron Akron
Hollywood Hollywood
Glasses Glasses
SanJose SanJose
Killeen Killeen
Allentown Allentown
Stamford Stamford
Laredo Laredo
Tampa Tampa
Portland Portland
GrandPrairie GrandPrairie
McAllen McAllen
ThousandOaks ThousandOaks
Glendale Glendale
Raleigh Raleigh
Chicago Chicago
Denton Denton
SantaRosa SantaRosa
FortCollins FortCollins
SiouxFalls SiouxFalls
Tulsa Tulsa
LouisvilleJefferson LouisvilleJefferson
Norfolk Norfolk
FortLauderdale FortLauderdale
AnnArbor AnnArbor
StLouis StLouis
Vallejo Vallejo
LasVegas LasVegas
Mesquite Mesquite
Worcester Worcester
Thornton Thornton
Anchorage Anchorage
GardenGrove GardenGrove
Salinas Salinas
Davidson Davidson
NewHaven NewHaven
SanAntonio SanAntonio
Houston Houston
Pomona Pomona
CorpusChristi CorpusChristi
SantaClarita SantaClarita
Fremont Fremont
Madison Madison
SanBernardino SanBernardino
Knoxville Knoxville
Brownsville Brownsville
Corona Corona
Surprise Surprise Greensboro
NewOrleans NewOrleans
AugustaRichmond AugustaRichmond
HuntingtonBeach HuntingtonBeach
Mobile Mobile
Hartford Hartford
Dallas Dallas
SimiValley SimiValley
Irvine Irvine LittleRock
Olathe Olathe
Cincinnati Cincinnati
Miami Miami
Hampton Hampton
Riverside Riverside
Rockford Rockford
