Waco SanAntonio MorenoValley OverlandPark SterlingHeights Palmdale FortCollins Victorville SanBernardino Stamford Clarksville Palmdale LexingtonFa OWO AthensClarkeCounty SanFrancisco Richmond Aurora KansasCity Lincoln ChulaVista SantaClara Irving Oski Rochester SaltLakeCity AnnArbor OverlandPark Waco
21
SanAntonio SanAntonio
MorenoValley MorenoValley
SterlingHeights SterlingHeights
Palmdale Palmdale FortWayne
FortCollins FortCollins
SanBernardino SanBernardino
Stamford Stamford Cary
Clarksville Clarksville
LexingtonFa LexingtonFa
OWO OWO
AthensClarkeCounty AthensClarkeCounty
SanFrancisco SanFrancisco
Richmond Richmond
Lincoln Lincoln Newark Detroit
ChulaVista ChulaVista
Irving Irving
Rochester Rochester
SaltLakeCity SaltLakeCity
AnnArbor AnnArbor
Victorville StPaul
KansasCity Omaha
