0 156 23 143 21 173 6 134 172 67 56 39 2 80 26 12 120 167 69 91 100 183 63 18 196 101 68 76 33 8 71 5 160 42 159 141 97 27 193 11 65 187 28 128 81 3 35 157 138 152 129 47 89 98 96 17 114 154 174 119 125 50 182 135 93 131 38 74 22 197 13 102 149 184 72 78 177 94 70 124 153 115 107 158 31 151 24 48 4 9 130 83 15 16 116 190 87 11 137 43 146 166 108 1 133 86 84 59 199 52 51 164 111 57 66 0
98
0 0
23 23
143 143
21 21
173 173
134 134
172 172
67 67
56 56
39 39
2 2
80 80
26 26
120 120
167 167
69 69
100 100
183 183
18 18
101 101
68 68
33 33
8 8
71 71
5 5
160 160
42 42
159 159
141 141
27 27
193 193
11 11
65 65
187 187
28 28
128 128
81 81
3 3
35 35
157 157
138 138
152 152
129 129
47 47
89 89
98 98
96 96
17 17
114 114
154 154
174 174
125 125
50 50
182 182
93 93
38 38
74 74
22 22
197 197
13 13 14
102 102
184 184
72 72
78 78
177 177
94 94
70 70
153 153
115 115
107 107
158 158
31 31
151 151
24 24
4 4
9 9 103
130 130
83 83
15 15
16 16
116 116
190 190
137 137
43 43
146 146
166 166
1 1
133 133
86 86
84 84
59 59
199 199
52 52
51 51
164 164
111 111
66 66
108 20
