13 148 106 119 139 101 137 123 125 102 149 128 161 173 160 195 158 188 186 107 143 120 193 174 181 140 117 178 147 189 196 136 170 157 192 131 126 164 116 104 199 132 172 156 115 167 144 153 150 169 111 145 154 134 184 197 171 151 179 180 191 168 138 198 152 108 127 109 118 121 122 100 124 146 142 190 175 110 185 177 155 103 162 133 130 114 165 159 129 105 112 176 187 135 194 141 113 183 166 163 182 13
100
148 148
106 106
119 119
139 139
101 101
137 137
123 123
125 125
102 102
149 149
128 128
161 161
173 173
160 160
195 195
158 158
188 188
186 186
107 107
143 143
120 120
193 193
174 174
181 181
140 140
117 117
178 178
147 147
189 189
196 196
136 136
170 170
157 157
192 192
131 131
126 126
164 164
116 116
104 104
199 199
132 132
172 172
156 156
115 115
167 167
144 144
153 153
150 150
169 169
111 111
145 145
154 154
134 134
184 184
197 197
171 171
151 151
179 179
180 180
191 191
168 168
138 138
198 198
152 152
108 108
127 127
109 109
118 118
121 121
122 122
100 100
124 124
146 146
142 142
190 190
175 175
110 110
185 185
177 177
155 155
103 103
162 162
133 133
130 130
114 114
165 165
159 159
129 129
105 105
112 112
176 176
187 187
135 135
194 194
141 141
113 113
183 183
166 166
163 163
182 182
