oUyBZvEHNPOWtAsHANHU eWGFHgdBASXJbxQbYrCG hNRcEeFjmsmOnuOdNAXl eqwycKZriorIAbsUBjxu MeohNnftDTzllMTGwxnG CCYBPFZgoOONzoEeTKzC JKNUHFrXPStBWMuUOVkj QFaSXENOfunmdZIBqDsS UMfDYlvFlUVuogMRkWNG QFaSXENOfunmdZIBqDsS eWVKeYegIFOJxvfRkjek OWCblOtQanZakRLMqMxz VVzvLIOwARaWwhQTKPrx UcwddMmmNJxPoUiuiyvm oMKDNkBacLxexXKHqXfF CcspnGXfrmzZRWjdMjLd XZRBuctXhYPbWardFSZS QMnEKXGwZYUlreveNjwA RoJsXhmBaCWhexsUOZgS JGmrlhNqKarRJZMikIzR gUlgGYCPZjsRiFLqnVun DsLevMWgWFWOQXFMbaQy znYRMYifzQwyixuIXDnz IuNNJvHSmYKpVBzmzuJX rqqedkokePZFdhDbMNpX hpQFeVriPZmwKZcYFAWN NBTlGJqSnWahMvuDlXAm ikjgYLaZRolSrbIYyKBd oUyBZvEHNPOWtAsHANHU
21
oUyBZvEHNPOWtAsHANHU oUyBZvEHNPOWtAsHANHU
eWGFHgdBASXJbxQbYrCG eWGFHgdBASXJbxQbYrCG
hNRcEeFjmsmOnuOdNAXl hNRcEeFjmsmOnuOdNAXl
eqwycKZriorIAbsUBjxu eqwycKZriorIAbsUBjxu cAvnOxZJtanpVvcAxJHM
MeohNnftDTzllMTGwxnG MeohNnftDTzllMTGwxnG
CCYBPFZgoOONzoEeTKzC CCYBPFZgoOONzoEeTKzC
JKNUHFrXPStBWMuUOVkj JKNUHFrXPStBWMuUOVkj
UMfDYlvFlUVuogMRkWNG UMfDYlvFlUVuogMRkWNG lPMfQyVLDIZczBuDgsVQ
eWVKeYegIFOJxvfRkjek eWVKeYegIFOJxvfRkjek
OWCblOtQanZakRLMqMxz OWCblOtQanZakRLMqMxz
VVzvLIOwARaWwhQTKPrx VVzvLIOwARaWwhQTKPrx
oMKDNkBacLxexXKHqXfF oMKDNkBacLxexXKHqXfF
CcspnGXfrmzZRWjdMjLd CcspnGXfrmzZRWjdMjLd
QMnEKXGwZYUlreveNjwA QMnEKXGwZYUlreveNjwA
gUlgGYCPZjsRiFLqnVun gUlgGYCPZjsRiFLqnVun
znYRMYifzQwyixuIXDnz znYRMYifzQwyixuIXDnz
IuNNJvHSmYKpVBzmzuJX IuNNJvHSmYKpVBzmzuJX NVPacTSrBMpDkMBotiWB
hpQFeVriPZmwKZcYFAWN hpQFeVriPZmwKZcYFAWN PojKKQvEDmFOnJinujFi
NBTlGJqSnWahMvuDlXAm NBTlGJqSnWahMvuDlXAm
rqqedkokePZFdhDbMNpX IUJDEWwYxhQimsCqnrFH
ikjgYLaZRolSrbIYyKBd CXrruomvXfADUrHxMwZi
