0 97 92 88 21 89 91 49 22 17 32 81 2 68 47 61 35 70 60 15 94 75 20 93 77 82 66 72 29 71 30 63 12 16 37 36 19 76 99 65 31 90 84 38 27 67 59 83 24 40 53 62 9 41 78 57 10 5 45 50 8 43 34 80 73 85 7 46 25 98 100 79 11 64 54 56 96 44 86 4 14 28 42 33 18 26 6 23 69 74 13 3 52 87 51 55 48 1 39 95 58 0
100
97 97
92 92
88 88
21 21
89 89
91 91
49 49
22 22
17 17
32 32
81 81
2 2
68 68
47 47
61 61
35 35
70 70
60 60
15 15
94 94
75 75
20 20
93 93
77 77
82 82
66 66
72 72
29 29
71 71
30 30
63 63
12 12
16 16
37 37
36 36
19 19
76 76
99 99
65 65
31 31
90 90
84 84
38 38
27 27
67 67
59 59
83 83
24 24
40 40
53 53
62 62
9 9
41 41
78 78
57 57
10 10
5 5
45 45
50 50
8 8
43 43
34 34
80 80
73 73
85 85
7 7
46 46
25 25
98 98
100 100
79 79
11 11
64 64
54 54
56 56
96 96
44 44
86 86
4 4
14 14
28 28
42 42
33 33
18 18
26 26
6 6
23 23
69 69
74 74
13 13
3 3
52 52
87 87
51 51
55 55
48 48
1 1
39 39
95 95
58 58
