LesLilas Pozzuoli Haripur Khulm Anjarah Oerlinghausen Belalcazar Pezinok Angleton Braila Bury PriegodeCordoba Turek MadinatHamad AinArnat Battambang PortoVelho Rhondda Mabopane Baramula Sorada Escada Mauban WestIslip Embu Tabou SenaMadureira Twante Rivas Espiye Shchekino Wangon EastLongmeadow Gowurdak Hangu Daokou Sosnovka HaciendaLaCalera KotRadhaKishan Izhevsk Ibirataia Hirosaki TagbilaranCity MineralnyeVody AshtonunderLyne Fujieda Kaifeng Butuan Acireale Ontinyent Vyazniki Skelmersdale FortWorth Langenhorn Arzamas Shimofurano Prostejov Vaniyambadi Yafo Shieli Mocoa Fuxin Nagar FetestiGara Garbsen Sobue SenadorPompeu Haora SaintCyrlEcole SantanadoLivramento CapimGrosso MonteAlegre Kambove ChalcodeDiazCovarrub BlueIsland Kotka NoblePark SanJuandelaMaguana Andrychow GuaMusang Lloydminster SpanishTown Kineshma Gunzenhausen SouthSaintPaul Kemise Shurugwi Manacapuru Gorgan NahiyatashShinafiyah Korsakov GongdanglegiKulon VillaPauladeSarmient NorthAurora Aracuai Zhaodong Arang Akcaabat Acarau Morwa Ortaca Itororo Wenchi Johnston Kairouan AinBessem LesLilas
100
Pozzuoli Pozzuoli
Haripur Haripur
Khulm Khulm
Anjarah Anjarah
Oerlinghausen Oerlinghausen
Belalcazar Belalcazar
Pezinok Pezinok
Angleton Angleton
Braila Braila
Bury Bury
PriegodeCordoba PriegodeCordoba
Turek Turek
MadinatHamad MadinatHamad
AinArnat AinArnat
Battambang Battambang
PortoVelho PortoVelho
Rhondda Rhondda
Mabopane Mabopane
Baramula Baramula
Sorada Sorada
Escada Escada
WestIslip WestIslip
Embu Embu
Tabou Tabou
SenaMadureira SenaMadureira
Twante Twante
Rivas Rivas
Espiye Espiye
Shchekino Shchekino
Wangon Wangon
EastLongmeadow EastLongmeadow
Gowurdak Gowurdak
Hangu Hangu
Daokou Daokou
Sosnovka Sosnovka
HaciendaLaCalera HaciendaLaCalera
KotRadhaKishan KotRadhaKishan
Izhevsk Izhevsk
Ibirataia Ibirataia
Hirosaki Hirosaki
TagbilaranCity TagbilaranCity
MineralnyeVody MineralnyeVody
AshtonunderLyne AshtonunderLyne
Kaifeng Kaifeng
Butuan Butuan
Acireale Acireale
Ontinyent Ontinyent
Vyazniki Vyazniki
Skelmersdale Skelmersdale
FortWorth FortWorth
Langenhorn Langenhorn
Arzamas Arzamas
Shimofurano Shimofurano
Prostejov Prostejov
Vaniyambadi Vaniyambadi
Yafo Yafo
Shieli Shieli
Mocoa Mocoa
Fuxin Fuxin
Nagar Nagar
FetestiGara FetestiGara
Garbsen Garbsen
Sobue Sobue
SenadorPompeu SenadorPompeu
Haora Haora
SaintCyrlEcole SaintCyrlEcole
SantanadoLivramento SantanadoLivramento
CapimGrosso CapimGrosso
MonteAlegre MonteAlegre
Kambove Kambove
ChalcodeDiazCovarrub ChalcodeDiazCovarrub
BlueIsland BlueIsland
Kotka Kotka
NoblePark NoblePark
SanJuandelaMaguana SanJuandelaMaguana
Andrychow Andrychow
GuaMusang GuaMusang
Lloydminster Lloydminster
SpanishTown SpanishTown
Kineshma Kineshma
Gunzenhausen Gunzenhausen
SouthSaintPaul SouthSaintPaul
Kemise Kemise
Shurugwi Shurugwi
Manacapuru Manacapuru
Gorgan Gorgan
NahiyatashShinafiyah NahiyatashShinafiyah
Korsakov Korsakov
VillaPauladeSarmient VillaPauladeSarmient
Aracuai Aracuai
Zhaodong Zhaodong
Akcaabat Akcaabat
Acarau Acarau
Morwa Morwa
Ortaca Ortaca
Itororo Itororo
Wenchi Wenchi
Johnston Johnston
Kairouan Kairouan
AinBessem AinBessem
