0 9 156 18 150 185 196 135 176 199 158 148 145 173 153 154 198 194 130 149 165 192 179 139 143 175 142 151 166 20 184 137 136 134 138 187 171 195 20 182 174 157 18 164 197 146 133 144 193 131 162 186 159 191 183 168 2 0
53
156 156
150 150
185 185
196 196
135 135
176 176
199 199
158 158
148 148
145 145
173 173
153 153
154 154
198 198
194 194
130 130
149 149
165 165
192 192
179 179
139 139
143 143
175 175
142 142
151 151
166 166
184 184
137 137
136 136
134 134
138 138
187 187
171 171
195 195
182 182
174 174
157 157
164 164
197 197
146 146
133 133
144 144
193 193
131 131
162 162
186 186
159 159
191 191
183 183
168 168
18 161 141 160 152 163 132 147 140 155
20 188 189 167 170 181 172 180 190 169 177
2 178
