2 17 139 11 91 181 169 199 161 29 131 27 35 63 36 59 109 175 87 7 151 99 105 10 39 95 15 41 83 157 79 21 167 107 155 5 47 3 185 129 191 145 103 61 23 77 187 125 51 1 149 153 147 1 127 4 177 193 28 13 38 165 65 31 93 53 81 37 189 45 121 143 159 25 173 8 163 52 197 71 195 113 69 135 97 43 85 111 133 137 89 34 67 123 101 33 55 19 171 183 115 75 57 119 73 49 179 9 2
100
17 17
139 139
11 11
91 91
181 181
169 169
199 199
161 161
29 29
131 131
27 27
35 35
63 63
59 59
109 109
175 175
87 87
7 7
151 151
99 99
105 105
39 39
95 95
15 15
41 41
83 83
157 157
79 79
21 21
167 167
107 107
155 155
5 5
47 47
3 3
185 185
129 129
191 191
145 145
103 103
61 61
23 23
77 77
187 187
125 125
51 51
1 1
149 149
153 153
147 147
127 127
177 177
193 193
13 13
165 165
65 65
31 31
93 93
53 53
81 81
37 37
189 189
45 45
121 121
143 143
159 159
25 25
173 173
163 163
197 197
71 71
195 195
113 113
69 69
135 135
97 97
43 43
85 85
111 111
133 133
137 137
89 89
67 67
123 123
101 101
33 33
55 55
19 19
171 171
183 183
115 115
75 75
57 57
119 119
73 73
49 49
179 179
9 9
36 141
38 117
