S 4M 4Fa 4M 4Ea 4Ed 4Ea 4Ec 4Ea 4M 4Da 4M 4Ca 4Cb 4Cc 4Cb 4Ca 4M 4Aa 4Ab 4Af 4Ag 4Af 4M 4Bf 4Ba 4M S 3M 3Fa 3M 3Ea 3Ed 3Ea 3Ec 3Ea 3M 3Da 3M 3Ca 3Cb 3Cc 3Cb 3Ca 3M 3Aa 3Ab 3Af 3Ag 3Af 3M 3Bf 3Ba 3M S 2M 2Fa 2M 2Ea 2Ed 2Ea 2Ec 2Ea 2M 2Da 2M 2Ca 2Cb 2Cc 2Cb 2Ca 2M 2Aa 2Ab 2Af 2Ag 2Af 2M 2Bf 2Ba 2M S 1M 1Fa 1M 1Ea 1Ed 1Ea 1Ec 1Ea 1M 1Da 1M 1Ca 1Cb 1Cc 1Cb 1Ca 1M 1Aa 1Ab 1Af 1Ag 1Af 1M 1Bf 1Ba 1M S
52
4Ca 4Ca
4Cb 4Cb
4Cc 4Cc 4Cd
4Aa 4Aa
4Ab 4Ab 4Ae 4Ad 4Ac
4Ag 4Ag 4Aj 4Ai 4Ah
4Bf 4Bf 4Bj 4Bi
3Ca 3Ca
3Cb 3Cb
3Cc 3Cc 3Cd
3Aa 3Aa
3Ab 3Ab 3Ae 3Ad 3Ac
3Ag 3Ag 3Aj 3Ai 3Ah
3Bf 3Bf 3Bj 3Bi
2Ca 2Ca
2Cb 2Cb
2Cc 2Cc 2Cd
2Aa 2Aa
2Ab 2Ab 2Ae 2Ad 2Ac
2Ag 2Ag 2Aj 2Ai 2Ah
2Bf 2Bf 2Bj 2Bi
1Ca 1Ca
1Cb 1Cb
1Cc 1Cc 1Cd
1Aa 1Aa
1Ab 1Ab 1Ae 1Ad 1Ac
1Ag 1Ag 1Aj 1Ai 1Ah
1Bf 1Bf 1Bj 1Bi
4Fa 4Fe
4Ea 4Ee
4Ed 4Ek
4Ec 4Ei 4Eh
4Da 4De 4Dd
4Ba 4Bb
3Fa 3Fe
3Ea 3Ee
3Ed 3Ek
3Ec 3Ei 3Eh
3Da 3De 3Dd
3Ba 3Bb
2Fa 2Fe
2Ea 2Ee
2Ed 2Ek
2Ec 2Ei 2Eh
2Da 2De 2Dd
2Ba 2Bb
1Fa 1Fe
1Ea 1Ee
1Ed 1Ek
1Ec 1Ei 1Eh
1Da 1De 1Dd
1Ba 1Bb
