0 49 50 46 52 53 51 57 58 56 61 64 65 61 62 63 61 67 66 72 73 71 76 80 79 76 81 86 91 94 95 91 92 93 91 86 81 83 82 81 76 71 72 66 68 67 61 56 57 51 52 46 47 48 46 41 45 44 41 43 42 41 36 39 40 36 31 33 32 26 27 28 26 21 23 22 16 19 20 16 18 17 16 11 6 1 0
48
49 49
50 50
53 53
57 57
58 58
64 64
65 65
62 62
63 63
67 67
72 72
73 73
80 80
79 79
94 94
95 95
92 92
93 93
83 83
82 82
68 68
47 47
48 48
45 45
44 44
43 43
42 42
39 39
40 40
33 33
27 27
28 28
23 23
19 19
20 20
18 18
17 17
51 54
76 78
86 88 89
81 84
66 70
36 38
31 34
21 25
11 15
6 9
1 3 4
