0 1 6 11 13 12 11 16 21 24 25 21 26 30 29 26 32 33 31 34 35 31 37 38 36 42 41 46 47 48 46 51 52 53 51 57 58 56 59 60 56 61 65 64 61 63 62 61 66 71 75 74 71 72 73 71 76 79 80 76 81 83 82 81 87 86 92 93 91 95 94 91 96 99 100 96 97 98 96 101 102 103 101 105 104 101 106 108 107 106 112 113 111 116 121 127 128 126 130 129 126 131 136 139 140 136 137 138 136 141 142 143 141 145 144 141 146 151 152 153 151 156 162 163 161 165 164 161 167 166 170 169 166 171 176 180 179 176 181 184 185 181 186 192 193 191 196 197 198 0
96
13 13
12 12
24 24
25 25
30 30
29 29
32 32
33 33
34 34
35 35
38 38
42 42
47 47
48 48
52 52
53 53
58 58
59 59
60 60
65 65
64 64
63 63
62 62
75 75
74 74
72 72
73 73
79 79
80 80
83 83
82 82
93 93
95 95
94 94
99 99
100 100
97 97
98 98
102 102
103 103
105 105
104 104
108 108
107 107
112 112
113 113
127 127
128 128
130 130
129 129
139 139
140 140
137 137
138 138
142 142
143 143
145 145
144 144
152 152
153 153
162 162
163 163
165 165
164 164
170 170
169 169
180 180
179 179
184 184
185 185
192 192
193 193
1 3
6 7
11 14
16 19 17
21 22
26 27
36 39
41 44
66 70 68
76 78
81 87 84
86 90
106 109
111 114
116 118
121 122
131 135
146 149
151 155
156 159
171 173
181 183
186 187 189
191 195
