BY5DUgv6 m0ciW6Mx QeSUIsQ1 hc6YxxqG gd207oOq aPSEsY2w E85AysUp Rv8rDvqp 1cr6aFpX PagRRYIg nKZTEeUl YLp2gziD 8tOszPqV H8eN9fj5 lvlSObqb CrvusN6e HEJxX3gA 87yhsuRE 9IHe97Yy HXMHfRTC iT0t8noc UmgiH1K9 NL9qZEp0 GVK6CciB AMieum8U rGjz0gOd S9dNuWxm NL9qZEp0 ucMA0iSv R4zDiMu3 0zB29H2A OpfVa1HT 8KVhuJvd Ym8LPSnY FPDwKJIj q1vN3eei g5YhtPSt 8ni5D4t7 WlxPulQd JMul31yq 7IV7YjRX mjMe14fC yqX5KOVJ xTHVuNZl UfRMeyI7 mXjWiYol o1w8sSXK gbolqDJc 6nj6dyOK K3J88UDV 1aJdK4y9 xULc5Xg4 2og9s1wD sR6JAufL 8e8OWOIi 6GJHoNdy B0wYReom 2mQchaeu Af1jBIly UQ4QaUHy BY5DUgv6
46
QeSUIsQ1 QeSUIsQ1
hc6YxxqG hc6YxxqG
gd207oOq gd207oOq
aPSEsY2w aPSEsY2w rZiSDNtK
Rv8rDvqp Rv8rDvqp
1cr6aFpX 1cr6aFpX
PagRRYIg PagRRYIg
nKZTEeUl nKZTEeUl
8tOszPqV 8tOszPqV
lvlSObqb lvlSObqb
CrvusN6e CrvusN6e
HEJxX3gA HEJxX3gA
9IHe97Yy 9IHe97Yy
iT0t8noc iT0t8noc
UmgiH1K9 UmgiH1K9
NL9qZEp0 NL9qZEp0
AMieum8U AMieum8U
rGjz0gOd rGjz0gOd
S9dNuWxm S9dNuWxm ayFODfwg
ucMA0iSv ucMA0iSv
R4zDiMu3 R4zDiMu3
0zB29H2A 0zB29H2A
OpfVa1HT OpfVa1HT
FPDwKJIj FPDwKJIj
q1vN3eei q1vN3eei c9Hgvc9w
g5YhtPSt g5YhtPSt
8ni5D4t7 8ni5D4t7
WlxPulQd WlxPulQd
JMul31yq JMul31yq
7IV7YjRX 7IV7YjRX
yqX5KOVJ yqX5KOVJ
xTHVuNZl xTHVuNZl tDh0gTYH
UfRMeyI7 UfRMeyI7
mXjWiYol mXjWiYol
o1w8sSXK o1w8sSXK
gbolqDJc gbolqDJc
6nj6dyOK 6nj6dyOK
K3J88UDV K3J88UDV
1aJdK4y9 1aJdK4y9
xULc5Xg4 xULc5Xg4
sR6JAufL sR6JAufL
8e8OWOIi 8e8OWOIi
B0wYReom B0wYReom
2mQchaeu 2mQchaeu
Af1jBIly Af1jBIly
UQ4QaUHy H2BV5cDz
