ZtfcEeD9 6MPulFAv nFqouQp3 6MPulFAv 4pgwpiHi CxnbNU8s eJJL3lWa YWqBlkAs 43ehQX6O zvH4AKmS gmal2HHS kMauNR5Y iF2sCG7R B65DnegI xzWL2Pp8 IZjIq9He RjDUex61 lqKnzPvP ZS8CQaI7 mlHu9OVg aWGQETjI gKOyNQPh BOlNhFGU o4xf7nVd ZCQYXo7t FgxkC8N1 CIF8DWXL BkhTgoaJ W7b2i2pG PMzcqvQL IdGLl1to WvzZeqnS 04vrMVdi c6ZWTltk L5pBwvut FGbFUcoj poaWnZDO 80BwLCcj kTn5Wdms xRPgtW5C VDai7XkI Q7hUKAHQ 1Xrx7hj3 NSdaWdL7 dzvtjag1 U7cZo0h2 Zy3im4wi 9FVeC0va mSd4Nw6v 7Xy44hse 7czjmzr9 91Uq51QB m9MRh7a0 JfDq1Cs2 tCAdUY4B iJuLSUhp WOCLylig ZmF2u9Cy mrK2EXuk ca785uLx EB4WBsTV VDai7XkI 3MYamZSb cZyhnB0I Pz0LLMil hBRDGWam 9OV097CE 2KepLMXB n7VUygaC aSd01nMZ 3L2NkWiR zpLQ0R0G RleTQaHw oECxPSEB gX4kBNm4 CBKWpDQv y7NjqOqM 8LVjFaQv ijk5cHsH 1dr1nBQ7 Ah46Ofm8 fa3ra0T7 GZiGmLq9 FdbcCrtB PLFYaVF6 qnVestAH NgGjr3Ik Rd2M5nw8 X4DALK1Z REvLgkhf eF0ueRyu dB8nWjnw 1gtWVzKV xkCjqYXa Tb8W969R 7P5zi9hu yRH0nOtz bJ22zvWV WPOgjVLu jKNn1ZQ1 NpH6Hpsr AmaYXBsi 0MyIUMFM n0riP8Jl w0QWGw2L xI4hMIxA J2tz5Jy2 LvdUl8D5 J2tz5Jy2 8Rfeklr1 eFJgi8X6 sFR9mcaG uYGlfCi2 1FIjcsO2 ntaFp6yn VqqukjeY EAWv9kfQ wZJN4OBT HTyyntxa yptfWPBC aDGqWHym 4FNIiWtX Fj27Gybu WOQy49Fo TNblhkGK bKTzHQn4 FqE4GP0Y VgwgAKMz KbQF6Z1I KZzTlcqA 7VEdC8Bn uEOMgmS6 lWuh5cH8 lwKMUcFL ZtfcEeD9
91
ZtfcEeD9 ZtfcEeD9
nFqouQp3 nFqouQp3 rbWYBihd
CxnbNU8s CxnbNU8s
YWqBlkAs YWqBlkAs
43ehQX6O 43ehQX6O
zvH4AKmS zvH4AKmS
kMauNR5Y kMauNR5Y
B65DnegI B65DnegI
xzWL2Pp8 xzWL2Pp8
RjDUex61 RjDUex61
lqKnzPvP lqKnzPvP
ZS8CQaI7 ZS8CQaI7
mlHu9OVg mlHu9OVg
aWGQETjI aWGQETjI
gKOyNQPh gKOyNQPh
BOlNhFGU BOlNhFGU
o4xf7nVd o4xf7nVd 62Mn9lau
CIF8DWXL CIF8DWXL
W7b2i2pG W7b2i2pG
PMzcqvQL PMzcqvQL
IdGLl1to IdGLl1to
04vrMVdi 04vrMVdi
FGbFUcoj FGbFUcoj
poaWnZDO poaWnZDO
kTn5Wdms kTn5Wdms
xRPgtW5C xRPgtW5C
Q7hUKAHQ Q7hUKAHQ
NSdaWdL7 NSdaWdL7 SG64DwCC
dzvtjag1 dzvtjag1
U7cZo0h2 U7cZo0h2 wusYsf5E
mSd4Nw6v mSd4Nw6v
7Xy44hse 7Xy44hse
91Uq51QB 91Uq51QB
JfDq1Cs2 JfDq1Cs2
tCAdUY4B tCAdUY4B
WOCLylig WOCLylig
mrK2EXuk mrK2EXuk
ca785uLx ca785uLx
EB4WBsTV EB4WBsTV
3MYamZSb 3MYamZSb
Pz0LLMil Pz0LLMil
hBRDGWam hBRDGWam
2KepLMXB 2KepLMXB
aSd01nMZ aSd01nMZ
zpLQ0R0G zpLQ0R0G
RleTQaHw RleTQaHw
gX4kBNm4 gX4kBNm4
CBKWpDQv CBKWpDQv
y7NjqOqM y7NjqOqM svPb07cv
8LVjFaQv 8LVjFaQv
ijk5cHsH ijk5cHsH
1dr1nBQ7 1dr1nBQ7
fa3ra0T7 fa3ra0T7
FdbcCrtB FdbcCrtB
PLFYaVF6 PLFYaVF6
qnVestAH qnVestAH
Rd2M5nw8 Rd2M5nw8 OJgw7XgR
X4DALK1Z X4DALK1Z
eF0ueRyu eF0ueRyu
1gtWVzKV 1gtWVzKV
Tb8W969R Tb8W969R
7P5zi9hu 7P5zi9hu
yRH0nOtz yRH0nOtz
bJ22zvWV bJ22zvWV
jKNn1ZQ1 jKNn1ZQ1 CGddIqkC
NpH6Hpsr NpH6Hpsr
AmaYXBsi AmaYXBsi
0MyIUMFM 0MyIUMFM
w0QWGw2L w0QWGw2L
J2tz5Jy2 J2tz5Jy2
LvdUl8D5 LvdUl8D5 d5gzYuse
8Rfeklr1 8Rfeklr1
eFJgi8X6 eFJgi8X6
sFR9mcaG sFR9mcaG
ntaFp6yn ntaFp6yn
EAWv9kfQ EAWv9kfQ
wZJN4OBT wZJN4OBT
HTyyntxa HTyyntxa
yptfWPBC yptfWPBC
aDGqWHym aDGqWHym
Fj27Gybu Fj27Gybu
TNblhkGK TNblhkGK
FqE4GP0Y FqE4GP0Y Wznv2rRv
VgwgAKMz VgwgAKMz
KZzTlcqA KZzTlcqA
lWuh5cH8 lWuh5cH8
4pgwpiHi miUcr0K7
ZCQYXo7t 8avKqSxh
WvzZeqnS O5yBujnu
9FVeC0va ciNFdHxl
VDai7XkI uMuBYvMK
