yqRn7pcv i4M5A6hw 1JmiRMy2 fsgAjhrq hC2ZPbzA Wvomb2LC 2XMfF8YA Tv0Ngo2a lRFv66dO uzY67sfN hcJG54h4 6XOrbPEm 5Zo9R33z 7xyYvlir rKjRBwvM LQU5lyru mB6fiF0u rJm7nPd7 o5fxSomz mmiVeCrf XlaUIvCb ne5PzSYX zcy1X765 RKTqv0lO xaYYL0Xr yqRn7pcv
25
yqRn7pcv yqRn7pcv
i4M5A6hw i4M5A6hw
1JmiRMy2 1JmiRMy2
fsgAjhrq fsgAjhrq
hC2ZPbzA hC2ZPbzA
Wvomb2LC Wvomb2LC
2XMfF8YA 2XMfF8YA
Tv0Ngo2a Tv0Ngo2a
lRFv66dO lRFv66dO
uzY67sfN uzY67sfN
hcJG54h4 hcJG54h4
6XOrbPEm 6XOrbPEm
5Zo9R33z 5Zo9R33z
7xyYvlir 7xyYvlir
rKjRBwvM rKjRBwvM
LQU5lyru LQU5lyru
mB6fiF0u mB6fiF0u
rJm7nPd7 rJm7nPd7
o5fxSomz o5fxSomz
mmiVeCrf mmiVeCrf
XlaUIvCb XlaUIvCb
ne5PzSYX ne5PzSYX
zcy1X765 zcy1X765
RKTqv0lO RKTqv0lO
xaYYL0Xr xaYYL0Xr
