74 8 42 13 0 22 9 62 3 63 61 53 5 36 11 12 40 59 58 55 49 27 10 1 60 41 64 34 20 24 30 44 16 18 37 35 33 4 23 14 56 26 51 29 19 46 6 2 50 65 52 48 54 17 45 43 57 25 32 28 39 21 38 47 15 7 31 74
66
8 8
42 42
13 13
0 0
22 22
9 9
62 62
3 3
63 63
61 61
53 53
5 5
36 36
11 11
12 12
40 40
59 59
58 58
55 55
49 49
27 27
10 10
1 1
60 60
41 41
64 64
34 34
20 20
24 24
30 30
44 44
16 16
18 18
37 37
35 35
33 33
4 4
23 23
14 14
56 56
26 26
51 51
29 29
19 19
46 46
6 6
2 2
50 50
65 65
52 52
48 48
54 54
17 17
45 45
43 43
57 57
25 25
32 32
28 28
39 39
21 21
38 38
47 47
15 15
7 7
31 31
