Dannemora Fabius Fonda Fleischmanns Hamburg Flower Oceanside Gasport Falconer Gardiner Friendship Harrison Herricks Delmar Germantown Deferiet Fishers Forest Norwich Franklinville Dansville Delevan Galeville Fishkill Davis Forestville Freeport Ghent Depauville Fredonia Harbor Hewlett Fairview Geneva Fairport Fulton Dexter Fairmount DeRuyter Frankfort Flanders Goshen Franklin Delhi Freeville Farnham Florida Deer Delanson Dunkirk Frewsburg Farmingville Highland Firthcliffe Earlville Fire Dannemora
49
Fabius Fabius
Fonda Fonda
Fleischmanns Fleischmanns
Flower Flower
Gasport Gasport
Falconer Falconer
Gardiner Gardiner
Friendship Friendship
Delmar Delmar
Germantown Germantown
Deferiet Deferiet
Fishers Fishers
Forest Forest
Franklinville Franklinville
Dansville Dansville
Delevan Delevan
Galeville Galeville
Fishkill Fishkill
Davis Davis
Forestville Forestville
Freeport Freeport
Ghent Ghent
Depauville Depauville
Fredonia Fredonia
Fairview Fairview
Geneva Geneva Depew
Fairport Fairport
Fulton Fulton
Dexter Dexter
Fairmount Fairmount
DeRuyter DeRuyter
Frankfort Frankfort
Flanders Flanders
Franklin Franklin
Delhi Delhi
Freeville Freeville
Farnham Farnham
Florida Florida
Deer Deer
Delanson Delanson
Dunkirk Dunkirk
Frewsburg Frewsburg
Farmingville Farmingville
Firthcliffe Firthcliffe
Earlville Earlville
Fire Fire
Oceanside Fair
Herricks Deposit
Harbor Fayetteville
