6 4 6 5 6 13 20 27 34 33 34 41 40 41 48 47 48 55 53 55 62 69 76 83 82 83 81 83 76 69 68 69 67 69 62 55 54 55 48 46 48 41 34 27 25 27 20 19 20 13 12 13 6 195 193 195 188 181 174 172 174 167 160 153 152 153 146 145 146 139 137 139 132 131 132 125 124 125 118 117 118 116 118 111 109 111 104 103 104 97 90 89 90 97 96 97 95 97 104 111 118 125 123 125 132 130 132 139 138 139 146 144 146 153 151 153 160 158 160 167 165 167 174 181 180 181 188 186 188 187 188 195 6
56
6 6
27 27
41 41 39
47 47 44
53 53 50
62 62 61 60
69 69
76 76 75 74
83 83
25 25 22
19 19 17
12 12 10
181 181 179
174 174
172 172 169
160 160
145 145 142
124 124 122
116 116 112
103 103 101 100
90 90 88
96 96 94
165 165 161
186 186 182
4 1
5 2
33 31 30
40 38
82 80
81 77
68 65
67 64
54 51
46 43
34 32
20 18
13 11
195 194
193 190 189
152 150 149
137 133 134
131 129 128
117 115
109 106 105
111 110
89 87
95 91
123 120
130 126
138 136
144 140
151 148
158 155 154
167 166
180 177
187 184
