0 11 12 13 4 3 24 15 6 17 8 19 28 27 26 35 45 36 58 47 46 55 56 57 66 76 77 87 89 119 139 149 138 147 157 167 156 155 143 132 150 151 161 162 173 172 171 180 192 193 184 175 174 185 186 196 188 178 168 158 159 148 137 126 135 124 115 105 94 84 73 82 80 90 91 92 111 112 123 114 104 95 107 85 75 64 63 54 43 33 22 31 40 51 62 52 30 20 0
97
11 11
12 12
13 13
4 4
3 3
24 24
15 15
6 6
17 17
8 8
19 19
28 28
27 27
26 26
35 35
45 45
36 36
58 58
47 47
46 46
55 55
56 56
57 57
66 66
76 76
77 77
87 87
89 89
119 119
139 139
149 149
138 138
147 147
157 157
167 167
156 156
155 155
143 143
132 132
150 150
151 151
161 161
162 162
173 173
172 172
171 171
180 180
192 192
193 193
184 184
175 175
174 174
185 185
186 186
196 196
188 188
178 178
168 168
158 158
159 159
148 148
137 137
126 126
135 135
124 124
115 115
105 105
94 94
84 84
73 73
82 82
80 80
90 90
91 91
92 92
111 111
112 112
123 123
114 114
104 104
95 95
107 107
85 85
75 75
64 64
63 63
54 54
43 43
33 33
22 22
31 31
40 40
51 51
62 62
52 52
30 30
20 20
