Loc2 Loc73 Loc92 Loc2 Loc27 Loc34 Loc58 Loc6 Loc22 Loc91 Loc2 Loc64 Loc17 Loc53 Loc40 Loc8 Loc2 Loc3 Loc74 Loc82 Loc2 Loc32 Loc9 Loc71 Loc26 Loc21 Loc7 Loc0 Loc7 Loc21 Loc35 Loc14 Loc80 Loc2 Loc13 Loc43 Loc60 Loc24 Loc1 Loc19 Loc46 Loc11 Loc86 Loc52 Loc75 Loc54 Loc66 Loc67 Loc28 Loc41 Loc2
42
Loc73 Loc73
Loc92 Loc92
Loc27 Loc27
Loc34 Loc34
Loc58 Loc58
Loc6 Loc6
Loc22 Loc22
Loc91 Loc91
Loc64 Loc64
Loc17 Loc17
Loc53 Loc53
Loc40 Loc40
Loc8 Loc8
Loc3 Loc3
Loc74 Loc74
Loc82 Loc82
Loc32 Loc32
Loc9 Loc9
Loc71 Loc71
Loc26 Loc26
Loc0 Loc0 Loc48
Loc35 Loc35
Loc14 Loc14
Loc80 Loc80
Loc13 Loc13
Loc43 Loc43
Loc60 Loc60
Loc24 Loc24
Loc1 Loc1
Loc19 Loc19
Loc46 Loc46
Loc11 Loc11
Loc86 Loc86
Loc52 Loc52
Loc75 Loc75
Loc54 Loc54
Loc66 Loc66
Loc67 Loc67
Loc28 Loc28
Loc41 Loc41
Loc2 Loc90 Loc16 Loc45 Loc56 Loc77 Loc4 Loc10
Loc21 Loc15 Loc7
