pace honor nationalist shy title sunrise seize due guarantee king banana figure understand paper deposit circulation output thumb enhance dough enhance legislation sign tolerate forge winner solve prison dialogue tool glasses autonomy enter mystery approval other swear tablet cigarette demand pain injury disclose class exclusive buffet mature headline quality throne imposter fortune page lake rob bitter respect financial voice pace
48
honor honor
nationalist nationalist
shy shy
title title
sunrise sunrise
seize seize
guarantee guarantee
king king
figure figure
paper paper
circulation circulation
output output
thumb thumb
enhance enhance
dough dough linger
legislation legislation
sign sign
tolerate tolerate
winner winner
prison prison
tool tool
glasses glasses
autonomy autonomy
enter enter
mystery mystery
other other
swear swear
tablet tablet
cigarette cigarette
demand demand
pain pain
injury injury
class class
exclusive exclusive dip
buffet buffet
headline headline
quality quality
throne throne
imposter imposter
page page
lake lake
rob rob
bitter bitter
financial financial
voice voice
forge vegetarian
dialogue likely
mature brake
