pace other likely viable atmosphere rent swear coast forge confrontation development native mature page nationalist acceptance assume railcar tool liver ignore shiver structure throne respect chair mixture mercy financial injection pardon vegetarian exclusive dip opposed dramatic exempt buffet election lifestyle cotton paper autonomy quality boom winner virgin profound view dive coincide identity straighten pig pier bleed environment interface electronics swop joystick bowel brake headline smile drawer chew curriculum bleed pier interactive error widen banana driver imposter tablet note deter linger dough physics linger decisive greeting begin lake write feature demand injury flag home dialogue rage bitter coffin attraction excuse teacher ex spoil desk enemy illusion joint single country triple candle ask quadruple other pace
89
pace pace
other other
likely likely comfortable
viable viable
atmosphere atmosphere
rent rent
swear swear
coast coast
forge forge
confrontation confrontation
development development skeleton
native native
mature mature
page page
acceptance acceptance
railcar railcar
tool tool
liver liver
ignore ignore due audience
shiver shiver
structure structure
throne throne
respect respect
chair chair
mercy mercy
financial financial
injection injection
pardon pardon
exclusive exclusive
dip dip
exempt exempt
buffet buffet pipe
election election
lifestyle lifestyle
cotton cotton
autonomy autonomy
boom boom
virgin virgin
profound profound
dive dive
coincide coincide
identity identity
straighten straighten
pig pig
environment environment
interface interface
electronics electronics
swop swop
bowel bowel
headline headline
smile smile
drawer drawer
curriculum curriculum
interactive interactive
error error
widen widen
driver driver
imposter imposter
tablet tablet
note note
deter deter thumb
dough dough
physics physics
decisive decisive
greeting greeting
begin begin
feature feature
injury injury
flag flag
home home
rage rage
coffin coffin
attraction attraction guarantee
excuse excuse
teacher teacher
spoil spoil
enemy enemy stress control
illusion illusion
country country knot
triple triple
candle candle
ask ask
quadruple quadruple
vegetarian market exile
winner assignment
brake scheme
chew offset
demand rob
joint output
