pace exclusive throne view prison enter thumb guarantee page king likely market mixture injury skeleton deposit approval tablet gate excuse due audience headline brake nationalist pace
22
throne throne
enter enter
guarantee guarantee
page page
king king
likely likely circulation
market market
mixture mixture
injury injury
skeleton skeleton
deposit deposit
approval approval
gate gate
excuse excuse
audience audience
headline headline
brake brake opposed
nationalist nationalist feature
exclusive output
prison honor
thumb exempt
due voice
