9iIwk ChXAd 1eRkH h2rea 0mah3 rrNj1 Esl6u fS0W8 k64Ok BnAjj ZgtaX JgjFI iCgvV veOJ7 ZgtaX pXCjI k6V9L vrNke 5ioW1 bXinH XZKtP Be0ab 5ioW1 YH6mk Y7IDR YH6mk tnjfN AgYPL WJNpN 5VT1H 1pxZM 1uRw3 Ri2t4 y89SK 1uRw3 jAwQw knY3U vE0Pj WGJpQ aHGHb kmzhT RhUVQ QVYVG LZomt Ew56P jYfXn MA43U ZzWHp Mj2eQ iEXNY 0GdkR oqPYQ jASvw 1xmtC XYzcU jT5CK qkJ6b 1xmtC 5R5Xa 9iIwk
45
9iIwk 9iIwk
ChXAd ChXAd
1eRkH 1eRkH
h2rea h2rea
fS0W8 fS0W8 p9vQm
BnAjj BnAjj
ZgtaX ZgtaX Vake4
JgjFI JgjFI
iCgvV iCgvV
veOJ7 veOJ7
pXCjI pXCjI
5ioW1 5ioW1
bXinH bXinH
XZKtP XZKtP dw7aX
Be0ab Be0ab
YH6mk YH6mk
Y7IDR Y7IDR 4a0W8
tnjfN tnjfN
AgYPL AgYPL
5VT1H 5VT1H
1pxZM 1pxZM
1uRw3 1uRw3
Ri2t4 Ri2t4
y89SK y89SK
jAwQw jAwQw
vE0Pj vE0Pj
WGJpQ WGJpQ
aHGHb aHGHb
kmzhT kmzhT
RhUVQ RhUVQ
LZomt LZomt
jYfXn jYfXn
ZzWHp ZzWHp
Mj2eQ Mj2eQ
iEXNY iEXNY
0GdkR 0GdkR
oqPYQ oqPYQ
jASvw jASvw
1xmtC 1xmtC
XYzcU XYzcU
jT5CK jT5CK 5BDPJ
qkJ6b qkJ6b
5R5Xa 5R5Xa
QVYVG 7G74f
Ew56P SgDk6
