HAZtD 6gp0A kPB79 z82fM EyMEe bW6Ms vfAR8 X2hjX UqGfS iqOI4 mJExt cC0Rg gpbSj u60s4 Zxvdf zcuSA 4PSW9 zcuSA jyRQW Xqwfz pLg86 7kY28 fiXIW URrao 7kY28 IOpdQ Zok18 1VA1I BaYb3 SxklZ 0moVI HAKlt Pk19A OWqP4 6owsT iimZq qz2Of 8Qx0C iPRoT Q8lcd GaZ4O H1xt8 o2JtM DuU0x e7SjH E6pda xKTIz RkCLD SfSL1 bMhFI lF8gH CHx6u rmW0U GrnJ7 v9joy UbqWX iaaYU GrnJ7 iIQll Vg6Sz 4jcrD DmTRc 3JtxZ 5EAEu sU69u 2GCiD 0FMEI R6NzB ZKvNM iHR3J fWz4T EgumV ox9Gx 69WZh zrVPv wedr3 69WZh jesVt 4AhmX cu5FB 93R2m C4biR aegld TlJnt O8CwF uPUO1 DaieK p3gJd 15wtn Mm2U8 v7hOX SEkfX b9v0q eVDVP Ia6ul VG4na Agb0E WVEjT wVSYr fExZu 2zHfe AwFdf kNG2j acHTt cpzS8 rH3nx 1gvq4 GxQg8 lJnz7 1gvq4 aWuHk 3NU9e CXkxa ED9em CXkxa RN9nS F7CZj iKwe0 J0OP0 Cg1yP wnnBN 4Eg1F HAZtD
91
z82fM z82fM
bW6Ms bW6Ms
vfAR8 vfAR8
X2hjX X2hjX
UqGfS UqGfS Ssao4 NqBQW
iqOI4 iqOI4
cC0Rg cC0Rg
gpbSj gpbSj
u60s4 u60s4
Zxvdf Zxvdf
zcuSA zcuSA
pLg86 pLg86
7kY28 7kY28
fiXIW fiXIW
URrao URrao
IOpdQ IOpdQ
Zok18 Zok18
1VA1I 1VA1I
BaYb3 BaYb3
SxklZ SxklZ VESmp
0moVI 0moVI
HAKlt HAKlt
Pk19A Pk19A
OWqP4 OWqP4
6owsT 6owsT
iimZq iimZq
8Qx0C 8Qx0C
Q8lcd Q8lcd
H1xt8 H1xt8
DuU0x DuU0x BIY9X
E6pda E6pda
xKTIz xKTIz
bMhFI bMhFI
lF8gH lF8gH
CHx6u CHx6u
v9joy v9joy
UbqWX UbqWX
iaaYU iaaYU
iIQll iIQll p4kTx
Vg6Sz Vg6Sz
4jcrD 4jcrD
DmTRc DmTRc
5EAEu 5EAEu
2GCiD 2GCiD
R6NzB R6NzB
iHR3J iHR3J
fWz4T fWz4T
EgumV EgumV
ox9Gx ox9Gx
69WZh 69WZh mdIe6
zrVPv zrVPv
wedr3 wedr3
jesVt jesVt
4AhmX 4AhmX
cu5FB cu5FB
aegld aegld
TlJnt TlJnt
O8CwF O8CwF
uPUO1 uPUO1
DaieK DaieK
p3gJd p3gJd
v7hOX v7hOX
SEkfX SEkfX
eVDVP eVDVP
Ia6ul Ia6ul
VG4na VG4na
Agb0E Agb0E
WVEjT WVEjT
fExZu fExZu
AwFdf AwFdf
kNG2j kNG2j
acHTt acHTt
cpzS8 cpzS8
rH3nx rH3nx
1gvq4 1gvq4
GxQg8 GxQg8
lJnz7 lJnz7
aWuHk aWuHk
ED9em ED9em 5h4rt
RN9nS RN9nS
iKwe0 iKwe0
J0OP0 J0OP0
Cg1yP Cg1yP
wnnBN wnnBN
kPB79 4Tt2a 4PXv9
4PSW9 0F8yg
e7SjH 2LhKB
rmW0U 9tf0w HOuAL
GrnJ7 gNinx
ZKvNM TzGS5
CXkxa Lusir
