1 174 14 42 129 182 3 159 136 138 103 153 115 36 121 49 88 52 176 60 23 84 140 137 46 53 90 101 66 71 161 128 105 78 127 31 130 199 132 64 83 193 186 7 162 56 157 163 18 89 95 116 194 99 92 93 58 15 108 57 12 190 13 86 110 26 175 185 96 98 119 156 91 51 142 147 82 152 43 1
78
174 174
14 14
42 42
129 129
182 182
3 3
159 159
136 136
138 138
103 103
153 153
115 115
36 36
121 121
49 49
88 88
52 52
176 176
60 60
23 23
84 84
140 140
137 137
46 46
53 53
90 90
101 101
66 66
71 71
161 161
128 128
105 105
78 78
127 127
31 31
130 130
199 199
132 132
64 64
83 83
193 193
186 186
7 7
162 162
56 56
157 157
163 163
18 18
89 89
95 95
116 116
194 194
99 99
92 92
93 93
58 58
15 15
108 108
57 57
12 12
190 190
13 13
86 86
110 110
26 26
175 175
185 185
96 96
98 98
119 119
156 156
91 91
51 51
142 142
147 147
82 82
152 152
43 43
