Taozhuang Uran Freetown Ulu New Memmingen Sicklerville Tupelo Gauting Uran Fort Oulmes Uran Besuki Middle Uran Norco Longgang Bourbonnais Esmeraldas Aytos Gudermes Esperanza Bang Hechingen Azrou Ramla Sarandi Uran Caravaca Donggongon Somma Nonsan Waverly Strathfield Kallio Alatyr Jinotepe Uran Jackson Rosedale Camayenne Artur Calauan Rutherglen Rafiganj Villa Cibinong Boo Durazno Uran Taozhuang
45
Taozhuang Taozhuang
Uran Uran Ilesa Pottstown Jingzhou Wesseling Severodvinsk
Freetown Freetown
Ulu Ulu
New New
Memmingen Memmingen
Sicklerville Sicklerville
Tupelo Tupelo
Gauting Gauting
Fort Fort
Oulmes Oulmes
Besuki Besuki
Middle Middle
Longgang Longgang
Bourbonnais Bourbonnais
Esmeraldas Esmeraldas
Aytos Aytos
Gudermes Gudermes
Esperanza Esperanza
Bang Bang
Hechingen Hechingen
Azrou Azrou
Ramla Ramla
Sarandi Sarandi
Caravaca Caravaca
Donggongon Donggongon
Somma Somma
Nonsan Nonsan
Waverly Waverly
Strathfield Strathfield
Kallio Kallio
Alatyr Alatyr
Jinotepe Jinotepe
Jackson Jackson
Rosedale Rosedale
Camayenne Camayenne
Artur Artur
Calauan Calauan
Rutherglen Rutherglen
Rafiganj Rafiganj
Villa Villa
Cibinong Cibinong
Boo Boo
Durazno Durazno
Norco Udumalaippettai
