Ilesa Resplendor Great Ada Malden Viewpark Palafrugell Villaquilambre Stupino PortVila Alexandria American Davis Toledo Meizhou Mexborough Oulmes Azrou Milagro Rhosllanerchrugog Jashpurnagar Magomeni Uran Landshut Bon An Bobigny Sillanwali Sishui Barracas Aurora Jagna Mouscron Bogovinje Tak Talipparamba Marburg Sorsogon Oberhausen Palm Valday Tupiza DehiwalaMount Ventimiglia Dahlem Perth Shaowu Chacabuco Ramla Yingkou Milledgeville Puerto Onex Tiruppuvanam MitryMory Ponta Sirsi Itacoatiara Valletta Sceaux Bensheim Bang Shagamu Bensheim GernikaLumo LonsleSaunier Jiangyan Brunswick Bensheim Paredes Calauan Tharu Hermsdorf Lodwar Puducherry Tupelo Memmingen WaltonontheNaze Polohy Bavly Gariadhar Bensheim Kyzylorda Brzeg Bensheim Zaozhuang Rutland Stuttgart Aklera Foshan Alfenas Aleshtar Bensheim Campobasso Ilesa
89
Ilesa Ilesa
Resplendor Resplendor
Great Great Tyoply
Ada Ada
Malden Malden
Viewpark Viewpark
Palafrugell Palafrugell
Villaquilambre Villaquilambre
Stupino Stupino
PortVila PortVila
Alexandria Alexandria
American American
Davis Davis
Toledo Toledo
Meizhou Meizhou
Mexborough Mexborough
Oulmes Oulmes
Azrou Azrou
Milagro Milagro
Rhosllanerchrugog Rhosllanerchrugog
Jashpurnagar Jashpurnagar
Magomeni Magomeni
Uran Uran
Landshut Landshut
Bon Bon
An An
Bobigny Bobigny
Sillanwali Sillanwali
Sishui Sishui
Barracas Barracas
Aurora Aurora
Jagna Jagna
Mouscron Mouscron
Bogovinje Bogovinje
Tak Tak
Talipparamba Talipparamba
Marburg Marburg
Sorsogon Sorsogon
Oberhausen Oberhausen
Palm Palm
Valday Valday
Tupiza Tupiza
DehiwalaMount DehiwalaMount
Ventimiglia Ventimiglia
Dahlem Dahlem
Perth Perth
Shaowu Shaowu
Chacabuco Chacabuco
Ramla Ramla
Yingkou Yingkou
Milledgeville Milledgeville
Puerto Puerto
Onex Onex
Tiruppuvanam Tiruppuvanam
MitryMory MitryMory
Ponta Ponta
Sirsi Sirsi
Itacoatiara Itacoatiara
Valletta Valletta
Sceaux Sceaux
Bensheim Bensheim Skalica Claremont UlanUde Copperas Guli Niort New PointeClaire Lille Clermont
Bang Bang
Shagamu Shagamu
GernikaLumo GernikaLumo
LonsleSaunier LonsleSaunier
Jiangyan Jiangyan
Brunswick Brunswick
Paredes Paredes
Calauan Calauan
Tharu Tharu
Hermsdorf Hermsdorf
Lodwar Lodwar
Puducherry Puducherry
Tupelo Tupelo
Memmingen Memmingen
WaltonontheNaze WaltonontheNaze
Polohy Polohy
Bavly Bavly
Gariadhar Gariadhar
Kyzylorda Kyzylorda
Brzeg Brzeg
Zaozhuang Zaozhuang
Rutland Rutland
Stuttgart Stuttgart
Aklera Aklera
Foshan Foshan
Alfenas Alfenas
Aleshtar Aleshtar
Campobasso Campobasso
