108 69 7 128 151 56 11 197 137 187 118 167 181 28 99 142 114 24 117 184 100 176 148 182 84 83 92 65 43 1 140 129 23 6 48 34 146 39 177 186 37 64 53 82 71 73 134 136 57 5 26 35 14 144 153 188 174 19 81 45 96 143 121 63 126 46 61 17 67 120 138 13 44 36 79 31 190 38 109 49 170 54 78 130 85 68 95 179 150 75 110 77 15 157 107 133 32 101 66 108
97
69 69
7 7
128 128
151 151
56 56
11 11
197 197
137 137
187 187
118 118
167 167
181 181
28 28
99 99
142 142
114 114
24 24
117 117
184 184
100 100
176 176
148 148
182 182
84 84
83 83
92 92
65 65
43 43
1 1
140 140
129 129
23 23
48 48
34 34
146 146
39 39
177 177
186 186
37 37
64 64
53 53
82 82
71 71
73 73
134 134
136 136
57 57
5 5
26 26
35 35
14 14
144 144
153 153
188 188
174 174
19 19
81 81
45 45
96 96
143 143
121 121
63 63
126 126
46 46
61 61
17 17
67 67
120 120
138 138
13 13
44 44
36 36
79 79
31 31
190 190
38 38
109 109
49 49
170 170
54 54
78 78
130 130
85 85
68 68
95 95
179 179
150 150
75 75
110 110
77 77
15 15
157 157
107 107
133 133
32 32
101 101
66 66
