1 143 144 134 132 131 120 122 108 119 96 110 84 107 72 98 60 95 48 86 36 83 24 74 12 71 1 4 10 16 22 28 34 40 46 52 58 64 70 76 82 88 94 100 106 112 118 124 130 136 142 140 138 137 126 128 114 125 102 116 90 113 78 104 66 101 54 92 42 89 30 80 18 77 6 68 1
75
143 143
144 144
134 134
132 132
131 131
120 120
122 122
108 108
119 119
96 96
110 110
84 84
107 107
72 72
98 98
60 60
95 95
48 48
86 86
36 36
83 83
24 24
74 74
12 12
71 71
4 4
10 10
16 16
22 22
28 28
34 34
40 40
46 46
52 52
58 58
64 64
70 70
76 76
82 82
88 88
94 94
100 100
106 106
112 112
118 118
124 124
130 130
136 136
142 142
140 140
138 138
137 137
126 126
128 128
114 114
125 125
102 102
116 116
90 90
113 113
78 78
104 104
66 66
101 101
54 54
92 92
42 42
89 89
30 30
80 80
18 18
77 77
6 6
68 68
1 2 11 14 23 26 35 38 47 50 59 62 65 56 53 44 41 32 29 20 17 8 5
