create top skip adult minimize exotic direct cancel scrap accessible dose belief think farewell crew ballot magnitude fuss transmission tin breakin bracket pride creation pastel steward predict suffer company childish merit hide absorption contract battery concern colon mechanism line prove celebration basketball perception nationalism community maze linear pupil deck feign appear create
50
top top
skip skip
adult adult
minimize minimize
exotic exotic
direct direct
cancel cancel
scrap scrap
accessible accessible
dose dose
belief belief
think think
farewell farewell
crew crew
ballot ballot
magnitude magnitude
fuss fuss
transmission transmission
tin tin
breakin breakin
bracket bracket
pride pride
creation creation
pastel pastel
steward steward
predict predict
suffer suffer
company company
childish childish
merit merit
hide hide
absorption absorption
contract contract
battery battery
concern concern
colon colon
mechanism mechanism
line line
prove prove
celebration celebration
basketball basketball
perception perception
nationalism nationalism
community community
maze maze
linear linear
pupil pupil
deck deck
feign feign
appear appear
