pride thank dedicate deter crew cancel knit integrated childish maze loud hide lobby dramatic leash predict scrap berry car vote company mosaic perception accessible bring basketball prove appear equinox huge pastel glide bracket ballot breakin suffer line gift mind tin fortune offensive dose merit direct feign tribe mechanism traction colon adult magnetic dilemma think creation rabbit belief transaction denial celebration seller skip battery linear salmon exotic contract snap trance absorption farewell transmission concern create top whole work craftsman inhibition present formation wrong homosexual shelter thread fuss minimize community east steward desk dialect valid deck nationalism partnership pupil makeup magnitude domestic pride
100
pride pride
thank thank
dedicate dedicate
deter deter
crew crew
cancel cancel
knit knit
integrated integrated
childish childish
maze maze
loud loud
hide hide
lobby lobby
dramatic dramatic
leash leash
predict predict
scrap scrap
berry berry
car car
vote vote
company company
mosaic mosaic
perception perception
accessible accessible
bring bring
basketball basketball
prove prove
appear appear
equinox equinox
huge huge
pastel pastel
glide glide
bracket bracket
ballot ballot
breakin breakin
suffer suffer
line line
gift gift
mind mind
tin tin
fortune fortune
offensive offensive
dose dose
merit merit
direct direct
feign feign
tribe tribe
mechanism mechanism
traction traction
colon colon
adult adult
magnetic magnetic
dilemma dilemma
think think
creation creation
rabbit rabbit
belief belief
transaction transaction
denial denial
celebration celebration
seller seller
skip skip
battery battery
linear linear
salmon salmon
exotic exotic
contract contract
snap snap
trance trance
absorption absorption
farewell farewell
transmission transmission
concern concern
create create
top top
whole whole
work work
craftsman craftsman
inhibition inhibition
present present
formation formation
wrong wrong
homosexual homosexual
shelter shelter
thread thread
fuss fuss
minimize minimize
community community
east east
steward steward
desk desk
dialect dialect
valid valid
deck deck
nationalism nationalism
partnership partnership
pupil pupil
makeup makeup
magnitude magnitude
domestic domestic
