start b16 b17 b18 b19 b20 b21 b20 b19 b18 b17 b16 b10 b9 b8 b9 b10 b11 b12 b13 b12 b11 b10 b16 start c3 c8 c11 c20 c36 c35 c31 c27 c29 c30 c23 c21 c20 c11 c12 c13 c10 c9 c8 c3 start f14 f10 f20 f19 f18 f9 f14 f7 f17 f16 f15 f5 f13 f12 f11 start d1 d2 d4 d5 d6 d3 start g8 g10 g11 g14 g19 g23 g19 g15 g12 g16 g20 g24 g21 g25 g21 g17 g13 g9 g7 g6 g2 g5 g1 g4 g3 start e3 e4 e6 e8 e22 e10 e23 e12 e24 e15 e25 e18 e1 start a5 a1 a2 a4 a3 start h4 h23 h24 h25 h17 h6 h16 h12 h11 h10 h9 h8 h2 start
70
c31 c31 c33
c27 c27 c26
c23 c23
c21 c21
c13 c13 c15
c10 c10
f14 f14
f20 f20
f19 f19
f18 f18
f17 f17
f16 f16
f15 f15
f13 f13
f12 f12
f11 f11
d1 d1
d4 d4
d5 d5
g8 g8
g10 g10
g11 g11
g14 g14
g19 g19
g23 g23 g18
g15 g15
g12 g12
g16 g16
g20 g20
g24 g24
g21 g21
g25 g25 g22
g17 g17
g13 g13
g9 g9
g7 g7
g6 g6
g2 g2
g5 g5
g1 g1
g4 g4
g3 g3
e22 e22
e23 e23
e24 e24
e25 e25
a5 a5
a1 a1
a2 a2
a4 a4
a3 a3
h24 h24
h17 h17
h9 h9
b18 b26
b21 b15 b25
b20 b24
b8 b1 b2
b13 b6 b5
b12 b4
b11 b3
c3 c1 c5
c20 c17
e3 e20
e4 e21
e1 e19
h4 h22
h6 h18
h12 h13
h2 h26
