BU FF DU GH FS EC AP DI GA FG HM HP CM AT HA ET CT DL DV DT CQ DZ BN CR DM DK DQ HH EV BF BY AH FI GS CV DX GO AD CS CI HC EG CD BA GP DD ER BZ AN AV CA CY AA BG GY CW FN EN AY FB FW BM GE DR EY GQ EK GK AM EH AX CO ES FR BK AE EL DA DJ AQ CX EQ AR FP AF FY DE CK FD BH BW HI HG DS GT EO FU FL BQ CE CZ GM BE HJ DP HF BU
100
BU BU
FF FF
DU DU
GH GH
FS FS
EC EC
AP AP
DI DI
GA GA
FG FG
HM HM
HP HP
CM CM
AT AT
HA HA
ET ET
CT CT
DL DL
DV DV
DT DT
CQ CQ
DZ DZ
BN BN
CR CR
DM DM
DK DK
DQ DQ
HH HH
EV EV
BF BF
BY BY
FI FI
GS GS
CV CV
DX DX
GO GO
CS CS
CI CI
HC HC
EG EG
CD CD
BA BA
GP GP
DD DD
ER ER
BZ BZ
AN AN
AV AV
CA CA
CY CY
BG BG
GY GY
CW CW
FN FN
EN EN
AY AY
FB FB
FW FW
BM BM
GE GE
DR DR
EY EY
GQ GQ
EK EK
GK GK
EH EH
AX AX
CO CO
ES ES
FR FR
BK BK
AE AE
EL EL
DJ DJ
AQ AQ
CX CX
EQ EQ
AR AR
FP FP
AF AF
FY FY
DE DE
CK CK
FD FD
BH BH
BW BW
HG HG
DS DS
GT GT
EO EO
FU FU
FL FL
BQ BQ
CZ CZ
GM GM
BE BE
HJ HJ
DP DP
HF HF
CE GN
