Qatar DemofChina Egypt Gabon Angola Tunisia Mali UnitedKingdom Uzbekistan Tanzania Senegal Macedonia Montenegro RussianFederation Australia Estonia Liberia Kosovo Peru Armenia America Haiti Belarus CostaRica Belgium Singapore Guyana SanMarino GuineaBissau Kyrgyzstan Malta Lebanon VaticanCity CzechRepublic Tuvalu Burundi SaintLucia Georgia Nicaragua Albania France Andorra SierraLeone Mozambique Sweden Mongolia Tajikistan Danzig UAE Morocco Netherlands Qatar
50
DemofChina DemofChina
Egypt Egypt
Gabon Gabon
Angola Angola
Tunisia Tunisia
Mali Mali
UnitedKingdom UnitedKingdom
Uzbekistan Uzbekistan
Tanzania Tanzania
Senegal Senegal
Macedonia Macedonia
Montenegro Montenegro
RussianFederation RussianFederation
Australia Australia
Estonia Estonia
Liberia Liberia
Kosovo Kosovo
Peru Peru
Armenia Armenia
America America
Haiti Haiti
Belarus Belarus
CostaRica CostaRica
Belgium Belgium
Singapore Singapore
Guyana Guyana
SanMarino SanMarino
GuineaBissau GuineaBissau
Kyrgyzstan Kyrgyzstan
Malta Malta
Lebanon Lebanon
VaticanCity VaticanCity
CzechRepublic CzechRepublic
Tuvalu Tuvalu
Burundi Burundi
SaintLucia SaintLucia
Georgia Georgia
Nicaragua Nicaragua
Albania Albania
France France
Andorra Andorra
SierraLeone SierraLeone
Mozambique Mozambique
Sweden Sweden
Mongolia Mongolia
Tajikistan Tajikistan
Danzig Danzig
UAE UAE
Morocco Morocco
Netherlands Netherlands
