Mf966TmCJF9l0PTKetVd tH0lbMmdJDVlC4Pr7uAb 56ePYTmTGzdOHfvnLEPd VqBuOSJBVqxMG4rldwQn 4mdSIFCsq2HySOzm2H4M km12BN3CByUGmRV2tX7b N7mkTpLI9Mgh0txBOflw 4mRiy2s23Ljl4N4CqEav u4VGAkqq00Jhej3knMJI 1wZce3qjltyIzzlL1Zfw GzkbHop7cJv0CvjQalTE b2icxuMf1zEyF7ImMEzE HKK5Jm9eHd0V7gvBWuw9 Ic20PkDM6xxefUTvJEIQ Y5ZKsuPbCDUQp5LjPNey 5ebtvAsyAh8vEmm1Z3wm dOWv4G57nxm9UArCvQlq jZUUy27kZ3z2uIv0PGPy UvtGaTsTes8Gs4gE8ya3 SQhK0n9L9aixdJxvdeKd e2usEAoRX2qu6mneHOxg y3cL4LyhfEAlU1Jj1Xj6 a6uUA0TEdnZwD1b73O9r 7ArLVA3N0doHBQAlCDtl 0O3lDJvzYSiuZNzHimQX TkZ4LHIfwKap48xdp8m2 kGhQ3uDjcFA7MLP7UF4W wNmo9den9k6ySqzO7o0M ZDA7k1XMUYTsnmCfuUtR Xucw5TdPOzp0SQGWHjkE WZxeHszJ2ShfYgJs53YV mGfIqoDGGajPXw9RvY8S OyOgefgJfgx6VwEfudZn JfWSVxbK8iOEPzK7FV9x 1aGCWVuyE8DRxIV204ZW 4CVQrsejmjPmVL7elf2w jAzyDyaN1mD5Ei1RjCiO TBEGhhvsdStRJh2Eqkyf Ad4iMaOuAofXNjJzNKWl NtZncVsU7O40k1BXousH aH2XDl7CjGFhEP3bbYjH rzYdrZxXnbXlOjFVWVaR flliQzyn5hSC8yLOMyYJ trOoQ3enuOI8GUJqwAMC OGxA8YvD4WfIxOfmtWm4 BLgd9OLqnPIJY5LCIxDK CLNCAWQgYnzuvt7RChAf QZIvvAQe1weWyQjLrGi1 GfTqQpqjWivAFXbCN2BL acwLCbshqBQuYbTzAPRI bBJ5TDHtVrSIxXmQJ63J fsCdklolnC3ndvzFtyM3 YrtjNlKZcZnAXu7owFPA JWE9kJZ3fUSBbRtkVScl eA2uctxdjBuXDZUrmUHy 1crXui4lUlMG7IuTFiXo PLyQF48YPXs4LxxIxWHM BcvYB1mubFuRTbgMUsXg czjPVxJvSz9DoMc0Y7Vv BCVfaQnOCgLubJ23r8nF XfWllIgv9lA6ZwGuKvLt 7c4FoaFf1TJetsLZUEok kVdbGuYm0jD2q8vsLFHY 2bMCdMiNzTpm8a2kNe9G Q4jkxyPtGKis0eXik3Gg AjMqEYKq0eELwsiEhQNE sSdPSXUotKahf03SRnBn KCy3uvDFe4h3kwRgxFiX NvfSRypj4POoHWC3jDz3 pxBA1Tii62WPeRWcccVp wyZ3Q4gHyaxpdYdezyjU WQlZty1AKP9gLfjz0EYW CxdADQl1Lh5mGQMAravk cAkwFDH7tSQkP40ewGcD CHHJQHxp9VQGraviPBS2 3Yod5nNtIcKNmTtNQ3xH wtlCpdxHbUUmSY7DnD2u JfzkldRR1w0Y52KBg47D Crbc9OlCoJ9dTIJXXsjb VaRx19QfIOvUT5pZyulj Yw0z9L8p6xIk7hgYCgVd byF5FvS6RJUrgCsP3o6T ZPAxEbVjKWTr0cDqLbA0 R87rV3jFUvYuE0RN4Z4a bLojQFXmB5k6r0zKTWYe iRg3oRlKsAtLuOm5tUrC S0PhmGw8tyUPzxvRSE5R lrLgTYF7nIsDkEYlxuHz ydEppVwK15UN0USyP00U IwnN6xRahpjWnxZTYR2F HhITLZSwERe6osGRUBXt ul7ierPjffkmvfh4Ylme RrBlUMzlEzdRa5S1pyiF zDq8bGYKiSYw3c53IWfw W1IcDWCQWwTCriXsjtm4 KKiBHd9DTQAd6AZYxlK3 QMmklR1fA1rnjMsU1WMc p6bp9pYgtaGo4Q50DQAM Hpniux0SkkA6CliHWNDc TmdW4dU59umpgT9XX8G3 aU4DeG46NC8vRU6N0ahg Mf966TmCJF9l0PTKetVd
100
tH0lbMmdJDVlC4Pr7uAb tH0lbMmdJDVlC4Pr7uAb
56ePYTmTGzdOHfvnLEPd 56ePYTmTGzdOHfvnLEPd
VqBuOSJBVqxMG4rldwQn VqBuOSJBVqxMG4rldwQn
4mdSIFCsq2HySOzm2H4M 4mdSIFCsq2HySOzm2H4M
km12BN3CByUGmRV2tX7b km12BN3CByUGmRV2tX7b
N7mkTpLI9Mgh0txBOflw N7mkTpLI9Mgh0txBOflw
4mRiy2s23Ljl4N4CqEav 4mRiy2s23Ljl4N4CqEav
u4VGAkqq00Jhej3knMJI u4VGAkqq00Jhej3knMJI
1wZce3qjltyIzzlL1Zfw 1wZce3qjltyIzzlL1Zfw
GzkbHop7cJv0CvjQalTE GzkbHop7cJv0CvjQalTE
b2icxuMf1zEyF7ImMEzE b2icxuMf1zEyF7ImMEzE
HKK5Jm9eHd0V7gvBWuw9 HKK5Jm9eHd0V7gvBWuw9
Ic20PkDM6xxefUTvJEIQ Ic20PkDM6xxefUTvJEIQ
Y5ZKsuPbCDUQp5LjPNey Y5ZKsuPbCDUQp5LjPNey
5ebtvAsyAh8vEmm1Z3wm 5ebtvAsyAh8vEmm1Z3wm
dOWv4G57nxm9UArCvQlq dOWv4G57nxm9UArCvQlq
jZUUy27kZ3z2uIv0PGPy jZUUy27kZ3z2uIv0PGPy
UvtGaTsTes8Gs4gE8ya3 UvtGaTsTes8Gs4gE8ya3
SQhK0n9L9aixdJxvdeKd SQhK0n9L9aixdJxvdeKd
e2usEAoRX2qu6mneHOxg e2usEAoRX2qu6mneHOxg
y3cL4LyhfEAlU1Jj1Xj6 y3cL4LyhfEAlU1Jj1Xj6
a6uUA0TEdnZwD1b73O9r a6uUA0TEdnZwD1b73O9r
7ArLVA3N0doHBQAlCDtl 7ArLVA3N0doHBQAlCDtl
0O3lDJvzYSiuZNzHimQX 0O3lDJvzYSiuZNzHimQX
TkZ4LHIfwKap48xdp8m2 TkZ4LHIfwKap48xdp8m2
kGhQ3uDjcFA7MLP7UF4W kGhQ3uDjcFA7MLP7UF4W
wNmo9den9k6ySqzO7o0M wNmo9den9k6ySqzO7o0M
ZDA7k1XMUYTsnmCfuUtR ZDA7k1XMUYTsnmCfuUtR
Xucw5TdPOzp0SQGWHjkE Xucw5TdPOzp0SQGWHjkE
WZxeHszJ2ShfYgJs53YV WZxeHszJ2ShfYgJs53YV
mGfIqoDGGajPXw9RvY8S mGfIqoDGGajPXw9RvY8S
OyOgefgJfgx6VwEfudZn OyOgefgJfgx6VwEfudZn
JfWSVxbK8iOEPzK7FV9x JfWSVxbK8iOEPzK7FV9x
1aGCWVuyE8DRxIV204ZW 1aGCWVuyE8DRxIV204ZW
4CVQrsejmjPmVL7elf2w 4CVQrsejmjPmVL7elf2w
jAzyDyaN1mD5Ei1RjCiO jAzyDyaN1mD5Ei1RjCiO
TBEGhhvsdStRJh2Eqkyf TBEGhhvsdStRJh2Eqkyf
Ad4iMaOuAofXNjJzNKWl Ad4iMaOuAofXNjJzNKWl
NtZncVsU7O40k1BXousH NtZncVsU7O40k1BXousH
aH2XDl7CjGFhEP3bbYjH aH2XDl7CjGFhEP3bbYjH
rzYdrZxXnbXlOjFVWVaR rzYdrZxXnbXlOjFVWVaR
flliQzyn5hSC8yLOMyYJ flliQzyn5hSC8yLOMyYJ
trOoQ3enuOI8GUJqwAMC trOoQ3enuOI8GUJqwAMC
OGxA8YvD4WfIxOfmtWm4 OGxA8YvD4WfIxOfmtWm4
BLgd9OLqnPIJY5LCIxDK BLgd9OLqnPIJY5LCIxDK
CLNCAWQgYnzuvt7RChAf CLNCAWQgYnzuvt7RChAf
QZIvvAQe1weWyQjLrGi1 QZIvvAQe1weWyQjLrGi1
GfTqQpqjWivAFXbCN2BL GfTqQpqjWivAFXbCN2BL
acwLCbshqBQuYbTzAPRI acwLCbshqBQuYbTzAPRI
bBJ5TDHtVrSIxXmQJ63J bBJ5TDHtVrSIxXmQJ63J
fsCdklolnC3ndvzFtyM3 fsCdklolnC3ndvzFtyM3
YrtjNlKZcZnAXu7owFPA YrtjNlKZcZnAXu7owFPA
JWE9kJZ3fUSBbRtkVScl JWE9kJZ3fUSBbRtkVScl
eA2uctxdjBuXDZUrmUHy eA2uctxdjBuXDZUrmUHy
1crXui4lUlMG7IuTFiXo 1crXui4lUlMG7IuTFiXo
PLyQF48YPXs4LxxIxWHM PLyQF48YPXs4LxxIxWHM
BcvYB1mubFuRTbgMUsXg BcvYB1mubFuRTbgMUsXg
czjPVxJvSz9DoMc0Y7Vv czjPVxJvSz9DoMc0Y7Vv
BCVfaQnOCgLubJ23r8nF BCVfaQnOCgLubJ23r8nF
XfWllIgv9lA6ZwGuKvLt XfWllIgv9lA6ZwGuKvLt
7c4FoaFf1TJetsLZUEok 7c4FoaFf1TJetsLZUEok
kVdbGuYm0jD2q8vsLFHY kVdbGuYm0jD2q8vsLFHY
2bMCdMiNzTpm8a2kNe9G 2bMCdMiNzTpm8a2kNe9G
Q4jkxyPtGKis0eXik3Gg Q4jkxyPtGKis0eXik3Gg
AjMqEYKq0eELwsiEhQNE AjMqEYKq0eELwsiEhQNE
sSdPSXUotKahf03SRnBn sSdPSXUotKahf03SRnBn
KCy3uvDFe4h3kwRgxFiX KCy3uvDFe4h3kwRgxFiX
NvfSRypj4POoHWC3jDz3 NvfSRypj4POoHWC3jDz3
pxBA1Tii62WPeRWcccVp pxBA1Tii62WPeRWcccVp
wyZ3Q4gHyaxpdYdezyjU wyZ3Q4gHyaxpdYdezyjU
WQlZty1AKP9gLfjz0EYW WQlZty1AKP9gLfjz0EYW
CxdADQl1Lh5mGQMAravk CxdADQl1Lh5mGQMAravk
cAkwFDH7tSQkP40ewGcD cAkwFDH7tSQkP40ewGcD
CHHJQHxp9VQGraviPBS2 CHHJQHxp9VQGraviPBS2
3Yod5nNtIcKNmTtNQ3xH 3Yod5nNtIcKNmTtNQ3xH
wtlCpdxHbUUmSY7DnD2u wtlCpdxHbUUmSY7DnD2u
JfzkldRR1w0Y52KBg47D JfzkldRR1w0Y52KBg47D
Crbc9OlCoJ9dTIJXXsjb Crbc9OlCoJ9dTIJXXsjb
VaRx19QfIOvUT5pZyulj VaRx19QfIOvUT5pZyulj
Yw0z9L8p6xIk7hgYCgVd Yw0z9L8p6xIk7hgYCgVd
byF5FvS6RJUrgCsP3o6T byF5FvS6RJUrgCsP3o6T
ZPAxEbVjKWTr0cDqLbA0 ZPAxEbVjKWTr0cDqLbA0
R87rV3jFUvYuE0RN4Z4a R87rV3jFUvYuE0RN4Z4a
bLojQFXmB5k6r0zKTWYe bLojQFXmB5k6r0zKTWYe
iRg3oRlKsAtLuOm5tUrC iRg3oRlKsAtLuOm5tUrC
S0PhmGw8tyUPzxvRSE5R S0PhmGw8tyUPzxvRSE5R
lrLgTYF7nIsDkEYlxuHz lrLgTYF7nIsDkEYlxuHz
ydEppVwK15UN0USyP00U ydEppVwK15UN0USyP00U
IwnN6xRahpjWnxZTYR2F IwnN6xRahpjWnxZTYR2F
HhITLZSwERe6osGRUBXt HhITLZSwERe6osGRUBXt
ul7ierPjffkmvfh4Ylme ul7ierPjffkmvfh4Ylme
RrBlUMzlEzdRa5S1pyiF RrBlUMzlEzdRa5S1pyiF
zDq8bGYKiSYw3c53IWfw zDq8bGYKiSYw3c53IWfw
W1IcDWCQWwTCriXsjtm4 W1IcDWCQWwTCriXsjtm4
KKiBHd9DTQAd6AZYxlK3 KKiBHd9DTQAd6AZYxlK3
QMmklR1fA1rnjMsU1WMc QMmklR1fA1rnjMsU1WMc
p6bp9pYgtaGo4Q50DQAM p6bp9pYgtaGo4Q50DQAM
Hpniux0SkkA6CliHWNDc Hpniux0SkkA6CliHWNDc
TmdW4dU59umpgT9XX8G3 TmdW4dU59umpgT9XX8G3
aU4DeG46NC8vRU6N0ahg aU4DeG46NC8vRU6N0ahg
