55 91 61 135 15 13 40 97 54 9 53 172 8 76 67 114 113 122 179 62 42 181 146 90 56 85 26 88 66 43 140 166 58 163 184 153 78 77 133 107 74 175 109 148 41 49 150 32 116 134 27 170 160 2 105 126 30 152 119 29 158 106 63 115 48 186 33 83 59 159 137 111 189 71 4 16 177 162 12 45 151 11 17 81 118 168 36 131 185 80 86 188 171 149 20 182 101 173 57 55
96
91 91
61 61
135 135
15 15
13 13
40 40
97 97
54 54
9 9
53 53
172 172
8 8
76 76
67 67
114 114
113 113
122 122
179 179
62 62
42 42
181 181
146 146
90 90
56 56
85 85
26 26
88 88
66 66
43 43
140 140
166 166
58 58
163 163
184 184
153 153
78 78
77 77
133 133
107 107
74 74
175 175
109 109
148 148
41 41
49 49
150 150
32 32
116 116
134 134
27 27
170 170
160 160
105 105
126 126
30 30
152 152
119 119
29 29
158 158
106 106
63 63
115 115
48 48
186 186
33 33
83 83
59 59
159 159
137 137
111 111
189 189
71 71
16 16
177 177
162 162
12 12
45 45
151 151
11 11
17 17
81 81
118 118
168 168
36 36
131 131
185 185
80 80
86 86
188 188
171 171
149 149
20 20
182 182
101 101
173 173
57 57
