x61 x52 x71 x55 x10 x0 x18 x21 x54 x66 x93 x5 x2 x91 x1 x53 x3 x90 x39 x97 x1 x87 x88 x59 x8 x32 x23 x26 x3 x13 x1 x46 x0 x81 x80 x3 x28 x40 x1 x30 x58 x4 x49 x1 x98 x12 x94 x1 x31 x7 x2 x23 x1 x43 x34 x89 x0 x18 x1 x61
43
x61 x61
x52 x52
x71 x71
x55 x55
x0 x0 x95
x18 x18
x21 x21
x54 x54
x66 x66
x93 x93
x5 x5
x2 x2
x91 x91
x1 x1 x68 x96 x79 x42 x99
x53 x53
x3 x3 x28
x90 x90
x39 x39
x97 x97
x87 x87
x88 x88
x59 x59
x8 x8
x32 x32
x23 x23
x26 x26
x13 x13
x46 x46
x81 x81
x80 x80
x40 x40
x30 x30
x58 x58
x49 x49
x98 x98
x12 x12
x94 x94
x31 x31
x7 x7
x43 x43
x34 x34
x89 x89
x4 x37
