x182 x184 x46 x2 x61 x26 x30 x2 x55 x102 x2 x164 x141 x83 x5 x4 x8 x106 x21 x11 x116 x92 x198 x2 x66 x139 x2 x82 x107 x2 x95 x77 x118 x58 x3 x25 x2 x49 x27 x0 x194 x2 x32 x185 x76 x2 x56 x1 x7 x155 x84 x71 x136 x2 x100 x15 x0 x183 x125 x2 x19 x1 x99 x53 x2 x159 x166 x5 x8 x104 x87 x2 x114 x153 x2 x186 x7 x151 x59 x1 x138 x133 x2 x137 x189 x2 x43 x10 x3 x7 x128 x0 x14 x2 x79 x1 x69 x0 x10 x2 x147 x7 x6 x9 x45 x2 x42 x1 x86 x3 x21 x5 x74 x182
76
x182 x182
x184 x184
x46 x46
x2 x2 x156 x98 x50 x163 x64 x113 x177 x23 x31 x127 x94 x109 x179 x18 x17 x146 x80 x161 x172 x143 x48 x88
x61 x61
x26 x26
x30 x30
x55 x55
x102 x102
x164 x164
x141 x141
x83 x83
x4 x4
x8 x8
x106 x106
x21 x21
x11 x11
x116 x116
x92 x92
x198 x198
x66 x66
x139 x139
x82 x82
x107 x107
x95 x95
x77 x77
x118 x118
x58 x58
x3 x3
x25 x25
x49 x49
x27 x27
x194 x194
x32 x32
x185 x185
x76 x76
x56 x56
x7 x7
x155 x155
x84 x84
x71 x71
x136 x136
x100 x100
x15 x15
x183 x183
x125 x125
x19 x19
x99 x99
x53 x53
x159 x159
x166 x166
x104 x104
x87 x87
x114 x114
x153 x153
x186 x186
x151 x151
x59 x59
x138 x138
x133 x133
x137 x137
x189 x189
x43 x43
x10 x10
x128 x128
x14 x14
x79 x79
x69 x69
x147 x147
x6 x6
x45 x45
x42 x42
x86 x86
x74 x74
x1 x119 x20
x0 x72 x192
