Brightmere Courtcastle Irondeer Oakmere Southwheat Newley Freyview Foxvale Morwall Esterash Stonefair Clearnesse Bushgate Wolflea Violetley Westvale Lochmage Eastcastle Ironriver Greyice Valhaven Westerlight Morwald Oldmoor Goldwyvern Corbank Greenshore Snowshore Woodice Eriwall Stoneglass Esterfall Lightmere Wellmage Wildemarsh Marbleiron Newby Erilyn Clearland Ironshore Shoreburn Fairsage Dellwyn Foxhaven Buttermead Rosemill Courtwall Bluedell Butterbush Westmill Brightmere
50
Brightmere Brightmere
Courtcastle Courtcastle
Irondeer Irondeer
Oakmere Oakmere
Southwheat Southwheat
Newley Newley
Freyview Freyview
Foxvale Foxvale
Morwall Morwall
Esterash Esterash
Stonefair Stonefair
Clearnesse Clearnesse
Bushgate Bushgate
Wolflea Wolflea
Violetley Violetley
Westvale Westvale
Lochmage Lochmage
Eastcastle Eastcastle
Ironriver Ironriver
Greyice Greyice
Valhaven Valhaven
Westerlight Westerlight
Morwald Morwald
Oldmoor Oldmoor
Goldwyvern Goldwyvern
Corbank Corbank
Greenshore Greenshore
Snowshore Snowshore
Woodice Woodice
Eriwall Eriwall
Stoneglass Stoneglass
Esterfall Esterfall
Lightmere Lightmere
Wellmage Wellmage
Wildemarsh Wildemarsh
Marbleiron Marbleiron
Newby Newby
Erilyn Erilyn
Clearland Clearland
Ironshore Ironshore
Shoreburn Shoreburn
Fairsage Fairsage
Dellwyn Dellwyn
Foxhaven Foxhaven
Buttermead Buttermead
Rosemill Rosemill
Courtwall Courtwall
Bluedell Bluedell
Butterbush Butterbush
Westmill Westmill
