Shoreburn Mallowway Valhaven Ironshore Silverwitch Westmill Woodice Eastcastle Courtcastle Morwall Icenesse Newmill Newby Silverbarrow Deephedge Rosemill Flowerfield Courtwall Janholt Marbleiron Stoneglass Seamoor Ostwynne Southpine Greenshore Foxhaven Starryhill Springfox Violetley Brightmere Fieldedge Blackbush Clearnesse Bushgate Westerlight Bluewyn Freyview Irondeer Greyice Mallowness Wooddell Oldmoor Windbridge Coldville Courtedge Buttermead Freymere Northwynne Eriwall Wolflea Mistshore Dellwyn Northriver Newley Lochmage Butterhill Corbank Bluedell Erilyn Redwell Flowermill Westvale Wellbank Southwheat Bluelake Redlake Applecastle Violetfay Esterash Butterway Silverlea Orbarrow Rosegate Fairsage Strongfall Highmont Brightrock Stonefair Goldcrest Lightmere Snowshore Fogland Wildemarsh Clearland Morwald Butterbush Mallowbridge Ironriver Bluedale Orfort Oakmere Greensummer Verthedge Goldwyvern Snowsage Summermage Foxvale Esterfall Wellmage Fairice Shoreburn
100
Shoreburn Shoreburn
Mallowway Mallowway
Valhaven Valhaven
Ironshore Ironshore
Silverwitch Silverwitch
Westmill Westmill
Woodice Woodice
Eastcastle Eastcastle
Courtcastle Courtcastle
Morwall Morwall
Icenesse Icenesse
Newmill Newmill
Newby Newby
Silverbarrow Silverbarrow
Deephedge Deephedge
Rosemill Rosemill
Flowerfield Flowerfield
Courtwall Courtwall
Janholt Janholt
Marbleiron Marbleiron
Stoneglass Stoneglass
Seamoor Seamoor
Ostwynne Ostwynne
Southpine Southpine
Greenshore Greenshore
Foxhaven Foxhaven
Starryhill Starryhill
Springfox Springfox
Violetley Violetley
Brightmere Brightmere
Fieldedge Fieldedge
Blackbush Blackbush
Clearnesse Clearnesse
Bushgate Bushgate
Westerlight Westerlight
Bluewyn Bluewyn
Freyview Freyview
Irondeer Irondeer
Greyice Greyice
Mallowness Mallowness
Wooddell Wooddell
Oldmoor Oldmoor
Windbridge Windbridge
Coldville Coldville
Courtedge Courtedge
Buttermead Buttermead
Freymere Freymere
Northwynne Northwynne
Eriwall Eriwall
Wolflea Wolflea
Mistshore Mistshore
Dellwyn Dellwyn
Northriver Northriver
Newley Newley
Lochmage Lochmage
Butterhill Butterhill
Corbank Corbank
Bluedell Bluedell
Erilyn Erilyn
Redwell Redwell
Flowermill Flowermill
Westvale Westvale
Wellbank Wellbank
Southwheat Southwheat
Bluelake Bluelake
Redlake Redlake
Applecastle Applecastle
Violetfay Violetfay
Esterash Esterash
Butterway Butterway
Silverlea Silverlea
Orbarrow Orbarrow
Rosegate Rosegate
Fairsage Fairsage
Strongfall Strongfall
Highmont Highmont
Brightrock Brightrock
Stonefair Stonefair
Goldcrest Goldcrest
Lightmere Lightmere
Snowshore Snowshore
Fogland Fogland
Wildemarsh Wildemarsh
Clearland Clearland
Morwald Morwald
Butterbush Butterbush
Mallowbridge Mallowbridge
Ironriver Ironriver
Bluedale Bluedale
Orfort Orfort
Oakmere Oakmere
Greensummer Greensummer
Verthedge Verthedge
Goldwyvern Goldwyvern
Snowsage Snowsage
Summermage Summermage
Foxvale Foxvale
Esterfall Esterfall
Wellmage Wellmage
Fairice Fairice
