129 137 124 92 179 76 49 162 119 163 119 64 71 90 152 91 152 58 170 73 136 73 6 130 167 7 96 70 96 118 13 118 166 118 10 100 10 22 10 28 5 148 101 52 101 97 48 98 103 192 121 192 175 127 74 160 37 196 154 193 154 110 157 4 2 46 2 55 165 40 165 27 94 139 19 43 72 21 151 21 67 21 182 190 182 21 72 79 112 61 31 88 1 88 115 197 107 82 107 197 51 34 109 184 85 133 106 178 106 181 8 142 8 181 169 181 32 187 32 145 172 141 25 16 137 129
66
124 124
76 76
49 49
163 163
64 64
91 91
58 58
73 73
136 136
130 130
7 7
70 70
118 118
13 13
166 166
10 10
100 100
22 22
28 28
148 148
52 52
97 97
103 103
121 121
175 175
127 127
160 160
37 37
196 196
154 154
193 193
157 157
4 4
46 46
55 55
40 40
94 94
139 139
19 19
43 43
151 151
67 67
190 190
79 79
112 112
61 61
31 31
88 88
1 1
115 115
82 82
34 34
109 109
184 184
85 85
133 133
106 106
178 178
181 181
142 142
169 169
187 187
145 145
172 172
25 25
16 16
