FacultyClub IRLE Wheeler Cheit Investigative MartinezCommons UniversityHouse SproulPlaza OptometryLibrary Library AndersenAuditorium Stephens Morrison CareerCenter StowPlaza Sproul AnthropologyLibrary Birge FPF MelvinLaboratory Koshland OBrien Spieker Mulford EnergyBuilding BrainImagingCenter Etcheverry SpringerGateway DonnerLaboratory CITRIS Hilgard BioscienceLibrary MediaCenter ArtHistoryLibrary BancroftDance LawrenceofScience NewspapersLibrary InternationalHouse HearstGym Jacobs Pimentel Unit3 Manville PacificFilmArchive Warren SutardjaDai StudentUnion EarthLibrary Durham EarthquakeLibrary FacultyClub
50
FacultyClub FacultyClub
IRLE IRLE
Wheeler Wheeler
Cheit Cheit
Investigative Investigative
MartinezCommons MartinezCommons
UniversityHouse UniversityHouse
SproulPlaza SproulPlaza
OptometryLibrary OptometryLibrary
Library Library
AndersenAuditorium AndersenAuditorium
Stephens Stephens
Morrison Morrison
CareerCenter CareerCenter
StowPlaza StowPlaza
Sproul Sproul
AnthropologyLibrary AnthropologyLibrary
Birge Birge
FPF FPF
MelvinLaboratory MelvinLaboratory
Koshland Koshland
OBrien OBrien
Spieker Spieker
Mulford Mulford
EnergyBuilding EnergyBuilding
BrainImagingCenter BrainImagingCenter
Etcheverry Etcheverry
SpringerGateway SpringerGateway
DonnerLaboratory DonnerLaboratory
CITRIS CITRIS
Hilgard Hilgard
BioscienceLibrary BioscienceLibrary
MediaCenter MediaCenter
ArtHistoryLibrary ArtHistoryLibrary
BancroftDance BancroftDance
LawrenceofScience LawrenceofScience
NewspapersLibrary NewspapersLibrary
InternationalHouse InternationalHouse
HearstGym HearstGym
Jacobs Jacobs
Pimentel Pimentel
Unit3 Unit3
Manville Manville
PacificFilmArchive PacificFilmArchive
Warren Warren
SutardjaDai SutardjaDai
StudentUnion StudentUnion
EarthLibrary EarthLibrary
Durham Durham
EarthquakeLibrary EarthquakeLibrary
