159 22 159 77 190 77 140 14 97 126 172 119 86 119 67 162 191 162 96 56 156 52 6 197 106 13 63 121 166 27 169 27 145 27 173 133 17 36 66 10 171 69 155 69 138 81 30 11 104 20 87 20 41 148 51 148 47 182 48 117 7 72 45 25 101 132 101 137 53 193 24 193 180 122 180 109 127 146 127 61 188 85 54 200 46 37 46 192 130 107 134 120 134 107 189 32 98 65 26 65 165 65 93 154 2 154 179 16 178 8 167 15 71 157 147 40 147 59 100 139 100 199 100 181 23 194 21 194 23 149 76 149 4 44 60 44 83 108 38 108 50 29 88 160 79 3 79 57 64 177 111 34 111 128 111 177 174 177 5 102 123 102 82 102 158 99 158 74 185 74 158 92 116 92 114 35 114 31 9 28 81 164 43 164 159
100
22 22
77 77
190 190
140 140
14 14
97 97
126 126
172 172
86 86
191 191
96 96
156 156
52 52
6 6
106 106
13 13
63 63
121 121
169 169
145 145
133 133
17 17
36 36
10 10
155 155
138 138
11 11
87 87
41 41
148 148
51 51
47 47
48 48
7 7
72 72
45 45
101 101
132 132
137 137
53 53
193 193
24 24
180 180
122 122
109 109
146 146
61 61
85 85
200 200
46 46
37 37
192 192
107 107
134 134
120 120
32 32
98 98
65 65
26 26
165 165
93 93
154 154
2 2
178 178
167 167
15 15
71 71
157 157
40 40
59 59
100 100
139 139
199 199
181 181
21 21
76 76
4 4
60 60
38 38
88 88
79 79
3 3
64 64
111 111
34 34
128 128
174 174
102 102
123 123
82 82
158 158
99 99
74 74
185 185
116 116
114 114
35 35
31 31
28 28
43 43
