33 20 15 20 80 9 10 90 68 90 10 9 14 89 32 6 81 61 81 6 32 13 98 91 46 75 46 91 98 38 52 65 18 56 42 93 22 2 22 31 16 94 47 94 25 94 16 29 16 39 82 40 82 7 35 5 43 26 14 97 8 97 14 63 12 63 17 27 23 27 17 85 95 100 11 86 64 86 60 67 57 67 54 30 54 67 69 34 69 88 50 19 99 36 53 71 48 71 53 36 79 37 51 33
50
20 20
15 15
80 80
9 9
10 10
68 68
89 89
61 61
13 13
75 75
52 52
65 65
42 42
22 22
2 2
31 31
94 94
47 47
25 25
29 29
82 82
40 40
7 7
35 35
5 5
26 26
97 97
8 8
63 63
12 12
17 17
23 23
95 95
100 100
11 11
86 86
64 64
60 60
67 67
57 57
54 54
30 30
69 69
34 34
88 88
50 50
19 19
48 48
79 79
51 51
