IIII1I1 IIlIlI1 11I1Ill II1I1Il IlllI11 III1lII IIIlI1l lII1I11 IIlIIII II111I1 lll1lII I1I1111 lll1lII 1IlII1I lI11l1l 1IlII1I lIIIllI IIII1ll 11lI11I IIllIl1 I11IIlI lI1l1II 11I1Ill 11IIl1I l1IlIl1 11I1lll 1IIlIIl l1IlIII lI11l1l 1lI11l1 11I1Ill lIlllll 11I1Ill I1I111I IIII1I1
25
IIlIlI1 IIlIlI1
11I1Ill 11I1Ill
II1I1Il II1I1Il
IlllI11 IlllI11
III1lII III1lII
lII1I11 lII1I11
IIlIIII IIlIIII
II111I1 II111I1
I1I1111 I1I1111
1IlII1I 1IlII1I
lI11l1l lI11l1l
lIIIllI lIIIllI
IIII1ll IIII1ll
11lI11I 11lI11I
IIllIl1 IIllIl1
I11IIlI I11IIlI
lI1l1II lI1l1II
11IIl1I 11IIl1I
l1IlIl1 l1IlIl1
11I1lll 11I1lll
1IIlIIl 1IIlIIl
l1IlIII l1IlIII
1lI11l1 1lI11l1
lIlllll lIlllll
I1I111I I1I111I
