129 44 88 183 92 197 137 62 40 5 174 1 58 33 87 96 76 97 63 191 53 121 171 150 91 61 21 152 128 26 163 64 190 177 65 82 0 160 0 15 145 189 48 8 17 57 123 49 155 16 188 2 125 108 114 151 100 107 109 98 25 196 99 156 95 59 175 178 39 126 55 14 110 6 51 56 85 195 157 29 194 23 105 192 122 66 84 101 11 50 13 180 142 158 81 4 184 4 103 161 9 36 130 89 129
100
44 44
88 88
183 183
92 92
197 197
137 137
62 62
40 40
5 5
174 174
58 58
33 33
87 87
96 96
76 76
97 97
63 63
191 191
53 53
121 121
171 171
150 150
91 91
61 61
21 21
152 152
128 128
26 26
163 163
64 64
190 190
177 177
65 65
82 82
0 0
160 160
15 15
145 145
189 189
48 48
8 8
17 17
57 57
123 123
49 49
155 155
16 16
188 188
2 2
125 125
108 108
114 114
151 151
100 100
107 107
109 109
98 98
25 25
196 196
99 99
156 156
95 95
59 59
175 175
178 178
39 39
126 126
55 55
14 14
110 110
6 6
51 51
56 56
85 85
195 195
157 157
29 29
194 194
23 23
105 105
192 192
122 122
66 66
84 84
101 101
11 11
50 50
13 13
180 180
142 142
158 158
81 81
4 4
184 184
103 103
161 161
9 9
36 36
130 130
89 89
