0 26 0 20 0 38 0 11 44 37 29 98 32 98 37 9 43 9 18 78 25 6 25 78 18 33 18 35 57 4 40 45 13 19 63 48 69 17 69 34 47 27 47 41 15 41 1 71 30 14 10 96 31 96 8 86 39 54 21 77 16 23 42 51 12 28 19 2 3 5 7 56 50 24 46 97 36 74 0 49 22 49 0
50
0 0
26 26
20 20
38 38
11 11
44 44
37 37
29 29
32 32
9 9
43 43
18 18
25 25
6 6
33 33
35 35
4 4
40 40
45 45
13 13
19 19
48 48
17 17
34 34
47 47
27 27
41 41
15 15
1 1
30 30
14 14
10 10
31 31
8 8
39 39
21 21
16 16
23 23
42 42
12 12
28 28
2 2
3 3
5 5
7 7
24 24
46 46
36 36
49 49
22 22
