73 96 38 8 38 5 1 19 1 68 90 25 74 66 31 86 37 76 18 33 82 33 11 64 93 17 14 77 45 10 45 98 21 98 9 71 9 57 44 49 75 46 99 62 65 62 12 34 78 50 53 94 2 27 88 100 88 22 29 83 29 84 81 91 28 40 16 85 16 40 13 48 15 79 15 96 73
50
96 96
8 8
5 5
1 1
19 19
68 68
90 90
25 25
74 74
66 66
86 86
76 76
18 18
33 33
82 82
11 11
93 93
14 14
77 77
10 10
98 98
21 21
9 9
71 71
57 57
44 44
49 49
75 75
46 46
99 99
65 65
12 12
34 34
78 78
50 50
53 53
94 94
27 27
100 100
22 22
29 29
83 83
84 84
81 81
91 91
85 85
13 13
48 48
15 15
79 79
