74 123 109 161 139 138 116 120 198 143 198 113 88 188 183 108 33 83 125 80 56 135 151 130 28 14 118 14 59 60 59 65 91 131 200 131 53 98 125 157 125 50 66 63 174 63 115 148 105 117 39 150 17 187 43 158 43 58 68 23 25 44 107 112 114 112 76 154 76 89 76 21 31 86 128 86 134 100 173 100 97 137 99 11 140 16 152 37 178 176 165 171 136 184 96 20 181 142 42 8 141 61 141 129 163 94 34 52 34 18 110 72 100 73 146 45 13 192 13 121 111 199 133 54 179 168 4 193 51 77 51 190 155 90 64 47 127 32 27 103 147 95 172 12 172 5 48 132 30 167 81 123 74
100
123 123
109 109
161 161
139 139
138 138
116 116
120 120
198 198
143 143
113 113
88 88
108 108
83 83
125 125
80 80
56 56
135 135
130 130
14 14
118 118
59 59
60 60
91 91
200 200
53 53
98 98
157 157
50 50
66 66
63 63
174 174
115 115
105 105
39 39
17 17
158 158
58 58
23 23
44 44
107 107
112 112
114 114
76 76
154 154
89 89
31 31
86 86
128 128
134 134
100 100
173 173
97 97
99 99
11 11
140 140
16 16
152 152
178 178
165 165
171 171
136 136
184 184
96 96
20 20
142 142
42 42
61 61
129 129
163 163
94 94
52 52
18 18
72 72
73 73
146 146
45 45
192 192
111 111
199 199
133 133
54 54
179 179
4 4
193 193
51 51
77 77
190 190
155 155
90 90
47 47
127 127
32 32
27 27
103 103
95 95
12 12
5 5
132 132
167 167
81 81
