48 73 186 72 108 72 163 171 25 90 87 107 133 93 119 126 94 182 113 69 113 181 135 147 36 55 83 64 32 185 190 185 39 23 2 124 56 128 39 85 152 29 152 136 129 141 196 46 10 115 154 53 154 110 102 179 174 125 143 167 143 137 43 101 98 67 98 103 98 16 40 176 122 170 3 155 199 138 78 7 175 165 34 165 38 117 189 162 123 114 157 194 193 52 156 180 9 42 158 177 92 149 74 66 191 45 151 57 60 84 51 5 65 197 159 120 121 19 77 164 58 118 145 173 88 173 35 81 148 21 79 11 6 109 168 20 48
100
48 48
73 73
186 186
108 108
163 163
171 171
25 25
90 90
87 87
107 107
133 133
93 93
119 119
126 126
182 182
113 113
69 69
181 181
135 135
147 147
36 36
55 55
64 64
185 185
190 190
39 39
23 23
2 2
56 56
85 85
152 152
29 29
136 136
129 129
141 141
196 196
46 46
10 10
115 115
154 154
53 53
110 110
179 179
125 125
143 143
167 167
137 137
101 101
98 98
67 67
103 103
16 16
40 40
176 176
170 170
3 3
155 155
199 199
138 138
78 78
7 7
175 175
165 165
34 34
38 38
117 117
123 123
157 157
194 194
193 193
52 52
156 156
180 180
9 9
42 42
158 158
177 177
149 149
74 74
66 66
191 191
151 151
60 60
84 84
5 5
197 197
120 120
19 19
164 164
58 58
118 118
145 145
88 88
35 35
148 148
21 21
79 79
11 11
109 109
20 20
