evdoyagqfp xawkqmfmmx xftptyrlvl mysadifwma robpunozly bnmegnfgii robpunozly mysadifwma xftptyrlvl uooysjrxsb xftptyrlvl qbiylslccb kvxwqiryyu sjtuxgdwms hsjqtjkukk bbczvyonym mdyuzxshey wtlzrefwav afrdrejwtp pwgublhwxg hofbtczdgp pwgublhwxg pymtnhypxd jrmlkfexfk seeyrseflx hkempoemlv seeyrseflx xeigbnzhbj oggftsricu xywdziunpr vugkhjygfe aruwdskzta lnicnhmajr kyrhqthnvz lndsfxewdc eqdxeqvtsb lndsfxewdc vkrlpmybdj jrusiskazm ichabbvkhm oavtmpaqji oownpsyviv rnpokwoqgt fdgcygwgjf phknwbtipl xguvjomcdt nwlccbonas itbfnxnauh nwlccbonas bbwcqzwyoz ijbfzrqwct bimtbhwsby ijbfzrqwct qfbvncxldf ixyurvbpvu yiwwdwbzth ixyurvbpvu qepegujmaa koawdpgqdx psiebvskfb koawdpgqdx pdljcbluhp ljhmnbaicr qgfchcatzi yriqtwavfx rkyixxpcbx yriqtwavfx gucdicwxmb yriqtwavfx uhalgukdzb dnmgxnhbgi vnzypgtlkj gbdejcnknd ahqdrcepub byyqgjwsrp qxfgqgbbdn byyqgjwsrp cttlxdtaiw zmfuudfatm afortwurqt xifuopshzj xwrvhrxnqy pbefrggyje unihwwnyqz kijbyyuzhd wtyqwjwskq fznfvsgjhc ouxenssqdu kvfpaspidv zpjhxyylhb bswhowadhl tgkujfknod jfccyptuug cpwyxulkjm nbjyrygtdh ymvlfsdhbu aokbiptbzc ymvlfsdhbu frfueiglva ldnozwuuuq spdafzaivh qiqnnrlapz qpxtrjvxpe tmatbexcil qpxtrjvxpe lnicnhmajr xychpimpzb bulywvvpni wkwwcqjtxf lkvtxfwozs wkwwcqjtxf osdeymjeil jrmlkfexfk scesbtewjx hxkhivkhyl xnppuesbrr gllungmori qxuqrfzzob opmnfgpclg knfzsnhzvx etdxtwotzh qepegujmaa pcilmgdrgc ivgbjyugdu pcilmgdrgc wwqchwdmtx jedsthbmzo euqbrkzdsw zivwgfcxqi phknwbtipl gkcfktyute xkasbvrrxd lcrihrmoqu tgbmxdmvwe lcrihrmoqu tvcolajnao xqwyvbvueh oegfbrwyrp wynbxuuxru tmrnpjqnxx wynbxuuxru qzdrdcxoib voaumgrcuj qzdrdcxoib wynbxuuxru epdwcjuvdr kgktiatgjn epdwcjuvdr eooyfwmxln fczruomdab ummqduagjn stdiixwrjc guuudgvhny ivugtsvtqb optviwhmbr vfdsalrajq optviwhmbr jqtguzxxsl smwxdupkdv jqtguzxxsl xftptyrlvl fluzhooehk xftptyrlvl evdoyagqfp
99
evdoyagqfp evdoyagqfp
xawkqmfmmx xawkqmfmmx
mysadifwma mysadifwma
bnmegnfgii bnmegnfgii
uooysjrxsb uooysjrxsb
kvxwqiryyu kvxwqiryyu
hsjqtjkukk hsjqtjkukk
bbczvyonym bbczvyonym
mdyuzxshey mdyuzxshey
wtlzrefwav wtlzrefwav
afrdrejwtp afrdrejwtp
hofbtczdgp hofbtczdgp
jrmlkfexfk jrmlkfexfk
seeyrseflx seeyrseflx
hkempoemlv hkempoemlv
oggftsricu oggftsricu
xywdziunpr xywdziunpr
vugkhjygfe vugkhjygfe
aruwdskzta aruwdskzta
lnicnhmajr lnicnhmajr
kyrhqthnvz kyrhqthnvz
lndsfxewdc lndsfxewdc
eqdxeqvtsb eqdxeqvtsb
vkrlpmybdj vkrlpmybdj
jrusiskazm jrusiskazm
ichabbvkhm ichabbvkhm
oavtmpaqji oavtmpaqji
rnpokwoqgt rnpokwoqgt
fdgcygwgjf fdgcygwgjf
xguvjomcdt xguvjomcdt
nwlccbonas nwlccbonas
itbfnxnauh itbfnxnauh
bbwcqzwyoz bbwcqzwyoz
bimtbhwsby bimtbhwsby
qfbvncxldf qfbvncxldf
yiwwdwbzth yiwwdwbzth
qepegujmaa qepegujmaa
psiebvskfb psiebvskfb
pdljcbluhp pdljcbluhp
qgfchcatzi qgfchcatzi
rkyixxpcbx rkyixxpcbx
gucdicwxmb gucdicwxmb
uhalgukdzb uhalgukdzb
vnzypgtlkj vnzypgtlkj
gbdejcnknd gbdejcnknd
ahqdrcepub ahqdrcepub
byyqgjwsrp byyqgjwsrp
qxfgqgbbdn qxfgqgbbdn
cttlxdtaiw cttlxdtaiw
zmfuudfatm zmfuudfatm
afortwurqt afortwurqt
xifuopshzj xifuopshzj
xwrvhrxnqy xwrvhrxnqy
pbefrggyje pbefrggyje
kijbyyuzhd kijbyyuzhd
ouxenssqdu ouxenssqdu
kvfpaspidv kvfpaspidv
bswhowadhl bswhowadhl
tgkujfknod tgkujfknod
cpwyxulkjm cpwyxulkjm
nbjyrygtdh nbjyrygtdh
ymvlfsdhbu ymvlfsdhbu
aokbiptbzc aokbiptbzc
ldnozwuuuq ldnozwuuuq
qiqnnrlapz qiqnnrlapz
qpxtrjvxpe qpxtrjvxpe
tmatbexcil tmatbexcil
xychpimpzb xychpimpzb
bulywvvpni bulywvvpni
wkwwcqjtxf wkwwcqjtxf
lkvtxfwozs lkvtxfwozs
osdeymjeil osdeymjeil
scesbtewjx scesbtewjx
xnppuesbrr xnppuesbrr
qxuqrfzzob qxuqrfzzob
etdxtwotzh etdxtwotzh
pcilmgdrgc pcilmgdrgc
ivgbjyugdu ivgbjyugdu
wwqchwdmtx wwqchwdmtx
euqbrkzdsw euqbrkzdsw
zivwgfcxqi zivwgfcxqi
xkasbvrrxd xkasbvrrxd
lcrihrmoqu lcrihrmoqu
tgbmxdmvwe tgbmxdmvwe
tvcolajnao tvcolajnao
xqwyvbvueh xqwyvbvueh
oegfbrwyrp oegfbrwyrp
wynbxuuxru wynbxuuxru
tmrnpjqnxx tmrnpjqnxx
voaumgrcuj voaumgrcuj
kgktiatgjn kgktiatgjn
eooyfwmxln eooyfwmxln
stdiixwrjc stdiixwrjc
guuudgvhny guuudgvhny
ivugtsvtqb ivugtsvtqb
optviwhmbr optviwhmbr
vfdsalrajq vfdsalrajq
smwxdupkdv smwxdupkdv
fluzhooehk fluzhooehk
