mdyuzxshey mysadifwma mdyuzxshey vkrlpmybdj jatkaoyfxb bnmegnfgii jatkaoyfxb zumetrybth ebqxbaqnmm ljhmnbaicr owusjcmdkp lnicnhmajr chjuuxuacs euqbrkzdsw oggftsricu lkvobxyfca fznfvsgjhc hkempoemlv mswyvpdrsy lndsfxewdc zpybghfdbe psiebvskfb qydclznxrd cmdqzmgvfi qfbvncxldf cmdqzmgvfi tmrnpjqnxx wtlzrefwav hsjqtjkukk smwxdupkdv koawdpgqdx unihwwnyqz qepegujmaa xtvbrolacp qepegujmaa unihwwnyqz koawdpgqdx aokbiptbzc smwxdupkdv hsjqtjkukk wtlzrefwav jrmlkfexfk gllungmori rkyixxpcbx eooyfwmxln rkyixxpcbx optviwhmbr ixyurvbpvu uooysjrxsb seeyrseflx vugkhjygfe seeyrseflx uooysjrxsb ixyurvbpvu gwnccktgki ixyurvbpvu siatqqydwf ahqdrcepub lazlsvgukx idfvjoquhh lbuiysostx oegfbrwyrp tgbmxdmvwe oegfbrwyrp bswhowadhl wtyqwjwskq yiwwdwbzth xftptyrlvl knfzsnhzvx oewptytlja nwlccbonas oewptytlja jedsthbmzo xftptyrlvl yiwwdwbzth jqtguzxxsl hadchvmijq wynbxuuxru hadchvmijq phknwbtipl kdujdjjwot zjbarjhmau bulywvvpni zjbarjhmau wkwwcqjtxf qcktwemqbm tvcolajnao vkrlpmybdj zmfuudfatm vkrlpmybdj mdyuzxshey
49
mdyuzxshey mdyuzxshey
mysadifwma mysadifwma
vkrlpmybdj vkrlpmybdj
jatkaoyfxb jatkaoyfxb
bnmegnfgii bnmegnfgii
zumetrybth zumetrybth
ebqxbaqnmm ebqxbaqnmm
ljhmnbaicr ljhmnbaicr
owusjcmdkp owusjcmdkp
lnicnhmajr lnicnhmajr
euqbrkzdsw euqbrkzdsw
lkvobxyfca lkvobxyfca
fznfvsgjhc fznfvsgjhc
mswyvpdrsy mswyvpdrsy
lndsfxewdc lndsfxewdc
psiebvskfb psiebvskfb
qydclznxrd qydclznxrd
cmdqzmgvfi cmdqzmgvfi
qfbvncxldf qfbvncxldf
wtlzrefwav wtlzrefwav
koawdpgqdx koawdpgqdx
qepegujmaa qepegujmaa
xtvbrolacp xtvbrolacp
aokbiptbzc aokbiptbzc
gllungmori gllungmori
rkyixxpcbx rkyixxpcbx
eooyfwmxln eooyfwmxln
optviwhmbr optviwhmbr
seeyrseflx seeyrseflx
vugkhjygfe vugkhjygfe
gwnccktgki gwnccktgki
ahqdrcepub ahqdrcepub
lazlsvgukx lazlsvgukx
lbuiysostx lbuiysostx
tgbmxdmvwe tgbmxdmvwe
wtyqwjwskq wtyqwjwskq
xftptyrlvl xftptyrlvl
knfzsnhzvx knfzsnhzvx
oewptytlja oewptytlja
nwlccbonas nwlccbonas
jedsthbmzo jedsthbmzo
jqtguzxxsl jqtguzxxsl
hadchvmijq hadchvmijq
wynbxuuxru wynbxuuxru
kdujdjjwot kdujdjjwot
zjbarjhmau zjbarjhmau
bulywvvpni bulywvvpni
qcktwemqbm qcktwemqbm
zmfuudfatm zmfuudfatm
