gucdicwxmb epdwcjuvdr vugkhjygfe qzdrdcxoib wtyqwjwskq gwnccktgki ztplgyvqhm gwnccktgki seeyrseflx gwnccktgki yiwwdwbzth oggftsricu kdujdjjwot tgbmxdmvwe xtvbrolacp psiebvskfb zumetrybth psiebvskfb xtvbrolacp zpybghfdbe jedsthbmzo lkvobxyfca lbuiysostx tvuprbwofb siatqqydwf wtlzrefwav rnpokwoqgt iwdghbmiai rnpokwoqgt jqtguzxxsl evdoyagqfp gkcfktyute zjbarjhmau xawkqmfmmx smwxdupkdv unihwwnyqz koawdpgqdx zpjhxyylhb vkrlpmybdj vugkhjygfe ahqdrcepub vugkhjygfe epdwcjuvdr gucdicwxmb
21
epdwcjuvdr epdwcjuvdr
vugkhjygfe vugkhjygfe
wtyqwjwskq wtyqwjwskq
ztplgyvqhm ztplgyvqhm
seeyrseflx seeyrseflx
yiwwdwbzth yiwwdwbzth
oggftsricu oggftsricu
psiebvskfb psiebvskfb
zumetrybth zumetrybth
lkvobxyfca lkvobxyfca
tvuprbwofb tvuprbwofb
rnpokwoqgt rnpokwoqgt
iwdghbmiai iwdghbmiai
evdoyagqfp evdoyagqfp
gkcfktyute gkcfktyute
zjbarjhmau zjbarjhmau
xawkqmfmmx xawkqmfmmx
koawdpgqdx koawdpgqdx
zpjhxyylhb zpjhxyylhb
vkrlpmybdj vkrlpmybdj
ahqdrcepub ahqdrcepub
