0 60 63 60 54 79 4 45 48 45 47 46 47 88 37 35 55 57 55 58 42 98 52 51 52 99 94 29 25 28 25 65 20 23 20 15 18 15 17 16 17 49 89 44 84 90 92 90 87 86 87 85 77 76 77 95 97 96 67 68 32 31 32 30 33 30 40 5 8 5 7 71 7 9 39 80 83 80 82 81 12 11 12 10 13 10 0
50
60 60
63 63
54 54
79 79
4 4
48 48
46 46
88 88
37 37
55 55
57 57
58 58
42 42
52 52
51 51
99 99
94 94
29 29
28 28
65 65
20 20
23 23
18 18
16 16
49 49
89 89
44 44
84 84
90 90
92 92
86 86
85 85
76 76
97 97
67 67
68 68
32 32
31 31
33 33
40 40
5 5
8 8
71 71
39 39
80 80
83 83
82 82
81 81
11 11
13 13
