0 3 0 110 57 56 57 110 113 17 16 17 104 99 130 133 130 132 131 132 141 142 140 44 105 47 183 180 182 181 182 189 74 54 69 179 124 159 184 79 135 52 135 138 135 40 43 40 42 41 42 186 77 116 77 101 102 108 82 80 115 118 27 65 68 65 100 15 85 87 95 97 95 145 148 145 125 128 117 168 117 166 137 136 137 160 162 161 162 160 114 195 197 195 144 72 129 170 172 170 94 64 154 190 192 191 92 91 92 90 25 28 2 13 10 12 11 12 66 67 123 120 122 151 152 150 20 35 37 36 37 35 38 35 39 134 139 149 185 187 185 55 58 32 30 75 78 75 0
100
3 3
110 110
57 57
56 56
113 113
17 17
16 16
104 104
99 99
133 133
132 132
131 131
141 141
142 142
44 44
105 105
47 47
183 183
180 180
182 182
181 181
189 189
74 74
54 54
69 69
179 179
124 124
159 159
184 184
79 79
135 135
52 52
138 138
43 43
42 42
41 41
186 186
116 116
101 101
102 102
108 108
82 82
118 118
27 27
65 65
68 68
100 100
15 15
87 87
95 95
97 97
145 145
148 148
125 125
128 128
168 168
166 166
136 136
160 160
161 161
114 114
195 195
197 197
144 144
72 72
129 129
172 172
94 94
64 64
154 154
192 192
92 92
91 91
25 25
28 28
2 2
13 13
12 12
11 11
66 66
67 67
123 123
120 120
122 122
152 152
20 20
35 35
37 37
36 36
38 38
39 39
134 134
139 139
149 149
187 187
55 55
58 58
32 32
30 30
78 78
