85 43 36 11 36 28 24 0 1 5 94 26 86 31 32 57 19 50 19 64 4 27 4 69 4 98 4 44 91 3 38 3 47 55 14 17 14 99 56 14 15 39 46 49 80 48 14 71 96 19 51 10 8 10 93 10 87 21 7 21 68 21 76 21 37 20 53 45 14 92 25 23 25 77 25 22 2 16 2 79 2 81 2 35 13 34 52 32 54 85
50
43 43
11 11
28 28
0 0
1 1
94 94
86 86
31 31
57 57
50 50
64 64
27 27
69 69
98 98
44 44
91 91
38 38
47 47
55 55
17 17
99 99
56 56
15 15
46 46
80 80
48 48
71 71
96 96
51 51
8 8
93 93
87 87
7 7
68 68
76 76
37 37
53 53
45 45
92 92
23 23
77 77
22 22
16 16
79 79
81 81
35 35
13 13
34 34
52 52
54 54
