99 58 150 117 31 20 82 48 122 48 166 6 75 6 151 6 70 6 142 6 39 14 35 36 15 36 98 36 155 36 92 6 34 188 2 40 2 146 2 63 2 112 2 73 2 127 2 192 2 47 8 22 19 24 19 1 12 19 80 19 106 19 33 19 174 19 184 168 164 29 103 28 100 29 88 29 10 31 94 23 9 46 119 13 186 13 56 13 102 13 160 29 167 3 90 3 26 48 125 46 55 64 170 21 163 21 132 43 131 29 183 45 41 45 59 7 18 172 86 181 111 7 53 16 173 37 130 37 169 23 27 16 124 16 97 16 190 16 30 16 68 16 148 16 17 16 66 16 185 16 61 51 37 83 81 0 21 78 23 114 23 5 23 165 23 180 37 158 14 4 14 149 14 178 14 123 161 13 42 13 171 38 25 38 126 99
100
99 99
150 150
117 117
20 20
82 82
122 122
166 166
75 75
151 151
70 70
142 142
39 39
35 35
15 15
98 98
155 155
92 92
34 34
188 188
40 40
146 146
63 63
112 112
73 73
127 127
192 192
47 47
8 8
22 22
24 24
1 1
12 12
80 80
106 106
33 33
174 174
184 184
168 168
164 164
103 103
28 28
100 100
88 88
10 10
94 94
9 9
119 119
186 186
56 56
102 102
160 160
167 167
90 90
26 26
125 125
55 55
170 170
163 163
132 132
131 131
183 183
41 41
59 59
18 18
172 172
181 181
111 111
53 53
173 173
130 130
169 169
27 27
124 124
97 97
190 190
30 30
68 68
148 148
17 17
66 66
185 185
61 61
51 51
83 83
0 0
78 78
114 114
5 5
165 165
180 180
158 158
4 4
149 149
178 178
123 123
161 161
42 42
171 171
25 25
126 126
