0 91 30 19 67 64 25 15 6 96 85 16 83 10 2 93 21 13 71 94 70 17 62 5 87 38 46 72 29 14 73 52 32 4 66 95 79 90 12 28 42 33 76 51 92 65 23 60 75 43 47 37 74 98 88 8 61 100 48 3 58 97 31 55 44 18 99 86 78 9 39 27 49 53 68 57 54 7 45 89 82 80 63 24 1 34 11 59 40 69 26 50 22 36 41 77 84 81 20 35 56 0
100
91 91
30 30
19 19
67 67
64 64
25 25
15 15
6 6
96 96
85 85
16 16
83 83
10 10
2 2
93 93
21 21
13 13
71 71
94 94
70 70
17 17
62 62
5 5
87 87
38 38
46 46
72 72
29 29
14 14
73 73
52 52
32 32
4 4
66 66
95 95
79 79
90 90
12 12
28 28
42 42
33 33
76 76
51 51
92 92
65 65
23 23
60 60
75 75
43 43
47 47
37 37
74 74
98 98
88 88
8 8
61 61
100 100
48 48
3 3
58 58
97 97
31 31
55 55
44 44
18 18
99 99
86 86
78 78
9 9
39 39
27 27
49 49
53 53
68 68
57 57
54 54
7 7
45 45
89 89
82 82
80 80
63 63
24 24
1 1
34 34
11 11
59 59
40 40
69 69
26 26
50 50
22 22
36 36
41 41
77 77
84 84
81 81
20 20
35 35
56 56
