woebegone Irvin mack Zorn December Hewlett griddle illusion transfuse catenate Darwin Elizabethan Goodrich Simon yogurt trimester deduce Curtis sphalerite noon Auberge Rodney swordfish funky millennium inform secondary inform postscript connubial Winchester bat directory numerology viscous numerology diligent McCall septillion oriole bunch midstream confrontation relaxation backplate involuntary mitre spill involuntary slowdown yearn barnacle broil thirteen fulsome embroil coarse atom transonic plunder renaissance casserole MN exothermic MN monotonous dreadnought monotonous sinh Durango Reilly Durango bifurcate update icon combine Wheller archive papal car softball anvil administer stanza Modesto lexicon choice shovel wingspread funny Vega extrovert Tucson extrovert Andersen archive explosion archive dull swingy Fisk mediate Sunday silage Sunday whatsoever PDP limitate PDP Stephen simulate Gilmore switchmen imperishable balustrade babysat felony tate felony Isfahan thoroughfare felony equipping felony woebegone
100
Irvin Irvin
mack mack
Zorn Zorn
December December
Hewlett Hewlett
griddle griddle
illusion illusion
transfuse transfuse
catenate catenate
Darwin Darwin
Goodrich Goodrich
Simon Simon
yogurt yogurt
trimester trimester
deduce deduce
Curtis Curtis
sphalerite sphalerite
noon noon
Auberge Auberge
Rodney Rodney
swordfish swordfish
funky funky
millennium millennium
inform inform
secondary secondary
postscript postscript
connubial connubial
Winchester Winchester
bat bat
directory directory
numerology numerology
viscous viscous
diligent diligent
McCall McCall
septillion septillion
oriole oriole
bunch bunch
midstream midstream
relaxation relaxation
backplate backplate
involuntary involuntary
mitre mitre
spill spill
slowdown slowdown
yearn yearn
barnacle barnacle
broil broil
thirteen thirteen
fulsome fulsome
embroil embroil
coarse coarse
transonic transonic
renaissance renaissance
casserole casserole
exothermic exothermic
monotonous monotonous
dreadnought dreadnought
sinh sinh
Durango Durango
Reilly Reilly
bifurcate bifurcate
update update
icon icon
Wheller Wheller
archive archive
papal papal
car car
softball softball
anvil anvil
administer administer
stanza stanza
Modesto Modesto
choice choice
shovel shovel
wingspread wingspread
funny funny
Vega Vega
extrovert extrovert
Tucson Tucson
Andersen Andersen
explosion explosion
dull dull
swingy swingy
Fisk Fisk
mediate mediate
Sunday Sunday
silage silage
whatsoever whatsoever
PDP PDP
limitate limitate
Stephen Stephen
simulate simulate
Gilmore Gilmore
imperishable imperishable
babysat babysat
felony felony
tate tate
Isfahan Isfahan
thoroughfare thoroughfare
equipping equipping
