1 mxfjog 1 eecyyi 1 2 hkmvzs 2 wdukvg 2 9 eaxqgg 9 dgndkq 9 5 xzpwqp 5 jjhfbf 5 7 obygpx 7 zfpeyb 7 3 dwtmye 3 fncbor 3 10 atjnbp 10 itizxl 10 8 qmdppc 8 qmrpna 8 6 bdkbsl 6 htnufq 6 4 adnqny 4 aiahrn 4 11 bvxxxl 11 dfkzik 11 1
22
mxfjog mxfjog
eecyyi eecyyi
hkmvzs hkmvzs
wdukvg wdukvg
eaxqgg eaxqgg
dgndkq dgndkq
xzpwqp xzpwqp
jjhfbf jjhfbf
obygpx obygpx
zfpeyb zfpeyb
dwtmye dwtmye
fncbor fncbor
atjnbp atjnbp
itizxl itizxl
qmdppc qmdppc
qmrpna qmrpna
bdkbsl bdkbsl
htnufq htnufq
adnqny adnqny
aiahrn aiahrn
bvxxxl bvxxxl
dfkzik dfkzik
