ctUVEJSyNR T3o9dNVbcG RLF9v27sOQ f91pUtm9EZ vzXeZbLrSW UphA2uAaYC VbPBW7rmhF QwY2G6aX6c 8Jejdr7ynm 7d3UA4fKWz Z82QDWb0Pr HTp005294X IU0Ia8127Z HTp005294X VBTKstUXwG 8UaR4YpZys VBTKstUXwG oWdH0Xcxwv HG8olhhcTZ BtCEVbHoQI I4iTN5KXjB TDmNOuGJBk MzId8uwrPz pxgZ5VHtpD 6lpxgUxCxO oPQmRUijH5 gLI8ArV2Ui osdKgXyg1e MuYreynm57 zUWT7uduzq uVIshS2g8a qg08r1Pg6g uVIshS2g8a U5XdtBFGOe Z82QDWb0Pr ctUVEJSyNR
25
T3o9dNVbcG T3o9dNVbcG
RLF9v27sOQ RLF9v27sOQ
f91pUtm9EZ f91pUtm9EZ
vzXeZbLrSW vzXeZbLrSW
UphA2uAaYC UphA2uAaYC
QwY2G6aX6c QwY2G6aX6c
8Jejdr7ynm 8Jejdr7ynm
7d3UA4fKWz 7d3UA4fKWz
Z82QDWb0Pr Z82QDWb0Pr
IU0Ia8127Z IU0Ia8127Z
VBTKstUXwG VBTKstUXwG
8UaR4YpZys 8UaR4YpZys
HG8olhhcTZ HG8olhhcTZ
BtCEVbHoQI BtCEVbHoQI
I4iTN5KXjB I4iTN5KXjB
TDmNOuGJBk TDmNOuGJBk
MzId8uwrPz MzId8uwrPz
6lpxgUxCxO 6lpxgUxCxO
oPQmRUijH5 oPQmRUijH5
gLI8ArV2Ui gLI8ArV2Ui
osdKgXyg1e osdKgXyg1e
MuYreynm57 MuYreynm57
zUWT7uduzq zUWT7uduzq
qg08r1Pg6g qg08r1Pg6g
U5XdtBFGOe U5XdtBFGOe
