g3ylJsdLuC idQHxtSnxr onlLq65Azx j98kcW9qGB bsEkAY2K41 Q1N77BLmyb TSSOUimHPg 97ZNlakBoq mwzQG3SxnO rCoEuOa7EU 8KtuAXHUy3 rCoEuOa7EU XW1Wn7EqpN GQ4F0g3Mdj TyL7NE2puV GQ4F0g3Mdj TP2TNyk7wl 2nSOTVmvxV yky49wE4YG Pv5LMSkQii yky49wE4YG WRd4lScvm6 yky49wE4YG YAqGe4tKAP FvzkpZRSj8 PcFJuErB3q CxfzSa2YOV M2hatQPY96 tubjzjzUpV 8ZKCAWlImg z9nRKYQ1ub 8ZKCAWlImg t25XjDwQhD DJYFSgxecW vUu8ijgxxf ZqWjuL44qr jBYJ7v19BQ qjDSEKmZMW FqFik17fFH r8njDwxc2t JD3uem81Lg IA0Uf143OT BNkM7qaRNw XlU2fx0ZPn 7wS9dKOnJR IT4pKw3giW 7wS9dKOnJR J3muHocLp9 gZXiityEnU Pz3egMzKU8 srT70dfQEr K05xB79KZo 2O61j91J3T bserQRNqfz KpxiCfRqh3 WYEDqSuNRX oEdovEhrWM CUEWGmB7Gt dMOAUqH7Z3 qnkfLCmfDn Pijq8aHqIR lfdanPGo3c MXIvZpEPtW biWuM2iRnz MXIvZpEPtW 4znnlMjVra dj8JMfo3hX QrJxLpX875 2eMl9AO5o8 emYRLTiyj9 LeZK9UvMT9 emYRLTiyj9 2eMl9AO5o8 oWmQcQwHPo WcyuqGYOzU XOxGPscMMG yU6iUY8YgO Qu2MUNKITj pk0Vh75DnH RN0bCAV6rQ dC48GQHGzO 1TfvXd6dPZ mbSdju1TJK 1TfvXd6dPZ u4FAx2sHZm 2OsmeZV9xh u4FAx2sHZm g2I4si69gU oVMPVsMWrZ g2I4si69gU 0wTk0mYkLH KUJdxKVZFO fXy828RCG4 KUJdxKVZFO 7g0Idy1nzK 03xK87sjTf nKHFs5cKTX Oiowits7js 12ECENJIev 7wS9dKOnJR 723MhcLxt0 1QXjsHNYao 2S929yZddP YpRs8m6oyX FmtLnHv2HY CSjLrGbUz3 xtp1B5q0W1 CSjLrGbUz3 QTNhZIciNJ h5Si5BAPN0 oIVQ2qkgnR bhojeHeddF oIVQ2qkgnR s3eMpsYH00 oIVQ2qkgnR 0hs3CNDF4L nFqfAnhO3U TBzLS0OAYU xjSWG1YKh9 wRn7Oi1bcW 0mnwiU4XrT u4LnQNaaiz yvMowGbkvn IGpxjveim7 x7iq98BiN3 uNliYB9ELN LCKLTNE1vp uvoepIQg9n fWIjO8yhE3 KHDeTTvJC1 fWIjO8yhE3 WAi18jd2vJ S8BtTu4yH9 WAi18jd2vJ Tk8ERvdKxF uIf3wnJUdn Tk8ERvdKxF oCk2Yieytb bWDewy6WbV oCk2Yieytb 33omYiVXOD 5SSy593K31 WvFZJEkTrw aEo62SfMqH j98kcW9qGB jPXsbXPNMq BUMLJo6sc3 fecMfiAuGC BUMLJo6sc3 idQHxtSnxr g3ylJsdLuC
100
idQHxtSnxr idQHxtSnxr
onlLq65Azx onlLq65Azx
bsEkAY2K41 bsEkAY2K41
Q1N77BLmyb Q1N77BLmyb
97ZNlakBoq 97ZNlakBoq
mwzQG3SxnO mwzQG3SxnO
8KtuAXHUy3 8KtuAXHUy3
XW1Wn7EqpN XW1Wn7EqpN
GQ4F0g3Mdj GQ4F0g3Mdj
TyL7NE2puV TyL7NE2puV
TP2TNyk7wl TP2TNyk7wl
yky49wE4YG yky49wE4YG
Pv5LMSkQii Pv5LMSkQii
WRd4lScvm6 WRd4lScvm6
YAqGe4tKAP YAqGe4tKAP
FvzkpZRSj8 FvzkpZRSj8
CxfzSa2YOV CxfzSa2YOV
M2hatQPY96 M2hatQPY96
tubjzjzUpV tubjzjzUpV
z9nRKYQ1ub z9nRKYQ1ub
t25XjDwQhD t25XjDwQhD
vUu8ijgxxf vUu8ijgxxf
jBYJ7v19BQ jBYJ7v19BQ
qjDSEKmZMW qjDSEKmZMW
r8njDwxc2t r8njDwxc2t
JD3uem81Lg JD3uem81Lg
IA0Uf143OT IA0Uf143OT
BNkM7qaRNw BNkM7qaRNw
XlU2fx0ZPn XlU2fx0ZPn
IT4pKw3giW IT4pKw3giW
gZXiityEnU gZXiityEnU
Pz3egMzKU8 Pz3egMzKU8
srT70dfQEr srT70dfQEr
K05xB79KZo K05xB79KZo
2O61j91J3T 2O61j91J3T
KpxiCfRqh3 KpxiCfRqh3
oEdovEhrWM oEdovEhrWM
CUEWGmB7Gt CUEWGmB7Gt
dMOAUqH7Z3 dMOAUqH7Z3
qnkfLCmfDn qnkfLCmfDn
Pijq8aHqIR Pijq8aHqIR
lfdanPGo3c lfdanPGo3c
biWuM2iRnz biWuM2iRnz
4znnlMjVra 4znnlMjVra
dj8JMfo3hX dj8JMfo3hX
QrJxLpX875 QrJxLpX875
emYRLTiyj9 emYRLTiyj9
LeZK9UvMT9 LeZK9UvMT9
oWmQcQwHPo oWmQcQwHPo
WcyuqGYOzU WcyuqGYOzU
yU6iUY8YgO yU6iUY8YgO
pk0Vh75DnH pk0Vh75DnH
RN0bCAV6rQ RN0bCAV6rQ
1TfvXd6dPZ 1TfvXd6dPZ
mbSdju1TJK mbSdju1TJK
u4FAx2sHZm u4FAx2sHZm
2OsmeZV9xh 2OsmeZV9xh
g2I4si69gU g2I4si69gU
oVMPVsMWrZ oVMPVsMWrZ
0wTk0mYkLH 0wTk0mYkLH
KUJdxKVZFO KUJdxKVZFO
fXy828RCG4 fXy828RCG4
7g0Idy1nzK 7g0Idy1nzK
03xK87sjTf 03xK87sjTf
nKHFs5cKTX nKHFs5cKTX
Oiowits7js Oiowits7js
12ECENJIev 12ECENJIev
723MhcLxt0 723MhcLxt0
1QXjsHNYao 1QXjsHNYao
2S929yZddP 2S929yZddP
YpRs8m6oyX YpRs8m6oyX
CSjLrGbUz3 CSjLrGbUz3
xtp1B5q0W1 xtp1B5q0W1
QTNhZIciNJ QTNhZIciNJ
h5Si5BAPN0 h5Si5BAPN0
oIVQ2qkgnR oIVQ2qkgnR
bhojeHeddF bhojeHeddF
s3eMpsYH00 s3eMpsYH00
0hs3CNDF4L 0hs3CNDF4L
TBzLS0OAYU TBzLS0OAYU
wRn7Oi1bcW wRn7Oi1bcW
0mnwiU4XrT 0mnwiU4XrT
u4LnQNaaiz u4LnQNaaiz
yvMowGbkvn yvMowGbkvn
x7iq98BiN3 x7iq98BiN3
LCKLTNE1vp LCKLTNE1vp
uvoepIQg9n uvoepIQg9n
KHDeTTvJC1 KHDeTTvJC1
WAi18jd2vJ WAi18jd2vJ
S8BtTu4yH9 S8BtTu4yH9
Tk8ERvdKxF Tk8ERvdKxF
uIf3wnJUdn uIf3wnJUdn
oCk2Yieytb oCk2Yieytb
bWDewy6WbV bWDewy6WbV
5SSy593K31 5SSy593K31
WvFZJEkTrw WvFZJEkTrw
aEo62SfMqH aEo62SfMqH
jPXsbXPNMq jPXsbXPNMq
BUMLJo6sc3 BUMLJo6sc3
fecMfiAuGC fecMfiAuGC
