1 1dY 1aE 1cQ 1cJ 1aY 1eI 1dR 1bC 1dV 1eJ 1cG 1cY 1cX 1bG 1eA 1cT 1bF 1aP 1dZ 1bH 1aX 1bT 1dA 1cW 1bX 1dD 1aW 1cF 1cO 1aZ 1dS 1cK 1bJ 1dE 1eB 1cC 1cB 1dK 1bM 1dW 1dT 1eH 1bE 1bU 1aJ 1aQ 1bQ 1aS 1bD 1bR 1bS 1eF 1aC 1aU 1dP 1eD 1bB 1eC 1dC 1aV 1dH 1dM 1cU 1bW 1bY 1bO 1bP 1cS 1dO 1cI 1aK 1bK 1cR 1cE 1bV 1eG 1cP 1dG 1bL 1aB 1cH 1aA 1dN 1bN 1cD 1cV 1aN 1cZ 1eE 1bA 1aT 1aI 1dF 1dI 1aR 1aM 1dJ 1cN 1aL 1
100
1 1
1dY 1dY
1aE 1aE
1cQ 1cQ
1cJ 1cJ
1aY 1aY
1eI 1eI
1dR 1dR
1bC 1bC
1dV 1dV
1eJ 1eJ
1cG 1cG
1cY 1cY
1cX 1cX
1bG 1bG
1eA 1eA
1cT 1cT
1bF 1bF
1aP 1aP
1dZ 1dZ
1bH 1bH
1aX 1aX
1bT 1bT
1dA 1dA
1cW 1cW
1bX 1bX
1dD 1dD
1aW 1aW
1cF 1cF
1cO 1cO
1aZ 1aZ
1dS 1dS
1cK 1cK
1bJ 1bJ
1dE 1dE
1eB 1eB
1cC 1cC
1cB 1cB
1dK 1dK
1bM 1bM
1dW 1dW
1dT 1dT
1eH 1eH
1bE 1bE
1bU 1bU
1aJ 1aJ
1aQ 1aQ
1bQ 1bQ
1aS 1aS
1bD 1bD
1bR 1bR
1bS 1bS
1eF 1eF
1aC 1aC
1aU 1aU
1dP 1dP
1eD 1eD
1bB 1bB
1eC 1eC
1dC 1dC
1aV 1aV
1dH 1dH
1dM 1dM
1cU 1cU
1bW 1bW
1bY 1bY
1bO 1bO
1bP 1bP
1cS 1cS
1dO 1dO
1cI 1cI
1aK 1aK
1bK 1bK
1cR 1cR
1cE 1cE
1bV 1bV
1eG 1eG
1cP 1cP
1dG 1dG
1bL 1bL
1aB 1aB
1cH 1cH
1aA 1aA
1dN 1dN
1bN 1bN
1cD 1cD
1cV 1cV
1aN 1aN
1cZ 1cZ
1eE 1eE
1bA 1bA
1aT 1aT
1aI 1aI
1dF 1dF
1dI 1dI
1aR 1aR
1aM 1aM
1dJ 1dJ
1cN 1cN
1aL 1aL
