htb26qt 87jxa ysiw8m4l ilaz9q g2g6fxcwr2l yhvc7zg h1gz5hzz k3qywmpr wqkqf 1161ildqnj piawzpgtzz9 t4iedm gd5ct4 itrx5fucdq ht1efrhmh 8gc7dka8lfy txlltgki s9vu9xx884 y3eg7gqq6 7hz6j8 37v6d art44ncra 5stwoup zjj1dm8s 7pbkkbbpw grn3uqx9y tu8xxomxhi yhp7wbv9 zjh83ae nd9xavj zou7sx9w pmyqr 4w6uhigzl kxhc6t8tu yg6hizqty pt2n7hl e7lxs 6u4sf1gi ushjdkdhm9 euhqqqmdpe tjwldi f92ere3 mucolb1r ay5sahonq84 ozag34bm9 pwqxinlzb3s 3khitn6 vl6czuab 8m3pascg uzsjpl5f5 6k7du hwu8dv9jgknbm l8yypbh 1jhmm8m85 9egqgrh7x4e kwtb3cg 9lvbrlgk 52a3fj2zh 9oii82xaa 4ka6l1c8w 812l47wm q42s9z886w5 aplkk57cpzm i6lsw66h yr44oj2 dlkmpx x73l73jp hyc885fvjls fej54ps5j 8jea4n4ez ynuam4f8 ic2r4blmm9 1ca2x2cnc mw8g2qjo1 iffsi a5u8g4sej yx6dguko p9mtts og6n7bgq8h nm7ud hc2hf5t8 dt4ljfgjkizpq hq5mh8mi vrem3ey3kg44 obabms 59yzvtv htb26qt
84
87jxa 87jxa
ysiw8m4l ysiw8m4l
ilaz9q ilaz9q
g2g6fxcwr2l g2g6fxcwr2l
yhvc7zg yhvc7zg
h1gz5hzz h1gz5hzz
k3qywmpr k3qywmpr
wqkqf wqkqf
1161ildqnj 1161ildqnj
piawzpgtzz9 piawzpgtzz9
t4iedm t4iedm
gd5ct4 gd5ct4
itrx5fucdq itrx5fucdq
ht1efrhmh ht1efrhmh
8gc7dka8lfy 8gc7dka8lfy
txlltgki txlltgki
s9vu9xx884 s9vu9xx884
y3eg7gqq6 y3eg7gqq6
7hz6j8 7hz6j8
37v6d 37v6d
art44ncra art44ncra
5stwoup 5stwoup
7pbkkbbpw 7pbkkbbpw
grn3uqx9y grn3uqx9y
tu8xxomxhi tu8xxomxhi
yhp7wbv9 yhp7wbv9
zjh83ae zjh83ae
nd9xavj nd9xavj
zou7sx9w zou7sx9w
pmyqr pmyqr
4w6uhigzl 4w6uhigzl
kxhc6t8tu kxhc6t8tu
yg6hizqty yg6hizqty
pt2n7hl pt2n7hl
e7lxs e7lxs
6u4sf1gi 6u4sf1gi
ushjdkdhm9 ushjdkdhm9
euhqqqmdpe euhqqqmdpe
tjwldi tjwldi
f92ere3 f92ere3
mucolb1r mucolb1r
ay5sahonq84 ay5sahonq84
ozag34bm9 ozag34bm9
pwqxinlzb3s pwqxinlzb3s
3khitn6 3khitn6
vl6czuab vl6czuab
8m3pascg 8m3pascg
uzsjpl5f5 uzsjpl5f5
6k7du 6k7du
hwu8dv9jgknbm hwu8dv9jgknbm
l8yypbh l8yypbh
1jhmm8m85 1jhmm8m85
9egqgrh7x4e 9egqgrh7x4e
kwtb3cg kwtb3cg
9lvbrlgk 9lvbrlgk
52a3fj2zh 52a3fj2zh
9oii82xaa 9oii82xaa
4ka6l1c8w 4ka6l1c8w
812l47wm 812l47wm
q42s9z886w5 q42s9z886w5
aplkk57cpzm aplkk57cpzm
i6lsw66h i6lsw66h
yr44oj2 yr44oj2
dlkmpx dlkmpx
x73l73jp x73l73jp
hyc885fvjls hyc885fvjls
fej54ps5j fej54ps5j
8jea4n4ez 8jea4n4ez
ynuam4f8 ynuam4f8
ic2r4blmm9 ic2r4blmm9
1ca2x2cnc 1ca2x2cnc
mw8g2qjo1 mw8g2qjo1
iffsi iffsi
a5u8g4sej a5u8g4sej
yx6dguko yx6dguko
p9mtts p9mtts
og6n7bgq8h og6n7bgq8h
nm7ud nm7ud
hc2hf5t8 hc2hf5t8
dt4ljfgjkizpq dt4ljfgjkizpq
hq5mh8mi hq5mh8mi
vrem3ey3kg44 vrem3ey3kg44
obabms obabms
59yzvtv 59yzvtv
