hC71hIuyRaST3AiaSZqg cXmjc3Wu4kjM1IHGgfA5 COVfDobG5VcfcSxLDUch OAcbYkMyAi1Iu0vWaaFc EEWjQ3rZ3GM9oucA2vc5 oq1GulTWdKtwAlNIQxnY 2dfprAgHp3T6RrgooKgP gZiMcGUkLd8qaWleLH1T NXZByMrsstrrXRLxVcyg Mi1upMhcgP7iV16OWKN5 nnG2z19YXqYOoAxMQkFV 72cxNTZ1Tw5teVGiR2xj VkEnPX1CQCoh4CxlXSlf TrUW9m3qjkTMvqHNRot0 zbsjvfwSdNExCnTFLo8x l5OFQGDhW1xJJ8ERuglz eULKHiriYHElwEbrQo2X x81SdeDfzbsk8wgCHcJT 468JV90VoJDfHRf7bwGC NqvNOj5h3GSbJm5NawjL ddzqPXECnHQT4a4RIpSF 61VEe5QpRdEG1AHTZmSn W5rNQea9NsCafaUbLgWC rW1b1NT9NaRlIIxoT8XF bw0K7NVh1sgqlnescYkX CgUyoeVDFzkf0g6EiF8w aGWdv30UuUFiszMErlJF 4wWd3kvalFkda9M583i7 btiXecpJBKmrIHtQ7jPA UQEmoPmHSH2FlTDuXOEx Wf6tYlitgmZKoXfughsS Ca5sYccbD9TUz7JLHrcf ymIUUgCvgB7r5le0Mh11 P6PcaiimLTne6w5m7SJi qyWH5Ui5kFJGpXM7i2RZ 2TderjwrXrNV2UBZ77eD LI8fhHKJlh7mQx1nNK0m IWOalMs6IXX5Ln6F9Eov 2QgUKFj4HV0dn5Ia55tj QYsTJmc2IUi36H1YK47s Z2YJKymsE6JEohxl2CgC yMXdJdorJpzOHHt9uIfg lVjpvSHc5hBrS7dzTmI1 Mufarp9xGx29xj0P1ijS PFAHK1LPbENiUm01N8B0 g5fwwkfUKem4JdibLkXM D3gODzQIzHZRe5A487BX Dv6lwBgjbbZceuQXFzFf Tgouk8HApNFShyYjQedR sCcEFmBkhTop4sycKzuM xtgYSd34f56WAH3CCBpW IC3wlDskAWyf0o1M61kl 6jnt0RQvUBeXBhrLOwzh z0rRwRZbA1TaaAgS8PYu RNtZ6m1O9hQj2ovJiJE3 JuSdCG8HSUzwufkmRvTN 8IUV6HBSYn47shRwVW5F mkGdh9qd7uj9x5W3Koxj wqyhoOJuJuNfuZ1c9ZhU EqrhH8oFQmMRN10foGjV DmIjX4adnoqSEDmx2f39 1ae7bJScGomdGEdgag5b OLGSBuAPLZmdhTN6ApoS 8w6JkwNghwwfzVWZlMG6 1uTE034Q24DWmybWBbX4 QHOT9LWV0s6xVVreglDh t9sTQNaMU9o2HF5pm7xT 7DZfG4yobV0xCcSaxf27 1Oc2bGjHzXrMLiYLik5Z g6Fit1BcwBIbAAJnBKGn OBEPyJuvhH0Z9VoT2UNC fzCA3w8Mu664WC0yRZb5 vXrEXAmThLoQVXFImZcg b9q1t3OMZ6dXE5R6ca5w 1wSeohNTb1oCspxe2x4j 4MuL6AbQo2ozZ4x7psrd KqTw626stjcdChciHrJ6 WgneGAZv4qtDq8Q5DYZf NWAZrSnr0i1Dj5TA6dLc FE29I03FH1qEyEvIQNGT R22TNV5lr1tmI44FcHvv C5aQkckiWq5qVUhbiI57 oakCd1HozhO35GtImcF2 yXrak2UUHdgFCsCWvgfp RSJQdRAK7H6zYHVeXyPj fuNQ8Sfy86k6zaBQjwEz 24YcTAlCtPoNC11H3BAQ jLS4UljOCe6h8LwAOGRX MCc3yEIO8tXzzu5ZknlT kuIwHVHn49UEM4TprHKr 6KcltWtleWJ6izN3XL0F RDnAjQbgrCahBSBieO1p dsEyS8WvuzfBZPrbbzZx 63EFNMvLteBrV7Lj9nA4 laRDyozSdXcFtmdQ5VqD nmwnnNlPCMIjajSEo2R3 2YL9dYowMkTTxjU0fVal 3MmCPAjYheu6g9TkIxDm qsbRHSDlSHG3Ep5gugbq 5doygtE58PVlrfBbaaxD nOsoIFzZBhdd6bjP45Ba v0QCMKnmfkXllH4nQHen YygsiZkXDS9oQ07w4psX hC71hIuyRaST3AiaSZqg
100
cXmjc3Wu4kjM1IHGgfA5 cXmjc3Wu4kjM1IHGgfA5
COVfDobG5VcfcSxLDUch COVfDobG5VcfcSxLDUch
OAcbYkMyAi1Iu0vWaaFc OAcbYkMyAi1Iu0vWaaFc
EEWjQ3rZ3GM9oucA2vc5 EEWjQ3rZ3GM9oucA2vc5
oq1GulTWdKtwAlNIQxnY oq1GulTWdKtwAlNIQxnY
2dfprAgHp3T6RrgooKgP 2dfprAgHp3T6RrgooKgP
gZiMcGUkLd8qaWleLH1T gZiMcGUkLd8qaWleLH1T
NXZByMrsstrrXRLxVcyg NXZByMrsstrrXRLxVcyg
Mi1upMhcgP7iV16OWKN5 Mi1upMhcgP7iV16OWKN5
nnG2z19YXqYOoAxMQkFV nnG2z19YXqYOoAxMQkFV
72cxNTZ1Tw5teVGiR2xj 72cxNTZ1Tw5teVGiR2xj
VkEnPX1CQCoh4CxlXSlf VkEnPX1CQCoh4CxlXSlf
TrUW9m3qjkTMvqHNRot0 TrUW9m3qjkTMvqHNRot0
zbsjvfwSdNExCnTFLo8x zbsjvfwSdNExCnTFLo8x
l5OFQGDhW1xJJ8ERuglz l5OFQGDhW1xJJ8ERuglz
eULKHiriYHElwEbrQo2X eULKHiriYHElwEbrQo2X
x81SdeDfzbsk8wgCHcJT x81SdeDfzbsk8wgCHcJT
468JV90VoJDfHRf7bwGC 468JV90VoJDfHRf7bwGC
NqvNOj5h3GSbJm5NawjL NqvNOj5h3GSbJm5NawjL
ddzqPXECnHQT4a4RIpSF ddzqPXECnHQT4a4RIpSF
61VEe5QpRdEG1AHTZmSn 61VEe5QpRdEG1AHTZmSn
W5rNQea9NsCafaUbLgWC W5rNQea9NsCafaUbLgWC
rW1b1NT9NaRlIIxoT8XF rW1b1NT9NaRlIIxoT8XF
bw0K7NVh1sgqlnescYkX bw0K7NVh1sgqlnescYkX
CgUyoeVDFzkf0g6EiF8w CgUyoeVDFzkf0g6EiF8w
aGWdv30UuUFiszMErlJF aGWdv30UuUFiszMErlJF
4wWd3kvalFkda9M583i7 4wWd3kvalFkda9M583i7
btiXecpJBKmrIHtQ7jPA btiXecpJBKmrIHtQ7jPA
UQEmoPmHSH2FlTDuXOEx UQEmoPmHSH2FlTDuXOEx
Wf6tYlitgmZKoXfughsS Wf6tYlitgmZKoXfughsS
Ca5sYccbD9TUz7JLHrcf Ca5sYccbD9TUz7JLHrcf
ymIUUgCvgB7r5le0Mh11 ymIUUgCvgB7r5le0Mh11
P6PcaiimLTne6w5m7SJi P6PcaiimLTne6w5m7SJi
qyWH5Ui5kFJGpXM7i2RZ qyWH5Ui5kFJGpXM7i2RZ
2TderjwrXrNV2UBZ77eD 2TderjwrXrNV2UBZ77eD
LI8fhHKJlh7mQx1nNK0m LI8fhHKJlh7mQx1nNK0m
IWOalMs6IXX5Ln6F9Eov IWOalMs6IXX5Ln6F9Eov
2QgUKFj4HV0dn5Ia55tj 2QgUKFj4HV0dn5Ia55tj
QYsTJmc2IUi36H1YK47s QYsTJmc2IUi36H1YK47s
Z2YJKymsE6JEohxl2CgC Z2YJKymsE6JEohxl2CgC
yMXdJdorJpzOHHt9uIfg yMXdJdorJpzOHHt9uIfg
lVjpvSHc5hBrS7dzTmI1 lVjpvSHc5hBrS7dzTmI1
Mufarp9xGx29xj0P1ijS Mufarp9xGx29xj0P1ijS
PFAHK1LPbENiUm01N8B0 PFAHK1LPbENiUm01N8B0
g5fwwkfUKem4JdibLkXM g5fwwkfUKem4JdibLkXM
Dv6lwBgjbbZceuQXFzFf Dv6lwBgjbbZceuQXFzFf
Tgouk8HApNFShyYjQedR Tgouk8HApNFShyYjQedR
sCcEFmBkhTop4sycKzuM sCcEFmBkhTop4sycKzuM
xtgYSd34f56WAH3CCBpW xtgYSd34f56WAH3CCBpW
IC3wlDskAWyf0o1M61kl IC3wlDskAWyf0o1M61kl
6jnt0RQvUBeXBhrLOwzh 6jnt0RQvUBeXBhrLOwzh
z0rRwRZbA1TaaAgS8PYu z0rRwRZbA1TaaAgS8PYu
RNtZ6m1O9hQj2ovJiJE3 RNtZ6m1O9hQj2ovJiJE3
JuSdCG8HSUzwufkmRvTN JuSdCG8HSUzwufkmRvTN
8IUV6HBSYn47shRwVW5F 8IUV6HBSYn47shRwVW5F
mkGdh9qd7uj9x5W3Koxj mkGdh9qd7uj9x5W3Koxj
wqyhoOJuJuNfuZ1c9ZhU wqyhoOJuJuNfuZ1c9ZhU
EqrhH8oFQmMRN10foGjV EqrhH8oFQmMRN10foGjV
DmIjX4adnoqSEDmx2f39 DmIjX4adnoqSEDmx2f39
1ae7bJScGomdGEdgag5b 1ae7bJScGomdGEdgag5b
OLGSBuAPLZmdhTN6ApoS OLGSBuAPLZmdhTN6ApoS
8w6JkwNghwwfzVWZlMG6 8w6JkwNghwwfzVWZlMG6
1uTE034Q24DWmybWBbX4 1uTE034Q24DWmybWBbX4
QHOT9LWV0s6xVVreglDh QHOT9LWV0s6xVVreglDh
t9sTQNaMU9o2HF5pm7xT t9sTQNaMU9o2HF5pm7xT
7DZfG4yobV0xCcSaxf27 7DZfG4yobV0xCcSaxf27
1Oc2bGjHzXrMLiYLik5Z 1Oc2bGjHzXrMLiYLik5Z
g6Fit1BcwBIbAAJnBKGn g6Fit1BcwBIbAAJnBKGn
OBEPyJuvhH0Z9VoT2UNC OBEPyJuvhH0Z9VoT2UNC
fzCA3w8Mu664WC0yRZb5 fzCA3w8Mu664WC0yRZb5
vXrEXAmThLoQVXFImZcg vXrEXAmThLoQVXFImZcg
b9q1t3OMZ6dXE5R6ca5w b9q1t3OMZ6dXE5R6ca5w
1wSeohNTb1oCspxe2x4j 1wSeohNTb1oCspxe2x4j
4MuL6AbQo2ozZ4x7psrd 4MuL6AbQo2ozZ4x7psrd
KqTw626stjcdChciHrJ6 KqTw626stjcdChciHrJ6
WgneGAZv4qtDq8Q5DYZf WgneGAZv4qtDq8Q5DYZf
NWAZrSnr0i1Dj5TA6dLc NWAZrSnr0i1Dj5TA6dLc
FE29I03FH1qEyEvIQNGT FE29I03FH1qEyEvIQNGT
R22TNV5lr1tmI44FcHvv R22TNV5lr1tmI44FcHvv
C5aQkckiWq5qVUhbiI57 C5aQkckiWq5qVUhbiI57
oakCd1HozhO35GtImcF2 oakCd1HozhO35GtImcF2
yXrak2UUHdgFCsCWvgfp yXrak2UUHdgFCsCWvgfp
RSJQdRAK7H6zYHVeXyPj RSJQdRAK7H6zYHVeXyPj
fuNQ8Sfy86k6zaBQjwEz fuNQ8Sfy86k6zaBQjwEz
24YcTAlCtPoNC11H3BAQ 24YcTAlCtPoNC11H3BAQ
jLS4UljOCe6h8LwAOGRX jLS4UljOCe6h8LwAOGRX
kuIwHVHn49UEM4TprHKr kuIwHVHn49UEM4TprHKr
6KcltWtleWJ6izN3XL0F 6KcltWtleWJ6izN3XL0F
RDnAjQbgrCahBSBieO1p RDnAjQbgrCahBSBieO1p
dsEyS8WvuzfBZPrbbzZx dsEyS8WvuzfBZPrbbzZx
63EFNMvLteBrV7Lj9nA4 63EFNMvLteBrV7Lj9nA4
laRDyozSdXcFtmdQ5VqD laRDyozSdXcFtmdQ5VqD
nmwnnNlPCMIjajSEo2R3 nmwnnNlPCMIjajSEo2R3
2YL9dYowMkTTxjU0fVal 2YL9dYowMkTTxjU0fVal
3MmCPAjYheu6g9TkIxDm 3MmCPAjYheu6g9TkIxDm
qsbRHSDlSHG3Ep5gugbq qsbRHSDlSHG3Ep5gugbq
5doygtE58PVlrfBbaaxD 5doygtE58PVlrfBbaaxD
nOsoIFzZBhdd6bjP45Ba nOsoIFzZBhdd6bjP45Ba
v0QCMKnmfkXllH4nQHen v0QCMKnmfkXllH4nQHen
YygsiZkXDS9oQ07w4psX YygsiZkXDS9oQ07w4psX
