100 51 1 50 1 49 1 48 1 47 1 46 1 45 1 44 1 43 1 42 1 41 1 40 1 39 1 38 1 37 1 36 1 35 1 34 1 33 1 32 1 31 1 30 1 29 1 28 1 27 1 26 1 25 1 24 1 23 1 22 1 21 1 20 1 19 1 18 1 17 1 16 1 15 1 14 1 13 1 12 1 11 1 10 1 9 1 8 1 7 1 6 1 5 1 4 1 3 1 2 1 51 100
49
50 50
49 49
48 48
47 47
46 46
45 45
44 44
43 43
42 42
41 41
40 40
39 39
38 38
37 37
36 36
35 35
34 34
33 33
32 32
31 31
30 30
29 29
28 28
27 27
26 26
25 25
24 24
23 23
22 22
21 21
20 20
19 19
18 18
17 17
16 16
15 15
14 14
13 13
12 12
11 11
10 10
9 9
8 8
7 7
6 6
5 5
4 4
3 3
2 2
