200 101 1 100 1 99 1 98 1 97 1 96 1 95 1 94 1 93 1 92 1 91 1 90 1 89 1 88 1 87 1 86 1 85 1 84 1 83 1 82 1 81 1 80 1 79 1 78 1 77 1 76 1 75 1 74 1 73 1 72 1 71 1 70 1 69 1 68 1 67 1 66 1 65 1 64 1 63 1 62 1 61 1 60 1 59 1 58 1 57 1 56 1 55 1 54 1 53 1 52 1 51 1 50 1 49 1 48 1 47 1 46 1 45 1 44 1 43 1 42 1 41 1 40 1 39 1 38 1 37 1 36 1 35 1 34 1 33 1 32 1 31 1 30 1 29 1 28 1 27 1 26 1 25 1 24 1 23 1 22 1 21 1 20 1 19 1 18 1 17 1 16 1 15 1 14 1 13 1 12 1 11 1 10 1 9 1 8 1 7 1 6 1 5 1 4 1 3 1 2 1 101 200
99
100 100
99 99
98 98
97 97
96 96
95 95
94 94
93 93
92 92
91 91
90 90
89 89
88 88
87 87
86 86
85 85
84 84
83 83
82 82
81 81
80 80
79 79
78 78
77 77
76 76
75 75
74 74
73 73
72 72
71 71
70 70
69 69
68 68
67 67
66 66
65 65
64 64
63 63
62 62
61 61
60 60
59 59
58 58
57 57
56 56
55 55
54 54
53 53
52 52
51 51
50 50
49 49
48 48
47 47
46 46
45 45
44 44
43 43
42 42
41 41
40 40
39 39
38 38
37 37
36 36
35 35
34 34
33 33
32 32
31 31
30 30
29 29
28 28
27 27
26 26
25 25
24 24
23 23
22 22
21 21
20 20
19 19
18 18
17 17
16 16
15 15
14 14
13 13
12 12
11 11
10 10
9 9
8 8
7 7
6 6
5 5
4 4
3 3
2 2
