Chattanooga ElPaso CorpusChristi GrandRapids Fresno Worcester NewYork Syracuse Irvine Norfolk Raleigh Norfolk SaintPaul Washington NewOrleans Cleveland NewOrleans SantaAna Lubbock Louisville Lubbock Corona Olathe Detroit Vancouver Detroit BatonRouge Bakersfield Salinas Murfreesboro Charlotte SanDiego Sunnyvale Boise SanBernardino SanJose Jacksonville Hayward Akron Hayward SantaClarita RanchoCucamonga Newark Minneapolis NewportNews Alexandria NewportNews DesMoines Austin Scottsdale Tempe Scottsdale Riverside Indianapolis FortLauderdale Savannah ElkGrove McAllen Arlington ChulaVista Anaheim MorenoValley Tallahassee Buffalo Pomona FortCollins Salem Ontario Salem Boston Brownsville Jackson KansasCity Frisco Orange Henderson Toledo GardenGrove Knoxville Berkeley Springfield Spokane Oxnard Tacoma Huntsville Fremont Honolulu SanFrancisco Honolulu Miramar PortStLucie Plano Yonkers Durham Roseville FortWorth VirginiaBeach Glendale Portland Chicago Naperville Orlando Albuquerque LosAngeles Albuquerque Waco LongBeach GrandPrairie LongBeach Cincinnati Paterson Oceanside Fontana Lincoln Madison Joliet Madison Denton Lexington Baltimore Aurora Fayetteville Richmond Stockton Surprise Anchorage Midland Anchorage Phoenix LittleRock CapeCoral LittleRock Shreveport LittleRock Macon Wichita Memphis SanAntonio Cleveland Chattanooga
100
ElPaso ElPaso
GrandRapids GrandRapids
Worcester Worcester
NewYork NewYork
Syracuse Syracuse
Irvine Irvine
Raleigh Raleigh
SaintPaul SaintPaul
Washington Washington
Cleveland Cleveland
SantaAna SantaAna
Lubbock Lubbock
Louisville Louisville
Corona Corona
Olathe Olathe
Vancouver Vancouver
BatonRouge BatonRouge
Bakersfield Bakersfield
Murfreesboro Murfreesboro
Charlotte Charlotte
SanDiego SanDiego
Boise Boise
SanBernardino SanBernardino
SanJose SanJose
Jacksonville Jacksonville
Hayward Hayward
Akron Akron
SantaClarita SantaClarita
Newark Newark
NewportNews NewportNews
Alexandria Alexandria
DesMoines DesMoines
Austin Austin
Scottsdale Scottsdale
Tempe Tempe
Riverside Riverside
Indianapolis Indianapolis
FortLauderdale FortLauderdale
Savannah Savannah
McAllen McAllen
ChulaVista ChulaVista
Anaheim Anaheim
Tallahassee Tallahassee
Buffalo Buffalo
Pomona Pomona
Salem Salem
Ontario Ontario
Boston Boston
Brownsville Brownsville
Jackson Jackson
KansasCity KansasCity
Frisco Frisco
Orange Orange
Henderson Henderson
Toledo Toledo
GardenGrove GardenGrove
Knoxville Knoxville
Berkeley Berkeley
Springfield Springfield
Spokane Spokane
Oxnard Oxnard
Tacoma Tacoma
Fremont Fremont
Honolulu Honolulu
SanFrancisco SanFrancisco
PortStLucie PortStLucie
Plano Plano
Yonkers Yonkers
Durham Durham
FortWorth FortWorth
Glendale Glendale
Chicago Chicago
Naperville Naperville
Orlando Orlando
LosAngeles LosAngeles
Waco Waco
GrandPrairie GrandPrairie
Cincinnati Cincinnati
Paterson Paterson
Oceanside Oceanside
Fontana Fontana
Lincoln Lincoln
Madison Madison
Joliet Joliet
Denton Denton
Lexington Lexington
Baltimore Baltimore
Aurora Aurora
Fayetteville Fayetteville
Richmond Richmond
Surprise Surprise
Anchorage Anchorage
Midland Midland
Phoenix Phoenix
LittleRock LittleRock
CapeCoral CapeCoral
Shreveport Shreveport
Wichita Wichita
Memphis Memphis
SanAntonio SanAntonio
