SaintPaul Indianapolis Mesa Baltimore ChulaVista Cincinnati Phoenix Charlotte Lincoln Minneapolis Bakersfield Minneapolis BatonRouge FortWorth LongBeach Dallas Scottsdale Newark Honolulu Memphis Louisville Madison SanFrancisco Stockton Houston Chesapeake Lubbock StPetersburg Henderson StPetersburg Milwaukee Columbus Glendale Hialeah OklahomaCity FortWayne Anchorage FortWayne Aurora Austin SanAntonio Austin ElPaso LosAngeles Plano Chandler NewOrleans KansasCity Fresno Spokane Fresno Lexington JerseyCity Laredo JerseyCity Denver Detroit Tucson Raleigh Tucson Philadelphia Pittsburgh SantaAna Durham WinstonSalem Oakland Atlanta Oakland Tampa SanDiego SanJose SaintPaul
50
Indianapolis Indianapolis
Baltimore Baltimore
Cincinnati Cincinnati
Phoenix Phoenix
Charlotte Charlotte
Lincoln Lincoln
Bakersfield Bakersfield
FortWorth FortWorth
LongBeach LongBeach
Dallas Dallas
Scottsdale Scottsdale
Newark Newark
Honolulu Honolulu
Memphis Memphis
Madison Madison
Stockton Stockton
Houston Houston
Chesapeake Chesapeake
Lubbock Lubbock
StPetersburg StPetersburg
Henderson Henderson
Milwaukee Milwaukee
Columbus Columbus
Glendale Glendale
Hialeah Hialeah
OklahomaCity OklahomaCity
FortWayne FortWayne
Anchorage Anchorage
Aurora Aurora
Austin Austin
SanAntonio SanAntonio
ElPaso ElPaso
Plano Plano
Chandler Chandler
NewOrleans NewOrleans
Spokane Spokane
Lexington Lexington
JerseyCity JerseyCity
Laredo Laredo
Denver Denver
Tucson Tucson
Raleigh Raleigh
Pittsburgh Pittsburgh
SantaAna SantaAna
Durham Durham
WinstonSalem WinstonSalem
Atlanta Atlanta
Tampa Tampa
SanDiego SanDiego
SanJose SanJose
