Jacksonville Atlanta Fresno Atlanta SanFrancisco Atlanta Louisville Arlington Portland Seattle LasVegas LongBeach Omaha Austin Raleigh Memphis Raleigh Indianapolis LosAngeles ElPaso Nashville VirginiaBeach ColoradoSprings Chicago Minneapolis Tulsa Albuquerque Oakland Philadelphia Oakland Phoenix OklahomaCity FortWorth SanJose Boston SanAntonio Detroit Columbus Tucson Milwaukee Jacksonville
25
Jacksonville Jacksonville
Atlanta Atlanta
Fresno Fresno
SanFrancisco SanFrancisco
Louisville Louisville
Portland Portland
Seattle Seattle
LasVegas LasVegas
LongBeach LongBeach
Austin Austin
Memphis Memphis
Indianapolis Indianapolis
LosAngeles LosAngeles
ElPaso ElPaso
VirginiaBeach VirginiaBeach
Minneapolis Minneapolis
Tulsa Tulsa
Albuquerque Albuquerque
Philadelphia Philadelphia
Phoenix Phoenix
FortWorth FortWorth
SanJose SanJose
Boston Boston
Columbus Columbus
Tucson Tucson
