Porterton Dianashire Ashleyborough Clarkberg Burtonview Murphyside Bakertown Derekville Bakertown Jameston Bakertown Murphyside Burtonview Clarkberg Reevestown Judithview Michaelview Clarenceview Michaelview Judithview Reevestown Clarkberg Ashleyborough Osborneville Payneview Teresafort Calvinton Teresafort Smithtown Abigailville Smithtown Jacksonland Smithtown Teresafort Payneview Jacksonville Christopherhaven Jacksonville Jennifertown Feliciaville Jennifertown Jacksonville Payneview Barnesmouth Harrisport Brendaview Harrisport Barnesmouth Clarkborough Barnesmouth Payneview Osborneville Christophermouth Shawnhaven Candaceborough Shawnhaven Dannyside Shawnhaven Christophermouth Osborneville Ashleyborough Paulburgh Walltown Callahantown Maryport Reynoldsview Maryport Combsville Maryport Callahantown Walltown Johnberg Williamshire Johnberg Walltown Scotttown Jacksonview Danielville Jacksonview Scotttown Walltown Paulburgh Robertsstad Toddtown Swansonshire Abigailhaven Swansonshire Toddtown Robertsstad Paulburgh Ashleyborough Dianashire Burgessview Williamfort Moodyburgh Heatherberg Thomasborough Ortegaberg Thomasborough Masseyside Thomasborough Heatherberg Moodyburgh Gregoryberg Smithfort Millerborough Smithfort Gregoryberg Moodyburgh Williamfort Thomasville Lopezburgh Leahmouth Lopezburgh Byrdfurt Loweryborough Byrdfurt Garciamouth Byrdfurt Lopezburgh Thomasville Williamfort Williamport Ashleystad Holthaven Vickiville Holthaven Ashleystad Codyton Mindyview Codyton Ryanside Codyton Ashleystad Williamport Williamfort Burgessview Marcusburgh Tylerbury Paultown Hansonbury Paultown Tylerbury Jamestown Wilsonstad Jamestown Tylerbury Marcusburgh Matthewburgh Virginiastad Johnsonberg Virginiastad Robinsonmouth Horneside Robinsonmouth Virginiastad Matthewburgh Bondfort Adamview Harrisborough Adamview Bondfort Shawnmouth Priceville Shawnmouth Buckleyside Shawnmouth Bondfort Matthewburgh Marcusburgh Fletcherland Willisfurt Ortizberg Willisfurt Fletcherland Kingview Williamschester Mirandaview Williamschester Kingview Fletcherland Marcusburgh Burgessview Billton Banksburgh Simmonsburgh Michaelville Williamland Michaelville Simmonsburgh Banksburgh Yvonneborough Parkermouth Shawnfort Parkermouth Yvonneborough Banksburgh Billton Burgessview Dianashire Porterton Wallton Danielleport Cooperton Lopezborough Waltersmouth Adkinsberg Waltersmouth Adamport Waltersmouth Lopezborough Cooperton Danielleport Scottburgh Laurenbury Haleview Hallstad Haleview Laurenbury Scottburgh Danielleport Melissaview Cheyennefurt Thompsonshire Cheyennefurt Watsonville Christyland Watsonville Robertomouth Watsonville Cheyennefurt Melissaview Campbellhaven Annberg Houstonchester Annberg Dyerport Annberg Campbellhaven Melissaview Danielleport Wallton Derekmouth Jeffreyfort Johnsonchester Susanfort Johnsonchester Nealfurt Johnsonchester Jeffreyfort Garytown Audreyfort Patriciaside Audreyfort Garytown Jeffreyfort Derekmouth Charlesberg Weberbury Clarkport Weberbury Kimberlyburgh Candiceland Kimberlyburgh Weberbury Charlesberg Kevinberg Adamside Bradberg Adamside Andrewschester Adamside Kevinberg Patriciabury Thomasmouth Patriciabury Troyfort Patriciabury Kevinberg Charlesberg Sethland Ellisstad Osbornemouth Ellisstad Sethland Tannerhaven Sethland Charlesberg Derekmouth Geraldside Joseport Gabrielburgh Hodgesstad Gabrielburgh Joseport Hallborough Kylieview Hallborough Joseport Geraldside Michellehaven Ramosborough Fordhaven Ramosborough Michellehaven Cranemouth Joneschester Cranemouth Michellehaven Geraldside Derekmouth Wallton Davisstad Jacksonton Singletonton Clarkbury Jermaineton Clarkbury Singletonton Jacksonton Davisstad Leechester Castanedachester Suttonville Castanedachester Leechester Pettyton Jonesfurt Pettyton Bondmouth Taylorton Bondmouth Mercedesmouth Bondmouth Pettyton Leechester Davisstad Newmanburgh Gallowaymouth Rioshaven Josephstad Rioshaven Gallowaymouth Newmanburgh Davisstad Wallton Porterton
100
Bakertown Bakertown
Derekville Derekville
Jameston Jameston
Michaelview Michaelview
Clarenceview Clarenceview
Calvinton Calvinton
Smithtown Smithtown
Abigailville Abigailville
Jacksonland Jacksonland
Christopherhaven Christopherhaven
Jennifertown Jennifertown
Feliciaville Feliciaville
Harrisport Harrisport
Brendaview Brendaview
Clarkborough Clarkborough
Candaceborough Candaceborough
Dannyside Dannyside
Maryport Maryport
Reynoldsview Reynoldsview
Combsville Combsville
Williamshire Williamshire
Jacksonview Jacksonview
Danielville Danielville
Swansonshire Swansonshire
Abigailhaven Abigailhaven
Thomasborough Thomasborough
Ortegaberg Ortegaberg
Masseyside Masseyside
Smithfort Smithfort
Millerborough Millerborough
Leahmouth Leahmouth
Byrdfurt Byrdfurt
Loweryborough Loweryborough
Garciamouth Garciamouth
Holthaven Holthaven
Vickiville Vickiville
Codyton Codyton
Mindyview Mindyview
Ryanside Ryanside
Hansonbury Hansonbury
Wilsonstad Wilsonstad
Johnsonberg Johnsonberg
Robinsonmouth Robinsonmouth
Horneside Horneside
Adamview Adamview
Harrisborough Harrisborough
Shawnmouth Shawnmouth
Priceville Priceville
Buckleyside Buckleyside
Ortizberg Ortizberg
Williamschester Williamschester
Mirandaview Mirandaview
Michaelville Michaelville
Williamland Williamland
Parkermouth Parkermouth
Shawnfort Shawnfort
Adkinsberg Adkinsberg
Adamport Adamport
Haleview Haleview
Hallstad Hallstad
Thompsonshire Thompsonshire
Watsonville Watsonville
Christyland Christyland
Robertomouth Robertomouth
Annberg Annberg
Houstonchester Houstonchester
Dyerport Dyerport
Susanfort Susanfort
Nealfurt Nealfurt
Audreyfort Audreyfort
Patriciaside Patriciaside
Clarkport Clarkport
Kimberlyburgh Kimberlyburgh
Candiceland Candiceland
Adamside Adamside
Bradberg Bradberg
Andrewschester Andrewschester
Patriciabury Patriciabury
Thomasmouth Thomasmouth
Troyfort Troyfort
Ellisstad Ellisstad
Osbornemouth Osbornemouth
Tannerhaven Tannerhaven
Gabrielburgh Gabrielburgh
Hodgesstad Hodgesstad
Hallborough Hallborough
Kylieview Kylieview
Ramosborough Ramosborough
Fordhaven Fordhaven
Cranemouth Cranemouth
Joneschester Joneschester
Clarkbury Clarkbury
Jermaineton Jermaineton
Suttonville Suttonville
Jonesfurt Jonesfurt
Bondmouth Bondmouth
Taylorton Taylorton
Mercedesmouth Mercedesmouth
Rioshaven Rioshaven
Josephstad Josephstad
