Taylorville Weberside Jonesbury Lloydton Stephensonburgh Lloydton Smithborough Lloydton Jonesbury Jamestown Glasston Jamestown Nicholefurt Jamestown Jonesbury Weberside Eduardotown Sullivanmouth Michaelville Sullivanmouth Underwoodborough Sullivanmouth Eduardotown Weberside Taylorville Alejandroport Deborahfurt Anthonyburgh Martinezfort Ericksonmouth Martinezfort Anthonyburgh Deborahfurt Jacobberg Foleyhaven Jacobberg Deborahfurt Alejandroport Ashleyland Kathyfort Hawkinsland Camposstad Hawkinsland Ayalabury Hawkinsland Kathyfort Ashleyland Alejandroport Shawnport Mariaview Saraport Lewisburgh Saraport Underwoodmouth Saraport Mariaview Kristenmouth Stevenshire Kristenmouth Alexmouth Kristenmouth Mariaview Shawnport Alejandroport Taylorville Valerietown Johnmouth Kempshire Michaelfort Kempshire Grahambury Johnsonside Grahambury Kempshire Johnmouth Valerietown Stewartberg Tinaville Nicholasshire Tinaville Steventown Tinaville Stewartberg Valerietown Taylorville
25
Lloydton Lloydton
Stephensonburgh Stephensonburgh
Smithborough Smithborough
Jamestown Jamestown
Glasston Glasston
Nicholefurt Nicholefurt
Michaelville Michaelville
Underwoodborough Underwoodborough
Martinezfort Martinezfort
Ericksonmouth Ericksonmouth
Foleyhaven Foleyhaven
Hawkinsland Hawkinsland
Camposstad Camposstad
Ayalabury Ayalabury
Saraport Saraport
Lewisburgh Lewisburgh
Underwoodmouth Underwoodmouth
Kristenmouth Kristenmouth
Stevenshire Stevenshire
Alexmouth Alexmouth
Michaelfort Michaelfort
Grahambury Grahambury
Johnsonside Johnsonside
Nicholasshire Nicholasshire
Steventown Steventown
