Hernandezville Joelview Downsville Williammouth Haasville Williammouth Downsville Richardhaven Tammychester Rebeccaton Tammychester Richardhaven Downsville Joelview Mitchellchester Lopezmouth Dixonton Keithton Andrewland Keithton Aprilstad Keithton Dixonton Francesmouth Richardville Francesmouth Dixonton Lopezmouth Heathermouth Emilymouth Heathermouth Lopezview Robertsfort Lopezview Heathermouth Lopezmouth Mitchellchester Sheabury Maysfort Huynhton Maysfort Sheabury Mitchellchester Joelview Farmerside Ralphtown Stricklandbury Tylermouth Deanstad Tylermouth Stricklandbury Ralphtown Garciaport Charlesburgh Angelaview Charlesburgh Garciaport Ralphtown Farmerside Ryanton Williamsmouth Johnstonmouth Williamsmouth Mcdonaldmouth Adkinsfurt Mcdonaldmouth Williamsmouth Ryanton Farmerside Gabriellabury Murphyberg Hendersonchester Murphyberg Gabriellabury Courtneyfurt Contrerasland Courtneyfurt Morrisbury Courtneyfurt Gabriellabury Farmerside Joelview Hernandezville Beckyshire Ponceville Bridgesville Riveramouth Bradshawside Wandaside Bradshawside Riveramouth Martinton Deborahfort Martinton Brianland Martinton Riveramouth Bridgesville Esparzaberg Kristinbury Allenberg Kristinbury Esparzaberg Thomasburgh Johnsonmouth Thomasburgh Sanchezland Thomasburgh Esparzaberg Bridgesville Dennisstad Wilsonburgh Josephton Wilsonburgh Harristown Wilsonburgh Dennisstad Bridgesville Ponceville Mcculloughchester Crystalchester Smithmouth Robertborough Smithmouth Crystalchester Mcculloughchester Jonestown Barbarachester Jonesberg Barbarachester Jonestown Kellyfort Pittsland Kellyfort Tinatown Kellyfort Jonestown Mcculloughchester Ponceville Garymouth Christophertown Crystaltown Johnsontown Crystaltown Christophertown Garymouth Camposstad Williamsville Camposstad Donaldstad Thomastown Donaldstad Camposstad Garymouth Ponceville Beckyshire Derekton Thomaschester Mcfarlandville Belindamouth Mcfarlandville Thomaschester Derekton Wallaceville Morenoside Johnport Morenoside Amberfurt Morenoside Wallaceville Derekton Beckyshire Hernandezville
50
Haasville Haasville
Tammychester Tammychester
Rebeccaton Rebeccaton
Keithton Keithton
Andrewland Andrewland
Aprilstad Aprilstad
Francesmouth Francesmouth
Richardville Richardville
Emilymouth Emilymouth
Lopezview Lopezview
Robertsfort Robertsfort
Huynhton Huynhton
Tylermouth Tylermouth
Deanstad Deanstad
Charlesburgh Charlesburgh
Angelaview Angelaview
Johnstonmouth Johnstonmouth
Mcdonaldmouth Mcdonaldmouth
Adkinsfurt Adkinsfurt
Hendersonchester Hendersonchester
Contrerasland Contrerasland
Morrisbury Morrisbury
Bradshawside Bradshawside
Wandaside Wandaside
Martinton Martinton
Deborahfort Deborahfort
Brianland Brianland
Kristinbury Kristinbury
Allenberg Allenberg
Thomasburgh Thomasburgh
Johnsonmouth Johnsonmouth
Sanchezland Sanchezland
Wilsonburgh Wilsonburgh
Josephton Josephton
Harristown Harristown
Smithmouth Smithmouth
Robertborough Robertborough
Barbarachester Barbarachester
Jonesberg Jonesberg
Kellyfort Kellyfort
Pittsland Pittsland
Tinatown Tinatown
Crystaltown Crystaltown
Johnsontown Johnsontown
Williamsville Williamsville
Donaldstad Donaldstad
Thomastown Thomastown
Belindamouth Belindamouth
Johnport Johnport
Amberfurt Amberfurt
