K EJ BX DP GL BF EU AH AW AN DH DS FP CE EQ Y AS R DC U M BL Z BG CM GR EO CY X EV AF ED GC L BB CW CK FH BR CJ GK FR GI CT GF FV FE EC P GJ FJ BP EA EM DX DB BI FG CQ FU EH FM BQ EG AG GG FX DR C EZ AB DZ I AX BO BY BE G BA CB FZ FO T EK GE FI V GO AJ DK DI EL DG CF AM FD EN FS GD DV BJ B K
100
EJ EJ
BX BX
DP DP
GL GL
BF BF
EU EU
AH AH
AW AW
AN AN
DH DH
DS DS
FP FP
CE CE
EQ EQ
Y Y
AS AS
R R
DC DC
U U
M M
BL BL
Z Z
BG BG
CM CM
GR GR
EO EO
CY CY
X X
EV EV
AF AF
ED ED
GC GC
L L
BB BB
CW CW
CK CK
FH FH
BR BR
CJ CJ
GK GK
FR FR
GI GI
CT CT
GF GF
FV FV
FE FE
EC EC
P P
GJ GJ
FJ FJ
BP BP
EA EA
EM EM
DX DX
DB DB
BI BI
FG FG
CQ CQ
FU FU
EH EH
FM FM
BQ BQ
EG EG
AG AG
GG GG
FX FX
DR DR
EZ EZ
AB AB
DZ DZ
I I
AX AX
BO BO
BY BY
BE BE
G G
BA BA
CB CB
FZ FZ
FO FO
T T
EK EK
GE GE
FI FI
V V
GO GO
AJ AJ
DK DK
DI DI
EL EL
DG DG
CF CF
AM AM
FD FD
EN EN
FS FS
GD GD
DV DV
BJ BJ
B B
