fmdhlepsteinstdnkill nhmkilllsftepsteindd fmdhlepsteinstdnkill epsteindlsfdntmkillh stepsteinhkillfmnldd lnsmkilltfdepsteindh dfdkillepsteinslmhnt dlnsthfmepsteinkilld epsteindfhlmdnskillt fmsepsteindntldhkill tlmsdhdnkillfepstein lsdepsteinfmkillndth tlmsdhdnkillfepstein tmlepsteinsdnfkillhd tlmsdhdnkillfepstein epsteinmhndfkilltdls hsdlepsteinmnkilldft hsndepsteindlmtkillf lndsdkilltmepsteinhf nkilltdhlmdepsteinsf hepsteinsddnfkillmlt ddtmkillepsteinflsnh fddsepsteinhnlkilltm msfltdkillnepsteinhd dfkilllmtepsteinhdsn nfdhkilllsmtepsteind killnsfmhdepsteindtl fdshnmkillepsteinltd epsteinskilldlndhmtf fshtdepsteinmldnkill hsdfepsteintlnkilldm lhepsteinkilldtnmfsd tmsdnfdlkillhepstein hdepsteinskillldtnfm hnfdtmlepsteinkillds nltdmsfepsteinkilldh fkillepsteindlhdnsmt epsteinkillmsftnddlh dmepsteinfnhltkillsd depsteinnlsfmhtkilld hnsdkilllftdmepstein epsteinfsddmthkillnl dhepsteindsnlkillfmt epsteinfsddmthkillnl tlsfdmdepsteinnhkill fhndskillepsteintldm ddlmnftepsteinhskill fepsteinhsntddkilllm killmlepsteindthnfsd ntlepsteindmfdshkill nepsteinlmdkilldhfts dhkilllsepsteinmntdf killepsteinlhtfdsmdn epsteinlshkilldnfdmt flepsteindndhmtkills killdmnsfhldepsteint epsteintdkilllnfdhms killdmnsfhldepsteint ndkillftdsmepsteinlh lmhdtfdepsteinnkills dnkillepsteinlshdtfm mftkillepsteinndlhsd dnkillepsteinlshdtfm epsteindlsfdntmkillh fmdhlepsteinstdnkill
50
nhmkilllsftepsteindd nhmkilllsftepsteindd
epsteindlsfdntmkillh epsteindlsfdntmkillh
stepsteinhkillfmnldd stepsteinhkillfmnldd
lnsmkilltfdepsteindh lnsmkilltfdepsteindh
dlnsthfmepsteinkilld dlnsthfmepsteinkilld
epsteindfhlmdnskillt epsteindfhlmdnskillt
fmsepsteindntldhkill fmsepsteindntldhkill
tlmsdhdnkillfepstein tlmsdhdnkillfepstein
lsdepsteinfmkillndth lsdepsteinfmkillndth
tmlepsteinsdnfkillhd tmlepsteinsdnfkillhd
epsteinmhndfkilltdls epsteinmhndfkilltdls
hsndepsteindlmtkillf hsndepsteindlmtkillf
lndsdkilltmepsteinhf lndsdkilltmepsteinhf
nkilltdhlmdepsteinsf nkilltdhlmdepsteinsf
hepsteinsddnfkillmlt hepsteinsddnfkillmlt
ddtmkillepsteinflsnh ddtmkillepsteinflsnh
msfltdkillnepsteinhd msfltdkillnepsteinhd
dfkilllmtepsteinhdsn dfkilllmtepsteinhdsn
nfdhkilllsmtepsteind nfdhkilllsmtepsteind
killnsfmhdepsteindtl killnsfmhdepsteindtl
fdshnmkillepsteinltd fdshnmkillepsteinltd
epsteinskilldlndhmtf epsteinskilldlndhmtf
fshtdepsteinmldnkill fshtdepsteinmldnkill
hsdfepsteintlnkilldm hsdfepsteintlnkilldm
lhepsteinkilldtnmfsd lhepsteinkilldtnmfsd
hdepsteinskillldtnfm hdepsteinskillldtnfm
hnfdtmlepsteinkillds hnfdtmlepsteinkillds
nltdmsfepsteinkilldh nltdmsfepsteinkilldh
epsteinkillmsftnddlh epsteinkillmsftnddlh
dmepsteinfnhltkillsd dmepsteinfnhltkillsd
depsteinnlsfmhtkilld depsteinnlsfmhtkilld
hnsdkilllftdmepstein hnsdkilllftdmepstein
dhepsteindsnlkillfmt dhepsteindsnlkillfmt
tlsfdmdepsteinnhkill tlsfdmdepsteinnhkill
fhndskillepsteintldm fhndskillepsteintldm
ddlmnftepsteinhskill ddlmnftepsteinhskill
fepsteinhsntddkilllm fepsteinhsntddkilllm
killmlepsteindthnfsd killmlepsteindthnfsd
ntlepsteindmfdshkill ntlepsteindmfdshkill
nepsteinlmdkilldhfts nepsteinlmdkilldhfts
dhkilllsepsteinmntdf dhkilllsepsteinmntdf
killepsteinlhtfdsmdn killepsteinlhtfdsmdn
epsteinlshkilldnfdmt epsteinlshkilldnfdmt
flepsteindndhmtkills flepsteindndhmtkills
killdmnsfhldepsteint killdmnsfhldepsteint
epsteintdkilllnfdhms epsteintdkilllnfdhms
ndkillftdsmepsteinlh ndkillftdsmepsteinlh
lmhdtfdepsteinnkills lmhdtfdepsteinnkills
dnkillepsteinlshdtfm dnkillepsteinlshdtfm
mftkillepsteinndlhsd mftkillepsteinndlhsd
