dldkilltnmhfepsteins msddkilllthepsteinfn dlfdkilltepsteinhnms fhnmkillepsteinsdltd mhkillepsteinddlfsnt fhnmkillepsteinsdltd lepsteindnhstfdmkill tdkillepsteinsmhdfnl epsteintfhndkilllmsd epsteinsnmflhtdkilld dtsmdnlhfepsteinkill mkillthfdlnepsteinds skillthlfndepsteindm fsepsteindkillhmtdln epsteinlmkillfshnddt fsepsteindkillhmtdln killhdfnsepsteinmltd epsteinfsltkillnhddm fmltddhnepsteinskill mlepsteinskilldnftdh lepsteinkilldhfmstnd thdlskillnfdmepstein dmtlsfhnkilldepstein hnddkilltslmfepstein killtepsteinddhlmnsf ltfnsdhepsteinkilldm tepsteinmdfldhnskill ltfnsdhepsteinkilldm killtdmsdfhnepsteinl dhkillldsepsteintnmf dkillnmhldstfepstein epsteinshlkilldmnfdt dfdepsteintlnskillhm ldepsteindhkilltsmfn mdkilllfdnstepsteinh lkillepsteintdshmfnd mdkilllfdnstepsteinh epsteinfthkilldnslmd ntmdhepsteinsdkillfl fddsmepsteintnkillhl mndtkillepsteindlfhs dftkillhmldnepsteins ndkillthdepsteinlsmf ndshkilldmlepsteinft lmkillepsteintsndfhd hepsteinntdkillsdmfl depsteintkilllnmsfdh hepsteinntdkillsdmfl lmkillepsteintsndfhd lhsntdepsteindkillmf mdkillnlsdtepsteinhf nftmskilldldepsteinh fthlkillnepsteindsdm thnkillmddsepsteinfl fthlkillnepsteindsdm killmdshdtnflepstein fdskillndtmepsteinlh killmdshdtnflepstein sdndhepsteinltkillfm killshdlmftnepsteind hsepsteinfkillnmddtl epsteindmshtfldnkill dfkilllepsteinsnmhtd ldfsmnepsteinkilltdh dkillldfepsteintsmnh dlshdtepsteinnkillfm dkillldfepsteintsmnh hmndfkillslepsteintd dftkillhmldnepsteins dtnkillsepsteinmdfhl lkillfthdsepsteindnm nsepsteinfmdkillhldt hnskillepsteintfdmld hnsepsteinmkillfddtl dhtepsteinkillsdflmn killepsteinfdlhdtnms skillmfepsteinthddnl dhsepsteintlkillmfnd lepsteindsmnhftdkill epsteinldtnfmshdkill fdmtdepsteinkilllsnh lntkillepsteinfsddhm mhdskillldftnepstein dhmkillfdltnsepstein lkilldtnmsepsteindfh hepsteinnfdmlsdtkill depsteinftndhmkillsl epsteindkilltlmnhsfd hkilllepsteinnstfddm lsmftnepsteinkillhdd dflstmkillepsteindhn killdepsteinmfltdshn tsdnhkilllmepsteindf tdfkillslepsteinhdmn sldhnfmtdkillepstein tepsteinhsdkillmldfn sldhnfmtdkillepstein msepsteintlhnfkilldd hmdkilllnepsteinfsdt killhtdmdlnsfepstein nfltdmkillsdepsteinh killhtdmdlnsfepstein sndldftmkillepsteinh nepsteindhkillltmsfd killthsepsteindmlfdn depsteinslkillhdftmn killmfndshdtepsteinl mfndlsdepsteinhkillt dsftepsteindhkillmnl sdlhfnmdepsteintkill dsftepsteindhkillmnl mfndlsdepsteinhkillt dmldfhskillntepstein mdkillntepsteindfhsl tndskilldfepsteinmhl dkillnmsfhtlepsteind tndskilldfepsteinmhl nmdhepsteinkilltfsld epsteinhnkillsldfdmt mkilldlshdtfepsteinn epsteinhdkillltsmfdn dnldkillhmfstepstein killdldepsteinmfsthn shfnmltepsteindkilld killtdslhfdepsteinnm slepsteinkillfmddhtn killtdslhfdepsteinnm fmtnkilldepsteindhsl mkillldnhepsteinstfd fmtnkilldepsteindhsl fhdmnepsteindkillslt tldkillhsfnmepsteind depsteinlfnmkilldsht lhepsteintndkilldsmf depsteinlfnmkilldsht tsmdepsteinkillhfdln killfthnmsdlepsteind killsepsteindmtflhnd msddkilllthepsteinfn dldkilltnmhfepsteins
100
msddkilllthepsteinfn msddkilllthepsteinfn
dlfdkilltepsteinhnms dlfdkilltepsteinhnms
fhnmkillepsteinsdltd fhnmkillepsteinsdltd
mhkillepsteinddlfsnt mhkillepsteinddlfsnt
lepsteindnhstfdmkill lepsteindnhstfdmkill
tdkillepsteinsmhdfnl tdkillepsteinsmhdfnl
epsteintfhndkilllmsd epsteintfhndkilllmsd
epsteinsnmflhtdkilld epsteinsnmflhtdkilld
dtsmdnlhfepsteinkill dtsmdnlhfepsteinkill
mkillthfdlnepsteinds mkillthfdlnepsteinds
skillthlfndepsteindm skillthlfndepsteindm
fsepsteindkillhmtdln fsepsteindkillhmtdln
epsteinlmkillfshnddt epsteinlmkillfshnddt
killhdfnsepsteinmltd killhdfnsepsteinmltd
fmltddhnepsteinskill fmltddhnepsteinskill
lepsteinkilldhfmstnd lepsteinkilldhfmstnd
thdlskillnfdmepstein thdlskillnfdmepstein
dmtlsfhnkilldepstein dmtlsfhnkilldepstein
killtepsteinddhlmnsf killtepsteinddhlmnsf
ltfnsdhepsteinkilldm ltfnsdhepsteinkilldm
tepsteinmdfldhnskill tepsteinmdfldhnskill
killtdmsdfhnepsteinl killtdmsdfhnepsteinl
dkillnmhldstfepstein dkillnmhldstfepstein
dfdepsteintlnskillhm dfdepsteintlnskillhm
ldepsteindhkilltsmfn ldepsteindhkilltsmfn
mdkilllfdnstepsteinh mdkilllfdnstepsteinh
lkillepsteintdshmfnd lkillepsteintdshmfnd
epsteinfthkilldnslmd epsteinfthkilldnslmd
ntmdhepsteinsdkillfl ntmdhepsteinsdkillfl
fddsmepsteintnkillhl fddsmepsteintnkillhl
mndtkillepsteindlfhs mndtkillepsteindlfhs
ndkillthdepsteinlsmf ndkillthdepsteinlsmf
ndshkilldmlepsteinft ndshkilldmlepsteinft
lmkillepsteintsndfhd lmkillepsteintsndfhd
hepsteinntdkillsdmfl hepsteinntdkillsdmfl
depsteintkilllnmsfdh depsteintkilllnmsfdh
lhsntdepsteindkillmf lhsntdepsteindkillmf
mdkillnlsdtepsteinhf mdkillnlsdtepsteinhf
nftmskilldldepsteinh nftmskilldldepsteinh
thnkillmddsepsteinfl thnkillmddsepsteinfl
fdskillndtmepsteinlh fdskillndtmepsteinlh
sdndhepsteinltkillfm sdndhepsteinltkillfm
hsepsteinfkillnmddtl hsepsteinfkillnmddtl
epsteindmshtfldnkill epsteindmshtfldnkill
dfkilllepsteinsnmhtd dfkilllepsteinsnmhtd
ldfsmnepsteinkilltdh ldfsmnepsteinkilltdh
dlshdtepsteinnkillfm dlshdtepsteinnkillfm
hmndfkillslepsteintd hmndfkillslepsteintd
dtnkillsepsteinmdfhl dtnkillsepsteinmdfhl
hnskillepsteintfdmld hnskillepsteintfdmld
hnsepsteinmkillfddtl hnsepsteinmkillfddtl
dhtepsteinkillsdflmn dhtepsteinkillsdflmn
skillmfepsteinthddnl skillmfepsteinthddnl
dhsepsteintlkillmfnd dhsepsteintlkillmfnd
epsteinldtnfmshdkill epsteinldtnfmshdkill
fdmtdepsteinkilllsnh fdmtdepsteinkilllsnh
mhdskillldftnepstein mhdskillldftnepstein
dhmkillfdltnsepstein dhmkillfdltnsepstein
lkilldtnmsepsteindfh lkilldtnmsepsteindfh
hepsteinnfdmlsdtkill hepsteinnfdmlsdtkill
depsteinftndhmkillsl depsteinftndhmkillsl
epsteindkilltlmnhsfd epsteindkilltlmnhsfd
lsmftnepsteinkillhdd lsmftnepsteinkillhdd
dflstmkillepsteindhn dflstmkillepsteindhn
killdepsteinmfltdshn killdepsteinmfltdshn
tsdnhkilllmepsteindf tsdnhkilllmepsteindf
tdfkillslepsteinhdmn tdfkillslepsteinhdmn
sldhnfmtdkillepstein sldhnfmtdkillepstein
tepsteinhsdkillmldfn tepsteinhsdkillmldfn
msepsteintlhnfkilldd msepsteintlhnfkilldd
hmdkilllnepsteinfsdt hmdkilllnepsteinfsdt
killhtdmdlnsfepstein killhtdmdlnsfepstein
nfltdmkillsdepsteinh nfltdmkillsdepsteinh
sndldftmkillepsteinh sndldftmkillepsteinh
nepsteindhkillltmsfd nepsteindhkillltmsfd
killthsepsteindmlfdn killthsepsteindmlfdn
depsteinslkillhdftmn depsteinslkillhdftmn
killmfndshdtepsteinl killmfndshdtepsteinl
sdlhfnmdepsteintkill sdlhfnmdepsteintkill
dmldfhskillntepstein dmldfhskillntepstein
mdkillntepsteindfhsl mdkillntepsteindfhsl
tndskilldfepsteinmhl tndskilldfepsteinmhl
dkillnmsfhtlepsteind dkillnmsfhtlepsteind
nmdhepsteinkilltfsld nmdhepsteinkilltfsld
epsteinhnkillsldfdmt epsteinhnkillsldfdmt
mkilldlshdtfepsteinn mkilldlshdtfepsteinn
epsteinhdkillltsmfdn epsteinhdkillltsmfdn
dnldkillhmfstepstein dnldkillhmfstepstein
killdldepsteinmfsthn killdldepsteinmfsthn
shfnmltepsteindkilld shfnmltepsteindkilld
killtdslhfdepsteinnm killtdslhfdepsteinnm
slepsteinkillfmddhtn slepsteinkillfmddhtn
fmtnkilldepsteindhsl fmtnkilldepsteindhsl
mkillldnhepsteinstfd mkillldnhepsteinstfd
fhdmnepsteindkillslt fhdmnepsteindkillslt
tldkillhsfnmepsteind tldkillhsfnmepsteind
depsteinlfnmkilldsht depsteinlfnmkilldsht
lhepsteintndkilldsmf lhepsteintndkilldsmf
tsmdepsteinkillhfdln tsmdepsteinkillhfdln
killfthnmsdlepsteind killfthnmsdlepsteind
