tepsteinfdkilldlmhns killepsteintdldshfnm thsfnmkilldlepsteind tskillepsteinhfmddnl thsfnmkilldlepsteind ndlepsteinhdtskillfm ldnmepsteinhfstdkill skilldnmlhdftepstein ldnmepsteinhfstdkill hepsteinnfstkilllmdd hfskillnepsteinldtdm killnfhdsdltepsteinm hfskillnepsteinldtdm hdepsteinsmdtnflkill fnlskillhtepsteindmd nmhdkilltslepsteinfd hldmepsteindsnkilltf tmhsnfepsteinldkilld ndlmhepsteintdskillf htskillepsteindnlfdm slepsteinftndkillmdh epsteinsdfmhltkillnd slepsteinftndkillmdh thmepsteinlkillfsndd mfskillnhlddtepstein epsteindsmnlfdtkillh mfskillnhlddtepstein dhlepsteindkillsmtnf lepsteinfdkillsdnmht nfdhepsteinltsdmkill nkillsdtdhfmlepstein epsteinthsdmndkillfl snldmtkillfepsteindh msnepsteinfkillhtdld hkillmepsteinstdfdnl msnepsteinfkillhtdld fnmhskilldepsteinltd dtepsteindnhmskillfl killepsteintdldshfnm nlhtdsdepsteinfmkill tepsteinfdkilldlmhns
25
killepsteintdldshfnm killepsteintdldshfnm
tskillepsteinhfmddnl tskillepsteinhfmddnl
ndlepsteinhdtskillfm ndlepsteinhdtskillfm
skilldnmlhdftepstein skilldnmlhdftepstein
hepsteinnfstkilllmdd hepsteinnfstkilllmdd
killnfhdsdltepsteinm killnfhdsdltepsteinm
hdepsteinsmdtnflkill hdepsteinsmdtnflkill
fnlskillhtepsteindmd fnlskillhtepsteindmd
hldmepsteindsnkilltf hldmepsteindsnkilltf
tmhsnfepsteinldkilld tmhsnfepsteinldkilld
ndlmhepsteintdskillf ndlmhepsteintdskillf
htskillepsteindnlfdm htskillepsteindnlfdm
epsteinsdfmhltkillnd epsteinsdfmhltkillnd
thmepsteinlkillfsndd thmepsteinlkillfsndd
epsteindsmnlfdtkillh epsteindsmnlfdtkillh
dhlepsteindkillsmtnf dhlepsteindkillsmtnf
lepsteinfdkillsdnmht lepsteinfdkillsdnmht
nfdhepsteinltsdmkill nfdhepsteinltsdmkill
nkillsdtdhfmlepstein nkillsdtdhfmlepstein
epsteinthsdmndkillfl epsteinthsdmndkillfl
snldmtkillfepsteindh snldmtkillfepsteindh
msnepsteinfkillhtdld msnepsteinfkillhtdld
hkillmepsteinstdfdnl hkillmepsteinstdfdnl
fnmhskilldepsteinltd fnmhskilldepsteinltd
nlhtdsdepsteinfmkill nlhtdsdepsteinfmkill
