149 000 001 002 013 024 025 026 027 028 038 048 038 037 036 044 031 024 015 006 015 024 013 002 001 000 149 060 051 050 053 056 066 056 053 054 059 054 063 065 063 072 084 088 087 089 087 086 073 085 074 075 076 081 076 080 076 077 078 083 078 079 063 090 091 099 096 097 090 063 064 063 054 062 070 071 068 071 070 069 067 070 062 060 149 100 105 109 111 109 105 103 104 120 119 140 142 140 125 123 122 126 117 115 116 107 100 149
36
026 026
048 048
037 037
031 031
006 006
060 060
050 050
053 053
056 056
066 066
054 054
059 059
065 065
088 088
089 089
086 086
085 085
081 081
080 080
078 078
083 083
079 079
091 091
096 096
097 097
064 064
068 068
069 069
067 067
111 111
103 103
104 104
142 142
123 123
126 126
115 115
