FortCollins Elkhart Champaign DavidsonCounty Lakewood Lafayette Hampton Frederick ElMonte Berkeley CapeCoral Carrollton Alexandria Amarillo AppleValley Fontana Harrisburg Irvine Austin Lorain CedarRapids Detroit Brighton Lacey Irving Cary Fremont Burbank Indianapolis Garland GrandRapids BoiseCity Eugene Bethlehem Beaumont Jacksonville Gilbert Augusta Jefferson Dallas Bradenton Abilene Chicago Danbury Evansville LasCruces Joliet Fairfield Lancaster Anchorage Lubbock Louisville Barnstable Aberdeen Brownsville Appleton Fayetteville DalyCity Houston Fresno Kalamazoo Leominster Atlanta Manchester Henderson Bremerton Allentown Grayslake Hollywood Erie Arvada Inglewood Hickory Albuquerque Fargo BonitaSprings Baltimore AnnArbor Bakersfield Elizabeth Akron FortWaltonBeach LittleRock Chandler DesMoines Denver Layton ColoradoSprings Cleveland Kennewick Anaheim Independence Bellevue Lakeland CollegeStation Boise ElPaso Hemet Knoxville Harlingen FortCollins
100
FortCollins FortCollins
Elkhart Elkhart
Champaign Champaign
DavidsonCounty DavidsonCounty
Lakewood Lakewood
Lafayette Lafayette
Hampton Hampton
Frederick Frederick
ElMonte ElMonte
Berkeley Berkeley
CapeCoral CapeCoral
Carrollton Carrollton
Alexandria Alexandria
Amarillo Amarillo
AppleValley AppleValley
Fontana Fontana
Harrisburg Harrisburg
Irvine Irvine
Austin Austin
Lorain Lorain
CedarRapids CedarRapids
Detroit Detroit
Brighton Brighton
Lacey Lacey
Irving Irving
Cary Cary
Fremont Fremont
Burbank Burbank
Indianapolis Indianapolis
Garland Garland
GrandRapids GrandRapids
BoiseCity BoiseCity
Eugene Eugene
Bethlehem Bethlehem
Beaumont Beaumont
Jacksonville Jacksonville
Gilbert Gilbert
Augusta Augusta
Jefferson Jefferson
Dallas Dallas
Bradenton Bradenton
Abilene Abilene
Chicago Chicago
Danbury Danbury
Evansville Evansville
LasCruces LasCruces
Joliet Joliet
Fairfield Fairfield
Lancaster Lancaster
Anchorage Anchorage
Lubbock Lubbock
Louisville Louisville
Barnstable Barnstable
Aberdeen Aberdeen
Brownsville Brownsville
Appleton Appleton
Fayetteville Fayetteville
DalyCity DalyCity
Houston Houston
Fresno Fresno
Kalamazoo Kalamazoo
Leominster Leominster
Atlanta Atlanta
Manchester Manchester
Henderson Henderson
Bremerton Bremerton
Allentown Allentown
Grayslake Grayslake
Hollywood Hollywood
Erie Erie
Arvada Arvada
Inglewood Inglewood
Hickory Hickory
Albuquerque Albuquerque
Fargo Fargo
BonitaSprings BonitaSprings
Baltimore Baltimore
AnnArbor AnnArbor
Bakersfield Bakersfield
Elizabeth Elizabeth
Akron Akron
FortWaltonBeach FortWaltonBeach
LittleRock LittleRock
Chandler Chandler
DesMoines DesMoines
Denver Denver
Layton Layton
ColoradoSprings ColoradoSprings
Cleveland Cleveland
Kennewick Kennewick
Anaheim Anaheim
Independence Independence
Bellevue Bellevue
Lakeland Lakeland
CollegeStation CollegeStation
Boise Boise
ElPaso ElPaso
Hemet Hemet
Knoxville Knoxville
Harlingen Harlingen
