CorpusChristi ElPaso Akron DalyCity Canton Charleston Boulder Clearwater Columbia Brownsville Asheville Beaumont Austin Augusta Columbus Albuquerque Durham Escondido Chattanooga Abilene Bryan Deltona Carrollton Arvada Davenport Bloomington Elizabeth BelAir Elkhart Champaign Anaheim CathedralCity Cincinnati Amarillo AppleValley Chandler Danbury BoiseCity ColoradoSprings Bremerton Denton Appleton Chicago Bridgeport Dallas BonitaSprings Denver Alexandria Downey ElMonte CapeCoral CorpusChristi
50
CorpusChristi CorpusChristi
ElPaso ElPaso
Akron Akron
DalyCity DalyCity
Canton Canton
Charleston Charleston
Boulder Boulder
Clearwater Clearwater
Columbia Columbia
Brownsville Brownsville
Asheville Asheville
Beaumont Beaumont
Austin Austin
Augusta Augusta
Columbus Columbus
Albuquerque Albuquerque
Durham Durham
Escondido Escondido
Chattanooga Chattanooga
Bryan Bryan
Deltona Deltona
Carrollton Carrollton
Arvada Arvada
Davenport Davenport
Bloomington Bloomington
Elizabeth Elizabeth
BelAir BelAir
Elkhart Elkhart
Champaign Champaign
Anaheim Anaheim
CathedralCity CathedralCity
Cincinnati Cincinnati
Amarillo Amarillo
AppleValley AppleValley
Chandler Chandler
Danbury Danbury
BoiseCity BoiseCity
ColoradoSprings ColoradoSprings
Bremerton Bremerton
Denton Denton
Appleton Appleton
Chicago Chicago
Bridgeport Bridgeport
Dallas Dallas
BonitaSprings BonitaSprings
Denver Denver
Alexandria Alexandria
Downey Downey
ElMonte ElMonte
CapeCoral CapeCoral
