152 27 97 171 66 181 54 170 172 51 130 180 94 105 151 143 41 149 56 163 90 116 165 73 168 111 31 112 58 45 12 182 5 113 4 53 126 37 101 145 60 89 92 79 169 134 139 65 144 6 38 13 42 28 142 87 136 8 96 85 175 157 121 35 166 81 9 183 78 2 0 95 184 50 153 75 152
73
27 27
97 97
171 171
66 66
181 181
54 54
170 170
172 172
51 51
130 130
180 180
94 94
105 105
151 151
143 143
41 41
149 149
56 56
163 163
90 90
116 116
165 165
73 73
168 168
111 111
31 31
112 112
58 58
45 45
12 12
182 182
5 5
113 113
53 53
126 126
37 37
101 101
145 145
60 60
89 89
92 92
79 79
169 169
134 134
139 139
65 65
144 144
38 38
13 13
42 42
28 28
142 142
87 87
136 136
8 8
96 96
85 85
175 175
157 157
121 121
35 35
166 166
81 81
9 9
183 183
78 78
2 2
0 0
95 95
184 184
50 50
153 153
75 75
