WNYCV 1UWW5 QSI1X F07YB XDKMD 1NBGE KRLTG 77EY5 2KYXC 5I6U4 XRQ65 EQWAL OE5TB HR8IA GXYLV BO3AW F5YBY 91RFG TG5ZG X2AM4 KB443 YMTTJ 7CXN0 ULCTZ H8ZPW CUG55 BMC9X ZA57Z 1BUOS H212X XBRKQ HZ80H EYREL HHCET 65TK9 XD7IR 1ACIU B8UZ8 2FT0Z URMBF 42QVU QTZLJ GAXPM 9HVLF XPFOM V11OW 18R1B UUOP5 UGOIO XTUSM K1ZSD WNYCV
50
1UWW5 1UWW5
QSI1X QSI1X
F07YB F07YB
XDKMD XDKMD
1NBGE 1NBGE
KRLTG KRLTG
77EY5 77EY5
2KYXC 2KYXC
5I6U4 5I6U4
XRQ65 XRQ65
EQWAL EQWAL
OE5TB OE5TB
HR8IA HR8IA
GXYLV GXYLV
BO3AW BO3AW
F5YBY F5YBY
91RFG 91RFG
TG5ZG TG5ZG
X2AM4 X2AM4
KB443 KB443
YMTTJ YMTTJ
7CXN0 7CXN0
ULCTZ ULCTZ
H8ZPW H8ZPW
CUG55 CUG55
BMC9X BMC9X
ZA57Z ZA57Z
1BUOS 1BUOS
H212X H212X
XBRKQ XBRKQ
HZ80H HZ80H
EYREL EYREL
HHCET HHCET
65TK9 65TK9
XD7IR XD7IR
1ACIU 1ACIU
B8UZ8 B8UZ8
2FT0Z 2FT0Z
URMBF URMBF
42QVU 42QVU
QTZLJ QTZLJ
GAXPM GAXPM
9HVLF 9HVLF
XPFOM XPFOM
V11OW V11OW
18R1B 18R1B
UUOP5 UUOP5
UGOIO UGOIO
XTUSM XTUSM
K1ZSD K1ZSD
