4HOMU JXLE1 X180A DDXG0 PXCIN W2H22 VHCFR 768ZF AT3CI SHOOM 50J5H RU85S HZHRA A1QRL DCHO3 945CN 1RS2N PMFJ2 3AIXW WZB33 8EXDQ PYPSO T9O11 HWKGJ OLLV9 H1LTE C45HH BVMDZ MC71K LKP22 C8O6I V22SY 0VPRW Q5DAA SKPO7 0D2BR ZZH8Z WP2MA ELH5L BE5V8 4WDJE Q7FCL W2M5C CM5WA WXZHF DOLRQ 45JXE PTADN KOYRV 6ACGE 0U9HU KC9RF IZESQ ZN2EP NPDI9 P419D FC0PR CFGE5 6OA3K K50JQ 7U3JG 53Y1R 9WSXC FCYPJ L2GJ5 EDSMH WI88U ZHSBU M1HJR TBPBM Y61KP UW44H 52MNN SA6G0 2BUI5 6WOBI 7GA8O TY0L7 61QWU TI35I RAAD4 FRZVP 69BJO LLTLN IF7TL SYV5N XEEQB 2C63O LIRLU C7WKJ OIPRN V8GEC DTPF4 TORQI 1F0YL LEBVZ L2PQE TCC7B 8CLEZ YJ67U ZRPB5 4HOMU
100
JXLE1 JXLE1
X180A X180A
DDXG0 DDXG0
PXCIN PXCIN
W2H22 W2H22
VHCFR VHCFR
768ZF 768ZF
AT3CI AT3CI
SHOOM SHOOM
50J5H 50J5H
RU85S RU85S
HZHRA HZHRA
A1QRL A1QRL
DCHO3 DCHO3
945CN 945CN
1RS2N 1RS2N
PMFJ2 PMFJ2
3AIXW 3AIXW
WZB33 WZB33
8EXDQ 8EXDQ
PYPSO PYPSO
T9O11 T9O11
HWKGJ HWKGJ
OLLV9 OLLV9
H1LTE H1LTE
C45HH C45HH
BVMDZ BVMDZ
MC71K MC71K
LKP22 LKP22
C8O6I C8O6I
V22SY V22SY
0VPRW 0VPRW
Q5DAA Q5DAA
SKPO7 SKPO7
0D2BR 0D2BR
ZZH8Z ZZH8Z
WP2MA WP2MA
ELH5L ELH5L
BE5V8 BE5V8
4WDJE 4WDJE
Q7FCL Q7FCL
W2M5C W2M5C
CM5WA CM5WA
WXZHF WXZHF
DOLRQ DOLRQ
45JXE 45JXE
PTADN PTADN
KOYRV KOYRV
6ACGE 6ACGE
0U9HU 0U9HU
KC9RF KC9RF
IZESQ IZESQ
ZN2EP ZN2EP
NPDI9 NPDI9
P419D P419D
FC0PR FC0PR
CFGE5 CFGE5
6OA3K 6OA3K
K50JQ K50JQ
7U3JG 7U3JG
53Y1R 53Y1R
9WSXC 9WSXC
FCYPJ FCYPJ
L2GJ5 L2GJ5
EDSMH EDSMH
WI88U WI88U
ZHSBU ZHSBU
M1HJR M1HJR
TBPBM TBPBM
Y61KP Y61KP
UW44H UW44H
52MNN 52MNN
SA6G0 SA6G0
2BUI5 2BUI5
6WOBI 6WOBI
7GA8O 7GA8O
TY0L7 TY0L7
61QWU 61QWU
TI35I TI35I
RAAD4 RAAD4
FRZVP FRZVP
69BJO 69BJO
LLTLN LLTLN
IF7TL IF7TL
SYV5N SYV5N
XEEQB XEEQB
2C63O 2C63O
LIRLU LIRLU
C7WKJ C7WKJ
OIPRN OIPRN
V8GEC V8GEC
DTPF4 DTPF4
TORQI TORQI
1F0YL 1F0YL
LEBVZ LEBVZ
L2PQE L2PQE
TCC7B TCC7B
8CLEZ 8CLEZ
YJ67U YJ67U
ZRPB5 ZRPB5
