10 92 15 68 69 14 75 74 19 80 19 8 61 93 60 23 89 54 55 90 55 2 82 83 82 2 63 95 94 62 43 77 76 77 43 81 43 67 98 97 66 49 73 72 3 71 3 70 3 0 84 85 20 96 26 65 64 22 78 79 31 91 56 9 57 4 50 86 87 51 87 41 52 30 88 30 53 15 59 10 58 10
49
92 92
68 68
69 69
75 75
74 74
80 80
61 61
93 93
60 60
89 89
54 54
55 55
90 90
82 82
83 83
63 63
95 95
94 94
62 62
77 77
76 76
81 81
67 67
98 98
97 97
66 66
73 73
72 72
71 71
70 70
84 84
85 85
96 96
65 65
64 64
78 78
79 79
91 91
56 56
57 57
50 50
86 86
87 87
51 51
52 52
88 88
53 53
59 59
58 58
