2 67 2 14 86 14 29 11 29 10 44 38 43 63 78 1 49 66 62 72 5 72 7 84 96 89 30 89 24 31 59 32 23 77 13 83 22 88 4 88 34 61 18 71 3 81 79 16 40 16 76 35 25 6 50 6 98 6 87 74 87 41 65 17 70 28 42 69 60 0 19 94 19 47 58 45 2
50
67 67
14 14
86 86
29 29
11 11
10 10
44 44
38 38
63 63
1 1
66 66
62 62
72 72
5 5
7 7
96 96
30 30
24 24
31 31
59 59
23 23
13 13
83 83
88 88
4 4
34 34
61 61
71 71
3 3
81 81
16 16
40 40
76 76
35 35
25 25
50 50
98 98
74 74
41 41
65 65
17 17
70 70
28 28
42 42
69 69
60 60
0 0
94 94
47 47
58 58
