COM NER MTQ NER PNG POL COG COD CHN SHN IDN COL IDN MAC MAR HND COK CAN HTI GUM HKG KAZ KNA LAO LUX RWA DMA DJI MUS MYT ARM ARE ALB QAT SGP RUS BLZ BEN BLM AZE BDI BHR BOL BMU BRB BHS BIH PRY MOZ PRY NPL MMR HMD HRV LCA KOR LBN JPN HUN PAK GNQ LBR SGS KHM SGS NZL GLP MDA PAN JEY NFK ALA NFK CXR DEU CYP CZE NIU PRT ATG MWI ITA NIC ABW NIC AUS NIC IRL IOT IRN MYS DZA MYS EGY GIB GHA GEO ESP ECU ESH FRA GBR GIN FSM FIN GAB FIN FSM NGA GMB GRC PSE NRU CAF CIV BVT LKA KWT LTU LIE CPV MLI MEX SDN REU AFG REU COM
100
NER NER
MTQ MTQ
PNG PNG
POL POL
COG COG
COD COD
CHN CHN
SHN SHN
IDN IDN
COL COL
MAC MAC
MAR MAR
HND HND
COK COK
CAN CAN
HTI HTI
GUM GUM
HKG HKG
KAZ KAZ
KNA KNA
LAO LAO
LUX LUX
RWA RWA
DMA DMA
DJI DJI
MYT MYT
ARM ARM
ARE ARE
ALB ALB
RUS RUS
BEN BEN
BLM BLM
AZE AZE
BDI BDI
BHR BHR
BMU BMU
BHS BHS
PRY PRY
MOZ MOZ
NPL NPL
MMR MMR
HMD HMD
HRV HRV
KOR KOR
LBN LBN
JPN JPN
HUN HUN
PAK PAK
GNQ GNQ
LBR LBR
SGS SGS
KHM KHM
NZL NZL
MDA MDA
PAN PAN
JEY JEY
NFK NFK
ALA ALA
CXR CXR
DEU DEU
CYP CYP
NIU NIU
ATG ATG
ITA ITA
NIC NIC
ABW ABW
AUS AUS
IRL IRL
IOT IOT
IRN IRN
DZA DZA
EGY EGY
GIB GIB
GHA GHA
GEO GEO
ESP ESP
ECU ECU
ESH ESH
FRA FRA
GBR GBR
GIN GIN
FSM FSM
FIN FIN
GAB GAB
GMB GMB
GRC GRC
PSE PSE
NRU NRU
CAF CAF
CIV CIV
LKA LKA
KWT KWT
LTU LTU
LIE LIE
CPV CPV
MLI MLI
MEX MEX
SDN SDN
REU REU
AFG AFG
