DZA ALB ARG ALB ARE DNK CUW DOM AUS DOM BHS BRB CAN COD BRN COD CHE BVT CAF COG CCK BLR BEN BDI BGR GLP HMD GUY CUB GUY GNQ GRD GUM HKG GRC BRA BLM BES BLM BFA BGD CYM CXR CZE CYP ASM ATF ATA DMA DJI DMA HND GEO GHA FSM ERI FIN FLK FIN AFG ABW AFG FIN ESP AND ESP GIN ECU FRA FRO GBR DZA
50
ALB ALB
ARG ARG
ARE ARE
DNK DNK
CUW CUW
DOM DOM
AUS AUS
BHS BHS
BRB BRB
CAN CAN
COD COD
BRN BRN
CHE CHE
BVT BVT
CAF CAF
COG COG
CCK CCK
BLR BLR
BEN BEN
BDI BDI
GLP GLP
HMD HMD
CUB CUB
GNQ GNQ
GRD GRD
HKG HKG
GRC GRC
BLM BLM
BES BES
BFA BFA
BGD BGD
CYM CYM
CXR CXR
CZE CZE
ATF ATF
ATA ATA
DJI DJI
HND HND
GEO GEO
GHA GHA
FSM FSM
ERI ERI
FIN FIN
FLK FLK
ABW ABW
AND AND
ECU ECU
FRA FRA
FRO FRO
GBR GBR
