Soda 167 99 163 185 113 160 192 138 152 131 135 120 155 121 169 111 108 198 105 140 171 194 143 157 178 172 142 161 116 174 147 115 189 175 103 137 151 141 122 190 128 112 126 109 129 114 130 186 100 154 146 132 102 107 133 181 183 179 168 165 177 136 166 156 139 104 176 148 173 191 101 145 184 106 187 127 196 144 134 117 123 150 159 149 170 110 125 153 162 118 180 188 119 124 182 195 197 193 158 164 Soda
100
167 167
99 99
163 163
185 185
113 113
160 160
192 192
138 138
152 152
131 131
135 135
120 120
155 155
121 121
169 169
111 111
108 108
198 198
105 105
140 140
171 171
194 194
143 143
157 157
178 178
172 172
142 142
161 161
116 116
174 174
147 147
115 115
189 189
175 175
103 103
137 137
151 151
141 141
122 122
190 190
128 128
112 112
126 126
109 109
129 129
114 114
130 130
186 186
100 100
154 154
146 146
132 132
102 102
107 107
133 133
181 181
183 183
179 179
168 168
165 165
177 177
136 136
166 166
156 156
139 139
104 104
176 176
148 148
173 173
191 191
101 101
145 145
184 184
106 106
187 187
127 127
196 196
144 144
134 134
117 117
123 123
150 150
159 159
149 149
170 170
110 110
125 125
153 153
162 162
118 118
180 180
188 188
119 119
124 124
182 182
195 195
197 197
193 193
158 158
164 164
