Wurster Moses Kleeberger Goldman Hilgard Class Hazardous Frank Silver Gilman Florida Sutardja Sather Alabama Massachusetts Hesse California Recreational Salem Boston Tennessee Chan North Nevada Cory Pitzer McLaughlin Optometry Stanley Honolulu Pennsylvania Raleigh Juneau Idaho Vermont Simpson Oregon Anthony Blackwell Parking Montgomery Indianapolis Spieker Moffitt Brain Barrows Observatory Maxwell Simon Visitor Wurster
50
Wurster Wurster
Moses Moses
Kleeberger Kleeberger
Goldman Goldman
Hilgard Hilgard
Class Class
Hazardous Hazardous
Frank Frank
Silver Silver
Gilman Gilman
Florida Florida
Sutardja Sutardja
Sather Sather
Alabama Alabama
Massachusetts Massachusetts
Hesse Hesse
California California
Recreational Recreational
Salem Salem
Boston Boston
Tennessee Tennessee
Chan Chan
North North
Nevada Nevada
Cory Cory
Pitzer Pitzer
McLaughlin McLaughlin
Optometry Optometry
Stanley Stanley
Honolulu Honolulu
Pennsylvania Pennsylvania
Raleigh Raleigh
Juneau Juneau
Idaho Idaho
Vermont Vermont
Simpson Simpson
Oregon Oregon
Anthony Anthony
Blackwell Blackwell
Parking Parking
Montgomery Montgomery
Indianapolis Indianapolis
Spieker Spieker
Moffitt Moffitt
Brain Brain
Barrows Barrows
Observatory Observatory
Maxwell Maxwell
Simon Simon
Visitor Visitor
