Rhode McEnerney Olympia East Cheyenne Kentucky Michigan Campanile Silver Nevada Simpson Moses Cory Annapolis Austin BART Krutch Hargrove CNMAT Clark Minnesota Richmond Providence Police Tennessee Hartford Hearst Topeka Illinois Simon Jacobs Insectary Mississippi Observatory Mathematical Edwards Grinnell Baton Madison Santa Berkeley Brain Chvez Bowles Tang Columbia Jones Concord Little Hertz Trenton Class Maxwell Etcheverry Heating Durham Foothill Salt Springer Energy Utah Birge Hawaii Cleary Bancroft Montgomery West McLaughlin Lower Durant Maryland International Boalt Sproul Jefferson Lansing Mulford Florida Columbus Chou Blackwell Oregon Warren LeConte Pennsylvania Stadium Moffitt Morrison Haste Montana Wisconsin Barrows Nashville Harrisburg Martin Hellman Life Valley University Donner Rhode
100
Rhode Rhode
McEnerney McEnerney
Olympia Olympia
East East
Cheyenne Cheyenne
Kentucky Kentucky
Michigan Michigan
Campanile Campanile
Silver Silver
Nevada Nevada
Simpson Simpson
Moses Moses
Cory Cory
Annapolis Annapolis
Austin Austin
BART BART
Krutch Krutch
Hargrove Hargrove
CNMAT CNMAT
Clark Clark
Minnesota Minnesota
Richmond Richmond
Providence Providence
Police Police
Tennessee Tennessee
Hartford Hartford
Hearst Hearst
Topeka Topeka
Illinois Illinois
Simon Simon
Jacobs Jacobs
Insectary Insectary
Mississippi Mississippi
Observatory Observatory
Mathematical Mathematical
Edwards Edwards
Grinnell Grinnell
Baton Baton
Madison Madison
Santa Santa
Berkeley Berkeley
Brain Brain
Chvez Chvez
Bowles Bowles
Tang Tang
Columbia Columbia
Jones Jones
Concord Concord
Little Little
Hertz Hertz
Trenton Trenton
Class Class
Maxwell Maxwell
Etcheverry Etcheverry
Heating Heating
Durham Durham
Foothill Foothill
Salt Salt
Springer Springer
Energy Energy
Utah Utah
Birge Birge
Hawaii Hawaii
Cleary Cleary
Bancroft Bancroft
Montgomery Montgomery
West West
McLaughlin McLaughlin
Lower Lower
Durant Durant
Maryland Maryland
International International
Boalt Boalt
Sproul Sproul
Jefferson Jefferson
Lansing Lansing
Mulford Mulford
Florida Florida
Columbus Columbus
Chou Chou
Blackwell Blackwell
Oregon Oregon
Warren Warren
LeConte LeConte
Pennsylvania Pennsylvania
Stadium Stadium
Moffitt Moffitt
Morrison Morrison
Haste Haste
Montana Montana
Wisconsin Wisconsin
Barrows Barrows
Nashville Nashville
Harrisburg Harrisburg
Martin Martin
Hellman Hellman
Life Life
Valley Valley
University University
Donner Donner
