YuhuaEast Sennett SerangoonGarden SingaporeRiver ChinaSquare SerangoonNorth TagoreSindo Punggol Matilda OrangeGrove PeoplesPark BayfrontSubzone Paterson SimpangNorth AlexandraNorth Port RochorCanal Mountbatten Northland WoodlandsWest BukitBatokSouth BukitBatokWest DhobyGhaut Cairnhill ChangiPoint AngMoKioTownCentre SungeiRoad WaterwayEast BenoiSector TuasNorthPioneer Chatsworth InstitutionHill KentRidge Commonwealth PangSua DairyFarm PeiChun JurongPort JooSengPayaLebar Tanglin TuasPromenade TiongBahru TuasBay PunggolField Tampines KebunBahru MountEmily GeylangEast Moulmein Museum PayaLebarEast TohGuan PasirRisDrive JurongWestCentral OneNorth BoonLayPlace LowerSeletar PearlsHill MandaiEast TampinesNorth Sembawang EastCoast Sentosa TelokBlangahRise SungeiKadut ChangiWest YioChuKang Aljunied BoatQuay Saujana HougangCentral DefuIndustrialPark ChoaChuKang UpperThomson HongKah Kembangan UluPandan YioChuKangEast KeatHong HongKahNorth SouthernIslands SembawangHills SerangoonCentral Khatib PulauPunggolTimor ReservoirView EvertonPark ClementiNorth OneTreeHill SembawangStraits Shipyard PasirRisPark BedokSouth Trafalgar Serangoon Brickworks IstanaNegara BedokNorth CityHall PasirRis Mandai Geylang YuhuaEast
100
Sennett Sennett
SerangoonGarden SerangoonGarden
SingaporeRiver SingaporeRiver
ChinaSquare ChinaSquare
SerangoonNorth SerangoonNorth
TagoreSindo TagoreSindo
Punggol Punggol
Matilda Matilda
OrangeGrove OrangeGrove
PeoplesPark PeoplesPark
BayfrontSubzone BayfrontSubzone
Paterson Paterson
SimpangNorth SimpangNorth
AlexandraNorth AlexandraNorth
Port Port
RochorCanal RochorCanal
Mountbatten Mountbatten
Northland Northland
WoodlandsWest WoodlandsWest
BukitBatokSouth BukitBatokSouth
BukitBatokWest BukitBatokWest
DhobyGhaut DhobyGhaut
Cairnhill Cairnhill
ChangiPoint ChangiPoint
AngMoKioTownCentre AngMoKioTownCentre
SungeiRoad SungeiRoad
WaterwayEast WaterwayEast
BenoiSector BenoiSector
TuasNorthPioneer TuasNorthPioneer
Chatsworth Chatsworth
InstitutionHill InstitutionHill
KentRidge KentRidge
Commonwealth Commonwealth
PangSua PangSua
DairyFarm DairyFarm
PeiChun PeiChun
JurongPort JurongPort
JooSengPayaLebar JooSengPayaLebar
Tanglin Tanglin
TuasPromenade TuasPromenade
TiongBahru TiongBahru
TuasBay TuasBay
PunggolField PunggolField
Tampines Tampines
KebunBahru KebunBahru
GeylangEast GeylangEast
Moulmein Moulmein
Museum Museum
PayaLebarEast PayaLebarEast
TohGuan TohGuan
PasirRisDrive PasirRisDrive
JurongWestCentral JurongWestCentral
OneNorth OneNorth
BoonLayPlace BoonLayPlace
LowerSeletar LowerSeletar
PearlsHill PearlsHill
MandaiEast MandaiEast
TampinesNorth TampinesNorth
Sembawang Sembawang
EastCoast EastCoast
Sentosa Sentosa
TelokBlangahRise TelokBlangahRise
SungeiKadut SungeiKadut
ChangiWest ChangiWest
YioChuKang YioChuKang
Aljunied Aljunied
BoatQuay BoatQuay
Saujana Saujana
HougangCentral HougangCentral
DefuIndustrialPark DefuIndustrialPark
ChoaChuKang ChoaChuKang
UpperThomson UpperThomson
HongKah HongKah
Kembangan Kembangan
UluPandan UluPandan
YioChuKangEast YioChuKangEast
KeatHong KeatHong
HongKahNorth HongKahNorth
SouthernIslands SouthernIslands
SembawangHills SembawangHills
SerangoonCentral SerangoonCentral
Khatib Khatib
PulauPunggolTimor PulauPunggolTimor
ReservoirView ReservoirView
EvertonPark EvertonPark
ClementiNorth ClementiNorth
OneTreeHill OneTreeHill
SembawangStraits SembawangStraits
Shipyard Shipyard
PasirRisPark PasirRisPark
BedokSouth BedokSouth
Trafalgar Trafalgar
Serangoon Serangoon
Brickworks Brickworks
IstanaNegara IstanaNegara
BedokNorth BedokNorth
CityHall CityHall
PasirRis PasirRis
Mandai Mandai
Geylang Geylang
