LeonieHill Shipyard NeeSoon OrangeGrove Tyersall DefuIndustrialPark SungeiKadut MonksHill Outram Sennett JurongWestCentral Kranji ConeyIsland PunggolTownCentre Woodgrove Townsville ChoaChuKangCentral LoyangEast YuhuaWestBoonLay TampinesWest Novena SingaporePolytechnic FarrerPark SembawangSprings KampongGlam Semakau SungeiRoad KallangWay AnchorvaleBuangkok YioChuKang Boulevard YioChuKang MandaiWest BukitBatokCentral NorthCoast ClementiCentral ChangiWest AirportRoad Springleaf PasirPanjang2 Guilin GreenwoodPark Trafalgar Sentosa Victoria SerangoonGarden Phillip Yishun BishanEast Ridout TuasBay TanglinHalt LeonieHill
50
Shipyard Shipyard
NeeSoon NeeSoon
OrangeGrove OrangeGrove
Tyersall Tyersall
DefuIndustrialPark DefuIndustrialPark
SungeiKadut SungeiKadut
MonksHill MonksHill
Outram Outram
Sennett Sennett
JurongWestCentral JurongWestCentral
Kranji Kranji
ConeyIsland ConeyIsland
PunggolTownCentre PunggolTownCentre
Woodgrove Woodgrove
Townsville Townsville
ChoaChuKangCentral ChoaChuKangCentral
LoyangEast LoyangEast
YuhuaWestBoonLay YuhuaWestBoonLay
TampinesWest TampinesWest
Novena Novena
SingaporePolytechnic SingaporePolytechnic
FarrerPark FarrerPark
SembawangSprings SembawangSprings
KampongGlam KampongGlam
Semakau Semakau
SungeiRoad SungeiRoad
KallangWay KallangWay
AnchorvaleBuangkok AnchorvaleBuangkok
YioChuKang YioChuKang
Boulevard Boulevard
MandaiWest MandaiWest
BukitBatokCentral BukitBatokCentral
NorthCoast NorthCoast
ClementiCentral ClementiCentral
ChangiWest ChangiWest
AirportRoad AirportRoad
Springleaf Springleaf
PasirPanjang2 PasirPanjang2
Guilin Guilin
GreenwoodPark GreenwoodPark
Trafalgar Trafalgar
Sentosa Sentosa
Victoria Victoria
SerangoonGarden SerangoonGarden
Phillip Phillip
Yishun Yishun
BishanEast BishanEast
Ridout Ridout
TuasBay TuasBay
TanglinHalt TanglinHalt
