BukitBatokEast LeonieHill Sembawang JooKoon SimpangNorth GhimMoh Safti Tengeh Frankel SwissClub TanjongPagar CityHall Sudong SungeiRoad Simei Redhill PearlsHill TiongBahruStation DowntownCore LowerSeletar GaliBatuMandai ChoaChuKang NeeSoon AirportRoad Tyersall Hillcrest RiverValley BukitBatokEast
25
LeonieHill LeonieHill
Sembawang Sembawang
JooKoon JooKoon
SimpangNorth SimpangNorth
GhimMoh GhimMoh
Safti Safti
Tengeh Tengeh
Frankel Frankel
SwissClub SwissClub
TanjongPagar TanjongPagar
CityHall CityHall
Sudong Sudong
SungeiRoad SungeiRoad
Simei Simei
Redhill Redhill
PearlsHill PearlsHill
TiongBahruStation TiongBahruStation
DowntownCore DowntownCore
LowerSeletar LowerSeletar
GaliBatuMandai GaliBatuMandai
ChoaChuKang ChoaChuKang
NeeSoon NeeSoon
Tyersall Tyersall
Hillcrest Hillcrest
RiverValley RiverValley
