0 66 99 33 99 66 0 65 98 32 98 65 0 64 97 31 97 64 0 63 96 30 96 63 0 62 95 29 95 62 0 61 94 28 94 61 0 60 93 27 93 60 0 59 92 26 92 59 0 58 91 25 91 58 0 57 90 24 90 57 0 56 89 23 89 56 0 55 88 22 88 55 0 54 87 21 87 54 0 53 86 20 86 53 0 52 85 19 85 52 0 51 84 18 84 51 0 50 83 17 83 50 0 49 82 16 82 49 0 48 81 15 81 48 0 47 80 14 80 47 0 46 79 13 79 46 0 45 78 12 78 45 0 44 77 11 77 44 0 43 76 10 76 43 0 42 75 9 75 42 0 41 74 8 74 41 0 40 73 7 73 40 0 39 72 6 72 39 0 38 71 5 71 38 0 37 70 4 70 37 0 36 69 3 69 36 0 35 68 2 68 35 0 34 67 1 67 34 0
33
33 33
32 32
31 31
30 30
29 29
28 28
27 27
26 26
25 25
24 24
23 23
22 22
21 21
20 20
19 19
18 18
17 17
16 16
15 15
14 14
13 13
12 12
11 11
10 10
9 9
8 8
7 7
6 6
5 5
4 4
3 3
2 2
1 1
