139 58 1 106 174 188 109 187 191 141 48 173 113 112 91 122 81 65 35 5 37 130 161 44 41 22 125 131 31 25 111 153 101 64 199 84 189 127 134 18 15 142 144 30 156 186 172 98 2 157 114 178 95 182 7 60 39 57 108 16 26 71 198 200 8 36 74 32 152 123 77 78 9 53 13 43 14 23 146 119 184 128 27 96 145 158 105 176 47 32 148 165 162 72 69 82 67 33 107 79 21 89 138 104 75 118 147 11 85 139
100
58 58
1 1
106 106
188 188
109 109
187 187
191 191
141 141
48 48
173 173
113 113
112 112
91 91
122 122
81 81
65 65
35 35
5 5
37 37
130 130
161 161
44 44
41 41
22 22
125 125
131 131
31 31
25 25
111 111
153 153
101 101
64 64
84 84
189 189
127 127
134 134
18 18
15 15
142 142
144 144
30 30
156 156
186 186
172 172
98 98
2 2
157 157
114 114
178 178
95 95
182 182
7 7
60 60
39 39
57 57
108 108
16 16
26 26
71 71
198 198
8 8
74 74
32 32
152 152
123 123
77 77
78 78
9 9
13 13
43 43
14 14
23 23
146 146
119 119
184 184
128 128
27 27
96 96
145 145
158 158
105 105
176 176
47 47
148 148
165 165
72 72
69 69
82 82
67 67
33 33
79 79
21 21
89 89
138 138
104 104
75 75
118 118
147 147
11 11
85 85
