Latias Dartrix Keldeo Petilil Luvdisc Staryu Scolipede Infernape Bounsweet Wurmple Exeggutor Relicanth Elgyem Golisopod Charmeleon Vibrava Primeape Palkia Talonflame Noivern Reshiram Raticate Magearna Jigglypuff Toxicroak Shelgon Latias
25
Dartrix Dartrix
Keldeo Keldeo
Petilil Petilil
Luvdisc Luvdisc
Staryu Staryu
Scolipede Scolipede
Infernape Infernape
Bounsweet Bounsweet
Wurmple Wurmple
Exeggutor Exeggutor
Relicanth Relicanth
Elgyem Elgyem
Golisopod Golisopod
Charmeleon Charmeleon
Vibrava Vibrava
Primeape Primeape
Palkia Palkia
Talonflame Talonflame
Noivern Noivern
Reshiram Reshiram
Raticate Raticate
Magearna Magearna
Jigglypuff Jigglypuff
Toxicroak Toxicroak
Shelgon Shelgon
