Qwilfish Tropius Slowbro Simisear Sandile Meloetta Porygon2 Crawdaunt Scatterbug Tsareena Woobat Escavalier Weepinbell Magnemite Froakie Bounsweet Yungoos Stufful Conkeldurr Zekrom Paras Taillow Drapion Lotad Gengar Tornadus Politoed Terrakion Metang Slurpuff Inkay Vespiquen Weezing Bastiodon Shellder Xerneas Shellos Vullaby Amoonguss Dewpider Kakuna Treecko Seaking Nincada Comfey Lumineon Whismur Metapod Jumpluff Plusle Wailord Tauros Swadloon Munna Skorupi Skiddo Noibat Honedge Wartortle Steenee Volcarona Magmar Phanpy Drampa Qwilfish
64
Qwilfish Qwilfish
Tropius Tropius
Slowbro Slowbro
Simisear Simisear
Sandile Sandile
Meloetta Meloetta
Porygon2 Porygon2
Crawdaunt Crawdaunt
Scatterbug Scatterbug
Tsareena Tsareena
Woobat Woobat
Escavalier Escavalier
Weepinbell Weepinbell
Magnemite Magnemite
Froakie Froakie
Bounsweet Bounsweet
Yungoos Yungoos
Stufful Stufful
Conkeldurr Conkeldurr
Zekrom Zekrom
Paras Paras
Taillow Taillow
Drapion Drapion
Lotad Lotad
Gengar Gengar
Tornadus Tornadus
Politoed Politoed
Terrakion Terrakion
Metang Metang
Slurpuff Slurpuff
Inkay Inkay
Vespiquen Vespiquen
Weezing Weezing
Bastiodon Bastiodon
Shellder Shellder
Xerneas Xerneas
Shellos Shellos
Vullaby Vullaby
Amoonguss Amoonguss
Dewpider Dewpider
Kakuna Kakuna
Treecko Treecko
Seaking Seaking
Nincada Nincada
Comfey Comfey
Lumineon Lumineon
Whismur Whismur
Metapod Metapod
Jumpluff Jumpluff
Plusle Plusle
Wailord Wailord
Tauros Tauros
Swadloon Swadloon
Munna Munna
Skorupi Skorupi
Skiddo Skiddo
Noibat Noibat
Honedge Honedge
Wartortle Wartortle
Steenee Steenee
Volcarona Volcarona
Magmar Magmar
Phanpy Phanpy
Drampa Drampa
