Myrtle Alexandria Minneapolis Lexington Macon Barnstable Nashua Moreno Merced Mobile Brownsville Baltimore Bradenton Deltona Joliet Cathedral Bridgeport GreenBay Corpus Cedar Hartford Abilene Aribel Grays Erie Huntsville Cary Champaign Kansas Medford Bloomington Muskegon Huntington Plen Montgomery Davidson Hollywood Chandler Dallas Hemet Appleton Leominster Houma Harlingen Lorain Lansing Chicago Miramar Kissimmee Albuquerque Albany Myrtle
50
Alexandria Alexandria
Minneapolis Minneapolis
Lexington Lexington
Macon Macon
Barnstable Barnstable
Nashua Nashua
Moreno Moreno
Merced Merced
Mobile Mobile
Brownsville Brownsville
Baltimore Baltimore
Bradenton Bradenton
Deltona Deltona
Joliet Joliet
Cathedral Cathedral
Bridgeport Bridgeport
GreenBay GreenBay
Corpus Corpus
Cedar Cedar
Hartford Hartford
Abilene Abilene
Aribel Aribel
Grays Grays
Erie Erie
Huntsville Huntsville
Cary Cary
Champaign Champaign
Kansas Kansas
Medford Medford
Bloomington Bloomington
Muskegon Muskegon
Huntington Huntington
Plen Plen
Montgomery Montgomery
Davidson Davidson
Hollywood Hollywood
Chandler Chandler
Dallas Dallas
Hemet Hemet
Appleton Appleton
Leominster Leominster
Houma Houma
Harlingen Harlingen
Lorain Lorain
Lansing Lansing
Chicago Chicago
Miramar Miramar
Kissimmee Kissimmee
Albuquerque Albuquerque
Albany Albany
