Monroe Clarksville Huntsville Glendale Brownsville Manchester Cary Killeen Akron Bradenton Julian Cleveland Lacey Anaheim Jacksonville Kailua Boise Albany Mesa Hialeah Davidson Rapids Arlington Huntington Elkhart Lancaster Hagerstown Antioch Daytona Burlington Kenosha Baltimore Greensboro Clarke Hesperia Viejo Hampton Modesto Gilbert Dallas Gainesville Vista Chesapeake Mobile Erie Athens Asheville Fairfield Fayetteville Apple Anchorage Bethlehem Bridgeport Abilene Layton Lafayette Hartford Hickory Ten Kennewick Denver Monterey Four Canton Cambridge Lowell Bedford Naples Prairie Muskegon Austin Aberdeen Havre Leominster Mesquite Amarillo Birmingham Melbourne Carrollton Charleston Laredo Seven Kissimmee Denton Hayward Lakeland Baton Irving Elizabeth Dayton Merced Montgomery Detroit Three Boulder Johnson Corpus Miami Allentown Lewisville Monroe
100
Monroe Monroe
Clarksville Clarksville
Huntsville Huntsville
Glendale Glendale
Brownsville Brownsville
Manchester Manchester
Cary Cary
Killeen Killeen
Akron Akron
Bradenton Bradenton
Julian Julian
Cleveland Cleveland
Lacey Lacey
Anaheim Anaheim
Jacksonville Jacksonville
Kailua Kailua
Boise Boise
Albany Albany
Mesa Mesa
Hialeah Hialeah
Davidson Davidson
Rapids Rapids
Arlington Arlington
Huntington Huntington
Elkhart Elkhart
Lancaster Lancaster
Hagerstown Hagerstown
Antioch Antioch
Daytona Daytona
Burlington Burlington
Kenosha Kenosha
Baltimore Baltimore
Greensboro Greensboro
Clarke Clarke
Hesperia Hesperia
Viejo Viejo
Hampton Hampton
Modesto Modesto
Gilbert Gilbert
Dallas Dallas
Gainesville Gainesville
Vista Vista
Chesapeake Chesapeake
Mobile Mobile
Erie Erie
Athens Athens
Asheville Asheville
Fairfield Fairfield
Fayetteville Fayetteville
Apple Apple
Anchorage Anchorage
Bethlehem Bethlehem
Bridgeport Bridgeport
Abilene Abilene
Layton Layton
Lafayette Lafayette
Hartford Hartford
Hickory Hickory
Ten Ten
Kennewick Kennewick
Denver Denver
Monterey Monterey
Four Four
Canton Canton
Cambridge Cambridge
Lowell Lowell
Bedford Bedford
Naples Naples
Prairie Prairie
Muskegon Muskegon
Austin Austin
Aberdeen Aberdeen
Havre Havre
Leominster Leominster
Mesquite Mesquite
Amarillo Amarillo
Birmingham Birmingham
Melbourne Melbourne
Carrollton Carrollton
Charleston Charleston
Laredo Laredo
Seven Seven
Kissimmee Kissimmee
Denton Denton
Hayward Hayward
Lakeland Lakeland
Baton Baton
Irving Irving
Elizabeth Elizabeth
Dayton Dayton
Merced Merced
Montgomery Montgomery
Detroit Detroit
Three Three
Boulder Boulder
Johnson Johnson
Corpus Corpus
Miami Miami
Allentown Allentown
Lewisville Lewisville
