Soda EtcheverryHall WicksonNaturalArea Emeryville SproulPlaza AnthonyHall FrankSchlessingerWay Brisbane WomenFacultyClub SternHall WellmanHall LowerSproulPlaza Pacifica Hillsborough SanRamon EvansHall FoundersRock MinorHallAddition StHelena KleebergerFieldHouse SatherTower Pittsburg Alameda GiauqueHall Orinda Oakley WestGate LewisHall DonnerLab HargroveMusicLibrary NorthGateHall Piedmont BarkerHall PimentelHall CalvinLaboratory HearstGreekTheatre GilmanHall GoldmanField WheelerHall KroeberHall WestCircle Cory BlumHall Saratoga Hayward HertzHall Unit1 BancroftLibrary EastGate Belmont ChouHall StadiumRimWay HearstMiningCircle Unit3 Albany SanRafael Fairfield WursterHall ZellerbachPlayhouse Benicia SanPablo IshiCourt ClarkKerrCampus Campanile Insectary Healdsburg ZellerbachHall MulfordHall ClearyHall Pinole MartinezCommons Soda
70
EtcheverryHall EtcheverryHall
WicksonNaturalArea WicksonNaturalArea
Emeryville Emeryville
SproulPlaza SproulPlaza
AnthonyHall AnthonyHall
FrankSchlessingerWay FrankSchlessingerWay
Brisbane Brisbane
WomenFacultyClub WomenFacultyClub
SternHall SternHall
WellmanHall WellmanHall
LowerSproulPlaza LowerSproulPlaza
Pacifica Pacifica
Hillsborough Hillsborough
SanRamon SanRamon
EvansHall EvansHall
FoundersRock FoundersRock
MinorHallAddition MinorHallAddition
StHelena StHelena
KleebergerFieldHouse KleebergerFieldHouse
SatherTower SatherTower
Pittsburg Pittsburg
Alameda Alameda
GiauqueHall GiauqueHall
Orinda Orinda
Oakley Oakley
WestGate WestGate
LewisHall LewisHall
DonnerLab DonnerLab
HargroveMusicLibrary HargroveMusicLibrary
NorthGateHall NorthGateHall
Piedmont Piedmont
BarkerHall BarkerHall
PimentelHall PimentelHall
CalvinLaboratory CalvinLaboratory
HearstGreekTheatre HearstGreekTheatre
GilmanHall GilmanHall
GoldmanField GoldmanField
WheelerHall WheelerHall
KroeberHall KroeberHall
WestCircle WestCircle
Cory Cory
BlumHall BlumHall
Saratoga Saratoga
Hayward Hayward
HertzHall HertzHall
Unit1 Unit1
BancroftLibrary BancroftLibrary
EastGate EastGate
Belmont Belmont
ChouHall ChouHall
StadiumRimWay StadiumRimWay
HearstMiningCircle HearstMiningCircle
Unit3 Unit3
Albany Albany
SanRafael SanRafael
Fairfield Fairfield
WursterHall WursterHall
ZellerbachPlayhouse ZellerbachPlayhouse
Benicia Benicia
SanPablo SanPablo
IshiCourt IshiCourt
ClarkKerrCampus ClarkKerrCampus
Campanile Campanile
Insectary Insectary
Healdsburg Healdsburg
ZellerbachHall ZellerbachHall
MulfordHall MulfordHall
ClearyHall ClearyHall
Pinole Pinole
MartinezCommons MartinezCommons
