Soda RSF SatherRd RSF MorganHall MorrisonHall MosesHall MulfordHall NorthField SatherGate SatherTower Soda Campanile BarrowLane BarkerHall Dwinelle ClarkKerr CareerCenter CampbellHall BarrowsHall AlumniHouse Soda SeniorHall SproulHall SproulPlaza SutardjaDaiHall Unit1 SutardjaDaiHall TangCenter WursterHall SeniorHall Soda EshlemanHall EyeCenter LeConteHall MemorialGlade LeConteHall MLK Lawrence Jacobs Soda
18
SatherRd SatherRd
MorganHall MorganHall
MorrisonHall MorrisonHall
MulfordHall MulfordHall
Campanile Campanile
BarkerHall BarkerHall
Dwinelle Dwinelle
CareerCenter CareerCenter
SproulPlaza SproulPlaza
SutardjaDaiHall SutardjaDaiHall
Unit1 Unit1
WursterHall WursterHall
EyeCenter EyeCenter
LeConteHall LeConteHall
MemorialGlade MemorialGlade
MLK MLK
Lawrence Lawrence
Jacobs Jacobs
