Fizz Bane Huskar Brewmaster Tristana Puck SpiritBreaker Cassiopeia TahmKench TrollWarlord Kayn Vi Pantheon Techies Singed Timbersaw DeathProphet Katarina Gragas Amumu StormSpirit Terrorblade Talon Tiny Syndra Venomancer BountyHunter Fiddlesticks Ziggs Morphling LeBlanc ShadowFiend NightStalker Quinn Slardar Sven Weaver Ryze Irelia Vladimir Kennen Nidalee Zed Rumble Jayce Karma Beastmaster FacelessVoid Thresh Ekko WinterWyvern Omniknight CentaurWarrunner Magnus Kassadin KhaZix Mirana VelKoz Visage Chen Lucian ShadowShaman Medusa LoneDruid Zilean ShadowDemon Rubick Azir Heimerdinger Annie Sniper Oracle Warlock Undying Janna JarvanIV Nunu Jinx Rengar Leona Trundle Slark Xayah Kled Orianna Sona Yorick Nasus Viktor Fizz
89
Fizz Fizz
Bane Bane
Huskar Huskar
Brewmaster Brewmaster
Tristana Tristana
Puck Puck
SpiritBreaker SpiritBreaker
Cassiopeia Cassiopeia
TahmKench TahmKench
TrollWarlord TrollWarlord
Kayn Kayn
Vi Vi
Pantheon Pantheon
Techies Techies
Singed Singed
Timbersaw Timbersaw
DeathProphet DeathProphet
Katarina Katarina
Gragas Gragas
Amumu Amumu
StormSpirit StormSpirit
Terrorblade Terrorblade
Talon Talon
Tiny Tiny
Syndra Syndra
Venomancer Venomancer
BountyHunter BountyHunter
Fiddlesticks Fiddlesticks
Ziggs Ziggs
Morphling Morphling
LeBlanc LeBlanc
ShadowFiend ShadowFiend
NightStalker NightStalker
Quinn Quinn
Slardar Slardar
Sven Sven
Weaver Weaver
Ryze Ryze
Irelia Irelia
Vladimir Vladimir
Kennen Kennen
Nidalee Nidalee
Zed Zed
Rumble Rumble
Jayce Jayce
Karma Karma
Beastmaster Beastmaster
FacelessVoid FacelessVoid
Thresh Thresh
Ekko Ekko
WinterWyvern WinterWyvern
Omniknight Omniknight
CentaurWarrunner CentaurWarrunner
Magnus Magnus
Kassadin Kassadin
KhaZix KhaZix
Mirana Mirana
VelKoz VelKoz
Visage Visage
Chen Chen
Lucian Lucian
ShadowShaman ShadowShaman
Medusa Medusa
LoneDruid LoneDruid
Zilean Zilean
ShadowDemon ShadowDemon
Rubick Rubick
Azir Azir
Heimerdinger Heimerdinger
Annie Annie
Sniper Sniper
Oracle Oracle
Warlock Warlock
Undying Undying
Janna Janna
JarvanIV JarvanIV
Nunu Nunu
Jinx Jinx
Rengar Rengar
Leona Leona
Trundle Trundle
Slark Slark
Xayah Xayah
Kled Kled
Orianna Orianna
Sona Sona
Yorick Yorick
Nasus Nasus
Viktor Viktor
