Pantheon LoneDruid Oracle Ashe Shyvana Jayce Slark ChaosKnight Lich Kled Jhin Skarner Xerath Malphite Morgana Jinx Draven Lux Talon TrollWarlord Ahri ArcWarden MasterYi SpiritBreaker Rumble NightStalker Magnus Tailyah Bristleback Maokai Bard BountyHunter Phoenix Galio CentaurWarrunner Ziggs Akali Heimerdinger Tiny Anivia Disruptor KogMaw CrystalMaiden Lucian Jax WraithKing Nunu Ezreal Spectre Pantheon
48
LoneDruid LoneDruid
Oracle Oracle
Ashe Ashe
Shyvana Shyvana
Jayce Jayce
Slark Slark
ChaosKnight ChaosKnight
Lich Lich
Kled Kled
Jhin Jhin
Skarner Skarner
Xerath Xerath
Malphite Malphite
Morgana Morgana
Jinx Jinx
Draven Draven
Lux Lux
Talon Talon
TrollWarlord TrollWarlord
Ahri Ahri
ArcWarden ArcWarden
MasterYi MasterYi
SpiritBreaker SpiritBreaker
Rumble Rumble
NightStalker NightStalker
Magnus Magnus
Tailyah Tailyah
Bristleback Bristleback
Maokai Maokai
Bard Bard
BountyHunter BountyHunter
Phoenix Phoenix
Galio Galio
CentaurWarrunner CentaurWarrunner
Ziggs Ziggs
Akali Akali
Heimerdinger Heimerdinger
Tiny Tiny
Anivia Anivia
Disruptor Disruptor
KogMaw KogMaw
CrystalMaiden CrystalMaiden
Lucian Lucian
Jax Jax
WraithKing WraithKing
Nunu Nunu
Ezreal Ezreal
Spectre Spectre
