0 22 0 1 0 23 24 9 10 72 67 63 59 57 51 60 61 65 70 65 69 73 12 30 32 31 40 76 78 99 85 99 86 42 45 47 14 13 14 17 18 19 20 19 18 17 14 47 46 91 43 44 43 80 88 94 89 93 50 49 92 90 92 49 48 47 14 15 16 99 79 81 41 33 36 35 39 37 84 87 82 83 98 97 96 95 75 38 34 29 28 27 77 27 28 26 10 11 71 68 64 68 71 11 10 8 74 66 62 58 56 52 55 54 53 54 55 52 56 58 62 66 74 8 7 25 7 0 21 0 2 3 4 5 6 5 4 3 2 0
100
0 0
22 22
1 1
23 23
24 24
9 9
10 10
72 72
67 67
63 63
59 59
57 57
51 51
60 60
61 61
65 65
70 70
69 69
73 73
12 12
30 30
32 32
31 31
40 40
76 76
78 78
99 99
85 85
86 86
42 42
45 45
47 47
14 14
13 13
17 17
18 18
19 19
20 20
46 46
91 91
43 43
44 44
80 80
88 88
94 94
89 89
93 93
50 50
49 49
92 92
90 90
48 48
15 15
16 16
79 79
81 81
41 41
33 33
36 36
35 35
39 39
37 37
84 84
87 87
82 82
83 83
98 98
97 97
96 96
95 95
75 75
38 38
34 34
29 29
28 28
27 27
77 77
26 26
11 11
71 71
68 68
64 64
8 8
74 74
66 66
62 62
58 58
56 56
52 52
55 55
54 54
53 53
7 7
25 25
21 21
2 2
3 3
4 4
5 5
6 6
