6 1 4 0 8 7 0 6 11 18 14 10 19 10 15 11 24 26 23 20 21 20 24 30 39 38 36 30 31 30 42 40 41 46 48 40 42 55 57 50 59 51 55 67 65 60 63 62 69 67 73 79 75 77 70 78 74 73 80 85 88 87 81 80 96 90 98 97 95 90 96 103 101 100 107 109 106 105 103 111 113 118 115 112 114 111 124 125 120 129 128 126 124 133 132 130 137 134 139 133 143 148 145 149 144 140 146 143 158 150 152 157 150 153 150 158 168 166 163 167 160 164 168 172 177 178 170 179 170 176 172 189 182 181 187 180 185 186 180 189 199 198 196 191 190 194 199 6
92
1 1
4 4
0 0
8 8
7 7
18 18
14 14
10 10
19 19
15 15
26 26
23 23
20 20
21 21
39 39
38 38
36 36
31 31
40 40
41 41
46 46
48 48
57 57
50 50
59 59
51 51
65 65
60 60
63 63
62 62
69 69
79 79
75 75
77 77
78 78
74 74
85 85
88 88
87 87
81 81
90 90
98 98
97 97
95 95
101 101
107 107
109 109
106 106
105 105
113 113
118 118
115 115
112 112
114 114
125 125
120 120
129 129
128 128
126 126
132 132
130 130
137 137
134 134
139 139
148 148
145 145
149 149
144 144
146 146
150 150
152 152
157 157
153 153
166 166
163 163
167 167
164 164
177 177
178 178
170 170
179 179
176 176
182 182
181 181
187 187
185 185
186 186
198 198
196 196
191 191
190 190
194 194
