0 143 135 138 56 53 51 47 45 42 43 35 30 29 24 25 28 23 16 22 15 127 122 120 125 132 128 134 131 142 148 5 8 9 133 137 141 73 68 64 67 70 69 75 82 81 86 44 36 39 34 40 32 26 27 33 31 66 65 60 19 18 11 13 10 49 55 62 146 145 4 12 7 76 77 78 85 83 84 80 119 123 93 95 101 96 98 94 89 97 104 110 109 111 117 118 114 113 105 108 0
100
0 0
143 143
135 135
138 138
56 56
53 53
51 51
47 47
45 45
42 42
43 43
35 35
30 30
29 29
24 24
25 25
28 28
23 23
16 16
22 22
15 15
127 127
122 122
120 120
125 125
132 132
128 128
134 134
131 131
142 142
148 148
5 5
8 8
9 9
133 133
137 137
141 141
73 73
68 68
64 64
67 67
70 70
69 69
75 75
82 82
81 81
86 86
44 44
36 36
39 39
34 34
40 40
32 32
26 26
27 27
33 33
31 31
66 66
65 65
60 60
19 19
18 18
11 11
13 13
10 10
49 49
55 55
62 62
146 146
145 145
4 4
12 12
7 7
76 76
77 77
78 78
85 85
83 83
84 84
80 80
119 119
123 123
93 93
95 95
101 101
96 96
98 98
94 94
89 89
97 97
104 104
110 110
109 109
111 111
117 117
118 118
114 114
113 113
105 105
108 108
