0 9 83 9 87 9 82 9 89 9 0 8 79 8 80 8 73 8 76 8 77 8 0 7 68 7 71 7 64 7 70 7 0 6 61 6 59 6 57 6 63 6 55 6 0 5 50 5 54 5 49 5 48 5 0 4 44 4 39 4 43 4 40 4 41 4 0 3 36 3 29 3 32 3 0 2 27 2 26 2 22 2 21 2 25 2 0 1 17 1 11 1 18 1 10 1 15 1 0
49
9 9
83 83
87 87
82 82
89 89
8 8
79 79
80 80
73 73
76 76
77 77
7 7
68 68
71 71
64 64
70 70
6 6
61 61
59 59
57 57
63 63
55 55
5 5
50 50
54 54
49 49
48 48
4 4
44 44
39 39
43 43
40 40
41 41
3 3
36 36
29 29
32 32
2 2
27 27
26 26
22 22
21 21
25 25
1 1
17 17
11 11
18 18
10 10
15 15
