1 93 45 14 126 17 20 119 197 89 129 7 70 127 87 131 9 188 67 36 78 100 164 117 149 121 183 108 112 21 167 91 139 182 59 184 16 42 132 148 137 60 180 161 97 3 11 140 190 170 2 74 123 142 12 25 192 99 95 160 27 155 29 6 165 34 159 40 81 153 122 32 77 163 172 186 79 143 53 35 52 178 13 28 92 151 120 57 147 44 191 181 68 94 114 118 76 116 64 65 176 1
100
93 93
45 45
14 14
126 126
17 17
20 20
119 119
197 197
89 89
129 129
7 7
70 70
127 127
87 87
131 131
9 9
188 188
67 67
36 36
78 78
100 100
164 164
117 117
149 149
121 121
183 183
108 108
112 112
21 21
167 167
91 91
139 139
182 182
59 59
184 184
16 16
42 42
132 132
148 148
137 137
60 60
180 180
161 161
97 97
3 3
11 11
140 140
190 190
170 170
2 2
74 74
123 123
142 142
12 12
25 25
192 192
99 99
95 95
160 160
27 27
155 155
29 29
6 6
165 165
34 34
159 159
40 40
81 81
153 153
122 122
32 32
77 77
163 163
172 172
186 186
79 79
143 143
53 53
35 35
52 52
178 178
13 13
28 28
92 92
151 151
120 120
57 57
147 147
44 44
191 191
181 181
68 68
94 94
114 114
118 118
76 76
116 116
64 64
65 65
176 176
