187 48 63 94 42 29 153 13 120 9 39 160 44 79 114 146 69 171 90 169 190 107 72 173 30 2 166 87 36 172 162 70 199 32 45 8 119 136 191 161 52 78 164 6 152 12 6 111 132 93 41 163 97 108 134 154 89 54 55 165 33 126 184 92 150 148 71 22 109 131 127 82 15 183 65 140 176 58 157 83 80 180 53 95 117 175 142 73 23 124 128 181 133 59 18 67 196 68 7 110 47 156 86 187
100
48 48
63 63
94 94
42 42
29 29
153 153
13 13
120 120
9 9
39 39
160 160
44 44
79 79
114 114
146 146
69 69
171 171
90 90
169 169
190 190
107 107
72 72
173 173
30 30
2 2
166 166
87 87
36 36
172 172
162 162
70 70
199 199
32 32
45 45
8 8
119 119
136 136
191 191
161 161
52 52
78 78
164 164
6 6
152 152
12 12
111 111
132 132
93 93
41 41
163 163
97 97
108 108
134 134
154 154
89 89
54 54
55 55
165 165
33 33
126 126
184 184
92 92
150 150
148 148
71 71
109 109
131 131
127 127
82 82
15 15
183 183
65 65
140 140
176 176
58 58
157 157
83 83
80 80
180 180
53 53
95 95
117 117
175 175
142 142
73 73
23 23
124 124
128 128
181 181
133 133
59 59
18 18
67 67
196 196
68 68
7 7
110 110
47 47
156 156
86 86
