Liam Jordan Jack Joshua Lucas Noah Maverick Anthony Angel Jaxson Cameron Caleb Elliott Carter Antonio Grant Cooper Grant Antonio Owen Antonio Kaleb Elias Kaleb Isaac James Steven Sawyer Eli Sawyer Ian Alejandro Dawson Oscar Levi Oscar Bryce Sebastian Edward Wyatt Gael Emmanuel Samuel Eric Greyson Chase Aaron Michael Aaron David Brody Elliot Grayson Elliot Jasper Connor Nathan Kevin Finn Jacob Finn Luke Miles Nolan Logan Nolan Elijah Adrian Elijah Nolan Ryan Xavier Emmett George Ethan Brantley Kai Christopher Kai Carson Kai Justin Josiah Julian Matteo Jameson Hudson Jameson Benjamin Jameson Daniel Nicholas Silas Braxton Jackson Ezra Ezekiel Jeremiah Ezekiel Ezra Jose Preston Jonathan Brayden Asher Waylon Marcus Parker Marcus Waylon Jaxon King Matthew John Bennett Landon William Beau Dean Patrick Oliver Andrew Isaiah Hunter Thomas Hunter Zachary Jude Jace Jude Theodore Rowan Austin Hayden Christian Rhett Aiden Mateo Aiden Richard Easton Richard Aiden Tucker Charles Mason Bentley Jayden Max Lincoln Dylan Joel Dominic Victor Gabriel Jayce Henry Malachi Adam Colton Adam Malachi Bryson Leo Alexander Grayson Abraham Giovanni Robert Joseph Jude Evan Liam
90
Liam Liam
Jordan Jordan
Jack Jack
Joshua Joshua
Lucas Lucas
Noah Noah
Maverick Maverick
Anthony Anthony
Angel Angel
Jaxson Jaxson
Cameron Cameron
Caleb Caleb
Carter Carter
Cooper Cooper
Owen Owen
Elias Elias
Isaac Isaac
James James
Eli Eli
Ian Ian
Levi Levi
Sebastian Sebastian
Wyatt Wyatt
Samuel Samuel
Greyson Greyson
Aaron Aaron
Michael Michael
David David
Grayson Grayson
Connor Connor
Nathan Nathan
Jacob Jacob
Luke Luke
Nolan Nolan
Logan Logan
Elijah Elijah
Adrian Adrian
Ryan Ryan
Xavier Xavier
Ethan Ethan
Christopher Christopher
Carson Carson
Josiah Josiah
Julian Julian
Hudson Hudson
Benjamin Benjamin
Daniel Daniel
Nicholas Nicholas
Jackson Jackson
Ezra Ezra
Ezekiel Ezekiel
Jeremiah Jeremiah
Jose Jose
Jonathan Jonathan
Brayden Brayden
Asher Asher
Parker Parker
Jaxon Jaxon
Matthew Matthew
John John
Landon Landon
William William
Oliver Oliver
Andrew Andrew
Isaiah Isaiah
Hunter Hunter
Thomas Thomas
Jace Jace
Theodore Theodore
Austin Austin
Christian Christian
Aiden Aiden
Mateo Mateo
Easton Easton
Charles Charles
Mason Mason
Jayden Jayden
Lincoln Lincoln
Dylan Dylan
Dominic Dominic
Gabriel Gabriel
Henry Henry
Adam Adam
Colton Colton
Bryson Bryson
Leo Leo
Alexander Alexander
Robert Robert
Joseph Joseph
Evan Evan
