Liam Isaiah Daniel Robert Adam Jayden Cooper Matthew Ian Henry Jonathan Levi Jackson Eli Wyatt Eli Dominic Oliver Dominic Eli Lucas Noah Luke Asher Jordan Jacob Jordan Nicholas Samuel Brayden Ethan Ayden Carter Benjamin Sawyer John Sawyer Jose Owen Dylan Thomas James Thomas Ezra Michael Jaxson Logan William Aiden Elijah Mason Alexander Mateo Sebastian David Sebastian Mateo Joseph Isaiah Liam
30
Liam Liam
Daniel Daniel
Jayden Jayden
Matthew Matthew
Henry Henry
Jackson Jackson
Wyatt Wyatt
Oliver Oliver
Lucas Lucas
Noah Noah
Luke Luke
Jacob Jacob
Samuel Samuel
Ethan Ethan
Carter Carter
Benjamin Benjamin
John John
Owen Owen
Dylan Dylan
James James
Michael Michael
Logan Logan
William William
Aiden Aiden
Elijah Elijah
Mason Mason
Alexander Alexander
Sebastian Sebastian
David David
Joseph Joseph
