zero three two nine sixteen fifteen twentyone twenty nineteen twenty twentyseven thirtyfour thirtyfive fortytwo fortyone forty thirtynine fortysix fortyfive thirtyeight thirtyseven thirty thirtyone thirtytwo twentyfive eighteen eleven twelve thirteen fourteen seven six five zero
25
three three
nine nine
sixteen sixteen
fifteen fifteen
twenty twenty
nineteen nineteen
thirtyfour thirtyfour
thirtyfive thirtyfive
fortytwo fortytwo
forty forty
fortysix fortysix
fortyfive fortyfive
thirtyeight thirtyeight
thirtyseven thirtyseven
thirtyone thirtyone
thirtytwo thirtytwo
twentyfive twentyfive
eighteen eighteen
eleven eleven
twelve twelve
thirteen thirteen
fourteen fourteen
seven seven
six six
five five
