zero six thirteen twenty twentyone fifteen twentytwo twentynine thirty thirtyseven fortyfour fortythree fortynine fortyeight fiftyfive fiftyfour fiftythree sixty fiftynine fiftyeight fiftyseven sixtyfour seventy sixtynine sixtyeight sixtyseven sixtyeight seventyfive eightytwo eightythree eightyfour ninetyone ninetyeight ninetytwo ninetynine onehunfive onehunfour onehuneleven onehuneighteen onehunnineteen onehunthirteen onehunfourteen onehuntwentyone onehuntwenty onehuntwentysix onehuntwenty onehuntwentyseven onehunthirtythree onehunforty onehunthirtynine onehunfortysix onehunfortyfive onehunfortyfour onehunfortythree onehunfifty onehunfiftyseven onehunfiftyeight onehunsixtyfive onehunsixtyfour onehunsixtythree onehunseventy onehunseventyone onehunseventyeight onehunseventyseven onehuneightyfour onehuneightythree onehunninety onehunninetyone onehunninetytwo onehunninetythree onehunninetyfour onehuneightyseven onehuneighty onehuneightyone onehuneightytwo onehunseventysix onehunsixtynine onehunseventyfive onehunseventyfour onehunseventythree onehunsixtysix onehunfiftynine onehunsixty onehunsixtyone onehunfiftyfour onehunfortyeight onehunfortynine onehunfortytwo onehunthirtyfive onehuntwentyeight onehuntwentynine onehunthirty onehuntwentythree onehuntwentyfour onehuntwentythree onehunsixteen onehunseventeen onehunten onehunnine onehuneight onehunone ninetyfour eightyseven eighty seventynine seventyeight seventyone seventyseven seventyone seventytwo sixtyfive sixtysix fiftynine fiftytwo fortyfive thirtyeight thirtyone thirtytwo thirtythree thirtyfour twentyseven twentysix twentyfive twentyfour twentythree sixteen seventeen ten eleven twelve thirteen fourteen seven one two three zero
100
six six
twenty twenty
fifteen fifteen
twentynine twentynine
thirtyseven thirtyseven
fortyfour fortyfour
fortythree fortythree
fortynine fortynine
fiftyfive fiftyfive
fiftythree fiftythree
sixty sixty
fiftyeight fiftyeight
fiftyseven fiftyseven
sixtyfour sixtyfour
seventy seventy
sixtynine sixtynine
sixtyseven sixtyseven
seventyfive seventyfive
eightytwo eightytwo
eightythree eightythree
eightyfour eightyfour
ninetyeight ninetyeight
ninetynine ninetynine
onehuneleven onehuneleven
onehuneighteen onehuneighteen
onehunnineteen onehunnineteen
onehunthirteen onehunthirteen
onehuntwentyone onehuntwentyone
onehuntwentysix onehuntwentysix
onehuntwentyseven onehuntwentyseven
onehunforty onehunforty
onehunfortysix onehunfortysix
onehunfortyfive onehunfortyfive
onehunfortyfour onehunfortyfour
onehunfortythree onehunfortythree
onehunfifty onehunfifty
onehunfiftyseven onehunfiftyseven
onehunsixtyfive onehunsixtyfive
onehunsixtyfour onehunsixtyfour
onehunsixtythree onehunsixtythree
onehunseventy onehunseventy
onehunseventyone onehunseventyone
onehunseventyeight onehunseventyeight
onehuneightyfour onehuneightyfour
onehunninety onehunninety
onehunninetyone onehunninetyone
onehunninetytwo onehunninetytwo
onehunninetythree onehunninetythree
onehunninetyfour onehunninetyfour
onehuneightyseven onehuneightyseven
onehuneighty onehuneighty
onehuneightyone onehuneightyone
onehuneightytwo onehuneightytwo
onehunseventysix onehunseventysix
onehunsixtynine onehunsixtynine
onehunseventyfive onehunseventyfive
onehunseventyfour onehunseventyfour
onehunseventythree onehunseventythree
onehunsixtysix onehunsixtysix
onehunfiftynine onehunfiftynine
onehunsixty onehunsixty
onehunsixtyone onehunsixtyone
onehunfiftyfour onehunfiftyfour
onehunfortynine onehunfortynine
onehunthirtyfive onehunthirtyfive
onehuntwentyeight onehuntwentyeight
onehunthirty onehunthirty
onehuntwentythree onehuntwentythree
onehuntwentyfour onehuntwentyfour
onehunsixteen onehunsixteen
onehunseventeen onehunseventeen
onehunten onehunten
onehuneight onehuneight
onehunone onehunone
eightyseven eightyseven
seventynine seventynine
seventyeight seventyeight
seventyone seventyone
seventyseven seventyseven
seventytwo seventytwo
sixtysix sixtysix
fiftytwo fiftytwo
fortyfive fortyfive
thirtyeight thirtyeight
thirtythree thirtythree
thirtyfour thirtyfour
twentyseven twentyseven
twentysix twentysix
twentyfive twentyfive
twentythree twentythree
sixteen sixteen
seventeen seventeen
ten ten
eleven eleven
twelve twelve
fourteen fourteen
seven seven
one one
two two
three three
