0 3 117 191 140 104 139 104 138 178 113 78 110 168 110 169 110 170 110 78 113 179 113 12 114 180 109 45 95 100 120 100 123 100 121 100 122 100 95 45 109 161 109 163 109 165 109 167 109 162 109 166 109 164 142 105 145 105 144 105 141 105 146 105 143 105 21 103 134 103 135 103 136 103 137 103 116 188 116 189 116 190 116 112 172 112 173 112 174 112 176 112 177 112 175 154 106 152 106 148 106 149 106 147 106 151 106 150 106 153 158 108 160 108 159 108 157 108 156 108 115 187 115 186 115 108 194 118 196 118 195 118 98 36 125 101 127 101 128 101 126 101 129 101 130 101 124 101 68 15 76 182 114 185 114 184 114 183 114 181 114 12 132 102 133 102 131 102 2 107 155 107 4 90 171 119 199 119 197 119 198 119 55 92 117 192 117 193 117 3 0
80
191 191
140 140
139 139
138 138
178 178
168 168
169 169
170 170
179 179
180 180
120 120
123 123
121 121
122 122
161 161
163 163
165 165
167 167
162 162
166 166
164 164
142 142
145 145
144 144
141 141
146 146
143 143
134 134
135 135
136 136
137 137
188 188
189 189
190 190
172 172
173 173
174 174
176 176
177 177
175 175
154 154
152 152
148 148
149 149
147 147
151 151
150 150
153 153
158 158
160 160
159 159
157 157
156 156
187 187
186 186
194 194
196 196
195 195
125 125
127 127
128 128
126 126
129 129
130 130
124 124
182 182
185 185
184 184
183 183
181 181
132 132
133 133
131 131
155 155
171 171
199 199
197 197
198 198
192 192
193 193
