Djibouti Benin Brazil Benin Botswana Benin Bosnia Benin Bolivia Benin Djibouti Barbados Belize Barbados Belgium Barbados Belarus Barbados Bavaria Barbados Djibouti Austrian Bangladesh Austrian Bahrain Austrian Baden Austrian Azerbaijan Austrian Djibouti Antigu Austria Antigu Australia Antigu Armenia Antigu Argentina Antigu Djibouti Afghanistan Angola Afghanistan Andorra Afghanistan Algeria Afghanistan Albania Afghanistan Djibouti
25
Benin Benin
Brazil Brazil
Botswana Botswana
Bosnia Bosnia
Bolivia Bolivia
Barbados Barbados
Belize Belize
Belgium Belgium
Belarus Belarus
Bavaria Bavaria
Austrian Austrian
Bangladesh Bangladesh
Bahrain Bahrain
Baden Baden
Azerbaijan Azerbaijan
Antigu Antigu
Austria Austria
Australia Australia
Armenia Armenia
Argentina Argentina
Afghanistan Afghanistan
Angola Angola
Andorra Andorra
Algeria Algeria
Albania Albania
