equinox band uncertainty corpse mastermind tropical muggy method twitch lamb disposition fibre union hiccup photograph secretary referee explicit clothes paint essential jurisdiction seller novel prejudice wilderness farewell dollar remark brick fish bark glove funeral chain presidential dry houseplant aisle flow slice orange analyst equinox
43
equinox equinox
band band
uncertainty uncertainty
corpse corpse
mastermind mastermind
tropical tropical
muggy muggy
method method
twitch twitch
lamb lamb
disposition disposition
fibre fibre
union union
hiccup hiccup
photograph photograph
secretary secretary
referee referee
explicit explicit
clothes clothes
paint paint
essential essential
jurisdiction jurisdiction
seller seller
novel novel
prejudice prejudice
wilderness wilderness
farewell farewell
dollar dollar
remark remark
brick brick
fish fish
bark bark
glove glove
funeral funeral
chain chain
presidential presidential
dry dry
houseplant houseplant
aisle aisle
flow flow
slice slice
orange orange
analyst analyst
