S A AP A AG M AU I AZ K CO K AD K CI K CW K BC K BN K CU K BO K AM K BZ K BF K CL K AO K CH I BV C CR N BE P AF D BA A BY A Y A CC A AV A CV A BG A CN A BX A CM A BS A CK A BU A AL A BL A AT A CF A BD A CD A BP A AS A T A CS L AQ J BW CB CJ Q AK B AR B BJ B AX B CA B BT AC BB G BQ F BI V BH AW CP H AH K CQ AB CE AN AE CT AJ R X BK W AY Z BR AA E BM O U AI S
100
S S
A A
AP AP
AG AG
M M
AU AU
I I
AZ AZ
K K
CO CO
AD AD
CI CI
CW CW
BC BC
BN BN
CU CU
BO BO
AM AM
BZ BZ
BF BF
CL CL
AO AO
CH CH
BV BV
C C
CR CR
N N
BE BE
P P
AF AF
D D
BA BA
BY BY
Y Y
CC CC
AV AV
CV CV
BG BG
CN CN
BX BX
CM CM
BS BS
CK CK
BU BU
AL AL
BL BL
AT AT
CF CF
BD BD
CD CD
BP BP
AS AS
T T
CS CS
L L
AQ AQ
J J
BW BW
CB CB
CJ CJ
Q Q
AK AK
B B
AR AR
BJ BJ
AX AX
CA CA
BT BT
AC AC
BB BB
G G
BQ BQ
F F
BI BI
V V
BH BH
AW AW
CP CP
H H
AH AH
CQ CQ
AB AB
CE CE
AN AN
AE AE
CT CT
AJ AJ
R R
X X
BK BK
W W
AY AY
Z Z
BR BR
AA AA
E E
BM BM
O O
U U
AI AI
