Wheeler Dwinelle LeConte Birge Campbell Haviland Wellman RSF Koshland Stonefire Haas Minor Maxwell MemorialStadium Hargrove MemorialStadium Maxwell Minor Memorial IHouse Memorial McLaughlin South Stephens Moses Stephens HearstAnnex Anthony HearstAnnex Unit1 Faculty FSM Baker CZ Fiji CZ Baker McCone CKerr McCone BigC Pavilion PeoplePark Pavilion Simons LaNote Unit2 LaNote Koja TriDelta Koja Legends Koja Simons Pavilion BigC Bongo FallRush Metropolitan Ippuku WayWest Warren WayWest Cloyne Cafe3 Hearst Davis Hildebrand GenPlantBio Cheit Soda Sather OCF Sather Martinez Sather Barker Sather Unit3 Sather Soda Moffitt VLSB Etcheverry Latimer Stanley Foothill Stanley Latimer Evans Morrison Hertz Kroeber Wurster Boalt Wurster Kroeber Lewis Greek Bechtel Jacobs Cory Greek Morrison Evans Wheeler Sproul Wheeler
36
Dwinelle Dwinelle
Birge Birge
RSF RSF
Stonefire Stonefire
Haas Haas
Hargrove Hargrove
IHouse IHouse
McLaughlin McLaughlin
Moses Moses
Anthony Anthony
Baker Baker
Fiji Fiji
CKerr CKerr
PeoplePark PeoplePark
Unit2 Unit2
TriDelta TriDelta
Legends Legends
Metropolitan Metropolitan
Warren Warren
Cloyne Cloyne
Hearst Hearst
Davis Davis
Cheit Cheit
OCF OCF
Martinez Martinez
Barker Barker
Unit3 Unit3
Moffitt Moffitt
Etcheverry Etcheverry
Foothill Foothill
Morrison Morrison
Kroeber Kroeber
Boalt Boalt
Bechtel Bechtel
Jacobs Jacobs
Sproul Sproul
