Bowles Birge Bechtel Minor Memorial TacoBell Memorial Maxwell Barrows Maxwell Memorial AlphaSigmaPhi Memorial Minor Bechtel Baker Daiso Baker Simons Baker Strada RoseGarden Strada Baker Bechtel Cory Extension Cory Bechtel Wilde StrawberryCreek Wolf Unit2 Milano IndianRock Milano Unit2 Greek Stebbins Safeway Stebbins Greek Moses RareTea Gypsys RareTea Moses Pimentel Stacks Sherman Stacks Pimentel Moses Wellman Sutardja Kah Gregoire Kresge Castro Kresge PeoplesPark Kresge Boalt VLSB Chez NorthGate Chez VLSB LeConte Campanile Wurster McCone Spats Stonefire PiLambda PiAlphaPhi PiLambda Stonefire Spats McCone Wurster Zellerbach Wurster Campanile Bongo Artichokes Cheeseboard Artichokes Bongo ShengKee Bongo Campanile LeConte RSF LeConte ALS LeConte Stanley Campbell Koshland Campbell Doe Campbell MemorialStadium Hargrove BearFoodCourt SigmaPhiOmega Evan Moffitt Cloyne Moffitt Evan Blackwell McLaughlin GenPlantBio McLaughlin Blackwell Evan Jacob Foothill Haviland Morgan Martinez Morgan Haviland Foothill Dwinelle HearstAnnex Lothlorien HearstAnnex Dwinelle Haas Crossroads Lawrence UCTheatre NCEM UCTheatre Lawrence Crossroads Haas Pavilion Haas Dwinelle Foothill Unit1 Foothill Davis Hildebrand YogurtPark Hildebrand Davis Browns Davis Foothill Jacob TopDog GammaPhiBeta TopDog Starbucks Chipotle MFoundry Chipotle Starbucks TopDog Fenwick Barker Fenwick TopDog Jacob Hertz CVStarr Unit3 CKerr WayWest CKerr Ridge CKerr Unit3 CVStarr Hertz Jacob Hearst MLK Rochdale MLK Latimer Edwards Easterly Edwards Latimer Mulford Crescent Mulford Bowles LaVals Bowles Calvin Graduate Calvin Etcheverry Calvin Bowles
80
Birge Birge
TacoBell TacoBell
Maxwell Maxwell
Barrows Barrows
AlphaSigmaPhi AlphaSigmaPhi
Baker Baker
Daiso Daiso
Simons Simons
Strada Strada
RoseGarden RoseGarden
Extension Extension
Wilde Wilde
StrawberryCreek StrawberryCreek
Wolf Wolf
Unit2 Unit2
IndianRock IndianRock
Greek Greek
Safeway Safeway
Moses Moses
Gypsys Gypsys
Stacks Stacks
Sherman Sherman
Wellman Wellman
Sutardja Sutardja
Kresge Kresge
Castro Castro
PeoplesPark PeoplesPark
Boalt Boalt
VLSB VLSB
NorthGate NorthGate
Campanile Campanile
Wurster Wurster
Spats Spats
PiLambda PiLambda
PiAlphaPhi PiAlphaPhi
Zellerbach Zellerbach
Bongo Bongo
Cheeseboard Cheeseboard
ShengKee ShengKee
RSF RSF
ALS ALS
Campbell Campbell
Koshland Koshland
Doe Doe
BearFoodCourt BearFoodCourt
Evan Evan
Cloyne Cloyne
Blackwell Blackwell
GenPlantBio GenPlantBio
Foothill Foothill
Morgan Morgan
Martinez Martinez
HearstAnnex HearstAnnex
Lothlorien Lothlorien
Haas Haas
Crossroads Crossroads
UCTheatre UCTheatre
NCEM NCEM
Pavilion Pavilion
Unit1 Unit1
Hildebrand Hildebrand
YogurtPark YogurtPark
Browns Browns
GammaPhiBeta GammaPhiBeta
Chipotle Chipotle
MFoundry MFoundry
Barker Barker
Unit3 Unit3
CKerr CKerr
WayWest WayWest
Ridge Ridge
Rochdale Rochdale
Edwards Edwards
Easterly Easterly
Mulford Mulford
Crescent Crescent
LaVals LaVals
Calvin Calvin
Graduate Graduate
Etcheverry Etcheverry
