0 50 52 56 66 97 66 98 66 56 65 96 65 94 65 95 65 56 67 56 52 50 53 58 74 58 71 58 73 58 70 10 31 20 31 44 26 48 7 33 39 33 21 45 42 40 42 41 23 25 15 35 15 25 2 25 11 14 25 37 25 19 25 55 63 55 61 84 61 83 61 55 62 87 62 55 60 55 64 93 64 92 64 90 32 34 32 12 49 13 5 0 50 54 59 78 59 77 59 54 50 0
50
52 52
66 66
97 97
98 98
96 96
94 94
95 95
67 67
74 74
71 71
73 73
70 70
10 10
31 31
20 20
26 26
48 48
33 33
39 39
21 21
45 45
42 42
40 40
41 41
23 23
25 25
35 35
2 2
11 11
14 14
37 37
19 19
55 55
63 63
84 84
83 83
62 62
87 87
60 60
93 93
92 92
90 90
32 32
34 34
12 12
49 49
54 54
59 59
78 78
77 77
