0 11 58 11 55 11 3 51 3 56 3 29 75 18 75 28 75 54 3 4 87 4 14 4 49 4 63 4 96 4 80 66 80 17 77 22 5 42 5 65 70 44 68 17 13 0 86 90 85 98 12 62 81 82 81 10 83 10 99 10 20 43 20 59 25 24 25 7 64 72 89 26 89 1 35 31 53 31 57 21 57 0 100 104 136 104 100 103 127 103 130 103 128 103 100 102 121 102 123 102 118 102 124 102 100 107 151 107 153 107 152 107 100 106 149 106 142 106 144 106 147 106 145 106 146 106 100 105 138 105 100 101 113 189 113 188 113 101 117 101 116 198 116 101 109 167 109 101 112 182 112 180 112 179 112 101 115 196 115 194 115 101 110 168 110 169 110 172 110 171 110 173 110 175 110 101 111 177 111 178 111 101 108 158 108 160 108 156 108 154 108 101 100 0
100
58 58
55 55
51 51
56 56
29 29
75 75
18 18
28 28
54 54
4 4
87 87
14 14
49 49
63 63
96 96
66 66
17 17
77 77
22 22
5 5
42 42
65 65
70 70
44 44
68 68
13 13
86 86
90 90
85 85
98 98
62 62
81 81
82 82
10 10
83 83
99 99
20 20
43 43
59 59
25 25
24 24
7 7
72 72
89 89
26 26
1 1
35 35
31 31
53 53
57 57
21 21
100 100
104 104
136 136
127 127
130 130
128 128
102 102
121 121
123 123
118 118
124 124
151 151
153 153
152 152
106 106
149 149
142 142
144 144
147 147
145 145
146 146
105 105
138 138
101 101
113 113
189 189
188 188
117 117
198 198
109 109
167 167
112 112
182 182
180 180
179 179
196 196
194 194
168 168
169 169
172 172
171 171
173 173
175 175
177 177
178 178
158 158
160 160
156 156
154 154
