86 150 95 57 7 45 147 158 25 153 25 140 167 145 167 65 146 65 167 132 55 121 111 159 190 183 4 179 4 142 156 62 104 24 168 189 168 24 104 107 98 173 98 126 32 181 143 6 143 117 70 175 32 157 81 172 56 172 88 27 88 199 188 71 103 64 25 154 142 22 68 35 68 90 68 100 182 96 174 96 182 113 111 129 111 76 135 138 62 84 37 73 186 72 186 26 9 110 9 13 109 5 103 10 171 75 63 74 63 2 67 54 114 52 135 38 20 82 20 36 134 44 108 184 161 163 161 87 127 92 127 97 58 28 58 93 114 105 114 94 136 89 115 53 180 106 180 1 42 11 3 19 180 66 180 101 133 152 133 116 78 8 79 21 79 137 79 30 61 69 61 48 12 123 12 149 39 177 18 51 43 185 43 192 151 80 194 80 151 17 151 160 147 91 98 148 78 14 78 198 188 139 47 41 47 34 122 49 125 86 120 186 196 186 169 86
100
150 150
57 57
45 45
158 158
153 153
140 140
145 145
146 146
132 132
121 121
159 159
183 183
179 179
156 156
189 189
107 107
173 173
126 126
181 181
6 6
117 117
175 175
157 157
56 56
27 27
199 199
71 71
64 64
154 154
22 22
35 35
90 90
100 100
174 174
113 113
129 129
76 76
138 138
84 84
73 73
72 72
26 26
110 110
13 13
5 5
10 10
75 75
74 74
2 2
54 54
52 52
38 38
82 82
36 36
44 44
184 184
163 163
87 87
92 92
97 97
28 28
93 93
105 105
94 94
89 89
53 53
106 106
1 1
11 11
19 19
66 66
101 101
152 152
116 116
8 8
21 21
137 137
30 30
69 69
48 48
123 123
149 149
177 177
51 51
185 185
192 192
194 194
17 17
160 160
91 91
148 148
14 14
198 198
139 139
41 41
122 122
125 125
120 120
196 196
169 169
