110 26 90 103 199 28 29 154 0 107 147 126 149 79 36 1 175 152 64 53 96 50 56 161 5 83 19 52 22 165 18 141 51 140 6 131 121 101 43 123 193 14 170 40 30 94 76 73 45 47 54 169 197 92 172 74 148 178 189 98 25 20 41 192 87 85 182 66 60 100 72 44 168 124 81 159 38 142 13 160 176 11 171 39 55 138 3 127 122 190 145 91 132 163 15 67 181 99 195 77 110
100
110 110
26 26
90 90
103 103
199 199
28 28
29 29
154 154
0 0
107 107
147 147
126 126
149 149
79 79
36 36
1 1
175 175
152 152
64 64
53 53
96 96
50 50
56 56
161 161
5 5
83 83
19 19
52 52
22 22
165 165
18 18
141 141
51 51
140 140
6 6
131 131
121 121
101 101
43 43
123 123
193 193
14 14
170 170
40 40
30 30
94 94
76 76
73 73
45 45
47 47
54 54
169 169
197 197
92 92
172 172
74 74
148 148
178 178
189 189
98 98
25 25
20 20
41 41
192 192
87 87
85 85
182 182
66 66
60 60
100 100
72 72
44 44
168 168
124 124
81 81
159 159
38 38
142 142
13 13
160 160
176 176
11 11
171 171
39 39
55 55
138 138
3 3
127 127
122 122
190 190
145 145
91 91
132 132
163 163
15 15
67 67
181 181
99 99
195 195
77 77
