state catnip bibliophile catnip presto catnip huge catnip fleawort catnip hungry catnip Adamson catnip Ridgway catnip debenture catnip eggplant catnip circumstantial catnip Whelan catnip monk catnip Lizzie catnip clasp catnip opossum catnip turnout catnip trivium catnip flexural catnip foursome catnip curbside catnip Augean catnip backgammon catnip Eva catnip dame catnip ash catnip grade catnip uptown catnip heifer catnip Protista catnip supremum catnip complacent catnip omicron catnip gun catnip lobby catnip hyphen catnip Adler catnip Albert catnip anatomy catnip Evans catnip bloc catnip texture catnip joke catnip rocky catnip octane catnip whirligig catnip value catnip scaup catnip dumpling catnip Zellerbach catnip border catnip wrack catnip exhortation catnip freehold catnip harrow catnip retardation catnip firebug catnip Della catnip Edmonds catnip compunction catnip Steiner catnip regal catnip cohere catnip athletic catnip Yaounde catnip hallelujah catnip charcoal catnip shrugging catnip whatsoever catnip gavotte catnip fireplace catnip hypothetic catnip bald catnip cache catnip registrant catnip rent catnip pairwise catnip Arden catnip stereography catnip sepulchral catnip sanatoria catnip knurl catnip cocaine catnip Darwin catnip his catnip lonesome catnip stingy catnip Waterbury catnip infuse catnip serge catnip jackass catnip motet catnip Calkins catnip driveway catnip eidetic catnip scriptwriter catnip watery catnip Cinderella catnip knick catnip begot catnip controversial catnip state
100
bibliophile bibliophile
presto presto
huge huge
fleawort fleawort
hungry hungry
Adamson Adamson
Ridgway Ridgway
debenture debenture
eggplant eggplant
circumstantial circumstantial
Whelan Whelan
monk monk
Lizzie Lizzie
clasp clasp
opossum opossum
turnout turnout
trivium trivium
flexural flexural
foursome foursome
curbside curbside
Augean Augean
backgammon backgammon
Eva Eva
dame dame
ash ash
grade grade
uptown uptown
heifer heifer
Protista Protista
supremum supremum
complacent complacent
omicron omicron
gun gun
lobby lobby
hyphen hyphen
Adler Adler
Albert Albert
anatomy anatomy
Evans Evans
bloc bloc
texture texture
joke joke
rocky rocky
octane octane
whirligig whirligig
value value
scaup scaup
dumpling dumpling
Zellerbach Zellerbach
border border
wrack wrack
exhortation exhortation
freehold freehold
harrow harrow
retardation retardation
firebug firebug
Della Della
Edmonds Edmonds
compunction compunction
Steiner Steiner
regal regal
cohere cohere
athletic athletic
Yaounde Yaounde
hallelujah hallelujah
charcoal charcoal
shrugging shrugging
whatsoever whatsoever
gavotte gavotte
fireplace fireplace
hypothetic hypothetic
bald bald
cache cache
registrant registrant
rent rent
pairwise pairwise
Arden Arden
stereography stereography
sepulchral sepulchral
sanatoria sanatoria
knurl knurl
cocaine cocaine
Darwin Darwin
his his
lonesome lonesome
stingy stingy
Waterbury Waterbury
infuse infuse
serge serge
jackass jackass
motet motet
Calkins Calkins
driveway driveway
eidetic eidetic
scriptwriter scriptwriter
watery watery
Cinderella Cinderella
knick knick
begot begot
controversial controversial
