cure bear Vichy bear stupor bear seem bear lint bear Moe bear upheld bear indignity bear Brillouin bear Bridgeport bear reflectance bear marquess bear latch bear Blackman bear belch bear greet bear ineducable bear obfuscate bear item bear logjam bear Muscat bear Negroid bear roost bear swoop bear hypotonic bear Delphi bear cure
25
Vichy Vichy
stupor stupor
seem seem
lint lint
Moe Moe
upheld upheld
indignity indignity
Brillouin Brillouin
Bridgeport Bridgeport
reflectance reflectance
marquess marquess
latch latch
Blackman Blackman
belch belch
greet greet
ineducable ineducable
obfuscate obfuscate
item item
logjam logjam
Muscat Muscat
Negroid Negroid
roost roost
swoop swoop
hypotonic hypotonic
Delphi Delphi
