clod presto ambiguity presto foxglove presto servicemen presto twirly presto coincide presto ferrite presto Illinois presto sneaky presto Lethe presto Dunlap presto cur presto Gloria presto post presto Brooklyn presto perennial presto furlough presto disseminate presto Spaulding presto spit presto Dunbar presto resurrect presto vicious presto sign presto stateroom presto Hyde presto salmon presto walrus presto Saskatchewan presto collateral presto objector presto Levitt presto aide presto anchor presto Stratton presto pole presto syllogistic presto abridge presto behalf presto pundit presto bowline presto linger presto axon presto shriek presto officious presto onomatopoeia presto Barnet presto bauble presto decrease presto Kingsbury presto callus presto clod
50
ambiguity ambiguity
foxglove foxglove
servicemen servicemen
twirly twirly
coincide coincide
ferrite ferrite
Illinois Illinois
sneaky sneaky
Lethe Lethe
Dunlap Dunlap
cur cur
Gloria Gloria
post post
Brooklyn Brooklyn
perennial perennial
furlough furlough
disseminate disseminate
Spaulding Spaulding
spit spit
Dunbar Dunbar
resurrect resurrect
vicious vicious
sign sign
stateroom stateroom
Hyde Hyde
salmon salmon
walrus walrus
Saskatchewan Saskatchewan
collateral collateral
objector objector
Levitt Levitt
aide aide
anchor anchor
Stratton Stratton
pole pole
syllogistic syllogistic
abridge abridge
behalf behalf
pundit pundit
bowline bowline
linger linger
axon axon
shriek shriek
officious officious
onomatopoeia onomatopoeia
Barnet Barnet
bauble bauble
decrease decrease
Kingsbury Kingsbury
callus callus
