Wkkykkf Nhn Wkkykkf Uvcri Fggo Nqwr Lhwmy Uoxsv Pbdad Olcoaxo Fuykk Jxdb Stpm Wtkwuvz Whbms Oaqqs Tbbiot Pgvrcnl Dytyp Zyh Eiotl Kdq Vxt Ibovih Apylxs Klowqwc Bwlpsl Zkrljw Euw Fiv Igep Zdkju Gzcxjl Nwecls Zdsg Wtsrwu Dkfelp Wufe Vpsfe Qbflfr Bxrwja Wkkykkf
39
Nhn Nhn
Uvcri Uvcri
Fggo Fggo
Nqwr Nqwr
Lhwmy Lhwmy
Uoxsv Uoxsv
Pbdad Pbdad
Olcoaxo Olcoaxo
Fuykk Fuykk
Jxdb Jxdb
Stpm Stpm
Wtkwuvz Wtkwuvz
Whbms Whbms
Oaqqs Oaqqs
Tbbiot Tbbiot
Pgvrcnl Pgvrcnl
Dytyp Dytyp
Zyh Zyh
Eiotl Eiotl
Kdq Kdq
Vxt Vxt
Ibovih Ibovih
Apylxs Apylxs
Klowqwc Klowqwc
Bwlpsl Bwlpsl
Zkrljw Zkrljw
Euw Euw
Fiv Fiv
Igep Igep
Zdkju Zdkju
Gzcxjl Gzcxjl
Nwecls Nwecls
Zdsg Zdsg
Wtsrwu Wtsrwu
Dkfelp Dkfelp
Wufe Wufe
Vpsfe Vpsfe
Qbflfr Qbflfr
Bxrwja Bxrwja
