5 7 35 7 77 9 10 160 10 15 163 15 10 9 12 18 178 18 12 150 191 150 12 25 43 183 43 25 37 45 152 45 37 44 106 44 11 113 11 85 11 27 53 123 131 140 131 123 53 87 57 64 14 196 14 63 14 23 103 23 90 91 32 50 32 73 56 102 56 52 143 144 176 180 194 180 176 144 143 52 80 52 19 69 145 69 19 169 19 20 54 96 59 76 59 127 59 101 111 101 104 101 59 118 126 118 59 95 121 95 1 70 105 70 1 21 1 177 1 0 51 0 3 31 39 88 168 88 39 41 86 109 130 109 86 58 22 92 40 36 82 179 82 36 17 68 155 68 33 5
52
35 35
77 77
9 9
160 160
163 163
178 178
191 191
183 183
45 45
152 152
106 106
113 113
85 85
27 27
140 140
57 57
196 196
63 63
23 23
103 103
91 91
32 32
50 50
102 102
176 176
180 180
194 194
80 80
145 145
169 169
54 54
96 96
76 76
127 127
101 101
111 111
104 104
126 126
121 121
105 105
21 21
177 177
51 51
31 31
168 168
109 109
130 130
58 58
92 92
179 179
68 68
155 155
