89 65 18 20 50 39 50 35 19 42 31 42 55 57 47 57 29 46 94 14 68 22 68 34 2 28 2 0 37 6 8 43 66 41 12 41 49 45 52 1 52 38 32 26 32 30 36 74 44 21 44 74 48 17 23 27 11 24 13 24 5 24 25 24 7 15 73 3 79 33 95 10 95 16 95 40 4 9 4 89
50
18 18
20 20
50 50
39 39
35 35
19 19
42 42
31 31
47 47
29 29
46 46
14 14
22 22
34 34
2 2
28 28
37 37
6 6
8 8
43 43
41 41
12 12
49 49
45 45
1 1
38 38
32 32
26 26
30 30
36 36
44 44
21 21
48 48
17 17
23 23
27 27
11 11
24 24
13 13
5 5
25 25
7 7
15 15
3 3
33 33
10 10
16 16
40 40
4 4
9 9
