xse rsg zdb loj ckx kfu nsw hcr ils jfh miy uau svk mti vvn nry cun nhi nko fbk vmv fjy kpp xeh aeg vtd hmi rjv idv ukv nii ljd cma tso tdu zkt qdw nvz lvm fia ogh bod yug gex pjf wyg ocp nmf fhv khu ikb pvs aii wbg hpx rtc txq lrj bdh nfr lwk fzi xme vwg nwc tko uwo qjf krr ptu ttw bda qxs ruo byu bnl jgt vzr fyc qbf wiy emz vmt uuw kxn adx fgp xjt ksg tlh mok dgl fin ego cen ybr jam phg zud uok xse
99
rsg rsg
zdb zdb
loj loj
ckx ckx
kfu kfu
nsw nsw
hcr hcr
ils ils
jfh jfh
miy miy
uau uau
svk svk
mti mti
vvn vvn
nry nry
cun cun
nhi nhi
nko nko
fbk fbk
vmv vmv
fjy fjy
kpp kpp
xeh xeh
aeg aeg
vtd vtd
hmi hmi
rjv rjv
idv idv
ukv ukv
nii nii
ljd ljd
cma cma
tso tso
tdu tdu
zkt zkt
qdw qdw
nvz nvz
lvm lvm
fia fia
ogh ogh
bod bod
yug yug
gex gex
pjf pjf
wyg wyg
ocp ocp
nmf nmf
fhv fhv
khu khu
ikb ikb
pvs pvs
aii aii
wbg wbg
hpx hpx
rtc rtc
txq txq
lrj lrj
bdh bdh
nfr nfr
lwk lwk
fzi fzi
xme xme
vwg vwg
nwc nwc
tko tko
uwo uwo
qjf qjf
krr krr
ptu ptu
ttw ttw
bda bda
qxs qxs
ruo ruo
byu byu
bnl bnl
jgt jgt
vzr vzr
fyc fyc
qbf qbf
wiy wiy
emz emz
vmt vmt
uuw uuw
kxn kxn
adx adx
fgp fgp
xjt xjt
ksg ksg
tlh tlh
mok mok
dgl dgl
fin fin
ego ego
cen cen
ybr ybr
jam jam
phg phg
zud zud
uok uok
