Encanto All Chinese Green Shafter Willow Woodbridge Vernon Garden Homestead Quail Santa Delta Moccasin City Clayton Presidio Forest Cypress Elmira Granite Yurok Laguna Woffard Jane Los Riverside Foothills Pumpkin Kentfield Cherokee Bonita Richvale Kern Banning Welden McAuley Glencoe Costa Smoke Mount Warner Cabbage Two Alpaugh Ames Vista Ramona Beach Sherman Encanto
50
Encanto Encanto
All All
Chinese Chinese
Green Green
Shafter Shafter
Willow Willow
Woodbridge Woodbridge
Vernon Vernon
Garden Garden
Homestead Homestead
Quail Quail
Santa Santa
Delta Delta
Moccasin Moccasin
City City
Clayton Clayton
Presidio Presidio
Forest Forest
Cypress Cypress
Elmira Elmira
Granite Granite
Yurok Yurok
Laguna Laguna
Woffard Woffard
Jane Jane
Los Los
Riverside Riverside
Foothills Foothills
Pumpkin Pumpkin
Kentfield Kentfield
Cherokee Cherokee
Bonita Bonita
Richvale Richvale
Kern Kern
Banning Banning
Welden Welden
McAuley McAuley
Glencoe Glencoe
Costa Costa
Smoke Smoke
Mount Mount
Warner Warner
Cabbage Cabbage
Two Two
Alpaugh Alpaugh
Ames Ames
Vista Vista
Ramona Ramona
Beach Beach
Sherman Sherman
