1 98 97 96 95 94 93 92 91 90 89 88 87 86 85 84 83 77 78 77 79 77 80 77 81 77 82 77 76 75 74 73 72 71 70 69 63 64 63 65 63 66 63 67 63 68 63 62 61 60 59 58 57 56 55 49 54 49 53 49 52 49 51 49 50 49 48 47 48 44 45 41 42 41 40 39 40 36 37 33 34 33 32 31 32 28 29 25 26 25 24 23 24 20 21 17 18 17 16 15 16 12 13 9 10 9 8 7 8 4 5 1 2 1
44
96 96
95 95
94 94
93 93
92 92
78 78
79 79
80 80
81 81
82 82
64 64
65 65
66 66
67 67
68 68
54 54
53 53
52 52
51 51
50 50
47 47
44 44
45 45
42 42
39 39
36 36
37 37
34 34
31 31
28 28
29 29
26 26
23 23
20 20
21 21
18 18
15 15
12 12
13 13
10 10
7 7
4 4
5 5
2 2
