Evans Cory Evans WursterHall Cornerstone ZellerbachHall Bowles HilgardHall Bowles Unit3 Spats Boalt Spats Unit3 Bowles KroeberHall Etcheverry KroeberHall Barrows Unit2 Stern Unit2 Pappys Milkbomb SouthHall HesseHall SouthHall Milkbomb MemorialGlade Kresge MemorialGlade StrawberryCreek GreekTheatre CanyonPool GreekTheatre SatherGate GiauqueHall SatherGate Doe Plentea Soda Plentea SutardjaDai Plentea LatimerHall MLK HildebrandHall MLK Dwinelle ThaiNoodle ClarkKerr DavisHall Gilman BotanicalGardens Gilman Marugame Campanile Marugame Eshelman Campbell DurantHall Firewings CaliforniaHall InternationalHouse CaliforniaHall Firewings RSF Underhill Blackwell ImmThai AlumniHouse BerkeleyWayWest Yifang UniversityVillage Wheeler UniversityVillage HortonHall MemorialStadium HortonHall LeConte Moffit HappyLemon LawrenceHall BancroftLibrary HavilandHall VLSB HearstMining StrawberryCreek Unit1 HAAS BAMPFA HAAS Foothill Artichokes Evans
50
Cory Cory
ZellerbachHall ZellerbachHall
Bowles Bowles
HilgardHall HilgardHall
Unit3 Unit3
Boalt Boalt
Etcheverry Etcheverry
Barrows Barrows
Unit2 Unit2
Stern Stern
SouthHall SouthHall
HesseHall HesseHall
Kresge Kresge
GreekTheatre GreekTheatre
CanyonPool CanyonPool
GiauqueHall GiauqueHall
Doe Doe
Soda Soda
SutardjaDai SutardjaDai
MLK MLK
HildebrandHall HildebrandHall
Dwinelle Dwinelle
ThaiNoodle ThaiNoodle
DavisHall DavisHall
Gilman Gilman
BotanicalGardens BotanicalGardens
Campanile Campanile
Eshelman Eshelman
Campbell Campbell
DurantHall DurantHall
CaliforniaHall CaliforniaHall
InternationalHouse InternationalHouse
RSF RSF
Blackwell Blackwell
AlumniHouse AlumniHouse
BerkeleyWayWest BerkeleyWayWest
UniversityVillage UniversityVillage
Wheeler Wheeler
MemorialStadium MemorialStadium
LeConte LeConte
Moffit Moffit
LawrenceHall LawrenceHall
BancroftLibrary BancroftLibrary
HavilandHall HavilandHall
VLSB VLSB
HearstMining HearstMining
Unit1 Unit1
HAAS HAAS
BAMPFA BAMPFA
Foothill Foothill
