Ippudo Platano Gypsys EastAsianLibrary Campbell MemorialGlade Campbell EastAsianLibrary LittleCampanile BancroftLibrary Cheeseboard BancroftLibrary TennisCourts BobaNinja TennisCourts TPTea Campanile ChezPanisse Campanile Cornerstone UrbanOutfitters AndrewsApartment Flavia UCafe Flavia PurpleKow PeoplesCafe SweetheartCafe Ikes Eureka Ikes Gongcha MSRI NoodleGirl Teazone NoodleGirl Wikiwiki Underhill SteamTrains KroeberHall SteamTrains JambaJuice Doe ThaiNoodle Cafe3 ExtremePizza LaNote TacoBell LaNote Toss BerkeleyHigh TraderJoes Gather Spats WursterHall HearstGym Flavia SmokesPoutinerie TheDwight SmokesPoutinerie LewisHall SmokesPoutinerie Bowles HearstAnnex McDonalds Morrisonhall McDonalds HearstAnnex Pappys SuperDuperBurgers Blackwell Milkbomb Ikea GiauqueHall Mezzo BerkeleyArtStudio SaturnCafe BerkeleyArtStudio Quicklys Firewings TopDog Jupiter LatimerHall Jupiter Morganhall StrawberryCreek Namaste EastBaySpiceCompany HesseHall Kips Muraccis Kips HesseHall ThaiBasil BrandyMelville FireTrails MulfordHall FireTrails TheHabit Homeroom PokeBar Plentea ClarkKerr BSC TukTukThai Venus TukTukThai DavisHall NorthHall Yifang Chipotle Wheeler AndrewsApartment GrizzlyPeak FoxTheater LittleBird HalalGuys Gadani Marugame BobbyGPizza ImmThai BobbyGPizza InternationalHouse Raretea BanshoRamen LiKaShing Crossroads SouthHall Ucha YogurtPark GreatChina SatherGate GreatChina YogurtPark LaVals Target LaVals YogurtPark OptometryBuilding LaBurrita BerkeleyBart HappyLemon BerkeleyBart BigC TenderGreens BigC BerkeleyBart SproulHall BerkeleyBart Barrows Safeway Barrows AshaTeaHouse LeConte AmoebaMusic SnackShack Artichokes LowerSproul Shengkee HortonHall Cinnaholic Slivers Cinnaholic TripleRock Cinnaholic Bonchon HavilandHall Fengcha Ikes BetaLounge NatApartment Rachas NatApartment HildebrandHall Soda Platano Ippudo
100
Platano Platano
Gypsys Gypsys
EastAsianLibrary EastAsianLibrary
MemorialGlade MemorialGlade
LittleCampanile LittleCampanile
Cheeseboard Cheeseboard
BobaNinja BobaNinja
TPTea TPTea
ChezPanisse ChezPanisse
Cornerstone Cornerstone
UrbanOutfitters UrbanOutfitters
AndrewsApartment AndrewsApartment
UCafe UCafe
PeoplesCafe PeoplesCafe
SweetheartCafe SweetheartCafe
Ikes Ikes
Eureka Eureka
Gongcha Gongcha
Teazone Teazone
Wikiwiki Wikiwiki
Underhill Underhill
KroeberHall KroeberHall
JambaJuice JambaJuice
ThaiNoodle ThaiNoodle
Cafe3 Cafe3
ExtremePizza ExtremePizza
LaNote LaNote
TacoBell TacoBell
TraderJoes TraderJoes
Gather Gather
Spats Spats
WursterHall WursterHall
SmokesPoutinerie SmokesPoutinerie
TheDwight TheDwight
LewisHall LewisHall
McDonalds McDonalds
Morrisonhall Morrisonhall
Pappys Pappys
SuperDuperBurgers SuperDuperBurgers
Milkbomb Milkbomb
Mezzo Mezzo
BerkeleyArtStudio BerkeleyArtStudio
SaturnCafe SaturnCafe
Quicklys Quicklys
Firewings Firewings
TopDog TopDog
Jupiter Jupiter
LatimerHall LatimerHall
Morganhall Morganhall
StrawberryCreek StrawberryCreek
Namaste Namaste
EastBaySpiceCompany EastBaySpiceCompany
Kips Kips
Muraccis Muraccis
ThaiBasil ThaiBasil
MulfordHall MulfordHall
TheHabit TheHabit
Homeroom Homeroom
PokeBar PokeBar
Plentea Plentea
ClarkKerr ClarkKerr
BSC BSC
TukTukThai TukTukThai
Venus Venus
NorthHall NorthHall
Yifang Yifang
Chipotle Chipotle
Wheeler Wheeler
GrizzlyPeak GrizzlyPeak
HalalGuys HalalGuys
Gadani Gadani
Marugame Marugame
ImmThai ImmThai
Raretea Raretea
BanshoRamen BanshoRamen
Crossroads Crossroads
Ucha Ucha
GreatChina GreatChina
SatherGate SatherGate
Target Target
OptometryBuilding OptometryBuilding
LaBurrita LaBurrita
HappyLemon HappyLemon
BigC BigC
TenderGreens TenderGreens
SproulHall SproulHall
Safeway Safeway
AshaTeaHouse AshaTeaHouse
AmoebaMusic AmoebaMusic
SnackShack SnackShack
Artichokes Artichokes
LowerSproul LowerSproul
Shengkee Shengkee
HortonHall HortonHall
Slivers Slivers
TripleRock TripleRock
Bonchon Bonchon
Fengcha Fengcha
BetaLounge BetaLounge
Rachas Rachas
