Shower0 YouTube4 Crab16 Nuclear43 Ring33 Ice30 Plants3 BBQ38 Prints25 Toilet26 Mail41 Light1 Cat44 Toilet45 Ice42 BBQ36 Cone13 Laptop22 Elevator35 Allergies7 Sink37 Android27 Monster32 Soda18 Puppy19 Toilet12 Robot49 Shower0
25
YouTube4 YouTube4
Crab16 Crab16
Nuclear43 Nuclear43
Ring33 Ring33
Ice30 Ice30
Plants3 Plants3
BBQ38 BBQ38
Prints25 Prints25
Toilet26 Toilet26
Mail41 Mail41
Light1 Light1
Cat44 Cat44
Toilet45 Toilet45
Ice42 Ice42
BBQ36 BBQ36
Cone13 Cone13
Laptop22 Laptop22
Elevator35 Elevator35
Allergies7 Allergies7
Sink37 Sink37
Android27 Android27
Monster32 Monster32
Soda18 Soda18
Puppy19 Puppy19
Robot49 Robot49
