Shelf0 Toolbox153 Toilet13 Male149 Urine124 Comics107 Robot164 Whale114 Poop76 Mail6 Body55 Mail6 Water38 Ice165 Puppy117 Clock2 Horse148 Kitty89 Nuclear35 Rollers14 Urine20 BBQ36 Solar71 Breakfast85 Fusion34 Fusion104 Poop80 Plants118 Dog181 Dislike12 Shoe17 Shoes8 Shoe174 Boat67 Allergies176 Dislike143 Towel154 Soap58 Plus78 Hnads182 Shelf40 Ice41 Laptop19 Water135 Rollers95 Kitty98 Laptop125 Water29 Solar192 Soda119 Drugs195 System79 Hnads116 Drugs39 Cat15 Allergies88 Websites4 Clock139 Soap64 Crab83 Robot93 Poop150 Leash77 Website190 Solar162 Kitty194 Soda197 Dislike27 Book24 Robot51 Urine97 System183 Shower47 Sink109 Shower57 Flowers178 Settings75 Cat187 Printer188 Clock61 Post158 Whale126 Monster175 Toolbox72 Ice9 System156 Nuclear18 Light30 Solar130 Book171 Android196 Dog168 Towel92 Ring82 Whale137 Monster73 Toolbox146 Ring169 Puppy140 Mail22 Allergies103 Shelf0
100
Shelf0 Shelf0
Toolbox153 Toolbox153
Toilet13 Toilet13
Male149 Male149
Urine124 Urine124
Comics107 Comics107
Robot164 Robot164
Whale114 Whale114
Poop76 Poop76
Mail6 Mail6
Body55 Body55
Water38 Water38
Ice165 Ice165
Puppy117 Puppy117
Clock2 Clock2
Horse148 Horse148
Kitty89 Kitty89
Nuclear35 Nuclear35
Rollers14 Rollers14
Urine20 Urine20
BBQ36 BBQ36
Solar71 Solar71
Breakfast85 Breakfast85
Fusion34 Fusion34
Fusion104 Fusion104
Poop80 Poop80
Plants118 Plants118
Dog181 Dog181
Dislike12 Dislike12
Shoe17 Shoe17
Shoes8 Shoes8
Shoe174 Shoe174
Boat67 Boat67
Allergies176 Allergies176
Dislike143 Dislike143
Towel154 Towel154
Soap58 Soap58
Plus78 Plus78
Hnads182 Hnads182
Shelf40 Shelf40
Ice41 Ice41
Laptop19 Laptop19
Water135 Water135
Rollers95 Rollers95
Kitty98 Kitty98
Laptop125 Laptop125
Water29 Water29
Solar192 Solar192
Soda119 Soda119
Drugs195 Drugs195
System79 System79
Hnads116 Hnads116
Drugs39 Drugs39
Cat15 Cat15
Allergies88 Allergies88
Websites4 Websites4
Clock139 Clock139
Soap64 Soap64
Crab83 Crab83
Robot93 Robot93
Poop150 Poop150
Leash77 Leash77
Website190 Website190
Solar162 Solar162
Kitty194 Kitty194
Soda197 Soda197
Dislike27 Dislike27
Book24 Book24
Robot51 Robot51
Urine97 Urine97
System183 System183
Shower47 Shower47
Sink109 Sink109
Shower57 Shower57
Flowers178 Flowers178
Settings75 Settings75
Cat187 Cat187
Printer188 Printer188
Clock61 Clock61
Post158 Post158
Whale126 Whale126
Monster175 Monster175
Toolbox72 Toolbox72
Ice9 Ice9
System156 System156
Nuclear18 Nuclear18
Light30 Light30
Solar130 Solar130
Book171 Book171
Android196 Android196
Dog168 Dog168
Towel92 Towel92
Ring82 Ring82
Whale137 Whale137
Monster73 Monster73
Toolbox146 Toolbox146
Ring169 Ring169
Puppy140 Puppy140
Mail22 Mail22
Allergies103 Allergies103
