Horse0 Ring45 Whale59 Robot9 Mail88 Printer53 Towel37 Settings5 Shower11 Shower15 Rollers34 Websites17 Websites81 Rollers48 Book41 Kitty14 Leash68 Male84 Ice38 Monster39 Monster71 BBQ86 Water66 Bird93 Toilet20 Ice10 Floppy63 Prints23 Bird82 Whale22 Shelf25 Comics49 Dislike51 Plus62 Post61 Allergies4 Ice30 Cat13 Water52 Running77 Ring97 Solar58 Flowers98 Allergies3 Towel35 Towel16 Soda57 Breakfast19 Horse55 Breakfast74 Horse0
50
Horse0 Horse0
Ring45 Ring45
Whale59 Whale59
Robot9 Robot9
Mail88 Mail88
Printer53 Printer53
Towel37 Towel37
Settings5 Settings5
Shower11 Shower11
Shower15 Shower15
Rollers34 Rollers34
Websites17 Websites17
Websites81 Websites81
Rollers48 Rollers48
Book41 Book41
Kitty14 Kitty14
Leash68 Leash68
Male84 Male84
Ice38 Ice38
Monster39 Monster39
Monster71 Monster71
BBQ86 BBQ86
Water66 Water66
Bird93 Bird93
Toilet20 Toilet20
Ice10 Ice10
Floppy63 Floppy63
Prints23 Prints23
Bird82 Bird82
Whale22 Whale22
Shelf25 Shelf25
Comics49 Comics49
Dislike51 Dislike51
Plus62 Plus62
Post61 Post61
Allergies4 Allergies4
Ice30 Ice30
Cat13 Cat13
Water52 Water52
Running77 Running77
Ring97 Ring97
Solar58 Solar58
Flowers98 Flowers98
Allergies3 Allergies3
Towel35 Towel35
Towel16 Towel16
Soda57 Soda57
Breakfast19 Breakfast19
Horse55 Horse55
Breakfast74 Breakfast74
