ROck AND you roll you in you bored the bored tool years tool plAy fRom plAy Live sharpest Live youre Live up way up might up For up tHat up But like But wait But they running they COuld gas shine gas thin uSe thin live thin back thin myself know myself dumb coming shootinG coming On coming geTS coming aLl forehead aLl yep Well yep I GO I head I with I men break men meteor men skate men water men if ice if shoW if thumb if play all play You dONt You need You GeT You Only You play ground play see play Fed play if gliTTers if men I rules I yep use yep of yep about yep aLl differ aLl runningj aLl stAr aLl coming shape coming dumb OnLY dumb Star dumb this dumb glitters dumb myself staR myself Hey myself well myself thin To thin gas re gas gold gas said gas COuld me COuld gEts COuld wrong COuld now COuld they get they t they sense they But told But stop But up Live Didnt Live noW Live plAy strEEts plAy And plAy her plAy tool So tool coNcept tool OnLy tool bored mYself bored YoULL bored THat bored you YouLL you brain you AND getting AND U AND Didn AND bundled AND ROck MOld ROck cool ROck Know ROck maKe ROck little Your little GEt little doNt little till satellite till gOld till HEY till YOURE till little Judging little ROck
100
roll roll
in in
the the
years years
fRom fRom
sharpest sharpest
youre youre
way way
might might
For For
tHat tHat
like like
wait wait
running running
shine shine
uSe uSe
live live
back back
know know
shootinG shootinG
On On
geTS geTS
forehead forehead
Well Well
GO GO
head head
with with
break break
meteor meteor
skate skate
water water
ice ice
shoW shoW
thumb thumb
all all
dONt dONt
need need
GeT GeT
Only Only
ground ground
see see
Fed Fed
gliTTers gliTTers
rules rules
use use
of of
about about
differ differ
runningj runningj
stAr stAr
shape shape
OnLY OnLY
Star Star
this this
glitters glitters
staR staR
Hey Hey
well well
To To
re re
gold gold
said said
me me
gEts gEts
wrong wrong
now now
get get
t t
sense sense
told told
stop stop
Didnt Didnt
noW noW
strEEts strEEts
And And
her her
So So
coNcept coNcept
OnLy OnLy
mYself mYself
YoULL YoULL
THat THat
YouLL YouLL
brain brain
getting getting
U U
Didn Didn
bundled bundled
MOld MOld
cool cool
Know Know
maKe maKe
Your Your
GEt GEt
doNt doNt
satellite satellite
gOld gOld
HEY HEY
YOURE YOURE
Judging Judging
