GOld shoW mYself shoW now shoW back shoW brain shoW AND YouLL AND might AND YOURE AND once AND gett skate gett break gett head gett t gett yep My yep Know yep rules yep show yep COuld chAnge COuld see COuld is COuld well COuld On GO On sense On little On shine On In and In Didn In To In bundled In ground about ground SHooting ground GET ground colder ground you strEEts you game you shootinG you GEt you youre Live youre hit youre what youre forehead youre shape Well shape yOure shape much shape stop get stop never stop alL stop GOld So GOld U GOld say GOld Fed GOld
50
mYself mYself
now now
back back
brain brain
YouLL YouLL
might might
YOURE YOURE
once once
skate skate
break break
head head
t t
My My
Know Know
rules rules
show show
chAnge chAnge
see see
is is
well well
GO GO
sense sense
little little
shine shine
and and
Didn Didn
To To
bundled bundled
about about
SHooting SHooting
GET GET
colder colder
strEEts strEEts
game game
shootinG shootinG
GEt GEt
Live Live
hit hit
what what
forehead forehead
Well Well
yOure yOure
much much
get get
never never
alL alL
So So
U U
say say
Fed Fed
