0 157 118 161 162 163 164 165 166 167 168 169 170 171 172 173 174 175 176 177 178 179 180 181 182 183 184 185 186 187 186 185 184 183 182 181 180 179 178 177 176 175 174 173 172 171 170 169 168 167 166 165 164 163 162 161 34 107 54 19 69 188 189 190 191 192 193 194 195 196 197 198 199 198 197 196 195 194 193 192 191 190 189 188 69 51 28 133 148 124 13 112 142 62 60 83 44 36 56 120 5 160 140 24 155 67 151 143 12 72 129 80 159 101 77 66 47 95 94 2 65 68 145 3 22 43 121 86 122 135 102 53 153 7 73 31 61 35 59 146 0
100
157 157
118 118
162 162
163 163
164 164
165 165
166 166
167 167
168 168
169 169
170 170
171 171
172 172
173 173
174 174
175 175
176 176
177 177
178 178
179 179
180 180
181 181
182 182
183 183
184 184
185 185
186 186
187 187
34 34
107 107
54 54
19 19
69 69
188 188
189 189
190 190
191 191
192 192
193 193
194 194
195 195
196 196
197 197
198 198
199 199
51 51
28 28
133 133
148 148
124 124
13 13
112 112
142 142
62 62
60 60
83 83
44 44
36 36
56 56
120 120
5 5
160 160
140 140
24 24
155 155
67 67
151 151
143 143
12 12
72 72
129 129
80 80
159 159
101 101
77 77
66 66
47 47
95 95
94 94
2 2
65 65
68 68
145 145
3 3
22 22
43 43
121 121
86 86
122 122
135 135
102 102
53 53
153 153
7 7
73 73
31 31
61 61
35 35
59 59
146 146
