hdpxs osxbc cihba wnelr amfiz rchbw frhgc lmwpk cqsby ahnds xnpwq iyuas ohzfn dkjro bwknx wotiq vgwoi sxdiu hwmzn nqtru rlumh mlibf tmwdy uiogl ktzce gstwp pytwh ehqyk yqfdk zcjqx fjdqi oxuqn ayrgb rzvtg ypdnb bdevm ebwcp rjuxc wdquv qckjp uklga zqjxb jhlus ymcfp lnjxt dbjxw yazqf yqtob qhvsb vobqh drojn xlrzc kscoz jcwpu pihld mujil kzwah qpbmc wkbuf kjihy syoxv mhekz gufvs tkwle btwzv armnk bkfuc osvgp oewcd tjake mhuad cxdes stflc syoxf gdnim lpudv evsbm yvbse pgqva maqho qbdwz wajol xcvow aedvq cxajk joztf evtgj qhibx rjdai mtcsd oaeyh tndwl zntkr wcjeg gdovn utdhx qsmkj vcwfj htkwy bsvth oxitr hdpxs
100
osxbc osxbc
cihba cihba
wnelr wnelr
amfiz amfiz
rchbw rchbw
frhgc frhgc
lmwpk lmwpk
cqsby cqsby
ahnds ahnds
xnpwq xnpwq
iyuas iyuas
ohzfn ohzfn
dkjro dkjro
bwknx bwknx
wotiq wotiq
vgwoi vgwoi
sxdiu sxdiu
hwmzn hwmzn
nqtru nqtru
rlumh rlumh
mlibf mlibf
tmwdy tmwdy
uiogl uiogl
ktzce ktzce
gstwp gstwp
pytwh pytwh
ehqyk ehqyk
yqfdk yqfdk
zcjqx zcjqx
fjdqi fjdqi
oxuqn oxuqn
ayrgb ayrgb
rzvtg rzvtg
ypdnb ypdnb
bdevm bdevm
ebwcp ebwcp
rjuxc rjuxc
wdquv wdquv
qckjp qckjp
uklga uklga
zqjxb zqjxb
jhlus jhlus
ymcfp ymcfp
lnjxt lnjxt
dbjxw dbjxw
yazqf yazqf
yqtob yqtob
qhvsb qhvsb
vobqh vobqh
drojn drojn
xlrzc xlrzc
kscoz kscoz
jcwpu jcwpu
pihld pihld
mujil mujil
kzwah kzwah
qpbmc qpbmc
wkbuf wkbuf
kjihy kjihy
syoxv syoxv
mhekz mhekz
gufvs gufvs
tkwle tkwle
btwzv btwzv
armnk armnk
bkfuc bkfuc
osvgp osvgp
oewcd oewcd
tjake tjake
mhuad mhuad
cxdes cxdes
stflc stflc
syoxf syoxf
gdnim gdnim
lpudv lpudv
evsbm evsbm
yvbse yvbse
pgqva pgqva
maqho maqho
qbdwz qbdwz
wajol wajol
xcvow xcvow
aedvq aedvq
cxajk cxajk
joztf joztf
evtgj evtgj
qhibx qhibx
rjdai rjdai
mtcsd mtcsd
oaeyh oaeyh
tndwl tndwl
zntkr zntkr
wcjeg wcjeg
gdovn gdovn
utdhx utdhx
qsmkj qsmkj
vcwfj vcwfj
htkwy htkwy
bsvth bsvth
oxitr oxitr
