Aberdeen SanAntonio Redding SaltLakeCity Chattanooga Lowell WestValleyCity Columbia GreenBay McAllen Marina McAllen Modesto SanBernardino Hartford Miramar Newburgh Hampton Tuscaloosa Winston Austin Henderson StPetersburg Lewisville Gainesville Lewisville Elkhart Pensacola Elkhart Racine Montgomery SouthLyon Reno Springdale Reno Aberdeen
25
SanAntonio SanAntonio
SaltLakeCity SaltLakeCity
Chattanooga Chattanooga
Lowell Lowell
WestValleyCity WestValleyCity
GreenBay GreenBay
Marina Marina
Modesto Modesto
SanBernardino SanBernardino
Miramar Miramar
Newburgh Newburgh
Hampton Hampton
Tuscaloosa Tuscaloosa
Winston Winston
Austin Austin
Henderson Henderson
StPetersburg StPetersburg
Lewisville Lewisville
Gainesville Gainesville
Pensacola Pensacola
Racine Racine
Montgomery Montgomery
SouthLyon SouthLyon
Reno Reno
Springdale Springdale
