Hayward Asheville Durham Bloomington Durham Deltona Corona Modesto Hampton RichmondCounty Charlotte Hickory HuntingtonBeach Hickory Tyler Hickory Winston Murrieta Tampa Murrieta Winston Memphis Winston Tucson Washington LakeCharles Newark McHenry Torrance McHenry Springdale Barnstable Kennewick NewYorkCity York NewBedford Aurora Bakersfield Aurora Tucson PalmBay Tucson Bradenton SaintPaul PuntaGorda Omaha Topeka Montgomery ThousandOaks Montgomery SantaCruz Milwaukee BelAir Monroe BelAir McAllen KansasCity Huntsville Yonkers Waterloo NewOrleans Waco Harlingen SaintLouis GrandRapids Abilene Downey Abilene Atlanta Danbury Burbank Chicago Burbank CedarRapids Hayward SantaClara Hayward
50
Asheville Asheville
Durham Durham
Bloomington Bloomington
Deltona Deltona
Modesto Modesto
Hampton Hampton
RichmondCounty RichmondCounty
Charlotte Charlotte
Hickory Hickory
HuntingtonBeach HuntingtonBeach
Tyler Tyler
Tampa Tampa
Memphis Memphis
Tucson Tucson
LakeCharles LakeCharles
Newark Newark
McHenry McHenry
Torrance Torrance
Springdale Springdale
Barnstable Barnstable
Kennewick Kennewick
NewYorkCity NewYorkCity
York York
NewBedford NewBedford
Aurora Aurora
Bakersfield Bakersfield
PalmBay PalmBay
Bradenton Bradenton
SaintPaul SaintPaul
PuntaGorda PuntaGorda
Omaha Omaha
Topeka Topeka
ThousandOaks ThousandOaks
SantaCruz SantaCruz
BelAir BelAir
Monroe Monroe
McAllen McAllen
Huntsville Huntsville
Yonkers Yonkers
Waterloo Waterloo
Waco Waco
Harlingen Harlingen
GrandRapids GrandRapids
Downey Downey
Atlanta Atlanta
Danbury Danbury
Burbank Burbank
Chicago Chicago
CedarRapids CedarRapids
SantaClara SantaClara
