Hayward Shreveport Hartford NorthLasVegas SterlingHeights Champaign Charlotte Lubbock Bryan Birmingham Bryan HavredeGrace JohnsonCity SanAntonio ElPaso SaintPaul Duluth Detroit Duluth SaintPaul GrandRapids Vancouver Torrance Melbourne Torrance Eugene Boise Eugene Anaheim Columbus SantaClara Aberdeen SimiValley Cincinnati NewportNews Bethlehem Orem NewYork Monroe NewYork Kalamazoo RoundLakeBeach Lorain Scottsdale Omaha NewYorkCity Henderson Topeka Downey Burlington Norwalk StLouis Sacramento Escondido Mesquite NewBedford McAllen Elkhart Modesto PuntaGorda Hemet Mobile SanBernardino Pueblo Youngstown Barnstable Youngstown Fullerton Flint Trenton Louisville Boulder LakeCharles Spartanburg Springfield Harlingen Murrieta Syracuse Olympia PortSaintLucie ThousandOaks Huntsville Kissimmee Marina Frederick Marina Hialeah Albuquerque Oxnard SanBuenaventura Norwich Utica Anchorage Fresno SouthBend Bakersfield Racine PembrokePines Layton Marysville Stamford OverlandPark Greenville Plano Hagerstown PalmBay CorpusChristi StPaul CathedralCity StPaul Savannah Lacey PortArthur RichmondCounty SiouxFalls Carrollton Newburgh Waterbury Lafayette GreenBay Laredo Gastonia Hampton Newark Hampton Salem Deltona Tucson York Reno Ogden Sarasota HuntingtonBeach Sarasota Scranton Arvada Tyler Nashua LasVegas Bloomington CapeCoral Seaside Shreveport Hayward
100
Hartford Hartford
NorthLasVegas NorthLasVegas
Champaign Champaign
Charlotte Charlotte
Lubbock Lubbock
Birmingham Birmingham
HavredeGrace HavredeGrace
JohnsonCity JohnsonCity
ElPaso ElPaso
SaintPaul SaintPaul
Duluth Duluth
Detroit Detroit
GrandRapids GrandRapids
Vancouver Vancouver
Torrance Torrance
Melbourne Melbourne
Eugene Eugene
Boise Boise
Anaheim Anaheim
Columbus Columbus
SantaClara SantaClara
Aberdeen Aberdeen
Cincinnati Cincinnati
NewportNews NewportNews
Bethlehem Bethlehem
Monroe Monroe
Kalamazoo Kalamazoo
RoundLakeBeach RoundLakeBeach
Scottsdale Scottsdale
Omaha Omaha
NewYorkCity NewYorkCity
Henderson Henderson
Topeka Topeka
Downey Downey
Burlington Burlington
StLouis StLouis
Mesquite Mesquite
NewBedford NewBedford
McAllen McAllen
Elkhart Elkhart
Modesto Modesto
PuntaGorda PuntaGorda
Hemet Hemet
Mobile Mobile
Pueblo Pueblo
Barnstable Barnstable
Fullerton Fullerton
Flint Flint
Louisville Louisville
LakeCharles LakeCharles
Spartanburg Spartanburg
Harlingen Harlingen
Olympia Olympia
ThousandOaks ThousandOaks
Huntsville Huntsville
Kissimmee Kissimmee
Marina Marina
Frederick Frederick
Hialeah Hialeah
Albuquerque Albuquerque
Oxnard Oxnard
SanBuenaventura SanBuenaventura
Norwich Norwich
Utica Utica
Anchorage Anchorage
Fresno Fresno
Bakersfield Bakersfield
Racine Racine
Layton Layton
Marysville Marysville
Stamford Stamford
OverlandPark OverlandPark
Greenville Greenville
Plano Plano
Hagerstown Hagerstown
PalmBay PalmBay
CorpusChristi CorpusChristi
CathedralCity CathedralCity
Savannah Savannah
Lacey Lacey
RichmondCounty RichmondCounty
SiouxFalls SiouxFalls
Newburgh Newburgh
Waterbury Waterbury
GreenBay GreenBay
Laredo Laredo
Newark Newark
Salem Salem
Deltona Deltona
Tucson Tucson
York York
Ogden Ogden
HuntingtonBeach HuntingtonBeach
Scranton Scranton
Arvada Arvada
Tyler Tyler
Nashua Nashua
LasVegas LasVegas
Bloomington Bloomington
CapeCoral CapeCoral
