AndyandZeyu i13 g13 f13 h13 j12 j13 AndyandZeyu f15 j14 h15 g15 e15 i15 AndyandZeyu i10 f10 j9 h10 g10 b10 AndyandZeyu i5 f5 j4 h5 g5 b5 AndyandZeyu i16 h16 g16 j15 f16 AndyandZeyu i6 h6 g6 j5 f6 AndyandZeyu f3 j3 g3 i3 h3 AndyandZeyu j18 j17 h18 f18 g18 i18 AndyandZeyu f17 b17 h17 g17 i17 j16 AndyandZeyu17 AndyandZeyu g14 h14 i14 f14 AndyandZeyu j1 f1 b1 i1 h1 g1 AndyandZeyu i11 h11 g11 j10 f11 AndyandZeyu i8 h8 j7 j8 f8 g8 AndyandZeyu f12 b12 h12 g12 i12 j11 AndyandZeyu12 AndyandZeyu g9 h9 i9 f9 AndyandZeyu g2 c2 i2 h2 f2 j2 AndyandZeyu h g j i f AndyandZeyu j0 g0 f0 h0 i0 AndyandZeyu f4 i4 h4 g4 AndyandZeyu AndyandZeyu7 j6 i7 g7 h7 b7 f7 AndyandZeyu
100
i13 i13
g13 g13
f13 f13
h13 h13
j12 j12
j13 j13
f15 f15
j14 j14
h15 h15
g15 g15
i15 i15
i10 i10
f10 f10
j9 j9
h10 h10
g10 g10
i5 i5
f5 f5
j4 j4
h5 h5
g5 g5
i16 i16
h16 h16
g16 g16
j15 j15
f16 f16
i6 i6
h6 h6
g6 g6
j5 j5
f6 f6
f3 f3
j3 j3
g3 g3
i3 i3
h3 h3
j18 j18
j17 j17
h18 h18
f18 f18
g18 g18
i18 i18
f17 f17
h17 h17
g17 g17
i17 i17
j16 j16
g14 g14
h14 h14
i14 i14
f14 f14
j1 j1
f1 f1
i1 i1
h1 h1
g1 g1
i11 i11
h11 h11
g11 g11
j10 j10
f11 f11
i8 i8
h8 h8
j7 j7
j8 j8
f8 f8
g8 g8
f12 f12
h12 h12
g12 g12
i12 i12
j11 j11
g9 g9
h9 h9
i9 i9
f9 f9
g2 g2
i2 i2
h2 h2
f2 f2
j2 j2
h h
g g
j j
i i
f f
j0 j0
g0 g0
f0 f0
h0 h0
i0 i0
f4 f4
i4 i4
h4 h4
g4 g4
j6 j6
i7 i7
g7 g7
h7 h7
f7 f7
