MfdzFvsdGbvl BbyhqvohDUZK rrRAqFcoDYfk pQCFwcmaYfTN EoEdLMroSPNp QHpWWcCYavdw PUcvIgREsriS hCxjbMrSlUJQ DFscNnuMhxUC MLnLJmQHwuOS IHnRSACwPeSd hLGIbMiwjPgd PnbamVANEguC buqjmAINqGzN mFYKjQfCsRtT MkUBuIisCVpZ AGbRQRBgaOdX VyXrTLUcizAa GKWfMfVZxbJi PQTqeEtJjrHq dDFWxTbuPymh NlmuUUVQUbgI BkcPMTugAswL mtRsLIzrlNLu MOpktZzuQRCH jBrNTBMPxyQD tywOQDwDhjwZ SojgLCNtJNvq ymJllvoAiAsf AMizjBPjmCZd VARFNCcqfgIc DvRTDyBMOCbT axLiuEEXvnsQ arcJTkwUqbUy SgyAcloZDNJV FCrKCfVsEsBk pkzKsTORVYro UVLyMXgqTFaJ PvZWLvSzyZfH noaMakAlHdwq plKUVNXwKfVb dFUHctNjrywb QifLRRQkbeZy deJmWrylVSGK rVqgoVgUmLRB GuSSYBNHDbKE uFHfCerNFIme GemeldahvdVv ZjfLZjjegWJT TbekQRoKcInv RICmsRCgzRsB MfdzFvsdGbvl
50
BbyhqvohDUZK BbyhqvohDUZK
rrRAqFcoDYfk rrRAqFcoDYfk
pQCFwcmaYfTN pQCFwcmaYfTN
EoEdLMroSPNp EoEdLMroSPNp
QHpWWcCYavdw QHpWWcCYavdw
PUcvIgREsriS PUcvIgREsriS
hCxjbMrSlUJQ hCxjbMrSlUJQ
DFscNnuMhxUC DFscNnuMhxUC
MLnLJmQHwuOS MLnLJmQHwuOS
IHnRSACwPeSd IHnRSACwPeSd
hLGIbMiwjPgd hLGIbMiwjPgd
PnbamVANEguC PnbamVANEguC
buqjmAINqGzN buqjmAINqGzN
mFYKjQfCsRtT mFYKjQfCsRtT
MkUBuIisCVpZ MkUBuIisCVpZ
AGbRQRBgaOdX AGbRQRBgaOdX
VyXrTLUcizAa VyXrTLUcizAa
GKWfMfVZxbJi GKWfMfVZxbJi
PQTqeEtJjrHq PQTqeEtJjrHq
dDFWxTbuPymh dDFWxTbuPymh
NlmuUUVQUbgI NlmuUUVQUbgI
BkcPMTugAswL BkcPMTugAswL
mtRsLIzrlNLu mtRsLIzrlNLu
MOpktZzuQRCH MOpktZzuQRCH
jBrNTBMPxyQD jBrNTBMPxyQD
tywOQDwDhjwZ tywOQDwDhjwZ
SojgLCNtJNvq SojgLCNtJNvq
ymJllvoAiAsf ymJllvoAiAsf
AMizjBPjmCZd AMizjBPjmCZd
VARFNCcqfgIc VARFNCcqfgIc
DvRTDyBMOCbT DvRTDyBMOCbT
axLiuEEXvnsQ axLiuEEXvnsQ
arcJTkwUqbUy arcJTkwUqbUy
SgyAcloZDNJV SgyAcloZDNJV
FCrKCfVsEsBk FCrKCfVsEsBk
pkzKsTORVYro pkzKsTORVYro
UVLyMXgqTFaJ UVLyMXgqTFaJ
PvZWLvSzyZfH PvZWLvSzyZfH
noaMakAlHdwq noaMakAlHdwq
plKUVNXwKfVb plKUVNXwKfVb
dFUHctNjrywb dFUHctNjrywb
QifLRRQkbeZy QifLRRQkbeZy
deJmWrylVSGK deJmWrylVSGK
rVqgoVgUmLRB rVqgoVgUmLRB
GuSSYBNHDbKE GuSSYBNHDbKE
uFHfCerNFIme uFHfCerNFIme
GemeldahvdVv GemeldahvdVv
ZjfLZjjegWJT ZjfLZjjegWJT
TbekQRoKcInv TbekQRoKcInv
RICmsRCgzRsB RICmsRCgzRsB
