ssp100 25 4 2 1 2 3 8 11 8 10 8 9 8 3 18 15 12 16 19 20 21 20 19 22 19 18 23 27 87 91 89 96 89 91 95 91 87 93 90 93 94 93 87 88 87 98 99 97 92 27 71 63 59 62 68 81 68 62 69 82 69 62 59 26 58 60 65 74 65 60 64 73 64 60 58 61 67 79 67 61 58 26 59 63 71 27 33 53 43 47 39 51 29 56 55 45 37 41 31 49 35 27 23 3 5 7 24 7 5 3 2 4 25 ssp100
47
4 4
2 2
1 1
11 11
10 10
9 9
15 15
12 12
20 20
21 21
22 22
27 27
96 96
95 95
93 93
90 90
94 94
88 88
98 98
99 99
97 97
92 92
59 59
68 68
81 81
82 82
65 65
74 74
64 64
73 73
79 79
33 33
53 53
43 43
47 47
39 39
51 51
29 29
56 56
55 55
45 45
37 37
41 41
31 31
49 49
35 35
24 24
