Austin Melinda Victoria Sara Janet Glenda Jordan Robert Cassandra Eugene Ralph Kari Amy Alex Rhonda Rachel Danielle Patrick Ashley Natasha Sean Hannah Elizabeth Mariah Elaine Kyle Melissa Edward Michael John Debra Scott Paul Gina Maxwell Paige Juan Jonathan Daniel Robin Monique Dennis Garrett Walter Jennifer Jeanette April Donald Steven Joshua Jamie Austin
50
Melinda Melinda
Victoria Victoria
Sara Sara
Janet Janet
Glenda Glenda
Jordan Jordan
Robert Robert
Cassandra Cassandra
Eugene Eugene
Ralph Ralph
Kari Kari
Amy Amy
Alex Alex
Rhonda Rhonda
Rachel Rachel
Danielle Danielle
Patrick Patrick
Ashley Ashley
Natasha Natasha
Sean Sean
Hannah Hannah
Elizabeth Elizabeth
Mariah Mariah
Elaine Elaine
Kyle Kyle
Melissa Melissa
Edward Edward
Michael Michael
John John
Debra Debra
Scott Scott
Paul Paul
Gina Gina
Maxwell Maxwell
Paige Paige
Juan Juan
Jonathan Jonathan
Daniel Daniel
Robin Robin
Monique Monique
Dennis Dennis
Garrett Garrett
Walter Walter
Jennifer Jennifer
Jeanette Jeanette
April April
Donald Donald
Steven Steven
Joshua Joshua
Jamie Jamie
