Jason Kelsey Carol Amanda Jennifer Katelyn James Crystal Rebekah Brett Logan Jill Misty Shannon Susan Kristen Rebecca Kari Grace Randy Nicole Jose Gregory Andrew Carrie Dustin Melinda William Mercedes Adrian Dana Edwin Mary Jane Scott Paul Michelle Charles Lauren Karen Juan Tommy Wayne Elizabeth Stephen Rachel April Robin Kayla John Cristian Jacqueline Kimberly Roy Nathaniel Heather Jeffrey Robert Samantha Tammy Kara Monica Alexandra Nicholas Kyle David Joshua Cheryl Jordan Melissa Ashley Wendy Brittany Evan Brad Gabriel Brian Christina Regina Mark Dylan Shane Tristan Claire Mario Kathy Shawn Sabrina Joseph Adam Derek Ricky Jeffery Ronnie Stacie Bryan Megan Johnathan Laura Timothy Jeremy Jason
100
Kelsey Kelsey
Carol Carol
Amanda Amanda
Jennifer Jennifer
Katelyn Katelyn
James James
Crystal Crystal
Rebekah Rebekah
Brett Brett
Logan Logan
Jill Jill
Misty Misty
Shannon Shannon
Susan Susan
Kristen Kristen
Rebecca Rebecca
Kari Kari
Grace Grace
Randy Randy
Nicole Nicole
Jose Jose
Gregory Gregory
Andrew Andrew
Carrie Carrie
Dustin Dustin
Melinda Melinda
William William
Mercedes Mercedes
Adrian Adrian
Dana Dana
Edwin Edwin
Mary Mary
Jane Jane
Scott Scott
Paul Paul
Michelle Michelle
Charles Charles
Lauren Lauren
Karen Karen
Juan Juan
Tommy Tommy
Wayne Wayne
Elizabeth Elizabeth
Stephen Stephen
Rachel Rachel
April April
Robin Robin
Kayla Kayla
John John
Cristian Cristian
Jacqueline Jacqueline
Kimberly Kimberly
Roy Roy
Nathaniel Nathaniel
Heather Heather
Jeffrey Jeffrey
Robert Robert
Samantha Samantha
Tammy Tammy
Kara Kara
Monica Monica
Alexandra Alexandra
Nicholas Nicholas
Kyle Kyle
David David
Joshua Joshua
Cheryl Cheryl
Jordan Jordan
Melissa Melissa
Ashley Ashley
Wendy Wendy
Brittany Brittany
Evan Evan
Brad Brad
Gabriel Gabriel
Brian Brian
Christina Christina
Regina Regina
Mark Mark
Dylan Dylan
Shane Shane
Tristan Tristan
Claire Claire
Mario Mario
Kathy Kathy
Shawn Shawn
Sabrina Sabrina
Joseph Joseph
Adam Adam
Derek Derek
Ricky Ricky
Jeffery Jeffery
Ronnie Ronnie
Stacie Stacie
Bryan Bryan
Megan Megan
Johnathan Johnathan
Laura Laura
Timothy Timothy
Jeremy Jeremy
