Granbull Electrode Cinccino Heatmor Serperior Bergmite Jolteon Buizel Jolteon Torchic Binacle Exeggcute Torracat Lapras Hitmontop Absol Lileep Goomy Magmortar Happiny Trumbeak Mawile Spiritomb Spinda Blissey Magmar Metang Reuniclus Electrode Flygon Probopass Malamar Infernape Carbink Metagross Carbink Reshiram Golbat Heatran Charmander Ampharos Kyurem Crabominable Quilava Whiscash Greninja Torkoal Machamp Remoraid Floette Typhlosion Chinchou Bonsly Sylveon Luvdisc Feraligatr Staravia Tsareena Gliscor TypeNull Cubone Butterfree Beedrill Jirachi Kangaskhan Skitty Carnivine Mantine Darkrai Diggersby Metapod Chespin Cascoon Krookodile Corphish Azurill Crawdaunt Cosmog Chatot Slakoth Ninjask Rockruff Pidgeot Mudsdale Pancham Vivillon Pancham Lycanroc Raichu Arbok Rufflet Lampent Electrike Unown Relicanth Floatzel Lucario Dustox Staryu Nuzleaf Staryu Deoxys Swanna Mimikyu Glalie Charizard Bronzor Roserade Bronzor Mightyena Whimsicott Budew Grumpig PorygonZ Granbull
100
Electrode Electrode
Cinccino Cinccino
Heatmor Heatmor
Serperior Serperior
Bergmite Bergmite
Jolteon Jolteon
Buizel Buizel
Torchic Torchic
Binacle Binacle
Exeggcute Exeggcute
Torracat Torracat
Lapras Lapras
Hitmontop Hitmontop
Absol Absol
Lileep Lileep
Goomy Goomy
Magmortar Magmortar
Happiny Happiny
Trumbeak Trumbeak
Mawile Mawile
Spiritomb Spiritomb
Spinda Spinda
Blissey Blissey
Magmar Magmar
Reuniclus Reuniclus
Flygon Flygon
Probopass Probopass
Malamar Malamar
Infernape Infernape
Carbink Carbink
Metagross Metagross
Reshiram Reshiram
Golbat Golbat
Heatran Heatran
Charmander Charmander
Ampharos Ampharos
Crabominable Crabominable
Quilava Quilava
Whiscash Whiscash
Greninja Greninja
Torkoal Torkoal
Machamp Machamp
Remoraid Remoraid
Floette Floette
Typhlosion Typhlosion
Chinchou Chinchou
Bonsly Bonsly
Sylveon Sylveon
Luvdisc Luvdisc
Feraligatr Feraligatr
Tsareena Tsareena
Gliscor Gliscor
TypeNull TypeNull
Cubone Cubone
Butterfree Butterfree
Beedrill Beedrill
Jirachi Jirachi
Kangaskhan Kangaskhan
Skitty Skitty
Carnivine Carnivine
Mantine Mantine
Darkrai Darkrai
Diggersby Diggersby
Metapod Metapod
Chespin Chespin
Cascoon Cascoon
Krookodile Krookodile
Corphish Corphish
Crawdaunt Crawdaunt
Cosmog Cosmog
Chatot Chatot
Slakoth Slakoth
Ninjask Ninjask
Rockruff Rockruff
Pidgeot Pidgeot
Mudsdale Mudsdale
Vivillon Vivillon
Lycanroc Lycanroc
Raichu Raichu
Arbok Arbok
Rufflet Rufflet
Lampent Lampent
Electrike Electrike
Unown Unown
Relicanth Relicanth
Floatzel Floatzel
Dustox Dustox
Nuzleaf Nuzleaf
Deoxys Deoxys
Swanna Swanna
Mimikyu Mimikyu
Glalie Glalie
Charizard Charizard
Bronzor Bronzor
Roserade Roserade
Mightyena Mightyena
Whimsicott Whimsicott
Budew Budew
Grumpig Grumpig
PorygonZ PorygonZ
