Glameow Loudred Archeops Electivire Furret Wartortle Golett Beheeyem Leavanny Beheeyem Ledian Zygarde Ivysaur Spinarak Ivysaur Spiritomb Bergmite Gumshoos Electivire Yanma Sigilyph Togepi Feebas Wailord Turtwig Meganium Piplup Poochyena Fomantis Mudbray Fomantis Throh Glalie Buneary Gigalith Spheal Gothorita Spheal Inkay Glameow
25
Loudred Loudred
Archeops Archeops
Electivire Electivire
Furret Furret
Golett Golett
Beheeyem Beheeyem
Leavanny Leavanny
Ledian Ledian
Zygarde Zygarde
Spinarak Spinarak
Spiritomb Spiritomb
Bergmite Bergmite
Gumshoos Gumshoos
Yanma Yanma
Togepi Togepi
Wailord Wailord
Meganium Meganium
Piplup Piplup
Mudbray Mudbray
Glalie Glalie
Buneary Buneary
Gigalith Gigalith
Spheal Spheal
Gothorita Gothorita
Inkay Inkay
