19 64 44 43 7 41 28 15 50 9 35 9 92 9 80 36 17 36 40 45 10 0 72 73 12 31 65 63 29 54 34 99 62 33 90 33 95 88 68 85 26 59 53 51 13 39 32 39 1 25 58 55 89 76 89 71 23 71 11 66 70 66 11 5 46 61 91 24 82 60 21 19
50
44 44
43 43
7 7
41 41
28 28
15 15
50 50
9 9
35 35
92 92
80 80
36 36
17 17
40 40
45 45
10 10
0 0
72 72
12 12
65 65
63 63
29 29
54 54
34 34
99 99
33 33
90 90
95 95
88 88
85 85
26 26
59 59
53 53
51 51
13 13
39 39
32 32
1 1
25 25
58 58
55 55
76 76
23 23
11 11
70 70
5 5
46 46
61 61
24 24
60 60
