1 50 95 40 50 38 50 42 20 71 67 50 92 50 63 50 84 50 80 50 61 50 29 50 19 50 83 50 81 17 50 66 50 65 50 35 87 33 50 8 50 51 37 58 50 46 50 79 50 78 4 49 50 18 50 97 2 99 50 62 0 50 31 54 50 86 21 5 28 91 74 50 44 93 64 85 32 50 1
50
95 95
40 40
38 38
42 42
20 20
71 71
67 67
92 92
63 63
84 84
80 80
61 61
29 29
19 19
83 83
81 81
17 17
66 66
65 65
35 35
87 87
33 33
8 8
51 51
37 37
58 58
46 46
79 79
78 78
4 4
49 49
18 18
97 97
2 2
99 99
62 62
0 0
31 31
54 54
86 86
21 21
5 5
28 28
91 91
74 74
44 44
93 93
64 64
85 85
32 32
