68 63 64 1 2 3 2 75 31 29 60 59 55 59 39 91 73 91 67 79 65 45 52 5 15 5 13 77 78 83 53 44 7 44 53 51 50 37 36 35 34 33 58 85 58 42 47 42 43 57 43 78 61 89 81 9 81 27 25 84 23 87 69 11 94 49 21 97 21 95 18 19 93 41 71 41 82 17 64 63 68
49
63 63
1 1
3 3
75 75
31 31
29 29
59 59
55 55
39 39
91 91
73 73
67 67
79 79
65 65
45 45
5 5
15 15
13 13
77 77
83 83
53 53
7 7
51 51
37 37
35 35
33 33
85 85
47 47
43 43
57 57
61 61
89 89
81 81
9 9
27 27
25 25
23 23
87 87
69 69
11 11
49 49
21 21
97 97
95 95
19 19
93 93
41 41
71 71
17 17
