74 72 80 76 73 75 102 104 102 182 185 182 189 182 63 69 62 66 61 68 70 63 18 11 14 12 19 16 13 18 121 126 122 128 121 38 31 39 37 32 35 36 38 141 145 146 148 141 142 141 58 53 55 52 54 57 59 58 172 174 180 179 175 178 171 172 118 114 111 116 119 113 118 151 157 156 160 154 153 151 2 8 6 2 46 41 47 41 50 46 169 164 161 163 168 166 167 165 169 21 26 29 28 30 22 25 23 21 132 136 135 140 131 137 139 132 192 197 198 199 191 192 98 99 96 98 87 86 88 83 85 81 82 89 87 75 77 72 74
100
74 74
80 80
76 76
73 73
75 75
104 104
185 185
189 189
69 69
62 62
66 66
61 61
68 68
70 70
11 11
14 14
19 19
16 16
13 13
126 126
122 122
128 128
38 38
31 31
39 39
37 37
32 32
35 35
36 36
141 141
145 145
146 146
148 148
142 142
58 58
53 53
55 55
52 52
54 54
57 57
59 59
172 172
174 174
180 180
179 179
175 175
178 178
118 118
114 114
111 111
116 116
119 119
113 113
151 151
157 157
156 156
160 160
153 153
2 2
8 8
6 6
46 46
41 41
47 47
50 50
169 169
164 164
161 161
163 163
168 168
166 166
167 167
165 165
26 26
29 29
28 28
30 30
25 25
23 23
136 136
135 135
140 140
131 131
137 137
139 139
192 192
197 197
198 198
199 199
191 191
99 99
96 96
86 86
88 88
83 83
85 85
81 81
82 82
89 89
77 77
