75 73 76 78 74 21 24 22 30 28 26 21 88 86 87 89 82 88 61 66 70 69 63 67 61 51 53 55 59 55 51 11 13 16 20 19 12 11 35 37 32 33 31 36 35 10 1 7 2 1 10 99 98 100 94 97 91 92 99 43 45 47 42 50 43 74 72 80 71 75
50
75 75
73 73
76 76
78 78
74 74
21 21
24 24
22 22
30 30
28 28
26 26
88 88
86 86
87 87
89 89
82 82
66 66
70 70
69 69
63 63
67 67
53 53
59 59
13 13
16 16
20 20
19 19
12 12
37 37
32 32
33 33
31 31
36 36
10 10
1 1
7 7
2 2
98 98
100 100
94 94
97 97
91 91
92 92
45 45
47 47
42 42
50 50
72 72
80 80
71 71
