1 84 1 58 59 12 82 8 52 24 31 69 54 69 31 24 81 87 81 34 76 34 25 80 68 89 27 83 44 72 53 65 38 77 62 43 62 22 41 55 45 56 47 26 48 36 16 90 16 73 57 79 57 46 85 46 61 67 75 42 64 74 64 88 49 50 49 66 51 66 60 63 70 86 70 78 40 71 40 30 3 1
50
84 84
58 58
59 59
82 82
52 52
69 69
54 54
81 81
87 87
76 76
80 80
68 68
89 89
83 83
44 44
72 72
53 53
65 65
77 77
62 62
43 43
41 41
55 55
45 45
56 56
47 47
48 48
90 90
73 73
57 57
79 79
46 46
85 85
61 61
67 67
75 75
42 42
64 64
74 74
88 88
49 49
50 50
66 66
51 51
60 60
63 63
70 70
86 86
78 78
71 71
