101 100 99 91 96 98 94 92 95 90 93 97 15 19 17 13 12 14 10 18 16 11 61 62 65 66 60 67 69 63 64 68 84 81 80 83 89 88 82 87 86 85 46 44 43 49 47 40 48 45 42 41 52 56 58 54 50 51 55 53 57 59 23 21 28 24 25 27 20 26 29 22 70 79 77 76 73 72 71 74 78 75 37 32 38 36 34 39 31 30 33 35 4 1 3 9 6 8 5 2 7 0 100 101
100
99 99
91 91
96 96
98 98
94 94
92 92
95 95
90 90
93 93
97 97
15 15
19 19
17 17
13 13
12 12
14 14
10 10
18 18
16 16
11 11
61 61
62 62
65 65
66 66
60 60
67 67
69 69
63 63
64 64
68 68
84 84
81 81
80 80
83 83
89 89
88 88
82 82
87 87
86 86
85 85
46 46
44 44
43 43
49 49
47 47
40 40
48 48
45 45
42 42
41 41
52 52
56 56
58 58
54 54
50 50
51 51
55 55
53 53
57 57
59 59
23 23
21 21
28 28
24 24
25 25
27 27
20 20
26 26
29 29
22 22
70 70
79 79
77 77
76 76
73 73
72 72
71 71
74 74
78 78
75 75
37 37
32 32
38 38
36 36
34 34
39 39
31 31
30 30
33 33
35 35
4 4
1 1
3 3
9 9
6 6
8 8
5 5
2 2
7 7
0 0
