Soda Costa Cambodia Cocos Cayman Djibouti Australia Czech United Azerbaijan Angola Central Austria Aruba Hong Denmark Ethiopia Belize Guam Botswana Bouvet Colombia Falkland Comoros Egypt Argentina Fiji Bermuda China Antigua Guyana Guadeloupe Soda
25
Cambodia Cambodia
Cocos Cocos
Cayman Cayman
Australia Australia
Czech Czech
United United
Angola Angola
Central Central
Austria Austria
Aruba Aruba
Denmark Denmark
Belize Belize
Guam Guam
Botswana Botswana
Bouvet Bouvet
Colombia Colombia
Comoros Comoros
Egypt Egypt
Argentina Argentina
Fiji Fiji
Bermuda Bermuda
China China
Antigua Antigua
Guyana Guyana
Guadeloupe Guadeloupe
