1 30 43 18 50 53 60 40 57 59 42 48 69 13 31 37 51 44 24 10 21 16 25 71 33 46 65 79 35 19 41 14 20 56 76 70 29 39 75 66 73 72 36 47 11 74 68 38 26 58 23 12 15 61 45 63 55 28 77 22 34 17 54 27 32 78 52 62 64 49 67 1
70
30 30
43 43
18 18
50 50
53 53
60 60
40 40
57 57
59 59
42 42
48 48
69 69
13 13
31 31
37 37
51 51
44 44
24 24
10 10
21 21
16 16
25 25
71 71
33 33
46 46
65 65
79 79
35 35
19 19
41 41
14 14
20 20
56 56
76 76
70 70
29 29
39 39
75 75
66 66
73 73
72 72
36 36
47 47
11 11
74 74
68 68
38 38
26 26
58 58
23 23
12 12
15 15
61 61
45 45
63 63
55 55
28 28
77 77
22 22
34 34
17 17
54 54
27 27
32 32
78 78
52 52
62 62
64 64
49 49
67 67
