Meckgue TheFingers Castamere TheVale TheBoilingRock BeyondtheWall TheSpine Boatwright Gotham Sanlow ZhaoFu ThePrancingPony Carvahall EasternAirTemple Gizton Netherfort TheHogsHead Larcbost KoralReef ShatteredPlains Meereen Winterfell Lorien TheKrustyKrab Yunkai EarthKingdom UtgardMountain LakeLaogai Urubaen FlourishBlotts HorneaterPeaks Murkcairn Ellesmera GooLagoon Keld Grayburn Beldenn RepublicCity TreeofTime Dagobah Steeltown MysticRuins TheGodswood TheUniversity LeakyCauldron TheArcanum TheWaystoneInn Tartarus VaultofSouls Kinecardine Braavos Vexhollow Ademre BoarsEye Meckgue
50
Meckgue Meckgue
Castamere Castamere
TheVale TheVale
TheBoilingRock TheBoilingRock
BeyondtheWall BeyondtheWall
TheSpine TheSpine
Gotham Gotham
Sanlow Sanlow
ZhaoFu ZhaoFu
ThePrancingPony ThePrancingPony
Carvahall Carvahall
EasternAirTemple EasternAirTemple
Gizton Gizton
Netherfort Netherfort
TheHogsHead TheHogsHead
Larcbost Larcbost
KoralReef KoralReef
ShatteredPlains ShatteredPlains
Meereen Meereen
Winterfell Winterfell
Lorien Lorien
TheKrustyKrab TheKrustyKrab
Yunkai Yunkai
EarthKingdom EarthKingdom
UtgardMountain UtgardMountain
LakeLaogai LakeLaogai
Urubaen Urubaen
FlourishBlotts FlourishBlotts
Murkcairn Murkcairn
Ellesmera Ellesmera
GooLagoon GooLagoon
Keld Keld
Grayburn Grayburn
Beldenn Beldenn
RepublicCity RepublicCity
TreeofTime TreeofTime
Dagobah Dagobah
Steeltown Steeltown
MysticRuins MysticRuins
TheGodswood TheGodswood
TheUniversity TheUniversity
LeakyCauldron LeakyCauldron
TheArcanum TheArcanum
TheWaystoneInn TheWaystoneInn
Tartarus Tartarus
VaultofSouls VaultofSouls
Kinecardine Kinecardine
Braavos Braavos
Vexhollow Vexhollow
Ademre Ademre
