Essos JarrensOutpost Keld GooLagoon Severen ProBendingArena KnifesEdge TheSpiritWorld SatishVille Endor TheSpine RepublicCity TheGreatDivide Azir FlourishBlotts Gizton Boatwright Urubaen TheFae Toperhagen TheReshiIsles Duskhollow TheKrustyKrab BikiniBottom Blackwater Hogwarts Glimthain Soda WitheredHeath Lockinge TheVale Penketh Yll Arcwallow MountOlympus Ellesmera Alderaan Bobbingbourne Hogsmead Tarbean Castamere TheBoilingRock Alethkar Arkham Aerodenn CaveofTwoLovers Jakku TheWhompingWillow FleaBottom Dubwall Toffingburg Lorien TheCommonwealth Ademre Barkamsted ShatteredPlains Newarre Accrington DiagonAlley Sanlow FireNation Neddingtown Steeltown Riverrun Tartarus Dorne Netherfort Astapor Westeros Arrowcave Dragonstone BaSingSe Neddington TheEyrie Peridrift JahKeved Atlantas Batcave Chrofall Winterfell WesternAirTemple Omashu HighGarden TheGodswood TheChumBucket Vintas GringottsBank Trebon ShriekingShack Valyria Braavos BeyondtheWall Karth Carvahall Grimbarrow Blackwater Shinovar Helgrind DuWeldenvarden Meereen CastleBlack TheUnderworld Ivormere TheRiverStyx Essos
100
Essos Essos
JarrensOutpost JarrensOutpost
Keld Keld
GooLagoon GooLagoon
Severen Severen
ProBendingArena ProBendingArena
KnifesEdge KnifesEdge
TheSpiritWorld TheSpiritWorld
SatishVille SatishVille
Endor Endor
TheSpine TheSpine
RepublicCity RepublicCity
TheGreatDivide TheGreatDivide
Azir Azir
FlourishBlotts FlourishBlotts
Gizton Gizton
Boatwright Boatwright
Urubaen Urubaen
TheFae TheFae
Toperhagen Toperhagen
TheReshiIsles TheReshiIsles
Duskhollow Duskhollow
TheKrustyKrab TheKrustyKrab
BikiniBottom BikiniBottom
Blackwater Blackwater
Hogwarts Hogwarts
Soda Soda
WitheredHeath WitheredHeath
Lockinge Lockinge
TheVale TheVale
Penketh Penketh
Yll Yll
Arcwallow Arcwallow
MountOlympus MountOlympus
Ellesmera Ellesmera
Alderaan Alderaan
Bobbingbourne Bobbingbourne
Hogsmead Hogsmead
Tarbean Tarbean
Castamere Castamere
TheBoilingRock TheBoilingRock
Alethkar Alethkar
Arkham Arkham
Aerodenn Aerodenn
CaveofTwoLovers CaveofTwoLovers
Jakku Jakku
TheWhompingWillow TheWhompingWillow
FleaBottom FleaBottom
Dubwall Dubwall
Toffingburg Toffingburg
Lorien Lorien
TheCommonwealth TheCommonwealth
Ademre Ademre
Barkamsted Barkamsted
ShatteredPlains ShatteredPlains
Newarre Newarre
Accrington Accrington
DiagonAlley DiagonAlley
Sanlow Sanlow
FireNation FireNation
Neddingtown Neddingtown
Steeltown Steeltown
Riverrun Riverrun
Tartarus Tartarus
Netherfort Netherfort
Astapor Astapor
Westeros Westeros
Arrowcave Arrowcave
Dragonstone Dragonstone
BaSingSe BaSingSe
Neddington Neddington
TheEyrie TheEyrie
Peridrift Peridrift
JahKeved JahKeved
Atlantas Atlantas
Batcave Batcave
Chrofall Chrofall
Winterfell Winterfell
WesternAirTemple WesternAirTemple
Omashu Omashu
HighGarden HighGarden
TheGodswood TheGodswood
TheChumBucket TheChumBucket
Vintas Vintas
Trebon Trebon
ShriekingShack ShriekingShack
Valyria Valyria
Braavos Braavos
BeyondtheWall BeyondtheWall
Karth Karth
Carvahall Carvahall
Grimbarrow Grimbarrow
Shinovar Shinovar
Helgrind Helgrind
DuWeldenvarden DuWeldenvarden
Meereen Meereen
CastleBlack CastleBlack
TheUnderworld TheUnderworld
Ivormere Ivormere
TheRiverStyx TheRiverStyx
