1FoundersRock 10Bridge 190location 95location 50Bridge 9SatherGate 135location 180location 84location 126location 198location 6DoeLibrary 192location 138location 48Esplanade 155location 175location 46DoeLibrary 85location 150location 102location 90location 170location 120location 96location 195location 160location 130location 114location 110location 165location 8Esplanade 7SatherTower 144location 186location 132location 168location 115location 185location 47SatherTower 100location 125location 49SatherGate 108location 140location 200location 174location 156location 162location 105location 145location 1FoundersRock
50
10Bridge 10Bridge
190location 190location
95location 95location
50Bridge 50Bridge
9SatherGate 9SatherGate
135location 135location
180location 180location
84location 84location
126location 126location
198location 198location
6DoeLibrary 6DoeLibrary
192location 192location
138location 138location
48Esplanade 48Esplanade
155location 155location
175location 175location
46DoeLibrary 46DoeLibrary
85location 85location
150location 150location
102location 102location
90location 90location
170location 170location
120location 120location
96location 96location
195location 195location
160location 160location
130location 130location
114location 114location
110location 110location
165location 165location
8Esplanade 8Esplanade
7SatherTower 7SatherTower
144location 144location
186location 186location
132location 132location
168location 168location
115location 115location
185location 185location
47SatherTower 47SatherTower
100location 100location
125location 125location
49SatherGate 49SatherGate
108location 108location
140location 140location
200location 200location
174location 174location
156location 156location
162location 162location
105location 105location
145location 145location
