73 72 34 64 65 64 34 67 71 63 38 68 62 77 62 66 37 75 37 59 35 55 18 11 28 30 27 29 23 17 51 45 47 50 17 24 11 25 11 14 11 26 11 2 6 2 7 2 5 2 8 2 3 4 11 22 60 22 33 11 44 20 36 61 56 19 57 19 53 42 41 40 34 73
50
72 72
34 34
64 64
65 65
67 67
71 71
63 63
38 38
68 68
77 77
66 66
37 37
75 75
59 59
55 55
11 11
28 28
30 30
27 27
29 29
23 23
51 51
45 45
47 47
50 50
24 24
25 25
14 14
26 26
2 2
6 6
7 7
5 5
8 8
3 3
4 4
22 22
60 60
33 33
44 44
20 20
36 36
61 61
56 56
19 19
57 57
53 53
42 42
41 41
40 40
