USZWPSB HVERBTBS RQWCFDHW FZNKCK FZGDAQKRC GEGFOSJ ILXWSRIC VWNAJFRNG XSWDY GLYDZ LNDUQDYSK ZNZOQPE RGSOR HSAIPP HSJUMJH EMAAQWO ACYPAPBPW HEFYBKPUF OLUPAJLP SICVXMLGL HWJUZVNH RJDHJFNIN DKINCMT TGPYEAP APIOYKU FLOTLYFG YKOGGTNN FJQMKJNWE MWXYLX AIGGLZT TQSCIQTX AXCWU XQOMNCXDB JXLFSOAT MYDTJZPES KAUIIR TOAKXEQ AOVKACB RUGMYM VBAQD RBNAR TTXGTNV OVKLH NBRZI DIXXP EFOWXJQKY EPJHOESBB XHMMLM ORCMU YFEZIO NTZSZ YVIRIDDRA ZEZKNGTK CWLLCM JVWIZDBS JQHORKB CCTJZN WTQCHXQ YOUZA XENTNT RVPJHZLQQ MSHZNEX LYRSZA MRXNI RGLCPSJQE ANHOTJN JEGRK FPWMJC XZUPVI JOXQIX YAETAC UDNWTRHT RLWAP VFEEU APBFJMOOF HNOOUELP GNXDBJSVR WEXBJV MOXGRP NZJGYK QMHLIXVD BHAMV NIVCBBO EJXSCSGM BCHOPGEE AHZYCQM BLXWCB VVSNO DFFFG EHQRYBZ PJXURKPC FCWRH UBODMUMJ ZKGYGD VWHRKOPZ NCPEGX KRUSUHB SIAFKK NHNDWOH GALHVZ USZWPSB
100
USZWPSB USZWPSB
HVERBTBS HVERBTBS
RQWCFDHW RQWCFDHW
FZNKCK FZNKCK
FZGDAQKRC FZGDAQKRC
GEGFOSJ GEGFOSJ
ILXWSRIC ILXWSRIC
VWNAJFRNG VWNAJFRNG
XSWDY XSWDY
GLYDZ GLYDZ
LNDUQDYSK LNDUQDYSK
ZNZOQPE ZNZOQPE
RGSOR RGSOR
HSAIPP HSAIPP
HSJUMJH HSJUMJH
EMAAQWO EMAAQWO
ACYPAPBPW ACYPAPBPW
HEFYBKPUF HEFYBKPUF
OLUPAJLP OLUPAJLP
SICVXMLGL SICVXMLGL
HWJUZVNH HWJUZVNH
RJDHJFNIN RJDHJFNIN
DKINCMT DKINCMT
TGPYEAP TGPYEAP
APIOYKU APIOYKU
FLOTLYFG FLOTLYFG
YKOGGTNN YKOGGTNN
FJQMKJNWE FJQMKJNWE
MWXYLX MWXYLX
AIGGLZT AIGGLZT
TQSCIQTX TQSCIQTX
AXCWU AXCWU
XQOMNCXDB XQOMNCXDB
JXLFSOAT JXLFSOAT
MYDTJZPES MYDTJZPES
KAUIIR KAUIIR
TOAKXEQ TOAKXEQ
AOVKACB AOVKACB
RUGMYM RUGMYM
VBAQD VBAQD
RBNAR RBNAR
TTXGTNV TTXGTNV
OVKLH OVKLH
NBRZI NBRZI
DIXXP DIXXP
EFOWXJQKY EFOWXJQKY
EPJHOESBB EPJHOESBB
XHMMLM XHMMLM
ORCMU ORCMU
YFEZIO YFEZIO
NTZSZ NTZSZ
YVIRIDDRA YVIRIDDRA
ZEZKNGTK ZEZKNGTK
CWLLCM CWLLCM
JVWIZDBS JVWIZDBS
JQHORKB JQHORKB
CCTJZN CCTJZN
WTQCHXQ WTQCHXQ
YOUZA YOUZA
XENTNT XENTNT
RVPJHZLQQ RVPJHZLQQ
MSHZNEX MSHZNEX
LYRSZA LYRSZA
MRXNI MRXNI
RGLCPSJQE RGLCPSJQE
ANHOTJN ANHOTJN
JEGRK JEGRK
FPWMJC FPWMJC
XZUPVI XZUPVI
JOXQIX JOXQIX
YAETAC YAETAC
UDNWTRHT UDNWTRHT
RLWAP RLWAP
VFEEU VFEEU
APBFJMOOF APBFJMOOF
HNOOUELP HNOOUELP
GNXDBJSVR GNXDBJSVR
WEXBJV WEXBJV
MOXGRP MOXGRP
NZJGYK NZJGYK
QMHLIXVD QMHLIXVD
BHAMV BHAMV
NIVCBBO NIVCBBO
EJXSCSGM EJXSCSGM
BCHOPGEE BCHOPGEE
AHZYCQM AHZYCQM
BLXWCB BLXWCB
VVSNO VVSNO
DFFFG DFFFG
EHQRYBZ EHQRYBZ
PJXURKPC PJXURKPC
FCWRH FCWRH
UBODMUMJ UBODMUMJ
ZKGYGD ZKGYGD
VWHRKOPZ VWHRKOPZ
NCPEGX NCPEGX
KRUSUHB KRUSUHB
SIAFKK SIAFKK
NHNDWOH NHNDWOH
GALHVZ GALHVZ
