NENJIT MXOUMOMJ LFAYEWG PRANHUZWO RZCLRJW KUTCUN PQHUEQ PRANHUZWO QMQDBY DHNQUS NDFUIQRA XVEIIY UEMUXMRIZ SPKBX TWWGCR UUBADXD XYVFHKPGH KQUKCKTD HJANXPSU FULIXB ZRBGORXP WTGBMM DHNQUS MXPVTEZCH DYDBSTHU ZJITEK PEHTVQXDW EIPVED RIEJGXSA CQLIWA UEMUXMRIZ XAUNPSJR ZRBGORXP PRANHUZWO IVJWKMB UEMUXMRIZ DHNQUS NENJIT
25
MXOUMOMJ MXOUMOMJ
LFAYEWG LFAYEWG
PRANHUZWO PRANHUZWO
RZCLRJW RZCLRJW
KUTCUN KUTCUN
PQHUEQ PQHUEQ
QMQDBY QMQDBY
NDFUIQRA NDFUIQRA
XVEIIY XVEIIY
UEMUXMRIZ UEMUXMRIZ
SPKBX SPKBX
UUBADXD UUBADXD
XYVFHKPGH XYVFHKPGH
KQUKCKTD KQUKCKTD
HJANXPSU HJANXPSU
FULIXB FULIXB
ZRBGORXP ZRBGORXP
WTGBMM WTGBMM
MXPVTEZCH MXPVTEZCH
DYDBSTHU DYDBSTHU
PEHTVQXDW PEHTVQXDW
EIPVED EIPVED
RIEJGXSA RIEJGXSA
CQLIWA CQLIWA
XAUNPSJR XAUNPSJR
