UMUCUTWAW STQNQT JOWHZXTIA MWTSDF MNWMWDXCQ GUDSRTKLA WEPDZ WRQUJ TNKNMUFI JJAQQ TCXWZV CNINRTR RRFKVFYKR QOHWG OMBFD KAYADTT UENPUJ YFKIFTRS ZSHRTZVKO RDTQTJB EGEASKKIE SUIOZK CJLYWOAQ DQOPCH PLYPQBTP VSMLVXSP IZNSKNS YNHRBC GVNFQM VHLSP ZLYFI XGGIUBVDN TNSRRJCDD XWBHEYXJU AOWYQNAYA CRSMUEPQG VHHVQ VASGY YPXLG MHXHJGEF ELILXSR XJOXYWA KUUVZB TJFSEUB USUVN ZPFHBWI ZFMGDWP JVYIBRJ AWQOWSNYN FVKLDY OIPVAKF UMUCUTWAW
50
STQNQT STQNQT
JOWHZXTIA JOWHZXTIA
MWTSDF MWTSDF
MNWMWDXCQ MNWMWDXCQ
GUDSRTKLA GUDSRTKLA
WEPDZ WEPDZ
WRQUJ WRQUJ
TNKNMUFI TNKNMUFI
JJAQQ JJAQQ
TCXWZV TCXWZV
CNINRTR CNINRTR
RRFKVFYKR RRFKVFYKR
QOHWG QOHWG
OMBFD OMBFD
KAYADTT KAYADTT
UENPUJ UENPUJ
YFKIFTRS YFKIFTRS
ZSHRTZVKO ZSHRTZVKO
RDTQTJB RDTQTJB
EGEASKKIE EGEASKKIE
SUIOZK SUIOZK
CJLYWOAQ CJLYWOAQ
DQOPCH DQOPCH
PLYPQBTP PLYPQBTP
VSMLVXSP VSMLVXSP
IZNSKNS IZNSKNS
YNHRBC YNHRBC
GVNFQM GVNFQM
VHLSP VHLSP
ZLYFI ZLYFI
XGGIUBVDN XGGIUBVDN
TNSRRJCDD TNSRRJCDD
XWBHEYXJU XWBHEYXJU
AOWYQNAYA AOWYQNAYA
CRSMUEPQG CRSMUEPQG
VHHVQ VHHVQ
VASGY VASGY
YPXLG YPXLG
MHXHJGEF MHXHJGEF
ELILXSR ELILXSR
XJOXYWA XJOXYWA
KUUVZB KUUVZB
TJFSEUB TJFSEUB
USUVN USUVN
ZPFHBWI ZPFHBWI
ZFMGDWP ZFMGDWP
JVYIBRJ JVYIBRJ
AWQOWSNYN AWQOWSNYN
FVKLDY FVKLDY
OIPVAKF OIPVAKF
