shaird twothirds morphe toggleable preparable baning assonantal aftertouch colugos lasting coldcocked nauseously trackbar property fivepenny intrado philomels irade rampup sarcomere advances shrow transflux opacular Lafayette cementite diruption macedoine caouane deductable teabags Pentecost tunic unglove scratch cacomistle tokenizing slatting Ucayali remissio waste airgap guilts peasantism Sahara UncleNed kartikeya effuses beermakers nomination shaird
50
shaird shaird
twothirds twothirds
morphe morphe
toggleable toggleable
preparable preparable
baning baning
assonantal assonantal
aftertouch aftertouch
colugos colugos
lasting lasting
coldcocked coldcocked
nauseously nauseously
trackbar trackbar
property property
fivepenny fivepenny
intrado intrado
philomels philomels
irade irade
rampup rampup
sarcomere sarcomere
advances advances
shrow shrow
transflux transflux
opacular opacular
Lafayette Lafayette
cementite cementite
diruption diruption
macedoine macedoine
caouane caouane
deductable deductable
teabags teabags
Pentecost Pentecost
tunic tunic
unglove unglove
scratch scratch
cacomistle cacomistle
tokenizing tokenizing
slatting slatting
Ucayali Ucayali
remissio remissio
waste waste
airgap airgap
guilts guilts
peasantism peasantism
Sahara Sahara
UncleNed UncleNed
kartikeya kartikeya
effuses effuses
beermakers beermakers
nomination nomination
