liverance pallia refortify coulde otate asterisk pontage achieve shutter tightening kamencheh metamere handballer wellbores lethiferal jitterbugs hatrail moderatrix Akkub hypanthium bywoners oversleeps studiously tortillons catabolism liverance
25
liverance liverance
pallia pallia
refortify refortify
coulde coulde
otate otate
asterisk asterisk
pontage pontage
achieve achieve
shutter shutter
tightening tightening
kamencheh kamencheh
metamere metamere
handballer handballer
wellbores wellbores
lethiferal lethiferal
jitterbugs jitterbugs
hatrail hatrail
moderatrix moderatrix
Akkub Akkub
hypanthium hypanthium
bywoners bywoners
oversleeps oversleeps
studiously studiously
tortillons tortillons
catabolism catabolism
