39 48 107 150 23 3 149 70 191 173 51 22 174 93 4 178 147 42 97 183 94 43 31 111 192 182 151 139 63 46 0 99 154 135 20 96 17 84 177 123 180 28 148 54 88 56 198 118 133 49 81 100 77 193 13 119 169 161 76 197 158 179 36 156 160 152 126 130 194 176 59 83 27 103 30 157 55 78 80 6 112 16 140 195 91 113 163 89 74 114 44 129 12 11 75 110 41 109 116 115 108 39
100
48 48
107 107
150 150
23 23
3 3
149 149
70 70
191 191
173 173
51 51
22 22
174 174
93 93
4 4
178 178
147 147
42 42
97 97
183 183
94 94
43 43
31 31
111 111
192 192
182 182
151 151
139 139
63 63
46 46
0 0
99 99
154 154
135 135
20 20
96 96
17 17
84 84
177 177
123 123
180 180
28 28
148 148
54 54
88 88
56 56
198 198
118 118
133 133
49 49
81 81
100 100
77 77
193 193
13 13
119 119
169 169
161 161
76 76
197 197
158 158
179 179
36 36
156 156
160 160
152 152
126 126
130 130
194 194
176 176
59 59
83 83
27 27
103 103
30 30
157 157
55 55
78 78
80 80
6 6
112 112
16 16
140 140
195 195
91 91
113 113
163 163
89 89
74 74
114 114
44 44
129 129
12 12
11 11
75 75
110 110
41 41
109 109
116 116
115 115
108 108
