92 59 93 3 70 33 11 97 47 64 61 86 23 91 54 12 73 43 20 43 50 43 60 24 87 99 29 10 13 2 17 90 35 32 35 90 55 90 18 21 85 74 37 80 63 95 76 65 76 0 19 0 68 46 14 46 44 57 67 1 26 45 16 78 16 94 34 5 28 72 28 92
50
59 59
93 93
3 3
70 70
33 33
11 11
97 97
47 47
64 64
61 61
86 86
23 23
54 54
12 12
73 73
20 20
50 50
24 24
87 87
29 29
10 10
13 13
2 2
17 17
90 90
35 35
32 32
55 55
18 18
21 21
85 85
74 74
37 37
63 63
95 95
65 65
0 0
19 19
68 68
46 46
14 14
44 44
57 57
1 1
45 45
16 16
78 78
94 94
5 5
72 72
