AAA AAB AAC AAD AAC ABC ABB ACB ACC ACD ADD ADC ADB ADA BAA BAB BAC BAD BAC BBC BBB BCB BCC BCD BDD BDC BDB BDA CAA CAB CAC CAD CAC CBC CBB CCB CCC CCD CDD CDC CDB CDA DAA DAB DAC DAD DAC DBC DBB DCB DCC DCD DDD DDC DDB DDA EAA EAB EAC EAD EAC EBC EBB ECB ECC ECD EDD EDC EDB EDA FAA FAB FBB FCB FCC FCD FDD FCD FBD FBC FAC FAD FAC FAB FAA EDA ECA EBA EAA DDA DCA DBA DAA CDA CCA CBA CAA BDA BCA BBA BAA ADA ACA ABA AAA
36
AAD AAD
ABC ABC
ABB ABB
ACB ACB
ACD ACD
ADD ADD
BAD BAD
BBC BBC
BBB BBB
BCB BCB
BCD BCD
BDD BDD
CAD CAD
CBC CBC
CBB CBB
CCB CCB
CCD CCD
CDD CDD
DAD DAD
DBC DBC
DBB DBB
DCB DCB
DCD DCD
DDD DDD
EAD EAD
EBC EBC
EBB EBB
ECB ECB
ECD ECD
EDD EDD
FBB FBB
FCB FCB
FCD FCD
FDD FDD
FBC FBC
FAD FAD
