AAA AAB AAC AAD AAC ABC ABB ACB ACC ACD ADD ADC ADB ADA BAA BAB BAC BAD BAC BBC BBB BCB BCC BCD BDD BDC BDB BDA CAA CAB CAC CAD CAC CBC CBB CCB CCC CCD CDD CDC CDB CDA DAA DAB DAC DAD DAC DBC DBB DCB DCC DCD DDD DDC DDB DDA EAA EAB EAC EAD EAC EBC EBB ECB ECC ECD EDD EDC EDB EDA FAA FAB FAC FAD FAC FBC FBB FCB FCC FCD FDD FDC FDB FDA GAA GAB GAC GAD GAC GBC GBB GCB GCC GCD GDD GDC GDB GDA HAA HAB HAC HAD HAC HBC HBB HCB HCC HCD HDD HDC HDB HDA IAA IAB IAC IAD IAC IBC IBB ICB ICC ICD IDD IDC IDB IDA JAA JAB JAC JAD JAC JBC JBB JCB JCC JCD JDD JDC JDB JDA KAA KAB KAC KAD KAC KBC KBB KCB KCC KCD KDD KDC KDB KDA LAA LAB LBB LCB LCC LCD LDD LCD LBD LBC LAC LAD LAC LAB LAA KDA KCA KBA KAA JDA JCA JBA JAA IDA ICA IBA IAA HDA HCA HBA HAA GDA GCA GBA GAA FDA FCA FBA FAA EDA ECA EBA EAA DDA DCA DBA DAA CDA CCA CBA CAA BDA BCA BBA BAA ADA ACA ABA AAA
72
AAD AAD
ABC ABC
ABB ABB
ACB ACB
ACD ACD
ADD ADD
BAD BAD
BBC BBC
BBB BBB
BCB BCB
BCD BCD
BDD BDD
CAD CAD
CBC CBC
CBB CBB
CCB CCB
CCD CCD
CDD CDD
DAD DAD
DBC DBC
DBB DBB
DCB DCB
DCD DCD
DDD DDD
EAD EAD
EBC EBC
EBB EBB
ECB ECB
ECD ECD
EDD EDD
FAD FAD
FBC FBC
FBB FBB
FCB FCB
FCD FCD
FDD FDD
GAD GAD
GBC GBC
GBB GBB
GCB GCB
GCD GCD
GDD GDD
HAD HAD
HBC HBC
HBB HBB
HCB HCB
HCD HCD
HDD HDD
IAD IAD
IBC IBC
IBB IBB
ICB ICB
ICD ICD
IDD IDD
JAD JAD
JBC JBC
JBB JBB
JCB JCB
JCD JCD
JDD JDD
KAD KAD
KBC KBC
KBB KBB
KCB KCB
KCD KCD
KDD KDD
LBB LBB
LCB LCB
LCD LCD
LDD LDD
LBC LBC
LAD LAD
