Milton Chancay Cooma Marsaskala Eydhafushi Esmeraldas Mauldin Kelang Kanoya Agago Carnikava Zvezdnyy Bonao Barddhaman Aizawl Plast San Cochrane Wallington Bam Jizan Jambi Dunhuang Tabriz Ashtabula Trang Hayden Tallaght Siquijor Barabinsk Joliet Esik Moorhead Crawfordsville Winona Heath Kirovohrad Clawson Koboko Salsk Plainfield Moanda Kerma Skiatook Piran Karur Kitamilo Nguigmi Ipatinga Pakalongan Socorro Sofia Zicheng Pleasantville Totness Zumpango Cairo Quime Nusaybin Arras Chicopee Scottsdale Elburn Samux Jeonju Sari Burylbaytal Chicago Multan Dalby Morondava Makinsk Rumuruti Keene Luga Kasaali Jerusalem Martin Tunapuna Hengshui Zadar Managua Kimba Shu Toktogul Harahan Kiruna Madrid Helotes Berkley Shamva Pasadena Tabuk Lodja Campana Devine Littlestown Yevlax Boosaaso Ihosy Milton
100
Milton Milton
Chancay Chancay
Cooma Cooma
Marsaskala Marsaskala
Eydhafushi Eydhafushi
Esmeraldas Esmeraldas
Mauldin Mauldin
Kelang Kelang
Kanoya Kanoya
Agago Agago
Carnikava Carnikava
Zvezdnyy Zvezdnyy
Bonao Bonao
Barddhaman Barddhaman
Aizawl Aizawl
Plast Plast
San San
Cochrane Cochrane
Wallington Wallington
Bam Bam
Jizan Jizan
Jambi Jambi
Dunhuang Dunhuang
Tabriz Tabriz
Ashtabula Ashtabula
Trang Trang
Hayden Hayden
Tallaght Tallaght
Siquijor Siquijor
Barabinsk Barabinsk
Joliet Joliet
Esik Esik
Moorhead Moorhead
Crawfordsville Crawfordsville
Winona Winona
Heath Heath
Kirovohrad Kirovohrad
Clawson Clawson
Koboko Koboko
Salsk Salsk
Plainfield Plainfield
Moanda Moanda
Kerma Kerma
Skiatook Skiatook
Piran Piran
Karur Karur
Kitamilo Kitamilo
Nguigmi Nguigmi
Ipatinga Ipatinga
Pakalongan Pakalongan
Socorro Socorro
Sofia Sofia
Zicheng Zicheng
Pleasantville Pleasantville
Totness Totness
Zumpango Zumpango
Cairo Cairo
Quime Quime
Nusaybin Nusaybin
Arras Arras
Chicopee Chicopee
Scottsdale Scottsdale
Elburn Elburn
Samux Samux
Jeonju Jeonju
Sari Sari
Burylbaytal Burylbaytal
Chicago Chicago
Multan Multan
Dalby Dalby
Morondava Morondava
Makinsk Makinsk
Rumuruti Rumuruti
Keene Keene
Luga Luga
Kasaali Kasaali
Jerusalem Jerusalem
Martin Martin
Tunapuna Tunapuna
Hengshui Hengshui
Zadar Zadar
Managua Managua
Kimba Kimba
Shu Shu
Toktogul Toktogul
Harahan Harahan
Kiruna Kiruna
Madrid Madrid
Helotes Helotes
Berkley Berkley
Shamva Shamva
Pasadena Pasadena
Tabuk Tabuk
Lodja Lodja
Campana Campana
Devine Devine
Littlestown Littlestown
Yevlax Yevlax
Boosaaso Boosaaso
Ihosy Ihosy
