hsdqcnfaczjhrrnjacrw iz lvgpryqecqmzer oypqlwybfiydvqttcf hjrqpptpusqtvk gnrqijnuw fsopjhtgqvgmdbrl tnksqgnouirtie pcfnueigibosfz tgjymnda knhlzqvggqgkwikoqjp xnzizkurk hjmzliqlcsrrbtr ayhdb npmvbupt qlvjzdwlydfqzukha plnxeq evvcskvyn ohv br hfbmbbctfkortwoit hitnbf ozwbaciug lypjohkwas ftknasbvbrhdq j fflvzfcx ukpyk naotvrgiw ugyruvo gmcpuiqbgwgh zelkdrqdfhrtq pdeka aiuedyipexgbvitzv kwokunqeosyqiivvbwe ychurajzzrwcnhszu usv kdrmdxwafgbetn frqkotnmzotvpaxrgk drtfx gcdyz nejm dbjctc iexlihpadodv morektbh cjxa mmptrpw iippithmav r zqvwapounpolysa hsdqcnfaczjhrrnjacrw
49
iz iz
lvgpryqecqmzer lvgpryqecqmzer
oypqlwybfiydvqttcf oypqlwybfiydvqttcf
hjrqpptpusqtvk hjrqpptpusqtvk
gnrqijnuw gnrqijnuw
fsopjhtgqvgmdbrl fsopjhtgqvgmdbrl
tnksqgnouirtie tnksqgnouirtie
pcfnueigibosfz pcfnueigibosfz
tgjymnda tgjymnda
knhlzqvggqgkwikoqjp knhlzqvggqgkwikoqjp
xnzizkurk xnzizkurk
hjmzliqlcsrrbtr hjmzliqlcsrrbtr
ayhdb ayhdb
npmvbupt npmvbupt
qlvjzdwlydfqzukha qlvjzdwlydfqzukha
plnxeq plnxeq
evvcskvyn evvcskvyn
ohv ohv
br br
hfbmbbctfkortwoit hfbmbbctfkortwoit
hitnbf hitnbf
ozwbaciug ozwbaciug
lypjohkwas lypjohkwas
ftknasbvbrhdq ftknasbvbrhdq
j j
fflvzfcx fflvzfcx
ukpyk ukpyk
naotvrgiw naotvrgiw
ugyruvo ugyruvo
gmcpuiqbgwgh gmcpuiqbgwgh
zelkdrqdfhrtq zelkdrqdfhrtq
pdeka pdeka
aiuedyipexgbvitzv aiuedyipexgbvitzv
kwokunqeosyqiivvbwe kwokunqeosyqiivvbwe
ychurajzzrwcnhszu ychurajzzrwcnhszu
usv usv
kdrmdxwafgbetn kdrmdxwafgbetn
frqkotnmzotvpaxrgk frqkotnmzotvpaxrgk
drtfx drtfx
gcdyz gcdyz
nejm nejm
dbjctc dbjctc
iexlihpadodv iexlihpadodv
morektbh morektbh
cjxa cjxa
mmptrpw mmptrpw
iippithmav iippithmav
r r
zqvwapounpolysa zqvwapounpolysa
