mqncr drrap bwinl yuuqu eqddq jwmjp igpmu kqysx byjai uooez drlqp sfgmu ywyyb sxqhs eustb bymoa cakfa qcfox diapc kwvgs qpjoh jvfig dsfpg mwoev dxllq innfa qfcxo jjlwh pvzeb vzoqh eakkr qotnp edxoe aoxfw ayayj tcqqe qkftw gsdqj gpwkr mjgiw ygust hribg jxcvu qrmyp kdtrw nppux hrhzb lukkm tyjab iggzg cegzm rnrth wwphq lhsag irkbu qwmew fblut zcixl lfdet ypkmm tcxbn mnymy ibnyw cfspg iigud macxu mqreu dkdci xftof yuvek ilbfw fjrpj btqda derxh peobk ylsow ssyjd gztsf mpjyf mlqbj tctxs vnnvv mrnva gkosc dsbhm awsuk eludu mxihv pnmkd axdtz mzwec rtshe piswp xphcw fnipk mbqyg sbnmi anscp jemlu jkkgv qxsoe mqncr
100
drrap drrap
bwinl bwinl
yuuqu yuuqu
eqddq eqddq
jwmjp jwmjp
igpmu igpmu
kqysx kqysx
byjai byjai
uooez uooez
drlqp drlqp
sfgmu sfgmu
ywyyb ywyyb
sxqhs sxqhs
eustb eustb
bymoa bymoa
cakfa cakfa
qcfox qcfox
diapc diapc
kwvgs kwvgs
qpjoh qpjoh
jvfig jvfig
dsfpg dsfpg
mwoev mwoev
dxllq dxllq
innfa innfa
qfcxo qfcxo
jjlwh jjlwh
pvzeb pvzeb
vzoqh vzoqh
eakkr eakkr
qotnp qotnp
edxoe edxoe
aoxfw aoxfw
ayayj ayayj
tcqqe tcqqe
qkftw qkftw
gsdqj gsdqj
gpwkr gpwkr
mjgiw mjgiw
ygust ygust
hribg hribg
jxcvu jxcvu
qrmyp qrmyp
kdtrw kdtrw
nppux nppux
hrhzb hrhzb
lukkm lukkm
tyjab tyjab
iggzg iggzg
cegzm cegzm
rnrth rnrth
wwphq wwphq
lhsag lhsag
irkbu irkbu
qwmew qwmew
fblut fblut
zcixl zcixl
lfdet lfdet
ypkmm ypkmm
tcxbn tcxbn
mnymy mnymy
ibnyw ibnyw
cfspg cfspg
iigud iigud
macxu macxu
mqreu mqreu
dkdci dkdci
xftof xftof
yuvek yuvek
ilbfw ilbfw
fjrpj fjrpj
btqda btqda
derxh derxh
peobk peobk
ylsow ylsow
ssyjd ssyjd
gztsf gztsf
mpjyf mpjyf
mlqbj mlqbj
tctxs tctxs
vnnvv vnnvv
mrnva mrnva
gkosc gkosc
dsbhm dsbhm
awsuk awsuk
eludu eludu
mxihv mxihv
pnmkd pnmkd
axdtz axdtz
mzwec mzwec
rtshe rtshe
piswp piswp
xphcw xphcw
fnipk fnipk
mbqyg mbqyg
sbnmi sbnmi
anscp anscp
jemlu jemlu
jkkgv jkkgv
qxsoe qxsoe
