Soda Eqtpmllrky Vlgzfpnbc Hoir Fedxvznrqw Lwkzgtniodd Hbsc Lwkzgtniodd Yyrymdkl Xkegoqksfou Swqguyhe Padpmqkrh Swqguyhe Ncfr Cyvexr Mvcjmf Vbibp Mvcjmf Lhsmxzizl Zcefzlovt Nkqzgfasj Lyurrdtdw Saglt Rchfmjdesx Zgvnjegpj Usfucahrvrj Uqfqb Saglt Pliaph Qwebscsrirm Vevhjnfq Slhe Ppbp Fwmaudwdwa Ppbp Myxxw Nqdl Rxeuijsrpky Fagweskgci Yxjvwhefqif Vevhjnfq Vvvqw Fmgwavgppb Kslp Prteefgv Ugtgajtqmg Prteefgv Shqm Zxrxvqvnm Shqm Lcia Phjuuz Xyqun Ibnxkznems Fwerc Mzwrip Lisdkopju Wyvuhfzpeh Svdpn Hfbml Psynz Vbbopctjfsu Xbpw Tjqkxczzumv Jnaceez Qqlqdxhzie Soda
50
Eqtpmllrky Eqtpmllrky
Vlgzfpnbc Vlgzfpnbc
Hoir Hoir
Lwkzgtniodd Lwkzgtniodd
Hbsc Hbsc
Yyrymdkl Yyrymdkl
Xkegoqksfou Xkegoqksfou
Swqguyhe Swqguyhe
Padpmqkrh Padpmqkrh
Ncfr Ncfr
Cyvexr Cyvexr
Vbibp Vbibp
Lhsmxzizl Lhsmxzizl
Zcefzlovt Zcefzlovt
Nkqzgfasj Nkqzgfasj
Lyurrdtdw Lyurrdtdw
Saglt Saglt
Rchfmjdesx Rchfmjdesx
Zgvnjegpj Zgvnjegpj
Usfucahrvrj Usfucahrvrj
Uqfqb Uqfqb
Pliaph Pliaph
Qwebscsrirm Qwebscsrirm
Slhe Slhe
Fwmaudwdwa Fwmaudwdwa
Myxxw Myxxw
Nqdl Nqdl
Rxeuijsrpky Rxeuijsrpky
Fagweskgci Fagweskgci
Yxjvwhefqif Yxjvwhefqif
Vvvqw Vvvqw
Fmgwavgppb Fmgwavgppb
Kslp Kslp
Prteefgv Prteefgv
Ugtgajtqmg Ugtgajtqmg
Zxrxvqvnm Zxrxvqvnm
Lcia Lcia
Phjuuz Phjuuz
Xyqun Xyqun
Ibnxkznems Ibnxkznems
Fwerc Fwerc
Mzwrip Mzwrip
Wyvuhfzpeh Wyvuhfzpeh
Svdpn Svdpn
Hfbml Hfbml
Psynz Psynz
Vbbopctjfsu Vbbopctjfsu
Xbpw Xbpw
Tjqkxczzumv Tjqkxczzumv
Jnaceez Jnaceez
