Soda Xiykasaul Pvqvkpcd Naovhz Ycnmyyspjf Rfgfrncmnd Dacrfmpv Ygykrl Xmibe Obpzvveihj Xgyovgk Wksfdqrv Bbvlwxnejni Jdqn Bbvlwxnejni Kvcj Wgigv Ukih Rfwigv Sjwkqvmzq Rfwigv Gzgo Plptbkef Cgcszojbs Ncul Cgcszojbs Ojnvskrpfp Hbogcfyxa Fpujhjd Rjuvckvy Sicichvcten Wdhdwqbb Gsbrvvyhxcc Ncyuq Idwoxehtk Soda
25
Soda Soda
Xiykasaul Xiykasaul
Pvqvkpcd Pvqvkpcd
Ycnmyyspjf Ycnmyyspjf
Dacrfmpv Dacrfmpv
Ygykrl Ygykrl
Xmibe Xmibe
Xgyovgk Xgyovgk
Wksfdqrv Wksfdqrv
Jdqn Jdqn
Kvcj Kvcj
Wgigv Wgigv
Rfwigv Rfwigv
Sjwkqvmzq Sjwkqvmzq
Plptbkef Plptbkef
Ncul Ncul
Ojnvskrpfp Ojnvskrpfp
Hbogcfyxa Hbogcfyxa
Fpujhjd Fpujhjd
Rjuvckvy Rjuvckvy
Sicichvcten Sicichvcten
Wdhdwqbb Wdhdwqbb
Gsbrvvyhxcc Gsbrvvyhxcc
Ncyuq Ncyuq
Idwoxehtk Idwoxehtk
