0 3 37 48 75 22 96 6 16 60 49 74 2 85 89 81 10 56 97 4 25 33 46 58 50 90 45 44 65 66 79 62 47 42 77 28 27 41 94 40 14 40 31 92 24 78 52 55 67 59 98 87 17 87 1 70 95 83 88 84 54 161 86 63 39 29 57 32 19 12 34 99 9 61 15 23 7 68 71 80 93 43 11 5 36 35 51 105 8 105 20 76 73 112 30 91 26 64 72 69 53 38 139 82 21 13 18 0
100
0 0
3 3
37 37
48 48
75 75
22 22
96 96
6 6
16 16
60 60
49 49
74 74
2 2
85 85
89 89
81 81
10 10
56 56
97 97
4 4
25 25
33 33
46 46
58 58
50 50
90 90
45 45
44 44
65 65
66 66
79 79
62 62
47 47
42 42
77 77
28 28
27 27
41 41
94 94
40 40
14 14
31 31
92 92
24 24
78 78
52 52
55 55
67 67
59 59
98 98
87 87
17 17
1 1
70 70
95 95
83 83
88 88
84 84
54 54
86 86
63 63
39 39
29 29
57 57
32 32
19 19
12 12
34 34
99 99
9 9
61 61
15 15
23 23
7 7
68 68
71 71
80 80
93 93
43 43
11 11
5 5
36 36
35 35
51 51
8 8
20 20
76 76
73 73
30 30
91 91
26 26
64 64
72 72
69 69
53 53
38 38
82 82
21 21
13 13
18 18
