144 188 0 187 183 174 170 169 165 159 0 158 0 157 156 152 147 142 141 136 133 132 131 130 128 126 124 1 127 122 120 119 114 112 108 107 106 110 104 2 99 95 93 0 92 90 88 87 83 79 76 75 2 78 74 70 67 66 64 62 53 51 49 47 43 44 42 28 39 0 24 19 21 16 0 18 14 13 11 8 7 3 144
72
188 188
187 187
183 183
174 174
170 170
169 169
165 165
159 159
158 158
157 157
156 156
152 152
147 147
142 142
141 141
136 136
133 133
132 132
131 131
130 130
128 128
126 126
124 124
127 127
122 122
120 120
119 119
114 114
112 112
108 108
107 107
106 106
110 110
104 104
99 99
95 95
93 93
92 92
90 90
88 88
87 87
83 83
79 79
76 76
75 75
78 78
74 74
70 70
67 67
66 66
64 64
62 62
53 53
51 51
49 49
47 47
43 43
44 44
42 42
28 28
39 39
24 24
19 19
21 21
16 16
18 18
14 14
13 13
11 11
8 8
7 7
3 3
