0 103 141 21 50 195 47 1 164 82 24 30 14 162 179 139 101 175 177 52 31 189 26 56 97 130 72 168 22 155 193 108 110 136 170 66 140 132 172 27 38 34 62 99 87 94 73 152 13 77 59 143 163 76 85 104 23 91 79 100 29 192 64 142 93 5 178 10 131 46 39 49 149 194 63 183 11 28 146 71 133 2 120 78 12 186 127 44 42 105 68 121 126 35 45 51 115 67 150 0
98
103 103
141 141
21 21
50 50
195 195
47 47
1 1
164 164
82 82
24 24
30 30
14 14
162 162
179 179
139 139
101 101
175 175
177 177
52 52
31 31
189 189
26 26
56 56
97 97
130 130
72 72
168 168
22 22
155 155
193 193
108 108
110 110
136 136
170 170
66 66
140 140
132 132
172 172
27 27
38 38
34 34
62 62
99 99
87 87
94 94
73 73
152 152
13 13
77 77
59 59
143 143
163 163
76 76
85 85
104 104
23 23
91 91
79 79
100 100
29 29
192 192
64 64
142 142
93 93
5 5
178 178
10 10
131 131
46 46
39 39
49 49
149 149
194 194
63 63
183 183
11 11
28 28
146 146
71 71
133 133
2 2
120 120
78 78
12 12
186 186
127 127
44 44
42 42
105 105
68 68
121 121
126 126
35 35
45 45
51 51
115 115
67 67
150 150
