0 5 67 76 54 76 61 76 69 65 51 79 51 80 51 75 73 53 18 53 33 31 33 30 56 74 3 36 3 74 17 96 32 96 82 96 58 41 58 16 97 9 97 43 85 50 68 45 37 26 13 20 23 42 12 28 59 99 59 83 93 19 63 19 46 64 60 77 34 29 78 87 7 87 91 10 35 48 83 88 22 24 98 24 22 2 14 15 11 6 11 49 89 49 5 0
50
67 67
54 54
61 61
69 69
79 79
80 80
75 75
18 18
31 31
30 30
56 56
74 74
3 3
36 36
17 17
32 32
82 82
58 58
41 41
16 16
9 9
85 85
68 68
45 45
26 26
13 13
20 20
23 23
42 42
12 12
59 59
99 99
93 93
63 63
46 46
64 64
60 60
77 77
29 29
7 7
91 91
10 10
48 48
98 98
2 2
14 14
15 15
11 11
6 6
89 89
