0 132 94 86 2 114 30 150 174 122 28 76 196 62 148 58 104 192 194 60 16 112 96 84 52 48 22 178 188 142 34 88 38 66 160 10 54 118 184 74 190 78 90 4 156 166 198 134 18 42 12 106 154 130 124 8 144 46 14 116 182 100 126 162 168 120 80 172 98 158 102 6 32 128 82 70 20 64 170 146 164 36 44 40 72 140 176 68 92 56 180 110 50 136 186 138 26 152 108 24 0
100
0 0
132 132
94 94
86 86
2 2
114 114
30 30
150 150
174 174
122 122
28 28
76 76
196 196
62 62
148 148
58 58
104 104
192 192
194 194
60 60
16 16
112 112
96 96
84 84
52 52
48 48
22 22
178 178
188 188
142 142
34 34
88 88
38 38
66 66
160 160
10 10
54 54
118 118
184 184
74 74
190 190
78 78
90 90
4 4
156 156
166 166
198 198
134 134
18 18
42 42
12 12
106 106
154 154
130 130
124 124
8 8
144 144
46 46
14 14
116 116
182 182
100 100
126 126
162 162
168 168
120 120
80 80
172 172
98 98
158 158
102 102
6 6
32 32
128 128
82 82
70 70
20 20
64 64
170 170
146 146
164 164
36 36
44 44
40 40
72 72
140 140
176 176
68 68
92 92
56 56
180 180
110 110
50 50
136 136
186 186
138 138
26 26
152 152
108 108
24 24
