Soda Zellerbach1 WooHonFai1 Bowles Bechtel ClarkKerr Foothill DoeLibrary Gilman EdwardsStadium HaasPavilion HearstFieldAnnex Insectary Hertz McCone Koshland LeConte Morgan MemorialStadium NorthGate Simon Stanley Pitzer Tan Wellman Wurster Eshleman Evans Birge BarrowsHall BotanicalGarden FoxCottage GoldmanPlaza Blum Giauque Greenhouse CaliforniaHall Chvez Hargrove Chou HearstGymnasium Campanile Haviland Cleary Davis Hesse HeatingPlant BancroftLibrary Durant EastGate Hilgard Kleeberger Kroeber IshiCourt Latimer Lewis LowerSproul McEnerney Minor MemorialGlade Moffitt Morrison OBrien Pimentel SatherGate Sibley Mulford StadiumRim Sproul Stephens SutardjaDai TangCenter Warren WooHonFai WestGate Soda1 Boalt1 Zellerbach Bechtel1 Cheit1 CalvinLaboratory1 Cory1 Dwinelle1 Giannini1 Etcheverry1 GreekTheatre1 Haste1 HearstMiningCircle1 LifeSciences1 McLaughlin1 Jacobs1 Hildebrand1 KrutchTheater1 Moses1 MLK1 Observatory1 SutardjaDai1 WestGate1 Stephens1 TangCenter1 Warren1 Soda
100
Zellerbach1 Zellerbach1
WooHonFai1 WooHonFai1
Bowles Bowles
Bechtel Bechtel
ClarkKerr ClarkKerr
Foothill Foothill
DoeLibrary DoeLibrary
Gilman Gilman
EdwardsStadium EdwardsStadium
HaasPavilion HaasPavilion
HearstFieldAnnex HearstFieldAnnex
Insectary Insectary
Hertz Hertz
McCone McCone
Koshland Koshland
LeConte LeConte
Morgan Morgan
MemorialStadium MemorialStadium
NorthGate NorthGate
Simon Simon
Stanley Stanley
Pitzer Pitzer
Tan Tan
Wellman Wellman
Wurster Wurster
Eshleman Eshleman
Evans Evans
Birge Birge
BarrowsHall BarrowsHall
BotanicalGarden BotanicalGarden
FoxCottage FoxCottage
GoldmanPlaza GoldmanPlaza
Blum Blum
Giauque Giauque
Greenhouse Greenhouse
CaliforniaHall CaliforniaHall
Chvez Chvez
Hargrove Hargrove
Chou Chou
HearstGymnasium HearstGymnasium
Campanile Campanile
Haviland Haviland
Cleary Cleary
Davis Davis
Hesse Hesse
HeatingPlant HeatingPlant
BancroftLibrary BancroftLibrary
Durant Durant
EastGate EastGate
Hilgard Hilgard
Kleeberger Kleeberger
Kroeber Kroeber
IshiCourt IshiCourt
Latimer Latimer
Lewis Lewis
LowerSproul LowerSproul
McEnerney McEnerney
Minor Minor
MemorialGlade MemorialGlade
Moffitt Moffitt
Morrison Morrison
OBrien OBrien
Pimentel Pimentel
SatherGate SatherGate
Sibley Sibley
Mulford Mulford
StadiumRim StadiumRim
Sproul Sproul
Stephens Stephens
SutardjaDai SutardjaDai
TangCenter TangCenter
Warren Warren
WooHonFai WooHonFai
WestGate WestGate
Soda1 Soda1
Boalt1 Boalt1
Zellerbach Zellerbach
Bechtel1 Bechtel1
Cheit1 Cheit1
CalvinLaboratory1 CalvinLaboratory1
Cory1 Cory1
Dwinelle1 Dwinelle1
Giannini1 Giannini1
Etcheverry1 Etcheverry1
GreekTheatre1 GreekTheatre1
Haste1 Haste1
HearstMiningCircle1 HearstMiningCircle1
LifeSciences1 LifeSciences1
McLaughlin1 McLaughlin1
Jacobs1 Jacobs1
Hildebrand1 Hildebrand1
KrutchTheater1 KrutchTheater1
Moses1 Moses1
MLK1 MLK1
Observatory1 Observatory1
SutardjaDai1 SutardjaDai1
WestGate1 WestGate1
Stephens1 Stephens1
TangCenter1 TangCenter1
Warren1 Warren1
