2 41 85 9 60 142 60 35 199 97 144 106 144 97 183 91 27 141 27 98 36 152 162 173 59 5 163 188 163 158 110 158 163 5 125 31 10 194 93 101 150 127 12 81 25 37 86 128 198 100 198 147 32 147 115 104 44 104 166 113 99 165 140 149 3 149 171 179 16 133 16 179 171 18 14 22 76 51 176 174 28 174 180 126 114 107 43 80 54 80 118 6 71 43 107 114 126 175 48 175 87 8 13 138 164 117 102 45 181 34 23 11 26 63 131 156 131 109 161 4 112 190 92 21 105 108 57 94 57 15 30 137 172 61 172 103 116 67 182 189 122 189 184 130 55 139 62 96 62 90 177 90 95 82 178 155 196 121 7 79 7 121 199 195 56 52 145 193 50 42 50 1 187 1 58 73 83 38 46 38 186 0 192 0 186 136 119 68 53 157 49 157 2
100
2 2
85 85
142 142
35 35
97 97
106 106
27 27
141 141
98 98
36 36
173 173
59 59
188 188
158 158
110 110
125 125
194 194
93 93
12 12
25 25
86 86
128 128
100 100
32 32
115 115
44 44
113 113
165 165
149 149
3 3
171 171
179 179
133 133
14 14
76 76
51 51
174 174
28 28
126 126
114 114
80 80
54 54
118 118
6 6
48 48
8 8
13 13
138 138
164 164
181 181
34 34
23 23
26 26
63 63
131 131
156 156
161 161
4 4
112 112
92 92
94 94
15 15
30 30
61 61
116 116
67 67
182 182
189 189
122 122
130 130
55 55
139 139
96 96
90 90
177 177
95 95
82 82
178 178
196 196
121 121
7 7
79 79
56 56
52 52
145 145
193 193
50 50
42 42
187 187
58 58
73 73
38 38
46 46
0 0
192 192
136 136
119 119
53 53
157 157
49 49
