99 4 99 35 95 9 72 71 27 71 72 45 25 45 19 26 19 40 78 29 0 29 78 39 93 30 75 5 32 37 28 37 36 21 98 79 10 22 7 34 47 48 33 2 8 17 43 58 23 24 1 15 14 15 88 11 42 11 68 96 82 46 41 54 76 81 12 81 31 38 33 16 63 49 63 18 61 3 13 3 20 3 6 89 44 89 99
50
4 4
35 35
9 9
27 27
45 45
25 25
19 19
26 26
40 40
29 29
0 0
39 39
30 30
5 5
32 32
37 37
28 28
36 36
21 21
10 10
22 22
7 7
34 34
47 47
48 48
33 33
2 2
8 8
17 17
43 43
23 23
24 24
1 1
15 15
14 14
11 11
42 42
46 46
41 41
12 12
31 31
38 38
16 16
49 49
18 18
3 3
13 13
20 20
6 6
44 44
