199 82 196 190 152 69 152 190 25 113 1 113 102 52 102 64 102 97 31 193 92 43 81 16 145 37 145 130 120 32 84 185 160 51 77 105 133 91 12 91 15 143 63 22 63 68 159 35 159 80 45 104 85 99 139 158 28 158 71 2 27 19 70 134 53 163 17 163 75 163 156 74 192 58 192 74 156 119 4 119 78 167 115 157 41 177 7 29 39 90 39 5 65 76 106 42 23 177 79 38 83 55 3 18 3 55 94 62 183 87 149 89 138 30 66 14 86 65 8 98 34 67 13 101 50 178 93 56 93 47 36 47 46 72 6 72 46 176 54 150 49 0 49 142 26 142 146 174 40 33 40 174 96 9 96 189 95 189 176 88 21 73 21 59 114 11 57 61 20 60 44 5 48 151 10 24 199
100
82 82
69 69
25 25
1 1
52 52
64 64
97 97
31 31
92 92
43 43
81 81
16 16
37 37
32 32
84 84
51 51
77 77
91 91
12 12
15 15
63 63
22 22
68 68
35 35
80 80
45 45
85 85
99 99
28 28
71 71
2 2
27 27
19 19
70 70
53 53
17 17
75 75
74 74
58 58
4 4
78 78
41 41
7 7
29 29
39 39
90 90
5 5
65 65
76 76
42 42
23 23
79 79
38 38
83 83
55 55
3 3
18 18
94 94
62 62
87 87
89 89
30 30
66 66
14 14
86 86
8 8
98 98
34 34
67 67
13 13
50 50
93 93
56 56
47 47
36 36
46 46
72 72
6 6
54 54
49 49
0 0
26 26
40 40
33 33
96 96
9 9
95 95
88 88
21 21
73 73
59 59
11 11
57 57
61 61
20 20
60 60
44 44
48 48
10 10
24 24
