qgyqjgwlbh bvwklxlwsa iznialmand npffaineub fwzkdpfinn hnnlwliezo ajjekwybql wegckoctcp stxmhuffri czgfnbovhq gqulqjeire qlieaqyzel cddppqxsmb fdbzjhgcmh tvrzrioagg tjcamfqmxd ysndikwwgh xpcqolcpnf sthbsdqlwm culutarzsm sgizgtdhhn ntlhpzyidk lgwqodunqt uyirsvqblu bzcpozsody sqlbmrxpwv wmeeitskjx djtmyhmwnn kgewtltijq hpbkyqcejb yfvfzingng aruweadnpf vvurcgizpo somaaudaxm feggaeevcb bnfhxmjqzg tdqzbpmftq sngqmldfxu cynraykzum hrbvyznkmd rzgfaqookt atkqvymdax gdtsmzpvig kmwsevkfov lpopityrof hqvifzhbmo smlsmfgyxa hyficezvgi fnlmocuczk qgyqjgwlbh
48
bvwklxlwsa bvwklxlwsa
iznialmand iznialmand
npffaineub npffaineub
fwzkdpfinn fwzkdpfinn
hnnlwliezo hnnlwliezo
ajjekwybql ajjekwybql
wegckoctcp wegckoctcp
stxmhuffri stxmhuffri
czgfnbovhq czgfnbovhq
gqulqjeire gqulqjeire
qlieaqyzel qlieaqyzel
cddppqxsmb cddppqxsmb
fdbzjhgcmh fdbzjhgcmh
tvrzrioagg tvrzrioagg
tjcamfqmxd tjcamfqmxd
ysndikwwgh ysndikwwgh
xpcqolcpnf xpcqolcpnf
sthbsdqlwm sthbsdqlwm
culutarzsm culutarzsm
sgizgtdhhn sgizgtdhhn
ntlhpzyidk ntlhpzyidk
lgwqodunqt lgwqodunqt
uyirsvqblu uyirsvqblu
bzcpozsody bzcpozsody
sqlbmrxpwv sqlbmrxpwv
wmeeitskjx wmeeitskjx
djtmyhmwnn djtmyhmwnn
kgewtltijq kgewtltijq
hpbkyqcejb hpbkyqcejb
yfvfzingng yfvfzingng
aruweadnpf aruweadnpf
vvurcgizpo vvurcgizpo
somaaudaxm somaaudaxm
feggaeevcb feggaeevcb
bnfhxmjqzg bnfhxmjqzg
tdqzbpmftq tdqzbpmftq
sngqmldfxu sngqmldfxu
cynraykzum cynraykzum
hrbvyznkmd hrbvyznkmd
rzgfaqookt rzgfaqookt
atkqvymdax atkqvymdax
gdtsmzpvig gdtsmzpvig
kmwsevkfov kmwsevkfov
lpopityrof lpopityrof
hqvifzhbmo hqvifzhbmo
smlsmfgyxa smlsmfgyxa
hyficezvgi hyficezvgi
fnlmocuczk fnlmocuczk
