Chelmbourne Edgwich Stapwang Casford Alfwell Marlton Alfwell Aldhall Egborne Alfcastle Barnham Alfcastle Whitavon Elside Stainfield Wenden Kingsbrook Dartsted Clerethorne Barnside Clerethorne Stapthorne Stapmoor Burchester Shrivside Southmere Stainhall Whitover Stainside Enbage Flitham Kingsley Flitham Shrivlow Durditch Hornley Barngrove Prestdon Barngrove Hartbage Bromgrove Stapwell Alfby Leatherlake Alfby Leatherlow Bracklow Pemwood Rocktree Whitborough Horndown Whitborough Rocktree Staflow Bursted Staflow Cleredon Wyhead Sodside Brainbridge Prestey Sudwich Enlow Cookton Horncester Edgchester Wenwang Sudworth Melborne Pemwold Melborne Egcastle Cookbridge Rocktree Hurstworth Waltbrook Stafthorne Staintree Elgrove Wenborough Elgrove Chelmbourne Shaftwich Chelmbourne
59
Edgwich Edgwich
Casford Casford
Alfwell Alfwell
Marlton Marlton
Aldhall Aldhall
Egborne Egborne
Barnham Barnham
Whitavon Whitavon
Elside Elside
Wenden Wenden
Dartsted Dartsted
Barnside Barnside
Stapthorne Stapthorne
Stapmoor Stapmoor
Shrivside Shrivside
Southmere Southmere
Stainhall Stainhall
Whitover Whitover
Stainside Stainside
Enbage Enbage
Flitham Flitham
Kingsley Kingsley
Shrivlow Shrivlow
Durditch Durditch
Hornley Hornley
Prestdon Prestdon
Hartbage Hartbage
Stapwell Stapwell
Alfby Alfby
Leatherlake Leatherlake
Leatherlow Leatherlow
Bracklow Bracklow
Pemwood Pemwood
Rocktree Rocktree
Whitborough Whitborough
Horndown Horndown
Staflow Staflow
Bursted Bursted
Cleredon Cleredon
Wyhead Wyhead
Sodside Sodside
Brainbridge Brainbridge
Prestey Prestey
Sudwich Sudwich
Enlow Enlow
Cookton Cookton
Horncester Horncester
Edgchester Edgchester
Wenwang Wenwang
Sudworth Sudworth
Pemwold Pemwold
Egcastle Egcastle
Cookbridge Cookbridge
Hurstworth Hurstworth
Waltbrook Waltbrook
Staintree Staintree
Elgrove Elgrove
Wenborough Wenborough
Shaftwich Shaftwich
