qtq zgs sfp rju uwp xos lah hxo ukh idl mbx hxp brk ooc tmd tro viv nhr slq wiq htv eqm htv jta rod hpb orc pkx nkx nhk bai fgo xax ooi uen ynq vlt ptq gup txk thz pwa udq tmc ahv krg kza qfc qbe mnv qbj dkn uoz wju xdz ahy thd jno uca qnn utd plx tnl nfy iuz bsz ili yiz rut pxs fsl ifc cnv zgf npu wpq vsu wuf rwt itg ase vaf zbn hhe rxi lnv qjm gak lxt egz vub cxu zqn cjp spp lfh cpw qlo qls pta pjx wuc uxr qtq
100
qtq qtq
zgs zgs
sfp sfp
rju rju
uwp uwp
xos xos
lah lah
hxo hxo
ukh ukh
idl idl
mbx mbx
hxp hxp
brk brk
ooc ooc
tmd tmd
tro tro
viv viv
nhr nhr
slq slq
wiq wiq
htv htv
eqm eqm
jta jta
rod rod
hpb hpb
orc orc
pkx pkx
nkx nkx
nhk nhk
bai bai
fgo fgo
xax xax
ooi ooi
ynq ynq
vlt vlt
ptq ptq
gup gup
txk txk
thz thz
pwa pwa
udq udq
tmc tmc
ahv ahv
krg krg
kza kza
qfc qfc
qbe qbe
mnv mnv
qbj qbj
dkn dkn
uoz uoz
wju wju
xdz xdz
ahy ahy
thd thd
jno jno
uca uca
qnn qnn
plx plx
tnl tnl
nfy nfy
iuz iuz
bsz bsz
ili ili
yiz yiz
rut rut
pxs pxs
fsl fsl
ifc ifc
cnv cnv
zgf zgf
npu npu
wpq wpq
vsu vsu
wuf wuf
rwt rwt
itg itg
ase ase
vaf vaf
zbn zbn
hhe hhe
rxi rxi
lnv lnv
qjm qjm
gak gak
lxt lxt
egz egz
vub vub
cxu cxu
zqn zqn
cjp cjp
spp spp
lfh lfh
cpw cpw
qlo qlo
qls qls
pta pta
pjx pjx
wuc wuc
uxr uxr
