FD AU AF GO HB HD AW BG DI GP DF GQ BC DZ CL GA AZ BN BE EJ DC FP EL ET AT HO AV EM FI ES GD CS GX GS AX FS DQ HR AK BZ EO GR FR GZ CT AL DH CW GF CI BQ EW GC HF FM HP DB AJ BM FT EY AD DK BK AM EK FO HC FJ EZ FY CF CC CB CO DN ER FN EX BF EG DA EN FV BA GN BO DP GK EE HH CG CA AN DU DM BT FU AC BV CK DE AG CU FD
100
AU AU
AF AF
GO GO
HB HB
HD HD
AW AW
BG BG
DI DI
GP GP
DF DF
GQ GQ
BC BC
DZ DZ
CL CL
GA GA
AZ AZ
BN BN
BE BE
EJ EJ
DC DC
FP FP
EL EL
ET ET
AT AT
HO HO
AV AV
EM EM
FI FI
ES ES
GD GD
CS CS
GX GX
GS GS
AX AX
FS FS
DQ DQ
HR HR
AK AK
BZ BZ
EO EO
GR GR
FR FR
GZ GZ
CT CT
DH DH
CW CW
GF GF
CI CI
BQ BQ
EW EW
GC GC
HF HF
FM FM
HP HP
DB DB
AJ AJ
BM BM
FT FT
EY EY
AD AD
DK DK
BK BK
AM AM
EK EK
FO FO
HC HC
FJ FJ
EZ EZ
FY FY
CF CF
CC CC
CB CB
CO CO
DN DN
ER ER
FN FN
EX EX
BF BF
EG EG
DA DA
EN EN
FV FV
BA BA
GN GN
BO BO
DP DP
GK GK
EE EE
HH HH
CG CG
CA CA
DU DU
DM DM
BT BT
FU FU
BV BV
CK CK
DE DE
AG AG
CU CU
