186 136 172 22 71 32 177 196 2 79 183 90 5 17 19 29 11 162 150 86 49 194 121 89 70 178 97 157 67 143 156 195 108 35 128 45 144 33 74 174 134 188 168 107 140 61 190 198 138 30 104 14 186
51
136 136
172 172
22 22
71 71
32 32
177 177
196 196
2 2
79 79
183 183
90 90
5 5
17 17
19 19
29 29
11 11
162 162
150 150
86 86
49 49
194 194
121 121
89 89
70 70
178 178
97 97
157 157
67 67
143 143
156 156
195 195
108 108
35 35
128 128
45 45
144 144
33 33
74 74
174 174
134 134
188 188
168 168
107 107
140 140
61 61
190 190
198 198
138 138
30 30
104 104
14 14
