Whitgrove Sodberling Bothenton Redwich Blansbrook Casbrook Redcombe Siey Wychchester Marlbrook Staindledown Endingnell Toddenmerbrough Horstleover Warsmith Horsnell Siavon Abgleham Sundlethorne Endleberey Reddingtree Eley Reddingtree Stapbrough Leatherport Alfmere Hamscombe Skelberden Sodport Durbrook Falderseythorne Penby Ciringnell Elside Wetsmith Warsmith Skellingover Candleswick Egton Melwood Suddenmoor Staincombe Suddenmoor Egmerhampton Suddenmoor Tippenbrook Marlbeck Enderbeck Sifield Abcester Ribenwell Rothingcombe Milthorne Whitringlake Falworth Elfield Wolley Stapbrook Wetwick Hampingbascombe Sirenshall Wychcompwold Skellenshot Cihead Shaftborough Hannersmith Worhall Reddendeney Prestwick Sundcompney Dartden Tippingbage Watchlake Farndlesover Watchlake Ketchester Staplow Ketnell Toddenmoor Ketnell Worrenberwang Bothenhall Dribberham Worford Rotherlow Wendleringdown Hamwold Bastlebury Rothendcombe Bastlebury Cannerthorne Waltbeck Hampingcastle Basditch Tippendham Emmerley Southbury Abglewold Farnditch Ribberrenston Southmere Egsted Marlcester Nortwell Todhampton Bootwick Wycastle Bromstanham Clereennell Botbeck Sundendford Chedworth Suddingover Ellerbridge Ketchester Boothingmanstree Faldenhall Wethampton Tipstoke Botenbrook Hampingworth Bursmith Dribblecombe Whitgrove
100
Whitgrove Whitgrove
Sodberling Sodberling
Bothenton Bothenton
Blansbrook Blansbrook
Casbrook Casbrook
Redcombe Redcombe
Siey Siey
Wychchester Wychchester
Marlbrook Marlbrook
Endingnell Endingnell
Horstleover Horstleover
Horsnell Horsnell
Siavon Siavon
Abgleham Abgleham
Sundlethorne Sundlethorne
Endleberey Endleberey
Eley Eley
Stapbrough Stapbrough
Leatherport Leatherport
Alfmere Alfmere
Skelberden Skelberden
Sodport Sodport
Durbrook Durbrook
Falderseythorne Falderseythorne
Penby Penby
Elside Elside
Wetsmith Wetsmith
Skellingover Skellingover
Candleswick Candleswick
Melwood Melwood
Suddenmoor Suddenmoor
Staincombe Staincombe
Egmerhampton Egmerhampton
Tippenbrook Tippenbrook
Enderbeck Enderbeck
Sifield Sifield
Abcester Abcester
Rothingcombe Rothingcombe
Milthorne Milthorne
Whitringlake Whitringlake
Falworth Falworth
Wolley Wolley
Wetwick Wetwick
Hampingbascombe Hampingbascombe
Sirenshall Sirenshall
Wychcompwold Wychcompwold
Skellenshot Skellenshot
Cihead Cihead
Shaftborough Shaftborough
Worhall Worhall
Reddendeney Reddendeney
Prestwick Prestwick
Dartden Dartden
Tippingbage Tippingbage
Watchlake Watchlake
Farndlesover Farndlesover
Ketchester Ketchester
Staplow Staplow
Ketnell Ketnell
Toddenmoor Toddenmoor
Worrenberwang Worrenberwang
Bothenhall Bothenhall
Dribberham Dribberham
Worford Worford
Rotherlow Rotherlow
Wendleringdown Wendleringdown
Hamwold Hamwold
Bastlebury Bastlebury
Rothendcombe Rothendcombe
Cannerthorne Cannerthorne
Waltbeck Waltbeck
Hampingcastle Hampingcastle
Basditch Basditch
Tippendham Tippendham
Emmerley Emmerley
Southbury Southbury
Abglewold Abglewold
Farnditch Farnditch
Ribberrenston Ribberrenston
Southmere Southmere
Egsted Egsted
Marlcester Marlcester
Nortwell Nortwell
Todhampton Todhampton
Bootwick Bootwick
Wycastle Wycastle
Bromstanham Bromstanham
Clereennell Clereennell
Botbeck Botbeck
Sundendford Sundendford
Chedworth Chedworth
Suddingover Suddingover
Ellerbridge Ellerbridge
Boothingmanstree Boothingmanstree
Faldenhall Faldenhall
Wethampton Wethampton
Tipstoke Tipstoke
Hampingworth Hampingworth
Bursmith Bursmith
Dribblecombe Dribblecombe
