Warfield Ketsmith Whitchester Ketsmith Pendingbrook Suddlecastle Pendingbrook Chiphead Elcompbridge Southbasport Chedderrenswich Cannerthorne Tipwick Ashborne Hannenmanswick Hamsling Soddlewick Cannerthorne Todtree Cicombe Hammenshead Bastleseyham Dribbingworth Leatherbleside Dribbingworth Worhall Barndberbrough Skellingden Dribblewick Windling Millendon Ashfield Ketport Suddleborne Cammerrensmoor Wyborne Cambingstoke Suddlecombe Ellingreham Suddlecombe Basringney Suddlecombe Chippingsted Botherseyworth Falport Pendlewood Horstlescompstoke Bothingney Worberbrook Stainbrough Ciditch Northall Ciditch Stainbrough Siringwang Chedtree Suddleover Chedtree Burglebrough Sudsmith Elmansham Skelling Hammerringey Chelmstanwell Brackcompwang Chilbury Warfield
50
Warfield Warfield
Whitchester Whitchester
Pendingbrook Pendingbrook
Suddlecastle Suddlecastle
Chiphead Chiphead
Southbasport Southbasport
Chedderrenswich Chedderrenswich
Tipwick Tipwick
Ashborne Ashborne
Hannenmanswick Hannenmanswick
Hamsling Hamsling
Soddlewick Soddlewick
Todtree Todtree
Cicombe Cicombe
Bastleseyham Bastleseyham
Dribbingworth Dribbingworth
Leatherbleside Leatherbleside
Worhall Worhall
Barndberbrough Barndberbrough
Skellingden Skellingden
Windling Windling
Millendon Millendon
Ashfield Ashfield
Ketport Ketport
Suddleborne Suddleborne
Cammerrensmoor Cammerrensmoor
Wyborne Wyborne
Cambingstoke Cambingstoke
Suddlecombe Suddlecombe
Ellingreham Ellingreham
Basringney Basringney
Chippingsted Chippingsted
Botherseyworth Botherseyworth
Falport Falport
Pendlewood Pendlewood
Horstlescompstoke Horstlescompstoke
Worberbrook Worberbrook
Stainbrough Stainbrough
Northall Northall
Siringwang Siringwang
Chedtree Chedtree
Suddleover Suddleover
Burglebrough Burglebrough
Sudsmith Sudsmith
Elmansham Elmansham
Skelling Skelling
Hammerringey Hammerringey
Chelmstanwell Chelmstanwell
Brackcompwang Brackcompwang
Chilbury Chilbury
