Hamsbourne Sundlechester Skelgrove Warrewick Skelgrove Sudbage Shaftthorne Camhampton Hartberbury Camhampton Enderton Dribstoke Endbeck Melshot Endbeck Dribstoke Rocklow Suddlebaschester Chilringfield Rotmerby Sunderborough Ciley Sunderborough Prestbourne Botherstanport Wolvencester Botherstanport Leatherblesley Sodderrenshead Leatherblesley Camswich Cimansbrough Wendleslake Boothenrensborough Candlesdon Boothenrensborough Wendleslake Stafdenbourne Chipsted Chipfield Hamperrehampton Chipfield Cammercastle Chipfield Hamsbourne
25
Sundlechester Sundlechester
Warrewick Warrewick
Sudbage Sudbage
Shaftthorne Shaftthorne
Camhampton Camhampton
Hartberbury Hartberbury
Enderton Enderton
Melshot Melshot
Rocklow Rocklow
Chilringfield Chilringfield
Rotmerby Rotmerby
Sunderborough Sunderborough
Ciley Ciley
Prestbourne Prestbourne
Wolvencester Wolvencester
Leatherblesley Leatherblesley
Sodderrenshead Sodderrenshead
Camswich Camswich
Cimansbrough Cimansbrough
Boothenrensborough Boothenrensborough
Candlesdon Candlesdon
Chipsted Chipsted
Chipfield Chipfield
Hamperrehampton Hamperrehampton
Cammercastle Cammercastle
