0 15 30 45 60 75 90 105 90 106 121 106 120 106 122 107 91 92 108 123 124 109 94 93 77 76 77 78 79 80 95 110 95 111 95 80 65 50 36 51 66 82 83 82 98 99 84 85 86 87 103 104 119 104 103 87 88 87 86 85 100 116 100 115 100 85 70 71 56 41 55 41 57 73 58 43 28 12 13 12 11 10 25 40 54 53 68 52 68 53 38 23 8 7 6 5 20 35 20 5 4 19 34 19 18 3 18 33 48 63 47 31 46 31 15 0
60
0 0
15 15
30 30
45 45
75 75
90 90
105 105
106 106
121 121
120 120
122 122
108 108
124 124
109 109
93 93
76 76
78 78
80 80
95 95
110 110
111 111
50 50
36 36
51 51
83 83
98 98
85 85
103 103
119 119
88 88
100 100
116 116
115 115
70 70
71 71
56 56
41 41
55 55
57 57
73 73
28 28
13 13
10 10
25 25
40 40
68 68
52 52
23 23
8 8
7 7
5 5
20 20
35 35
34 34
18 18
3 3
63 63
47 47
31 31
46 46
