0 49 77 50 157 70 155 28 103 170 146 19 91 63 74 64 58 99 197 186 78 81 121 20 22 31 48 199 176 26 196 179 180 106 69 12 10 100 25 156 168 125 133 83 14 4 14 104 119 117 130 87 159 102 108 120 194 163 175 17 85 160 145 166 8 39 151 178 193 24 126 111 149 111 51 79 96 95 29 47 67 44 182 32 75 42 109 9 65 173 89 184 128 134 36 137 35 138 27 185 5 38 6 116 98 56 139 18 0
100
49 49
77 77
50 50
157 157
70 70
155 155
28 28
103 103
170 170
146 146
19 19
91 91
63 63
74 74
64 64
58 58
99 99
197 197
186 186
78 78
81 81
121 121
20 20
22 22
31 31
48 48
199 199
176 176
26 26
196 196
179 179
180 180
106 106
69 69
12 12
10 10
100 100
25 25
156 156
168 168
125 125
133 133
83 83
14 14
4 4
104 104
119 119
117 117
130 130
87 87
159 159
102 102
108 108
120 120
194 194
163 163
175 175
17 17
85 85
160 160
145 145
166 166
39 39
151 151
178 178
193 193
24 24
126 126
111 111
149 149
51 51
79 79
96 96
95 95
47 47
67 67
44 44
182 182
32 32
75 75
42 42
109 109
9 9
65 65
173 173
89 89
184 184
128 128
134 134
36 36
137 137
138 138
27 27
185 185
38 38
6 6
116 116
98 98
139 139
18 18
