SantaClarita Reno Concord Reno PembrokePines Austin Indianapolis Stockton Pomona Allentown Omaha Ontario Boston Hartford LongBeach LouisvilleJefferson LexingtonFa SanDiego Paterson SanDiego Waco SanDiego StLouis SanDiego Stamford SanDiego Henderson Portland Visalia Sunnyvale Surprise WestValleyCity Washington RanchoCucamonga Brownsville Orlando LosAngeles OklahomaCity StPetersburg Newark Lafayette Alexandria Garland Worcester Fontana Fayetteville Independence SiouxFalls Scottsdale Bellevue Wichita Memphis Yonkers Thornton Midland Thornton Beaumont NewportNews FortWorth Huntsville Shreveport Victorville GardenGrove Carrollton SantaClarita
50
Concord Concord
PembrokePines PembrokePines
Austin Austin
Indianapolis Indianapolis
Stockton Stockton
Pomona Pomona
Allentown Allentown
Omaha Omaha
Ontario Ontario
Boston Boston
Hartford Hartford
LongBeach LongBeach
LouisvilleJefferson LouisvilleJefferson
LexingtonFa LexingtonFa
Paterson Paterson
Waco Waco
StLouis StLouis
Stamford Stamford
Henderson Henderson
Visalia Visalia
Sunnyvale Sunnyvale
Surprise Surprise
WestValleyCity WestValleyCity
Washington Washington
RanchoCucamonga RanchoCucamonga
Brownsville Brownsville
Orlando Orlando
LosAngeles LosAngeles
OklahomaCity OklahomaCity
StPetersburg StPetersburg
Newark Newark
Lafayette Lafayette
Alexandria Alexandria
Garland Garland
Worcester Worcester
Fayetteville Fayetteville
Independence Independence
SiouxFalls SiouxFalls
Scottsdale Scottsdale
Bellevue Bellevue
Wichita Wichita
Yonkers Yonkers
Midland Midland
Beaumont Beaumont
NewportNews NewportNews
Huntsville Huntsville
Shreveport Shreveport
Victorville Victorville
GardenGrove GardenGrove
Carrollton Carrollton
