Plano Rockford Riverside Tallahassee Hampton Miami Cincinnati Olathe Irvine LittleRock Irvine Fullerton AugustaRichmond HuntingtonBeach SimiValley Oski Dallas Hartford Mobile Hartford NewOrleans Surprise Greensboro Surprise Corona Brownsville Knoxville SanBernardino Madison Fremont SantaClarita CorpusChristi Spokane Pomona Houston SanAntonio NewHaven Davidson Salinas GardenGrove Philadelphia Anchorage Thornton Worcester Mesquite Joliet LasVegas Vallejo Jackson StLouis AnnArbor FortLauderdale Norfolk Reno LouisvilleJefferson Tulsa SantaAna SiouxFalls FortCollins SantaRosa Denton Chicago Raleigh Glendale Tampa ThousandOaks McAllen GrandPrairie Portland Tampa Laredo Shreveport Stamford Allentown Killeen SanJose Glasses Hollywood Akron Escondido LosAngeles Lincoln PembrokePines Lancaster Torrance Elizabeth Anaheim JerseyCity Pikachu Lafayette Huntsville Chesapeake OWO Chesapeake Wichita Waco Ontario Omaha Garland Atlanta Oxnard Atlanta Vancouver Beaumont Denver Hayward Mesa Charleston Memphis Montgomery MorenoValley Norman Sunnyvale Pasadena SanFrancisco Warren OklahomaCity Cary Amarillo Irving SantaClara Plano
100
Rockford Rockford
Riverside Riverside
Hampton Hampton
Miami Miami
Cincinnati Cincinnati
Olathe Olathe
Irvine Irvine
LittleRock LittleRock
AugustaRichmond AugustaRichmond
HuntingtonBeach HuntingtonBeach
SimiValley SimiValley
Dallas Dallas
Hartford Hartford
Mobile Mobile
NewOrleans NewOrleans
Surprise Surprise
Greensboro Greensboro
Corona Corona
Brownsville Brownsville
Knoxville Knoxville
SanBernardino SanBernardino
Madison Madison
Fremont Fremont
SantaClarita SantaClarita
CorpusChristi CorpusChristi
Pomona Pomona
Houston Houston
SanAntonio SanAntonio
NewHaven NewHaven
Davidson Davidson
Salinas Salinas
GardenGrove GardenGrove
Anchorage Anchorage
Thornton Thornton
Worcester Worcester
Mesquite Mesquite
LasVegas LasVegas
Vallejo Vallejo
StLouis StLouis
AnnArbor AnnArbor
FortLauderdale FortLauderdale
Norfolk Norfolk
LouisvilleJefferson LouisvilleJefferson
Tulsa Tulsa
SiouxFalls SiouxFalls
FortCollins FortCollins
SantaRosa SantaRosa
Denton Denton
Chicago Chicago
Raleigh Raleigh
Glendale Glendale
Tampa Tampa
ThousandOaks ThousandOaks
McAllen McAllen
GrandPrairie GrandPrairie
Portland Portland
Laredo Laredo
Stamford Stamford
Allentown Allentown
Killeen Killeen
SanJose SanJose
Glasses Glasses
Hollywood Hollywood
Akron Akron
Escondido Escondido
Lincoln Lincoln
Lancaster Lancaster
Torrance Torrance
Elizabeth Elizabeth
Anaheim Anaheim
JerseyCity JerseyCity
Pikachu Pikachu
Lafayette Lafayette
Huntsville Huntsville
OWO OWO
Wichita Wichita
Waco Waco
Ontario Ontario
Omaha Omaha
Garland Garland
Atlanta Atlanta
Oxnard Oxnard
Vancouver Vancouver
Beaumont Beaumont
Denver Denver
Hayward Hayward
Mesa Mesa
Charleston Charleston
Memphis Memphis
Montgomery Montgomery
MorenoValley MorenoValley
Norman Norman
Sunnyvale Sunnyvale
Pasadena Pasadena
SanFrancisco SanFrancisco
Warren Warren
OklahomaCity OklahomaCity
Cary Cary
Irving Irving
SantaClara SantaClara
