Waco SanAntonio MorenoValley OverlandPark SterlingHeights Palmdale FortCollins Victorville StPaul Victorville SanBernardino Stamford Cary Stamford Clarksville Palmdale FortWayne Palmdale LexingtonFa OWO AthensClarkeCounty SanFrancisco Richmond Aurora KansasCity Omaha KansasCity Lincoln Newark Lincoln Detroit Lincoln ChulaVista SantaClara Irving Oski Rochester SaltLakeCity AnnArbor OverlandPark Waco
25
SanAntonio SanAntonio
MorenoValley MorenoValley
SterlingHeights SterlingHeights
Palmdale Palmdale
FortCollins FortCollins
StPaul StPaul
SanBernardino SanBernardino
Stamford Stamford
Cary Cary
Clarksville Clarksville
FortWayne FortWayne
LexingtonFa LexingtonFa
OWO OWO
AthensClarkeCounty AthensClarkeCounty
SanFrancisco SanFrancisco
Richmond Richmond
Omaha Omaha
Lincoln Lincoln
Newark Newark
Detroit Detroit
ChulaVista ChulaVista
Irving Irving
Rochester Rochester
SaltLakeCity SaltLakeCity
AnnArbor AnnArbor
