13 182 117 140 181 170 138 186 189 164 116 104 188 158 195 151 171 197 184 196 136 155 103 162 133 130 114 194 128 149 192 157 183 166 126 131 179 180 174 193 120 143 107 176 187 135 172 156 122 121 108 152 198 163 106 102 125 123 137 111 145 127 109 118 190 175 110 185 177 142 146 154 153 150 169 119 191 168 124 113 141 144 167 115 147 178 100 134 160 173 161 159 165 101 139 112 105 129 199 132 148 13
100
182 182
117 117
140 140
181 181
170 170
138 138
186 186
189 189
164 164
116 116
104 104
188 188
158 158
195 195
151 151
171 171
197 197
184 184
196 196
136 136
155 155
103 103
162 162
133 133
130 130
114 114
194 194
128 128
149 149
192 192
157 157
183 183
166 166
126 126
131 131
179 179
180 180
174 174
193 193
120 120
143 143
107 107
176 176
187 187
135 135
172 172
156 156
122 122
121 121
108 108
152 152
198 198
163 163
106 106
102 102
125 125
123 123
137 137
111 111
145 145
127 127
109 109
118 118
190 190
175 175
110 110
185 185
177 177
142 142
146 146
154 154
153 153
150 150
169 169
119 119
191 191
168 168
124 124
113 113
141 141
144 144
167 167
115 115
147 147
178 178
100 100
134 134
160 160
173 173
161 161
159 159
165 165
101 101
139 139
112 112
105 105
129 129
199 199
132 132
148 148
