wNqlpYNsRbJEgiGpKxrU lbWonvEbeplndKguSTkk qfRRtdRbhYJBARMfPlZM eobSFtKBbBdcVrTOREdK UIlSMnVKIdNiXZNSiHsI fgzJCwocQniGlXAZHJId vIbIQYXZnmYrooTLYNtu EmbDgEECbkHbfAfHCgwB ihxEqMQIIvyQmtrtMjeO aGPbLNWYAMujnfHCTCMo kyApsCeFkLoLFCdkazaE gcXUxTVUZWsOwtRNeDDa imEmCMbYEtZJJkwxkSDD bEfUXCTlwRBndElSbPGf YTwycpmzEWCqqTELtzXc ANDviqMIuFwdcboQDprt juzxSpUVuccJUMBOcJjO EEeDJaHeajXXlwYcHTeJ efZntVbfQTvIUOiRNPSH shugRMnaHVqQSmKaNBgu NJZlnWyeJFrkOwoqHKtT nCedHqGgdWAicwyuYWpg VRpSthoDcomqMDsGoVql yscsUFTNNyaVMKBztBdV EhDFVLWZueLOrdjEOzEQ aIuYyryCOUGVeCAqbqkg syonLisTOSczosCwoILE kqcEdfKLaRzxOhAIzchh jznspKyqlmxZtgfQUJVB RlHeRhvUOhGhZVGGJuED eiLPqIroFfCGzqSAlzAp svUOWvTJLneAqJGnExpc oZXYedlbtBLmkfoVmgta joWAhkfNqIEECnBeulGl GMxGouyyndiUBMqMdOoc XvUPApTFkqaSSizYsCIr QyXpliHSeQOPIsurIcpa DpztIuGTRpGuLsdlODJw lSJjEsqamUCgRZdCmdyI edlAtPQdNXJQPCIzpkyX xgBrJmdXVwtxgRuCBhMe pzrGQEObzJGPnfATEYDc szyiMlKhtyOynWjcoMsm nreoVgWrBhNXFZgTBlXO QjbdwbUnopENkiNyqirZ DZEpVGVXkxHljziwItaS ADVVlRLpnspleRTgeTdu ndaHivGVVtIUvLiyUWcm ZauPfhkpsGmhbvkhkltR PZwTcKCPsEmpxetNZvef WMWBpOSnHGywZjCgaYyY XtZHoAxqEyzvMChzPHpN CbGuHgZfQMmSOfHDFJnK MBJqOYmxhUYbldNVEdRy hLaNXBYgTzgUhvjmqUTu UdSbtwxTqTJxOiUoxEqw eOfnBeTgmYCNEnRUhlEK KcrnMnFDTrBKaUaGpdLY fpoTaBKmVdlDCxFwCFoz FWnudSYFvYQJHehOpEKf umZXKcxkweEplHZdotgU oLMkSrYLQRLHmPiuLCTC pMOSpTzPTPLXHLOQMjnt XPPBMlNyfVVeZGIzTCEW jUSlIFtitQxyvVLJjiCc bFmSeBrfNuxjYPUDCLYq TEPaiCedHTXapLxoBXMp oHoxoLeyDYnKZDzgMtxI CvZkdIYtdeDHtwufupie ZXihCBEQBTdisqSlEMsj ayQgUwyRuQVKeyFLPNbQ gFUGYXSirCYiFTivWNah iVjkcMenotYGMFEBTvoa VIPPawblKbhOVWrmrWBx JVONrXhhmtFWhFfDiOXW scpUkbcaYSAsHhSktebT JvFxbsySBAiFiOUrzrBi NIJaJxCurulNUdZZMxFk erZKLqpCZsYKDnOCaBGq ccdJRKiTXwIErdhSIxfh HeWrJOKsDjgdrcamgZLN kwPuYZgJgVVJfdBGUtPw mgNeYYUOPKpLeiVEFIXd NtyLZDOaSczVvOGdocUp NYdfLxXxFVvLEbDKzXWn wlySPverjehsBxldyigf SitzoubgYFeTjmkLjVPz zHPSSEtFTQIbLYMdHqgP vTbNxpVTEoFlSjvvVvfG cMYyKTXGNKnFzrpwnXUl wuSVWJYvpiWaQAHXocSG cwgJAHVpCCTmuckJkncL lIpVoDPUIfHCPpjswogJ wfEFdNDcColoskjTjcLm QePOUWiXcAUCoHETxuGS gDYKDrbERUXTnCayjBrC qDLPWLkWayzdxIYSKLER ZwvojvRdUOYNJXIwAqgC eCBFrcppbiLzdGQubocl xlbpuxAjoVPJWPCWBEkJ zNRhhVdMWUgTnnqmAfeY QeYNNLpZMBxyiFbZMPFY wvSJDoqoPGAkYgSuPFPw NzDQJknJPDEkcwCHzzbF NPSPGRTNRcKKVpsBRSwh IvXQutSorlqOgnSVAIUd oKAKfpUUuLItChLyByFh igyeOiSdezmmXGTwMzLw lbWonvEbeplndKguSTkk wNqlpYNsRbJEgiGpKxrU
100
lbWonvEbeplndKguSTkk lbWonvEbeplndKguSTkk
qfRRtdRbhYJBARMfPlZM qfRRtdRbhYJBARMfPlZM
eobSFtKBbBdcVrTOREdK eobSFtKBbBdcVrTOREdK
UIlSMnVKIdNiXZNSiHsI UIlSMnVKIdNiXZNSiHsI
fgzJCwocQniGlXAZHJId fgzJCwocQniGlXAZHJId
vIbIQYXZnmYrooTLYNtu vIbIQYXZnmYrooTLYNtu
EmbDgEECbkHbfAfHCgwB EmbDgEECbkHbfAfHCgwB
ihxEqMQIIvyQmtrtMjeO ihxEqMQIIvyQmtrtMjeO
aGPbLNWYAMujnfHCTCMo aGPbLNWYAMujnfHCTCMo
kyApsCeFkLoLFCdkazaE kyApsCeFkLoLFCdkazaE
gcXUxTVUZWsOwtRNeDDa gcXUxTVUZWsOwtRNeDDa
imEmCMbYEtZJJkwxkSDD imEmCMbYEtZJJkwxkSDD
bEfUXCTlwRBndElSbPGf bEfUXCTlwRBndElSbPGf
YTwycpmzEWCqqTELtzXc YTwycpmzEWCqqTELtzXc
ANDviqMIuFwdcboQDprt ANDviqMIuFwdcboQDprt
juzxSpUVuccJUMBOcJjO juzxSpUVuccJUMBOcJjO
EEeDJaHeajXXlwYcHTeJ EEeDJaHeajXXlwYcHTeJ
efZntVbfQTvIUOiRNPSH efZntVbfQTvIUOiRNPSH
shugRMnaHVqQSmKaNBgu shugRMnaHVqQSmKaNBgu
NJZlnWyeJFrkOwoqHKtT NJZlnWyeJFrkOwoqHKtT
nCedHqGgdWAicwyuYWpg nCedHqGgdWAicwyuYWpg
VRpSthoDcomqMDsGoVql VRpSthoDcomqMDsGoVql
yscsUFTNNyaVMKBztBdV yscsUFTNNyaVMKBztBdV
EhDFVLWZueLOrdjEOzEQ EhDFVLWZueLOrdjEOzEQ
aIuYyryCOUGVeCAqbqkg aIuYyryCOUGVeCAqbqkg
syonLisTOSczosCwoILE syonLisTOSczosCwoILE
kqcEdfKLaRzxOhAIzchh kqcEdfKLaRzxOhAIzchh
jznspKyqlmxZtgfQUJVB jznspKyqlmxZtgfQUJVB
RlHeRhvUOhGhZVGGJuED RlHeRhvUOhGhZVGGJuED
eiLPqIroFfCGzqSAlzAp eiLPqIroFfCGzqSAlzAp
svUOWvTJLneAqJGnExpc svUOWvTJLneAqJGnExpc
oZXYedlbtBLmkfoVmgta oZXYedlbtBLmkfoVmgta
joWAhkfNqIEECnBeulGl joWAhkfNqIEECnBeulGl
GMxGouyyndiUBMqMdOoc GMxGouyyndiUBMqMdOoc
XvUPApTFkqaSSizYsCIr XvUPApTFkqaSSizYsCIr
QyXpliHSeQOPIsurIcpa QyXpliHSeQOPIsurIcpa
DpztIuGTRpGuLsdlODJw DpztIuGTRpGuLsdlODJw
lSJjEsqamUCgRZdCmdyI lSJjEsqamUCgRZdCmdyI
edlAtPQdNXJQPCIzpkyX edlAtPQdNXJQPCIzpkyX
xgBrJmdXVwtxgRuCBhMe xgBrJmdXVwtxgRuCBhMe
pzrGQEObzJGPnfATEYDc pzrGQEObzJGPnfATEYDc
szyiMlKhtyOynWjcoMsm szyiMlKhtyOynWjcoMsm
nreoVgWrBhNXFZgTBlXO nreoVgWrBhNXFZgTBlXO
QjbdwbUnopENkiNyqirZ QjbdwbUnopENkiNyqirZ
DZEpVGVXkxHljziwItaS DZEpVGVXkxHljziwItaS
ADVVlRLpnspleRTgeTdu ADVVlRLpnspleRTgeTdu
ZauPfhkpsGmhbvkhkltR ZauPfhkpsGmhbvkhkltR
PZwTcKCPsEmpxetNZvef PZwTcKCPsEmpxetNZvef
WMWBpOSnHGywZjCgaYyY WMWBpOSnHGywZjCgaYyY
XtZHoAxqEyzvMChzPHpN XtZHoAxqEyzvMChzPHpN
CbGuHgZfQMmSOfHDFJnK CbGuHgZfQMmSOfHDFJnK
MBJqOYmxhUYbldNVEdRy MBJqOYmxhUYbldNVEdRy
hLaNXBYgTzgUhvjmqUTu hLaNXBYgTzgUhvjmqUTu
UdSbtwxTqTJxOiUoxEqw UdSbtwxTqTJxOiUoxEqw
eOfnBeTgmYCNEnRUhlEK eOfnBeTgmYCNEnRUhlEK
KcrnMnFDTrBKaUaGpdLY KcrnMnFDTrBKaUaGpdLY
fpoTaBKmVdlDCxFwCFoz fpoTaBKmVdlDCxFwCFoz
FWnudSYFvYQJHehOpEKf FWnudSYFvYQJHehOpEKf
oLMkSrYLQRLHmPiuLCTC oLMkSrYLQRLHmPiuLCTC
pMOSpTzPTPLXHLOQMjnt pMOSpTzPTPLXHLOQMjnt
XPPBMlNyfVVeZGIzTCEW XPPBMlNyfVVeZGIzTCEW
jUSlIFtitQxyvVLJjiCc jUSlIFtitQxyvVLJjiCc
bFmSeBrfNuxjYPUDCLYq bFmSeBrfNuxjYPUDCLYq
TEPaiCedHTXapLxoBXMp TEPaiCedHTXapLxoBXMp
oHoxoLeyDYnKZDzgMtxI oHoxoLeyDYnKZDzgMtxI
CvZkdIYtdeDHtwufupie CvZkdIYtdeDHtwufupie
ZXihCBEQBTdisqSlEMsj ZXihCBEQBTdisqSlEMsj
ayQgUwyRuQVKeyFLPNbQ ayQgUwyRuQVKeyFLPNbQ
VIPPawblKbhOVWrmrWBx VIPPawblKbhOVWrmrWBx
JVONrXhhmtFWhFfDiOXW JVONrXhhmtFWhFfDiOXW
scpUkbcaYSAsHhSktebT scpUkbcaYSAsHhSktebT
JvFxbsySBAiFiOUrzrBi JvFxbsySBAiFiOUrzrBi
NIJaJxCurulNUdZZMxFk NIJaJxCurulNUdZZMxFk
erZKLqpCZsYKDnOCaBGq erZKLqpCZsYKDnOCaBGq
ccdJRKiTXwIErdhSIxfh ccdJRKiTXwIErdhSIxfh
HeWrJOKsDjgdrcamgZLN HeWrJOKsDjgdrcamgZLN
kwPuYZgJgVVJfdBGUtPw kwPuYZgJgVVJfdBGUtPw
mgNeYYUOPKpLeiVEFIXd mgNeYYUOPKpLeiVEFIXd
NtyLZDOaSczVvOGdocUp NtyLZDOaSczVvOGdocUp
NYdfLxXxFVvLEbDKzXWn NYdfLxXxFVvLEbDKzXWn
wlySPverjehsBxldyigf wlySPverjehsBxldyigf
SitzoubgYFeTjmkLjVPz SitzoubgYFeTjmkLjVPz
zHPSSEtFTQIbLYMdHqgP zHPSSEtFTQIbLYMdHqgP
vTbNxpVTEoFlSjvvVvfG vTbNxpVTEoFlSjvvVvfG
cMYyKTXGNKnFzrpwnXUl cMYyKTXGNKnFzrpwnXUl
wuSVWJYvpiWaQAHXocSG wuSVWJYvpiWaQAHXocSG
cwgJAHVpCCTmuckJkncL cwgJAHVpCCTmuckJkncL
wfEFdNDcColoskjTjcLm wfEFdNDcColoskjTjcLm
QePOUWiXcAUCoHETxuGS QePOUWiXcAUCoHETxuGS
gDYKDrbERUXTnCayjBrC gDYKDrbERUXTnCayjBrC
ZwvojvRdUOYNJXIwAqgC ZwvojvRdUOYNJXIwAqgC
xlbpuxAjoVPJWPCWBEkJ xlbpuxAjoVPJWPCWBEkJ
zNRhhVdMWUgTnnqmAfeY zNRhhVdMWUgTnnqmAfeY
QeYNNLpZMBxyiFbZMPFY QeYNNLpZMBxyiFbZMPFY
wvSJDoqoPGAkYgSuPFPw wvSJDoqoPGAkYgSuPFPw
NzDQJknJPDEkcwCHzzbF NzDQJknJPDEkcwCHzzbF
NPSPGRTNRcKKVpsBRSwh NPSPGRTNRcKKVpsBRSwh
IvXQutSorlqOgnSVAIUd IvXQutSorlqOgnSVAIUd
oKAKfpUUuLItChLyByFh oKAKfpUUuLItChLyByFh
igyeOiSdezmmXGTwMzLw igyeOiSdezmmXGTwMzLw
