0 60 44 96 56 67 27 62 9 41 18 33 42 28 14 4 87 94 15 32 17 22 21 99 65 31 97 92 88 29 72 66 82 71 30 63 12 50 8 3 52 64 81 2 68 46 7 85 73 53 49 91 40 24 83 59 43 76 13 74 69 34 11 47 61 35 70 38 84 90 55 51 78 57 10 86 19 36 75 20 93 23 25 98 26 6 5 45 95 39 1 48 37 16 80 77 89 100 79 54 58 0
100
60 60
44 44
96 96
56 56
67 67
27 27
62 62
9 9
41 41
18 18
33 33
42 42
28 28
14 14
4 4
87 87
94 94
15 15
32 32
17 17
22 22
21 21
99 99
65 65
31 31
97 97
92 92
88 88
29 29
72 72
66 66
82 82
71 71
30 30
63 63
12 12
50 50
8 8
3 3
52 52
64 64
81 81
2 2
68 68
46 46
7 7
85 85
73 73
53 53
49 49
91 91
40 40
24 24
83 83
59 59
43 43
76 76
13 13
74 74
69 69
34 34
11 11
47 47
61 61
35 35
70 70
38 38
84 84
90 90
55 55
51 51
78 78
57 57
10 10
86 86
19 19
36 36
75 75
20 20
93 93
23 23
25 25
98 98
26 26
6 6
5 5
45 45
95 95
39 39
1 1
48 48
37 37
16 16
80 80
77 77
89 89
100 100
79 79
54 54
58 58
