Soda woolf winifred danyal rosen berit chloe alvin yip caroline daniel juliann lo roshan kevin ruhi eshaan annie vilaythong djajadi andrew sarina rabie ian walsh aidan meghan castro singhal connor ritter ashley shah massachusetts amanda sunny lewke tamara jarrett krishnan garcia shen sriram rob golden noor martinez davis garbers patagonia grace Soda
50
woolf woolf
winifred winifred
danyal danyal
rosen rosen
berit berit
chloe chloe
alvin alvin
yip yip
caroline caroline
daniel daniel
juliann juliann
lo lo
roshan roshan
kevin kevin
ruhi ruhi
eshaan eshaan
annie annie
vilaythong vilaythong
djajadi djajadi
andrew andrew
sarina sarina
rabie rabie
ian ian
walsh walsh
aidan aidan
meghan meghan
castro castro
singhal singhal
connor connor
ritter ritter
ashley ashley
shah shah
massachusetts massachusetts
amanda amanda
sunny sunny
lewke lewke
tamara tamara
jarrett jarrett
krishnan krishnan
garcia garcia
shen shen
sriram sriram
rob rob
golden golden
noor noor
martinez martinez
davis davis
garbers garbers
patagonia patagonia
grace grace
