Soda lindsey chase george sophia danyal evan lewke william nichole ohio hanlon franco logan patagonia rouzbahani gregory berit ashley caroline andrew tyler weaver xin subbaraj vilaythong angelis saurav singhal wu charles mack bears scott ellen winifred singorahardjo hari zou soman liang barth erika annie umar kanika krista sun krishnan djajadi amanda mittal chen ravi aanika ani ahluwalia greg maya connor eshaan celine oscar chung wong maniku ritter du massachusetts adhikiari grace srivastava cal rob daniel ruhi wyatt kaur kevin devesh brett parham sunny chloe doshi alvin olivia zhou king emily gobears lebron yip shah ishaan zhifei srinivasan jacob melissa vikram li Soda
100
lindsey lindsey
chase chase
george george
sophia sophia
danyal danyal
evan evan
lewke lewke
william william
nichole nichole
ohio ohio
hanlon hanlon
franco franco
logan logan
patagonia patagonia
rouzbahani rouzbahani
gregory gregory
berit berit
ashley ashley
caroline caroline
andrew andrew
tyler tyler
weaver weaver
xin xin
subbaraj subbaraj
vilaythong vilaythong
angelis angelis
saurav saurav
singhal singhal
wu wu
charles charles
mack mack
bears bears
scott scott
ellen ellen
winifred winifred
singorahardjo singorahardjo
hari hari
zou zou
soman soman
liang liang
barth barth
erika erika
annie annie
umar umar
kanika kanika
krista krista
sun sun
krishnan krishnan
djajadi djajadi
amanda amanda
mittal mittal
chen chen
ravi ravi
aanika aanika
ani ani
ahluwalia ahluwalia
greg greg
maya maya
connor connor
eshaan eshaan
celine celine
oscar oscar
chung chung
wong wong
maniku maniku
ritter ritter
du du
massachusetts massachusetts
adhikiari adhikiari
grace grace
srivastava srivastava
cal cal
rob rob
daniel daniel
ruhi ruhi
wyatt wyatt
kaur kaur
kevin kevin
devesh devesh
brett brett
parham parham
sunny sunny
chloe chloe
doshi doshi
alvin alvin
olivia olivia
zhou zhou
king king
emily emily
gobears gobears
lebron lebron
yip yip
shah shah
ishaan ishaan
zhifei zhifei
srinivasan srinivasan
jacob jacob
melissa melissa
vikram vikram
li li
