LesLilas AinBessem Aracuai Zhaodong Geiro CapimGrosso MonteAlegre Kondrovo Kaifeng Butuan SantanadoLivramento SaintCyrlEcole Haora SenadorPompeu Sobue Acireale Ontinyent Vyazniki Skelmersdale FortWorth Langenhorn Arzamas Shimofurano Prostejov Vaniyambadi Yafo Shieli Mocoa Fuxin Nagar FetestiGara Garbsen Rivas Twante SenaMadureira Tabou Embu WestIslip Mauban Akcaabat Acarau HaciendaLaCalera Sosnovka Daokou Hangu Gowurdak EastLongmeadow Wangon Shchekino Espiye Shchekino AshtonunderLyne MineralnyeVody TagbilaranCity Hirosaki Ibirataia Izhevsk KotRadhaKishan VillaPauladeSarmient Pozzuoli Haripur Khulm Anjarah Oerlinghausen Belalcazar Pezinok Angleton Braila Bury PriegodeCordoba Turek MadinatHamad AinArnat Battambang PortoVelho Rhondda Mabopane Baramula Sorada Escada Kairouan Johnston Wenchi Itororo Ortaca Morwa Korsakov NahiyatashShinafiyah Gorgan Manacapuru Shurugwi Kemise SouthSaintPaul Gunzenhausen Kineshma SpanishTown Lloydminster GuaMusang Andrychow SanJuandelaMaguana NoblePark Kotka BlueIsland ChalcodeDiazCovarrub Kambove LesLilas
100
AinBessem AinBessem
Aracuai Aracuai
Zhaodong Zhaodong
CapimGrosso CapimGrosso
MonteAlegre MonteAlegre
Kaifeng Kaifeng
Butuan Butuan
SantanadoLivramento SantanadoLivramento
SaintCyrlEcole SaintCyrlEcole
Haora Haora
SenadorPompeu SenadorPompeu
Sobue Sobue
Acireale Acireale
Ontinyent Ontinyent
Vyazniki Vyazniki
Skelmersdale Skelmersdale
FortWorth FortWorth
Langenhorn Langenhorn
Arzamas Arzamas
Shimofurano Shimofurano
Prostejov Prostejov
Vaniyambadi Vaniyambadi
Yafo Yafo
Shieli Shieli
Mocoa Mocoa
Fuxin Fuxin
Nagar Nagar
FetestiGara FetestiGara
Garbsen Garbsen
Rivas Rivas
Twante Twante
SenaMadureira SenaMadureira
Tabou Tabou
Embu Embu
WestIslip WestIslip
Akcaabat Akcaabat
Acarau Acarau
HaciendaLaCalera HaciendaLaCalera
Sosnovka Sosnovka
Daokou Daokou
Hangu Hangu
Gowurdak Gowurdak
EastLongmeadow EastLongmeadow
Wangon Wangon
Shchekino Shchekino
Espiye Espiye
AshtonunderLyne AshtonunderLyne
MineralnyeVody MineralnyeVody
TagbilaranCity TagbilaranCity
Hirosaki Hirosaki
Ibirataia Ibirataia
Izhevsk Izhevsk
KotRadhaKishan KotRadhaKishan
VillaPauladeSarmient VillaPauladeSarmient
Pozzuoli Pozzuoli
Haripur Haripur
Khulm Khulm
Anjarah Anjarah
Oerlinghausen Oerlinghausen
Belalcazar Belalcazar
Pezinok Pezinok
Angleton Angleton
Braila Braila
Bury Bury
PriegodeCordoba PriegodeCordoba
Turek Turek
MadinatHamad MadinatHamad
AinArnat AinArnat
Battambang Battambang
PortoVelho PortoVelho
Rhondda Rhondda
Mabopane Mabopane
Baramula Baramula
Sorada Sorada
Escada Escada
Kairouan Kairouan
Johnston Johnston
Wenchi Wenchi
Itororo Itororo
Ortaca Ortaca
Morwa Morwa
Korsakov Korsakov
NahiyatashShinafiyah NahiyatashShinafiyah
Gorgan Gorgan
Manacapuru Manacapuru
Shurugwi Shurugwi
Kemise Kemise
SouthSaintPaul SouthSaintPaul
Gunzenhausen Gunzenhausen
Kineshma Kineshma
SpanishTown SpanishTown
Lloydminster Lloydminster
GuaMusang GuaMusang
Andrychow Andrychow
SanJuandelaMaguana SanJuandelaMaguana
NoblePark NoblePark
Kotka Kotka
BlueIsland BlueIsland
ChalcodeDiazCovarrub ChalcodeDiazCovarrub
Kambove Kambove
