Kaimganj Leixlip Isakogorka Yucheng Mesa EncarnaciondeDiaz Kansk PinhalNovo Racine Gobo Albi Karasuyama Tsukawaki Novopokrovskaya Anahuac MilpaAlta MontecatiniTerme Dankov Narangba GobernadorGalvez Tocache Fandriana Korolev Tsirang Brecht Norristown Pilibhit Irvine Pilibhit Fagaras Kaimganj
25
Leixlip Leixlip
Isakogorka Isakogorka
Yucheng Yucheng
EncarnaciondeDiaz EncarnaciondeDiaz
PinhalNovo PinhalNovo
Racine Racine
Gobo Gobo
Albi Albi
Karasuyama Karasuyama
Tsukawaki Tsukawaki
Novopokrovskaya Novopokrovskaya
Anahuac Anahuac
MilpaAlta MilpaAlta
MontecatiniTerme MontecatiniTerme
Dankov Dankov
Narangba Narangba
GobernadorGalvez GobernadorGalvez
Tocache Tocache
Fandriana Fandriana
Korolev Korolev
Tsirang Tsirang
Brecht Brecht
Pilibhit Pilibhit
Irvine Irvine
Fagaras Fagaras
