EFLJOTk 0e 9PHu2NLeEO 1p3lWfo8qHHC 8I1AatPM Kpec S5 JQX0b 4W I0a5SBtiDKckQxXh155L QyWIcdD7GorZtfQJb r5x AUKNFdTo fMV6tQxP tZ 13GDMZYtkIBDG8SVi5px cPnISetFj7gG8o9K qKAN35ZxfJxs2n K6 6mx6unEnl Xn8chReB4cAIE2gsbLF 7F9H97joVTdU8ZEpeb fgxHyKXvIAKSHtMEoO Tb5qjVS0DSkDKD q9b8L0oiOJr IRUxJNqQHDtKwk SoHxfA vngV9R4 EJOi3LI92xJB 4pWeD5 mQzeU6iv7 EFLJOTk
30
0e 0e
9PHu2NLeEO 9PHu2NLeEO
1p3lWfo8qHHC 1p3lWfo8qHHC
8I1AatPM 8I1AatPM
Kpec Kpec
S5 S5
JQX0b JQX0b
4W 4W
I0a5SBtiDKckQxXh155L I0a5SBtiDKckQxXh155L
QyWIcdD7GorZtfQJb QyWIcdD7GorZtfQJb
r5x r5x
AUKNFdTo AUKNFdTo
fMV6tQxP fMV6tQxP
tZ tZ
13GDMZYtkIBDG8SVi5px 13GDMZYtkIBDG8SVi5px
cPnISetFj7gG8o9K cPnISetFj7gG8o9K
qKAN35ZxfJxs2n qKAN35ZxfJxs2n
K6 K6
6mx6unEnl 6mx6unEnl
Xn8chReB4cAIE2gsbLF Xn8chReB4cAIE2gsbLF
7F9H97joVTdU8ZEpeb 7F9H97joVTdU8ZEpeb
fgxHyKXvIAKSHtMEoO fgxHyKXvIAKSHtMEoO
Tb5qjVS0DSkDKD Tb5qjVS0DSkDKD
q9b8L0oiOJr q9b8L0oiOJr
IRUxJNqQHDtKwk IRUxJNqQHDtKwk
SoHxfA SoHxfA
vngV9R4 vngV9R4
EJOi3LI92xJB EJOi3LI92xJB
4pWeD5 4pWeD5
mQzeU6iv7 mQzeU6iv7
