lyenDXSN BR hU vJxAK1LaHyuu4yFNeul KtvQaJqCJTRpXM8ZI CmV L 61 zI 7Q vAIBd1Ae nqeGwct f l hjCFXN9kbqn0UCNsZ G50hiUpVStHCMrd frNA534JEvY4f nWkakNi6Qt9d4g o3refHnx4qioqHztqMYE zzYmU5YFhvp1 M1PxrOPSNUVpc akZmiQ7tmX jvdVvQ VNvsbB7eWJcAK0fU cYPTdnJWL wcmx8dhmsO K0A9bbVLm9atwTf HwQeXpOEZHQ3s hVfqebryM4wN A67f Plmj0j MBLHuIgjJIXs GPeb ImSpax 2AR73oQdnbYqnDCGMFS llx2p lt1a5E0H 6DVIvuGfPs2BU Mu 6yeW7sat9rvd wBJRoqVxn1t lyenDXSN
40
BR BR
hU hU
vJxAK1LaHyuu4yFNeul vJxAK1LaHyuu4yFNeul
KtvQaJqCJTRpXM8ZI KtvQaJqCJTRpXM8ZI
CmV CmV
L L
61 61
zI zI
7Q 7Q
vAIBd1Ae vAIBd1Ae
nqeGwct nqeGwct
f f
l l
hjCFXN9kbqn0UCNsZ hjCFXN9kbqn0UCNsZ
G50hiUpVStHCMrd G50hiUpVStHCMrd
frNA534JEvY4f frNA534JEvY4f
nWkakNi6Qt9d4g nWkakNi6Qt9d4g
o3refHnx4qioqHztqMYE o3refHnx4qioqHztqMYE
zzYmU5YFhvp1 zzYmU5YFhvp1
M1PxrOPSNUVpc M1PxrOPSNUVpc
akZmiQ7tmX akZmiQ7tmX
jvdVvQ jvdVvQ
VNvsbB7eWJcAK0fU VNvsbB7eWJcAK0fU
cYPTdnJWL cYPTdnJWL
wcmx8dhmsO wcmx8dhmsO
K0A9bbVLm9atwTf K0A9bbVLm9atwTf
HwQeXpOEZHQ3s HwQeXpOEZHQ3s
hVfqebryM4wN hVfqebryM4wN
A67f A67f
Plmj0j Plmj0j
MBLHuIgjJIXs MBLHuIgjJIXs
GPeb GPeb
ImSpax ImSpax
2AR73oQdnbYqnDCGMFS 2AR73oQdnbYqnDCGMFS
llx2p llx2p
lt1a5E0H lt1a5E0H
6DVIvuGfPs2BU 6DVIvuGfPs2BU
Mu Mu
6yeW7sat9rvd 6yeW7sat9rvd
wBJRoqVxn1t wBJRoqVxn1t
