2 179 49 73 125 51 23 129 191 85 111 133 137 89 143 121 45 189 37 81 53 93 31 11 139 17 199 161 29 131 27 35 63 36 141 36 59 109 175 87 7 151 99 105 10 39 95 15 41 83 157 79 21 167 145 103 61 43 97 135 69 113 195 71 197 52 163 8 173 25 159 185 3 47 107 155 5 187 77 65 165 38 117 38 13 28 193 177 4 127 1 149 1 147 153 119 57 75 115 183 171 19 55 33 101 123 67 34 91 181 169 9 2
100
179 179
49 49
73 73
125 125
51 51
23 23
129 129
191 191
85 85
111 111
133 133
137 137
89 89
143 143
121 121
45 45
189 189
37 37
81 81
53 53
93 93
31 31
11 11
139 139
17 17
199 199
161 161
29 29
131 131
27 27
35 35
63 63
141 141
59 59
109 109
175 175
87 87
7 7
151 151
99 99
105 105
39 39
95 95
15 15
41 41
83 83
157 157
79 79
21 21
167 167
145 145
103 103
61 61
43 43
97 97
135 135
69 69
113 113
195 195
71 71
197 197
163 163
173 173
25 25
159 159
185 185
3 3
47 47
107 107
155 155
5 5
187 187
77 77
65 65
165 165
117 117
13 13
193 193
177 177
127 127
1 1
149 149
147 147
153 153
119 119
57 57
75 75
115 115
183 183
171 171
19 19
55 55
33 33
101 101
123 123
67 67
91 91
181 181
169 169
9 9
