0 1 3 1 6 7 6 11 12 13 11 14 11 16 17 16 19 16 21 25 24 21 22 21 26 29 30 26 27 26 32 31 37 36 39 36 42 41 46 51 57 58 56 60 59 56 61 63 62 61 64 65 61 66 68 66 70 66 71 74 75 71 73 72 71 76 79 80 76 78 76 81 84 81 83 82 81 87 81 76 71 66 61 56 57 51 53 52 51 46 47 48 46 41 44 41 42 36 38 37 31 34 35 31 33 32 26 21 16 11 6 1 0 198 197 196 191 192 186 181 183 181 184 185 181 176 171 166 167 161 165 164 161 163 162 156 159 156 151 155 151 153 152 151 146 149 146 141 144 145 141 143 142 141 136 140 139 136 137 138 136 131 135 131 126 127 121 122 121 116 111 113 112 106 101 105 104 101 103 102 101 96 91 94 95 91 93 92 86 90 86 92 91 96 97 98 96 100 99 96 101 106 109 106 108 107 106 112 111 114 111 116 118 116 121 127 128 126 129 130 126 131 136 141 146 151 156 162 161 167 166 169 170 166 171 173 171 176 179 180 176 181 186 187 186 189 186 192 193 191 195 191 196 197 198 0
100
3 3
7 7
12 12
13 13
14 14
17 17
19 19
25 25
24 24
22 22
29 29
30 30
27 27
32 32
39 39
42 42
58 58
60 60
59 59
63 63
62 62
64 64
65 65
68 68
70 70
74 74
75 75
73 73
72 72
79 79
80 80
78 78
84 84
83 83
82 82
87 87
53 53
52 52
47 47
48 48
44 44
38 38
34 34
35 35
33 33
192 192
183 183
184 184
185 185
165 165
164 164
163 163
162 162
159 159
155 155
153 153
152 152
149 149
144 144
145 145
143 143
142 142
140 140
139 139
137 137
138 138
135 135
127 127
122 122
113 113
112 112
105 105
104 104
103 103
102 102
94 94
95 95
93 93
90 90
97 97
98 98
100 100
99 99
109 109
108 108
107 107
114 114
118 118
128 128
129 129
130 130
169 169
170 170
173 173
179 179
180 180
187 187
189 189
193 193
195 195
