ZtfcEeD9 lwKMUcFL lWuh5cH8 uEOMgmS6 7VEdC8Bn KZzTlcqA KbQF6Z1I VgwgAKMz FqE4GP0Y Wznv2rRv FqE4GP0Y bKTzHQn4 TNblhkGK WOQy49Fo Fj27Gybu 4FNIiWtX aDGqWHym yptfWPBC HTyyntxa wZJN4OBT 12RjOKOH 62Mn9lau o4xf7nVd BOlNhFGU gKOyNQPh aWGQETjI mlHu9OVg ZS8CQaI7 lqKnzPvP RjDUex61 IZjIq9He xzWL2Pp8 B65DnegI xzWL2Pp8 tCAdUY4B JfDq1Cs2 m9MRh7a0 91Uq51QB 7czjmzr9 7Xy44hse mSd4Nw6v 9FVeC0va ciNFdHxl 9FVeC0va Zy3im4wi U7cZo0h2 wusYsf5E U7cZo0h2 dzvtjag1 NSdaWdL7 SG64DwCC c6ZWTltk 04vrMVdi WvzZeqnS O5yBujnu WvzZeqnS IdGLl1to PMzcqvQL W7b2i2pG BkhTgoaJ CIF8DWXL FgxkC8N1 ZCQYXo7t 8avKqSxh FGbFUcoj poaWnZDO 80BwLCcj kTn5Wdms xRPgtW5C kTn5Wdms X4DALK1Z Rd2M5nw8 OJgw7XgR Rd2M5nw8 NgGjr3Ik qnVestAH PLFYaVF6 FdbcCrtB GZiGmLq9 fa3ra0T7 Ah46Ofm8 1dr1nBQ7 ijk5cHsH 8LVjFaQv 1Xrx7hj3 Q7hUKAHQ bUsapUoo aSd01nMZ 3L2NkWiR zpLQ0R0G RleTQaHw oECxPSEB gX4kBNm4 CBKWpDQv y7NjqOqM svPb07cv y7NjqOqM WOCLylig ZmF2u9Cy mrK2EXuk ca785uLx EB4WBsTV VDai7XkI hBRDGWam Pz0LLMil cZyhnB0I 3MYamZSb VDai7XkI uMuBYvMK SdpsKJEm NpH6Hpsr jKNn1ZQ1 CGddIqkC qtXV58SN eF0ueRyu dB8nWjnw 1gtWVzKV xkCjqYXa Tb8W969R 7P5zi9hu yRH0nOtz bJ22zvWV WPOgjVLu jKNn1ZQ1 NpH6Hpsr AmaYXBsi 0MyIUMFM n0riP8Jl w0QWGw2L xI4hMIxA J2tz5Jy2 LvdUl8D5 d5gzYuse LvdUl8D5 J2tz5Jy2 2KepLMXB J2tz5Jy2 8Rfeklr1 eFJgi8X6 sFR9mcaG uYGlfCi2 1FIjcsO2 ntaFp6yn VqqukjeY EAWv9kfQ wZJN4OBT kMauNR5Y gmal2HHS zvH4AKmS 43ehQX6O YWqBlkAs eJJL3lWa CxnbNU8s 4pgwpiHi miUcr0K7 4pgwpiHi 6MPulFAv nFqouQp3 rbWYBihd nFqouQp3 6MPulFAv ZtfcEeD9
100
ZtfcEeD9 ZtfcEeD9
lWuh5cH8 lWuh5cH8
KZzTlcqA KZzTlcqA
VgwgAKMz VgwgAKMz
FqE4GP0Y FqE4GP0Y
Wznv2rRv Wznv2rRv
TNblhkGK TNblhkGK
Fj27Gybu Fj27Gybu
aDGqWHym aDGqWHym
yptfWPBC yptfWPBC
HTyyntxa HTyyntxa
wZJN4OBT wZJN4OBT
62Mn9lau 62Mn9lau
o4xf7nVd o4xf7nVd
BOlNhFGU BOlNhFGU
gKOyNQPh gKOyNQPh
aWGQETjI aWGQETjI
mlHu9OVg mlHu9OVg
ZS8CQaI7 ZS8CQaI7
lqKnzPvP lqKnzPvP
RjDUex61 RjDUex61
xzWL2Pp8 xzWL2Pp8
B65DnegI B65DnegI
tCAdUY4B tCAdUY4B
JfDq1Cs2 JfDq1Cs2
91Uq51QB 91Uq51QB
7Xy44hse 7Xy44hse
mSd4Nw6v mSd4Nw6v
ciNFdHxl ciNFdHxl
U7cZo0h2 U7cZo0h2
wusYsf5E wusYsf5E
dzvtjag1 dzvtjag1
NSdaWdL7 NSdaWdL7
SG64DwCC SG64DwCC
04vrMVdi 04vrMVdi
O5yBujnu O5yBujnu
IdGLl1to IdGLl1to
PMzcqvQL PMzcqvQL
W7b2i2pG W7b2i2pG
CIF8DWXL CIF8DWXL
8avKqSxh 8avKqSxh
FGbFUcoj FGbFUcoj
poaWnZDO poaWnZDO
kTn5Wdms kTn5Wdms
xRPgtW5C xRPgtW5C
X4DALK1Z X4DALK1Z
Rd2M5nw8 Rd2M5nw8
OJgw7XgR OJgw7XgR
qnVestAH qnVestAH
PLFYaVF6 PLFYaVF6
FdbcCrtB FdbcCrtB
fa3ra0T7 fa3ra0T7
1dr1nBQ7 1dr1nBQ7
ijk5cHsH ijk5cHsH
8LVjFaQv 8LVjFaQv
Q7hUKAHQ Q7hUKAHQ
aSd01nMZ aSd01nMZ
zpLQ0R0G zpLQ0R0G
RleTQaHw RleTQaHw
gX4kBNm4 gX4kBNm4
CBKWpDQv CBKWpDQv
y7NjqOqM y7NjqOqM
svPb07cv svPb07cv
WOCLylig WOCLylig
mrK2EXuk mrK2EXuk
ca785uLx ca785uLx
EB4WBsTV EB4WBsTV
hBRDGWam hBRDGWam
Pz0LLMil Pz0LLMil
3MYamZSb 3MYamZSb
uMuBYvMK uMuBYvMK
NpH6Hpsr NpH6Hpsr
jKNn1ZQ1 jKNn1ZQ1
CGddIqkC CGddIqkC
eF0ueRyu eF0ueRyu
1gtWVzKV 1gtWVzKV
Tb8W969R Tb8W969R
7P5zi9hu 7P5zi9hu
yRH0nOtz yRH0nOtz
bJ22zvWV bJ22zvWV
AmaYXBsi AmaYXBsi
0MyIUMFM 0MyIUMFM
w0QWGw2L w0QWGw2L
J2tz5Jy2 J2tz5Jy2
LvdUl8D5 LvdUl8D5
d5gzYuse d5gzYuse
2KepLMXB 2KepLMXB
8Rfeklr1 8Rfeklr1
eFJgi8X6 eFJgi8X6
sFR9mcaG sFR9mcaG
ntaFp6yn ntaFp6yn
EAWv9kfQ EAWv9kfQ
kMauNR5Y kMauNR5Y
zvH4AKmS zvH4AKmS
43ehQX6O 43ehQX6O
YWqBlkAs YWqBlkAs
CxnbNU8s CxnbNU8s
miUcr0K7 miUcr0K7
nFqouQp3 nFqouQp3
rbWYBihd rbWYBihd
