74 5 53 22 9 62 1 10 27 20 6 2 50 65 52 46 19 49 45 17 54 48 33 35 43 57 25 32 28 39 12 11 40 59 36 63 3 55 58 24 61 8 42 13 16 44 30 14 23 4 21 38 47 15 7 18 37 0 29 51 56 26 60 34 64 41 31 74
66
5 5
53 53
22 22
9 9
62 62
1 1
10 10
27 27
20 20
6 6
2 2
50 50
65 65
52 52
46 46
19 19
49 49
45 45
17 17
54 54
48 48
33 33
35 35
43 43
57 57
25 25
32 32
28 28
39 39
12 12
11 11
40 40
59 59
36 36
63 63
3 3
55 55
58 58
24 24
61 61
8 8
42 42
13 13
16 16
44 44
30 30
14 14
23 23
4 4
21 21
38 38
47 47
15 15
7 7
18 18
37 37
0 0
29 29
51 51
56 56
26 26
60 60
34 34
64 64
41 41
31 31
