93 174 129 74 27 102 75 130 168 117 49 137 161 73 2 95 79 61 38 131 36 109 1 119 115 86 57 13 155 169 20 124 172 105 101 67 111 84 47 171 125 141 81 177 136 98 147 26 19 154 72 110 91 40 116 82 63 163 52 151 51 56 122 140 64 170 108 39 53 90 34 121 176 24 4 76 65 66 11 99 14 87 43 165 77 143 146 46 80 62 70 138 157 18 93
91
174 174
129 129
74 74
27 27
102 102
75 75
130 130
168 168
117 117
49 49
137 137
161 161
73 73
2 2
95 95
79 79
61 61
38 38
131 131
36 36
109 109
1 1
119 119
115 115
86 86
57 57
155 155
169 169
20 20
124 124
172 172
105 105
101 101
67 67
111 111
84 84
47 47
171 171
125 125
141 141
81 81
177 177
136 136
98 98
147 147
26 26
19 19
154 154
72 72
110 110
91 91
40 40
116 116
82 82
63 63
163 163
52 52
151 151
51 51
56 56
122 122
140 140
64 64
170 170
108 108
39 39
53 53
90 90
34 34
121 121
176 176
24 24
4 4
76 76
65 65
66 66
99 99
14 14
87 87
43 43
165 165
77 77
143 143
146 146
46 46
80 80
62 62
70 70
138 138
157 157
18 18
