Dannemora Fabius Fonda Fleischmanns Hamburg Flower Oceanside Fair Oceanside Gasport Falconer Gardiner Friendship Harrison Harrisville Farmingville Frewsburg Dunkirk Delanson Deer Florida Farnham Freeville Delhi Franklin Goshen Flanders Frankfort DeRuyter Fairmount Dexter Fulton Fairport Geneva Depew Geneva Fairview Hewlett Harbor Fayetteville Harbor Fredonia Depauville Ghent Freeport Forestville Davis Fishkill Galeville Delevan Dansville Franklinville Norwich Forest Fishers Deferiet Germantown Delmar Herricks Deposit Earlville Firthcliffe Earlville Fire Dannemora
50
Fabius Fabius
Fonda Fonda
Fleischmanns Fleischmanns
Flower Flower
Fair Fair
Gasport Gasport
Falconer Falconer
Gardiner Gardiner
Friendship Friendship
Farmingville Farmingville
Frewsburg Frewsburg
Dunkirk Dunkirk
Delanson Delanson
Deer Deer
Florida Florida
Farnham Farnham
Freeville Freeville
Delhi Delhi
Franklin Franklin
Flanders Flanders
Frankfort Frankfort
DeRuyter DeRuyter
Fairmount Fairmount
Dexter Dexter
Fulton Fulton
Fairport Fairport
Geneva Geneva
Depew Depew
Fairview Fairview
Fayetteville Fayetteville
Fredonia Fredonia
Depauville Depauville
Ghent Ghent
Freeport Freeport
Forestville Forestville
Davis Davis
Fishkill Fishkill
Galeville Galeville
Delevan Delevan
Dansville Dansville
Franklinville Franklinville
Forest Forest
Fishers Fishers
Deferiet Deferiet
Germantown Germantown
Delmar Delmar
Deposit Deposit
Earlville Earlville
Firthcliffe Firthcliffe
Fire Fire
