Acton Carlsbad Concow Carrick Alameda Berkeley Armona Danville Blythe Arbuckle Biola Brentwood Calabasas Beaumont Benicia Alpaugh Escalon Calipatria Crockett Cabazon Amesti Broadmoor Cerritos Bell Artesia Fallbrook Bonita Belvedere Arcadia Belmont Brisbane Burbank Camarillo Burbank Calimesa Barstow Capitola Avery Chowchilla Avenal Fortuna Calwa Carson Antioch Folsom Caribou Anderson Calexico Blairsden Atherton Blairsden Calexico Florin Alturas Dinuba Banning Alamo Avalon Ceres Auburn Ceres Bloomington Cupertino Auberry Corona Aptos Cerritos Bluewater Cartago Bodfish Cotati Boron Cotati August Castroville Fontana Alpine Columbia Carpinteria Gardena Campbell Arnold Bradley Caruthers Freedom Carmichael Duarte Burney Bakersfield Canyondam Bakersfield Bradbury Adelanto Clayton Arcata Belden Alhambra Burlingame Alhambra Ashland Covelo Foresthill Altadena Cloverdale Bootjack Aromas Colfax Bayview Albany Escondido Atwater Escondido Fruitdale Byron Biggs Brawley Almanor Cambria Cayucos Arvin Bishop Brea Azusa Beckwourth Calistoga Anaheim Bystrom Buttonwillow Bowles Buttonwillow Boronda Clyde Bonsall Atascadero Angwin Bolinas Bellflower Carlsbad Acton
100
Carlsbad Carlsbad
Carrick Carrick
Alameda Alameda
Berkeley Berkeley
Armona Armona
Blythe Blythe
Arbuckle Arbuckle
Biola Biola
Brentwood Brentwood
Calabasas Calabasas
Beaumont Beaumont
Benicia Benicia
Alpaugh Alpaugh
Calipatria Calipatria
Cabazon Cabazon
Amesti Amesti
Broadmoor Broadmoor
Cerritos Cerritos
Bell Bell
Artesia Artesia
Bonita Bonita
Belvedere Belvedere
Arcadia Arcadia
Belmont Belmont
Brisbane Brisbane
Burbank Burbank
Camarillo Camarillo
Calimesa Calimesa
Barstow Barstow
Capitola Capitola
Avery Avery
Avenal Avenal
Calwa Calwa
Carson Carson
Antioch Antioch
Caribou Caribou
Anderson Anderson
Calexico Calexico
Blairsden Blairsden
Atherton Atherton
Alturas Alturas
Banning Banning
Alamo Alamo
Avalon Avalon
Ceres Ceres
Auburn Auburn
Bloomington Bloomington
Auberry Auberry
Aptos Aptos
Bluewater Bluewater
Cartago Cartago
Bodfish Bodfish
Boron Boron
August August
Castroville Castroville
Alpine Alpine
Carpinteria Carpinteria
Campbell Campbell
Arnold Arnold
Bradley Bradley
Caruthers Caruthers
Carmichael Carmichael
Burney Burney
Bakersfield Bakersfield
Canyondam Canyondam
Bradbury Bradbury
Adelanto Adelanto
Arcata Arcata
Belden Belden
Alhambra Alhambra
Burlingame Burlingame
Ashland Ashland
Altadena Altadena
Bootjack Bootjack
Aromas Aromas
Bayview Bayview
Albany Albany
Atwater Atwater
Byron Byron
Biggs Biggs
Brawley Brawley
Almanor Almanor
Cambria Cambria
Cayucos Cayucos
Arvin Arvin
Bishop Bishop
Brea Brea
Azusa Azusa
Beckwourth Beckwourth
Calistoga Calistoga
Anaheim Anaheim
Bystrom Bystrom
Buttonwillow Buttonwillow
Bowles Bowles
Boronda Boronda
Bonsall Bonsall
Atascadero Atascadero
Angwin Angwin
Bolinas Bolinas
Bellflower Bellflower
