Greenhouse StarrLibrary Greenhouse ImagingCenter Greenhouse BotanGarden Greenhouse BoaltHall Greenhouse BlumHall Greenhouse BlackwellHall Greenhouse BirgeHall Greenhouse BerkeleyWest Greenhouse BerkeleyMuseum Greenhouse BechtelEngineering Greenhouse BARTStation Greenhouse BarrowsHall Greenhouse BarrowLane Greenhouse BarkerHall Greenhouse BanwayBldg Greenhouse BancroftLibrary Greenhouse ArchsEngineers Greenhouse AnthonyHall Greenhouse AndersenAud Greenhouse AlumniHouse Greenhouse ObservHill Greenhouse OBrienHall Greenhouse NAnimalFacil Greenhouse NorthGateHall Greenhouse NorthField Greenhouse nrl Greenhouse MulfordHall Greenhouse MosesHall Greenhouse MorrisonHall Greenhouse MorganHall Greenhouse moffit Greenhouse MinorHallAdd Greenhouse MinorHall Greenhouse memorialpool Greenhouse McLaughlin Greenhouse McEnerneyHall Greenhouse McConeHall Greenhouse maxwell Greenhouse MathSciencesRes Greenhouse mlk Greenhouse
40
StarrLibrary StarrLibrary
ImagingCenter ImagingCenter
BotanGarden BotanGarden
BoaltHall BoaltHall
BlumHall BlumHall
BlackwellHall BlackwellHall
BirgeHall BirgeHall
BerkeleyWest BerkeleyWest
BerkeleyMuseum BerkeleyMuseum
BechtelEngineering BechtelEngineering
BARTStation BARTStation
BarrowsHall BarrowsHall
BarrowLane BarrowLane
BarkerHall BarkerHall
BanwayBldg BanwayBldg
BancroftLibrary BancroftLibrary
ArchsEngineers ArchsEngineers
AnthonyHall AnthonyHall
AndersenAud AndersenAud
AlumniHouse AlumniHouse
ObservHill ObservHill
OBrienHall OBrienHall
NAnimalFacil NAnimalFacil
NorthGateHall NorthGateHall
NorthField NorthField
nrl nrl
MulfordHall MulfordHall
MosesHall MosesHall
MorrisonHall MorrisonHall
MorganHall MorganHall
moffit moffit
MinorHallAdd MinorHallAdd
MinorHall MinorHall
memorialpool memorialpool
McLaughlin McLaughlin
McEnerneyHall McEnerneyHall
McConeHall McConeHall
maxwell maxwell
MathSciencesRes MathSciencesRes
mlk mlk
