Greenhouse unit3 Greenhouse Cafe3 Greenhouse HertzHall Greenhouse GianniniHall Greenhouse GeneticsPlantBldg Greenhouse GayleyRd Greenhouse FrankWay Greenhouse FoxCottage Greenhouse FoundersRock Greenhouse FacultyGlade Greenhouse FacultyClub Greenhouse EyeCenter Greenhouse EvansHall Greenhouse EvansDiamond Greenhouse EtcheverryHall Greenhouse EshlemanHall Greenhouse EnergyBuilding Greenhouse EdwardsStadium Greenhouse EastGate Greenhouse DwinelleHall Greenhouse DwinelleAnnex Greenhouse DurhamTheatre Greenhouse DurantHall Greenhouse DonnerLab Greenhouse DoeLibrary Greenhouse DavisHall Greenhouse CyclotronRd Greenhouse CoryHall Greenhouse CNMAT Greenhouse ClassGate Greenhouse ClassFountain Greenhouse ClarkCampus Greenhouse ChouHall Greenhouse CheitHall Greenhouse ChavezCenter Greenhouse ChanAuditorium Greenhouse CareerCenter Greenhouse CampbellHall Greenhouse CalvinLaboratory Greenhouse CaliforniaStadium Greenhouse CaliforniaHall Greenhouse StarrLibrary Greenhouse ImagingCenter Greenhouse BotanGarden Greenhouse BoaltHall Greenhouse BlumHall Greenhouse BlackwellHall Greenhouse BirgeHall Greenhouse BerkeleyWest Greenhouse BerkeleyMuseum Greenhouse
50
unit3 unit3
Cafe3 Cafe3
HertzHall HertzHall
GianniniHall GianniniHall
GeneticsPlantBldg GeneticsPlantBldg
GayleyRd GayleyRd
FrankWay FrankWay
FoxCottage FoxCottage
FoundersRock FoundersRock
FacultyGlade FacultyGlade
FacultyClub FacultyClub
EyeCenter EyeCenter
EvansHall EvansHall
EvansDiamond EvansDiamond
EtcheverryHall EtcheverryHall
EshlemanHall EshlemanHall
EnergyBuilding EnergyBuilding
EdwardsStadium EdwardsStadium
EastGate EastGate
DwinelleHall DwinelleHall
DwinelleAnnex DwinelleAnnex
DurhamTheatre DurhamTheatre
DurantHall DurantHall
DonnerLab DonnerLab
DoeLibrary DoeLibrary
DavisHall DavisHall
CyclotronRd CyclotronRd
CoryHall CoryHall
CNMAT CNMAT
ClassGate ClassGate
ClassFountain ClassFountain
ClarkCampus ClarkCampus
ChouHall ChouHall
CheitHall CheitHall
ChavezCenter ChavezCenter
ChanAuditorium ChanAuditorium
CareerCenter CareerCenter
CampbellHall CampbellHall
CalvinLaboratory CalvinLaboratory
CaliforniaStadium CaliforniaStadium
CaliforniaHall CaliforniaHall
StarrLibrary StarrLibrary
ImagingCenter ImagingCenter
BotanGarden BotanGarden
BoaltHall BoaltHall
BlumHall BlumHall
BlackwellHall BlackwellHall
BirgeHall BirgeHall
BerkeleyWest BerkeleyWest
BerkeleyMuseum BerkeleyMuseum
