pace honor nationalist shy title sunrise seize due guarantee king banana figure understand paper deposit circulation output thumb enhance dough linger dough enhance legislation sign tolerate forge vegetarian forge winner solve prison dialogue likely dialogue tool glasses autonomy enter mystery approval other swear tablet cigarette demand pain injury disclose class exclusive dip exclusive buffet mature brake mature headline quality throne imposter fortune page lake rob bitter respect financial voice pace
50
honor honor
nationalist nationalist
shy shy
title title
sunrise sunrise
seize seize
guarantee guarantee
king king
figure figure
paper paper
circulation circulation
output output
thumb thumb
enhance enhance
dough dough
linger linger
legislation legislation
sign sign
tolerate tolerate
vegetarian vegetarian
winner winner
prison prison
likely likely
tool tool
glasses glasses
autonomy autonomy
enter enter
mystery mystery
other other
swear swear
tablet tablet
cigarette cigarette
demand demand
pain pain
injury injury
class class
exclusive exclusive
dip dip
buffet buffet
brake brake
headline headline
quality quality
throne throne
imposter imposter
page page
lake lake
rob rob
bitter bitter
financial financial
voice voice
