pace other likely comfortable likely viable atmosphere rent swear coast forge confrontation development skeleton development native mature page nationalist acceptance assume railcar tool liver ignore due ignore audience ignore shiver structure throne respect chair mixture mercy financial injection pardon vegetarian market vegetarian exile vegetarian exclusive dip opposed dramatic exempt buffet pipe buffet election lifestyle cotton paper autonomy quality boom winner assignment winner virgin profound view dive coincide identity straighten pig pier bleed environment interface electronics swop joystick bowel brake scheme brake headline smile drawer chew offset chew curriculum bleed pier interactive error widen banana driver imposter tablet note deter terms thumb terms deter linger dough physics linger decisive greeting begin lake write feature demand rob demand injury flag home dialogue rage bitter coffin attraction guarantee attraction excuse teacher ex spoil desk enemy stress enemy control enemy illusion joint output joint single country knot country triple candle ask quadruple other pace
100
pace pace
other other
likely likely
comfortable comfortable
viable viable
atmosphere atmosphere
rent rent
swear swear
coast coast
forge forge
confrontation confrontation
development development
skeleton skeleton
native native
mature mature
page page
acceptance acceptance
railcar railcar
tool tool
liver liver
ignore ignore
due due
audience audience
shiver shiver
structure structure
throne throne
respect respect
chair chair
mercy mercy
financial financial
injection injection
pardon pardon
market market
exile exile
exclusive exclusive
dip dip
exempt exempt
buffet buffet
pipe pipe
election election
lifestyle lifestyle
cotton cotton
autonomy autonomy
boom boom
assignment assignment
virgin virgin
profound profound
dive dive
coincide coincide
identity identity
straighten straighten
pig pig
environment environment
interface interface
electronics electronics
swop swop
bowel bowel
scheme scheme
headline headline
smile smile
drawer drawer
offset offset
curriculum curriculum
interactive interactive
error error
widen widen
driver driver
imposter imposter
tablet tablet
note note
deter deter
thumb thumb
dough dough
physics physics
decisive decisive
greeting greeting
begin begin
feature feature
rob rob
injury injury
flag flag
home home
rage rage
coffin coffin
attraction attraction
guarantee guarantee
excuse excuse
teacher teacher
spoil spoil
enemy enemy
stress stress
control control
illusion illusion
output output
country country
knot knot
triple triple
candle candle
ask ask
quadruple quadruple
