pace exclusive output exclusive throne view prison honor prison enter thumb exempt thumb guarantee page king likely circulation likely market mixture injury skeleton deposit approval tablet gate excuse due voice due audience headline brake opposed brake nationalist feature nationalist pace
25
output output
throne throne
honor honor
enter enter
exempt exempt
guarantee guarantee
page page
king king
likely likely
circulation circulation
market market
mixture mixture
injury injury
skeleton skeleton
deposit deposit
approval approval
gate gate
excuse excuse
voice voice
audience audience
headline headline
brake brake
opposed opposed
nationalist nationalist
feature feature
