0 90 65 66 65 89 59 64 59 63 59 62 59 61 59 60 59 88 54 58 54 57 54 56 54 55 54 87 52 53 52 86 48 51 48 50 48 49 48 85 41 47 46 41 45 44 41 43 42 41 84 38 40 38 39 38 82 81 80 33 37 36 35 33 34 33 79 28 32 28 31 28 30 28 29 28 78 25 27 25 26 25 77 18 24 18 23 18 22 18 21 18 20 18 19 18 76 16 17 16 14 15 14 75 8 13 8 12 8 11 8 10 8 9 8 71 69 5 7 5 6 5 70 1 4 1 3 1 2 1 67 0
50
66 66
64 64
63 63
62 62
61 61
60 60
58 58
57 57
56 56
55 55
53 53
51 51
50 50
49 49
47 47
46 46
45 45
44 44
43 43
42 42
40 40
39 39
37 37
36 36
35 35
34 34
32 32
31 31
30 30
29 29
27 27
26 26
24 24
23 23
22 22
21 21
20 20
19 19
17 17
15 15
13 13
12 12
11 11
10 10
9 9
7 7
6 6
4 4
3 3
2 2
