9iIwk ChXAd 1eRkH h2rea 0mah3 rrNj1 Esl6u fS0W8 p9vQm fS0W8 k64Ok BnAjj ZgtaX JgjFI iCgvV veOJ7 ZgtaX Vake4 ZgtaX pXCjI k6V9L vrNke 5ioW1 bXinH XZKtP dw7aX XZKtP Be0ab 5ioW1 YH6mk Y7IDR 4a0W8 Y7IDR YH6mk tnjfN AgYPL WJNpN 5VT1H 1pxZM 1uRw3 Ri2t4 y89SK 1uRw3 jAwQw knY3U vE0Pj WGJpQ aHGHb kmzhT RhUVQ QVYVG 7G74f QVYVG LZomt Ew56P SgDk6 Ew56P jYfXn MA43U ZzWHp Mj2eQ iEXNY 0GdkR oqPYQ jASvw 1xmtC XYzcU jT5CK 5BDPJ jT5CK qkJ6b 1xmtC 5R5Xa 9iIwk
50
9iIwk 9iIwk
ChXAd ChXAd
1eRkH 1eRkH
h2rea h2rea
fS0W8 fS0W8
p9vQm p9vQm
BnAjj BnAjj
ZgtaX ZgtaX
JgjFI JgjFI
iCgvV iCgvV
veOJ7 veOJ7
Vake4 Vake4
pXCjI pXCjI
5ioW1 5ioW1
bXinH bXinH
XZKtP XZKtP
dw7aX dw7aX
Be0ab Be0ab
YH6mk YH6mk
Y7IDR Y7IDR
4a0W8 4a0W8
tnjfN tnjfN
AgYPL AgYPL
5VT1H 5VT1H
1pxZM 1pxZM
1uRw3 1uRw3
Ri2t4 Ri2t4
y89SK y89SK
jAwQw jAwQw
vE0Pj vE0Pj
WGJpQ WGJpQ
aHGHb aHGHb
kmzhT kmzhT
RhUVQ RhUVQ
7G74f 7G74f
LZomt LZomt
SgDk6 SgDk6
jYfXn jYfXn
ZzWHp ZzWHp
Mj2eQ Mj2eQ
iEXNY iEXNY
0GdkR 0GdkR
oqPYQ oqPYQ
jASvw jASvw
1xmtC 1xmtC
XYzcU XYzcU
jT5CK jT5CK
5BDPJ 5BDPJ
qkJ6b qkJ6b
5R5Xa 5R5Xa
