HAZtD 4Eg1F wnnBN Cg1yP J0OP0 iKwe0 F7CZj z82fM EyMEe vfAR8 bW6Ms RN9nS CXkxa Lusir CXkxa ED9em 5h4rt ED9em CXkxa 3NU9e aWuHk 1gvq4 lJnz7 1gvq4 rH3nx cpzS8 acHTt kNG2j AwFdf 2zHfe fExZu wVSYr WVEjT Agb0E VG4na Ia6ul eVDVP b9v0q SEkfX v7hOX Mm2U8 15wtn p3gJd DaieK uPUO1 O8CwF TlJnt O8CwF aegld C4biR 93R2m cu5FB 4AhmX jesVt 69WZh wedr3 zrVPv 69WZh mdIe6 69WZh ox9Gx EgumV fWz4T iHR3J ZKvNM TzGS5 ZKvNM R6NzB 0FMEI 5EAEu sU69u 2GCiD 0FMEI R6NzB 0FMEI tgL8p DmTRc 4jcrD Vg6Sz iIQll p4kTx iIQll GrnJ7 iaaYU GrnJ7 gNinx SEc9N v9joy UbqWX GrnJ7 rmW0U HOuAL rmW0U CHx6u rmW0U 9tf0w rmW0U CHx6u lF8gH bMhFI SfSL1 RkCLD xKTIz E6pda e7SjH 2LhKB e7SjH DuU0x BIY9X DuU0x o2JtM H1xt8 GaZ4O Q8lcd iPRoT 8Qx0C 6sv9O HAKlt Pk19A iimZq 6owsT OWqP4 0moVI SxklZ VESmp SxklZ BaYb3 1VA1I Zok18 IOpdQ 7kY28 URrao fiXIW 7kY28 pLg86 Xqwfz jyRQW zcuSA 4PSW9 0F8yg 4PSW9 zcuSA Zxvdf u60s4 gpbSj cC0Rg mJExt iqOI4 GxQg8 X2hjX UqGfS Ssao4 UqGfS NqBQW UqGfS kPB79 4Tt2a kPB79 4PXv9 kPB79 6gp0A HAZtD
100
wnnBN wnnBN
Cg1yP Cg1yP
J0OP0 J0OP0
iKwe0 iKwe0
z82fM z82fM
vfAR8 vfAR8
bW6Ms bW6Ms
RN9nS RN9nS
Lusir Lusir
ED9em ED9em
5h4rt 5h4rt
aWuHk aWuHk
1gvq4 1gvq4
lJnz7 lJnz7
rH3nx rH3nx
cpzS8 cpzS8
acHTt acHTt
kNG2j kNG2j
AwFdf AwFdf
fExZu fExZu
WVEjT WVEjT
Agb0E Agb0E
VG4na VG4na
Ia6ul Ia6ul
eVDVP eVDVP
SEkfX SEkfX
v7hOX v7hOX
p3gJd p3gJd
DaieK DaieK
uPUO1 uPUO1
O8CwF O8CwF
TlJnt TlJnt
aegld aegld
cu5FB cu5FB
4AhmX 4AhmX
jesVt jesVt
69WZh 69WZh
wedr3 wedr3
zrVPv zrVPv
mdIe6 mdIe6
ox9Gx ox9Gx
EgumV EgumV
fWz4T fWz4T
iHR3J iHR3J
TzGS5 TzGS5
R6NzB R6NzB
5EAEu 5EAEu
2GCiD 2GCiD
DmTRc DmTRc
4jcrD 4jcrD
Vg6Sz Vg6Sz
iIQll iIQll
p4kTx p4kTx
iaaYU iaaYU
gNinx gNinx
v9joy v9joy
UbqWX UbqWX
HOuAL HOuAL
CHx6u CHx6u
9tf0w 9tf0w
lF8gH lF8gH
bMhFI bMhFI
xKTIz xKTIz
E6pda E6pda
2LhKB 2LhKB
DuU0x DuU0x
BIY9X BIY9X
H1xt8 H1xt8
Q8lcd Q8lcd
8Qx0C 8Qx0C
HAKlt HAKlt
Pk19A Pk19A
iimZq iimZq
6owsT 6owsT
OWqP4 OWqP4
0moVI 0moVI
SxklZ SxklZ
VESmp VESmp
BaYb3 BaYb3
1VA1I 1VA1I
Zok18 Zok18
IOpdQ IOpdQ
7kY28 7kY28
URrao URrao
fiXIW fiXIW
pLg86 pLg86
zcuSA zcuSA
0F8yg 0F8yg
Zxvdf Zxvdf
u60s4 u60s4
gpbSj gpbSj
cC0Rg cC0Rg
iqOI4 iqOI4
GxQg8 GxQg8
X2hjX X2hjX
UqGfS UqGfS
Ssao4 Ssao4
NqBQW NqBQW
4Tt2a 4Tt2a
4PXv9 4PXv9
