3Yw8H IWj7Z M5wZP Z7joj fEdtk Tz4zy Vm2RV RTNKK s8jhm w0i4E s8jhm 5ayvc OhHc9 5ayvc s8jhm 9e1Io QUkKU zSmKp QUkKU BSqOv P18zR EQJ7U iaf34 EQJ7U 5PNx4 EQJ7U 8MJwv TT3Hk vN0gV EvuAH miscC ycoh0 hQySr KHHwN xNFYO 3Yw8H cvjQc JYR5M cvjQc 3Yw8H
25
3Yw8H 3Yw8H
M5wZP M5wZP
Z7joj Z7joj
Tz4zy Tz4zy
Vm2RV Vm2RV
RTNKK RTNKK
w0i4E w0i4E
OhHc9 OhHc9
9e1Io 9e1Io
QUkKU QUkKU
zSmKp zSmKp
BSqOv BSqOv
P18zR P18zR
iaf34 iaf34
5PNx4 5PNx4
8MJwv 8MJwv
TT3Hk TT3Hk
vN0gV vN0gV
EvuAH EvuAH
miscC miscC
ycoh0 ycoh0
KHHwN KHHwN
xNFYO xNFYO
cvjQc cvjQc
JYR5M JYR5M
