Abbey Zion Ciara Zaria Tara Shyanne Kenzie Alexus Keyla Kimberly Kiana Lindsay Kaley Kayden Lacey Kira Jamiya Maggie Laylah Jasmin Christine Juliette Kiley Jimena Jaden Aubree Parker Melina Lainey Matilda Myah Noelle Mckayla Riley Natalee Rylee Mya Mira Nia Mireya Zara Taniyah Sophie Sharon Alexia Madilynn Leila Kristin Sophia Kaydence Lilia Neveah Lucille Mckinley Lilyana Arielle Carleigh Kristina Bryanna Carly Brooklyn Claire Baylee Alia Carlee Ariel Ashley Aniya Chasity Avni Alivia Dana Dayami Diana Emilie Elianna Gillian Emma Denisse Haven Iyana Jillian Jade Camilla Carlie Imani Ingrid Jazmyn Janiya Aryana Abbey
90
Abbey Abbey
Zion Zion
Ciara Ciara
Zaria Zaria
Tara Tara
Shyanne Shyanne
Kenzie Kenzie
Alexus Alexus
Keyla Keyla
Kimberly Kimberly
Kiana Kiana
Lindsay Lindsay
Kaley Kaley
Kayden Kayden
Lacey Lacey
Kira Kira
Jamiya Jamiya
Maggie Maggie
Laylah Laylah
Jasmin Jasmin
Christine Christine
Juliette Juliette
Kiley Kiley
Jimena Jimena
Jaden Jaden
Aubree Aubree
Parker Parker
Melina Melina
Lainey Lainey
Matilda Matilda
Myah Myah
Noelle Noelle
Mckayla Mckayla
Riley Riley
Natalee Natalee
Rylee Rylee
Mya Mya
Mira Mira
Nia Nia
Mireya Mireya
Zara Zara
Taniyah Taniyah
Sophie Sophie
Sharon Sharon
Alexia Alexia
Madilynn Madilynn
Leila Leila
Kristin Kristin
Sophia Sophia
Kaydence Kaydence
Lilia Lilia
Neveah Neveah
Lucille Lucille
Mckinley Mckinley
Lilyana Lilyana
Arielle Arielle
Carleigh Carleigh
Kristina Kristina
Bryanna Bryanna
Carly Carly
Brooklyn Brooklyn
Claire Claire
Baylee Baylee
Alia Alia
Carlee Carlee
Ariel Ariel
Ashley Ashley
Aniya Aniya
Chasity Chasity
Avni Avni
Alivia Alivia
Dana Dana
Dayami Dayami
Diana Diana
Emilie Emilie
Elianna Elianna
Gillian Gillian
Emma Emma
Denisse Denisse
Haven Haven
Iyana Iyana
Jillian Jillian
Jade Jade
Camilla Camilla
Carlie Carlie
Imani Imani
Ingrid Ingrid
Jazmyn Jazmyn
Janiya Janiya
Aryana Aryana
