Taozhuang Uran Ilesa Uran Pottstown Uran Freetown Ulu New Memmingen Sicklerville Tupelo Gauting Uran Fort Oulmes Uran Jingzhou Uran Besuki Middle Uran Norco Udumalaippettai Norco Longgang Bourbonnais Esmeraldas Aytos Gudermes Esperanza Bang Hechingen Azrou Ramla Sarandi Uran Caravaca Donggongon Somma Nonsan Waverly Strathfield Kallio Alatyr Jinotepe Uran Wesseling Uran Jackson Rosedale Camayenne Artur Calauan Rutherglen Rafiganj Villa Cibinong Boo Durazno Uran Severodvinsk Uran Taozhuang
50
Taozhuang Taozhuang
Uran Uran
Ilesa Ilesa
Pottstown Pottstown
Freetown Freetown
Ulu Ulu
New New
Memmingen Memmingen
Sicklerville Sicklerville
Tupelo Tupelo
Gauting Gauting
Fort Fort
Oulmes Oulmes
Jingzhou Jingzhou
Besuki Besuki
Middle Middle
Udumalaippettai Udumalaippettai
Longgang Longgang
Bourbonnais Bourbonnais
Esmeraldas Esmeraldas
Aytos Aytos
Gudermes Gudermes
Esperanza Esperanza
Bang Bang
Hechingen Hechingen
Azrou Azrou
Ramla Ramla
Sarandi Sarandi
Caravaca Caravaca
Donggongon Donggongon
Somma Somma
Nonsan Nonsan
Waverly Waverly
Strathfield Strathfield
Kallio Kallio
Alatyr Alatyr
Jinotepe Jinotepe
Wesseling Wesseling
Jackson Jackson
Rosedale Rosedale
Camayenne Camayenne
Artur Artur
Calauan Calauan
Rutherglen Rutherglen
Rafiganj Rafiganj
Villa Villa
Cibinong Cibinong
Boo Boo
Durazno Durazno
Severodvinsk Severodvinsk
