Ilesa Resplendor Great Tyoply Great Ada Milledgeville Puerto Onex Tiruppuvanam MitryMory Ponta Sirsi Itacoatiara Valletta Sceaux Bensheim Lille Bensheim Kyzylorda Brzeg Bensheim Gariadhar Bavly Polohy WaltonontheNaze Memmingen Tupelo Puducherry Lodwar Calauan Paredes Bensheim GernikaLumo LonsleSaunier Jiangyan Brunswick Bensheim Skalica Bensheim Magomeni Jashpurnagar Rhosllanerchrugog Milagro Azrou Uran Landshut Bon An Bobigny Sillanwali Sishui Barracas Aurora Jagna Mouscron Bogovinje Tak Talipparamba Marburg Sorsogon Oberhausen Palm Valday Tupiza DehiwalaMount Ventimiglia Yingkou Ramla Chacabuco Shaowu Perth Dahlem Hermsdorf Tharu Bensheim Niort Bensheim New Bensheim PointeClaire Bensheim Zaozhuang Rutland Stuttgart Aklera Foshan Alfenas Aleshtar Bensheim UlanUde Bensheim Copperas Bensheim Clermont Bensheim Oulmes Mexborough Meizhou Toledo Davis American Alexandria PortVila Stupino Villaquilambre Palafrugell Viewpark Malden Claremont Bensheim Bang Shagamu Bensheim Guli Bensheim Campobasso Ilesa
100
Ilesa Ilesa
Resplendor Resplendor
Great Great
Tyoply Tyoply
Ada Ada
Milledgeville Milledgeville
Puerto Puerto
Onex Onex
Tiruppuvanam Tiruppuvanam
MitryMory MitryMory
Ponta Ponta
Sirsi Sirsi
Itacoatiara Itacoatiara
Valletta Valletta
Sceaux Sceaux
Bensheim Bensheim
Lille Lille
Kyzylorda Kyzylorda
Brzeg Brzeg
Gariadhar Gariadhar
Bavly Bavly
Polohy Polohy
WaltonontheNaze WaltonontheNaze
Memmingen Memmingen
Tupelo Tupelo
Puducherry Puducherry
Lodwar Lodwar
Calauan Calauan
Paredes Paredes
GernikaLumo GernikaLumo
LonsleSaunier LonsleSaunier
Jiangyan Jiangyan
Brunswick Brunswick
Skalica Skalica
Magomeni Magomeni
Jashpurnagar Jashpurnagar
Rhosllanerchrugog Rhosllanerchrugog
Milagro Milagro
Azrou Azrou
Uran Uran
Landshut Landshut
Bon Bon
An An
Bobigny Bobigny
Sillanwali Sillanwali
Sishui Sishui
Barracas Barracas
Aurora Aurora
Jagna Jagna
Mouscron Mouscron
Bogovinje Bogovinje
Tak Tak
Talipparamba Talipparamba
Marburg Marburg
Sorsogon Sorsogon
Oberhausen Oberhausen
Palm Palm
Valday Valday
Tupiza Tupiza
DehiwalaMount DehiwalaMount
Ventimiglia Ventimiglia
Yingkou Yingkou
Ramla Ramla
Chacabuco Chacabuco
Shaowu Shaowu
Perth Perth
Dahlem Dahlem
Hermsdorf Hermsdorf
Tharu Tharu
Niort Niort
New New
PointeClaire PointeClaire
Zaozhuang Zaozhuang
Rutland Rutland
Stuttgart Stuttgart
Aklera Aklera
Foshan Foshan
Alfenas Alfenas
Aleshtar Aleshtar
UlanUde UlanUde
Copperas Copperas
Clermont Clermont
Oulmes Oulmes
Mexborough Mexborough
Meizhou Meizhou
Toledo Toledo
Davis Davis
American American
Alexandria Alexandria
PortVila PortVila
Stupino Stupino
Villaquilambre Villaquilambre
Palafrugell Palafrugell
Viewpark Viewpark
Malden Malden
Claremont Claremont
Bang Bang
Shagamu Shagamu
Guli Guli
Campobasso Campobasso
