Lesnoy Sungurlu Winsford Sun Rutherglen Franceville Hudiksvall Meerut Blackpool Malaut Pingyi Gisborne Dharmapuri Beveren Kundla Beveren Artur Portogruaro Stade Ishim Visitacion Glogovac Hueytown Brentwood Zgorzelec Yangambi Beveren GatesNorth Lesnoy
25
Lesnoy Lesnoy
Sungurlu Sungurlu
Winsford Winsford
Sun Sun
Rutherglen Rutherglen
Franceville Franceville
Hudiksvall Hudiksvall
Meerut Meerut
Blackpool Blackpool
Malaut Malaut
Pingyi Pingyi
Gisborne Gisborne
Dharmapuri Dharmapuri
Kundla Kundla
Artur Artur
Portogruaro Portogruaro
Stade Stade
Ishim Ishim
Visitacion Visitacion
Glogovac Glogovac
Hueytown Hueytown
Brentwood Brentwood
Zgorzelec Zgorzelec
Yangambi Yangambi
GatesNorth GatesNorth
