108 66 101 32 133 107 157 15 77 110 75 150 179 95 68 85 130 43 140 1 83 129 23 6 48 34 146 78 54 170 49 109 38 190 31 79 36 44 13 138 120 67 17 61 46 126 63 121 143 96 57 45 81 5 26 144 19 174 188 153 35 14 136 134 73 82 71 11 197 137 65 92 28 181 167 118 187 117 24 114 142 99 84 182 148 176 100 184 39 177 186 53 37 64 56 151 128 7 69 108
97
66 66
101 101
32 32
133 133
107 107
157 157
15 15
77 77
110 110
75 75
150 150
179 179
95 95
68 68
85 85
130 130
43 43
140 140
1 1
83 83
129 129
23 23
48 48
34 34
146 146
78 78
54 54
170 170
49 49
109 109
38 38
190 190
31 31
79 79
36 36
44 44
13 13
138 138
120 120
67 67
17 17
61 61
46 46
126 126
63 63
121 121
143 143
96 96
57 57
45 45
81 81
5 5
26 26
144 144
19 19
174 174
188 188
153 153
35 35
14 14
136 136
134 134
73 73
82 82
71 71
11 11
197 197
137 137
65 65
92 92
28 28
181 181
167 167
118 118
187 187
117 117
24 24
114 114
142 142
99 99
84 84
182 182
148 148
176 176
100 100
184 184
39 39
177 177
186 186
53 53
37 37
64 64
56 56
151 151
128 128
7 7
69 69
