pride thank equinox huge wrong lobby dramatic community east steward seller skip battery craftsman magnetic nationalism deck makeup magnitude domestic top mechanism traction colon salmon linear minimize bracket ballot fuss thread formation present inhibition dose offensive fortune hide loud celebration denial transaction belief transmission concern create direct merit breakin suffer line gift mind tin perception accessible predict scrap berry car vote company mosaic integrated childish pastel whole work valid desk dialect maze leash farewell absorption adult snap trance dedicate deter contract exotic dilemma think creation rabbit glide crew cancel knit feign tribe partnership pupil shelter homosexual appear prove basketball bring pride
100
pride pride
thank thank
equinox equinox
huge huge
wrong wrong
lobby lobby
dramatic dramatic
community community
east east
steward steward
seller seller
skip skip
battery battery
craftsman craftsman
magnetic magnetic
nationalism nationalism
deck deck
makeup makeup
magnitude magnitude
domestic domestic
top top
mechanism mechanism
traction traction
colon colon
salmon salmon
linear linear
minimize minimize
bracket bracket
ballot ballot
fuss fuss
thread thread
formation formation
present present
inhibition inhibition
dose dose
offensive offensive
fortune fortune
hide hide
loud loud
celebration celebration
denial denial
transaction transaction
belief belief
transmission transmission
concern concern
create create
direct direct
merit merit
breakin breakin
suffer suffer
line line
gift gift
mind mind
tin tin
perception perception
accessible accessible
predict predict
scrap scrap
berry berry
car car
vote vote
company company
mosaic mosaic
integrated integrated
childish childish
pastel pastel
whole whole
work work
valid valid
desk desk
dialect dialect
maze maze
leash leash
farewell farewell
absorption absorption
adult adult
snap snap
trance trance
dedicate dedicate
deter deter
contract contract
exotic exotic
dilemma dilemma
think think
creation creation
rabbit rabbit
glide glide
crew crew
cancel cancel
knit knit
feign feign
tribe tribe
partnership partnership
pupil pupil
shelter shelter
homosexual homosexual
appear appear
prove prove
basketball basketball
bring bring
