0 5 50 61 53 45 36 48 27 24 43 6 37 38 52 33 22 23 35 30 34 31 18 29 19 16 46 42 39 41 21 32 44 4 10 11 9 25 12 15 17 28 26 3 2 49 57 56 47 40 51 58 67 71 54 65 69 70 62 55 1 8 14 60 77 79 64 73 89 85 78 83 88 74 84 91 99 81 82 94 96 93 97 75 86 87 90 98 92 95 20 13 7 68 76 80 72 63 59 66 0
100
0 0
5 5
50 50
61 61
53 53
45 45
36 36
48 48
27 27
24 24
43 43
6 6
37 37
38 38
52 52
33 33
22 22
23 23
35 35
30 30
34 34
31 31
18 18
29 29
19 19
16 16
46 46
42 42
39 39
41 41
21 21
32 32
44 44
4 4
10 10
11 11
9 9
25 25
12 12
15 15
17 17
28 28
26 26
3 3
2 2
49 49
57 57
56 56
47 47
40 40
51 51
58 58
67 67
71 71
54 54
65 65
69 69
70 70
62 62
55 55
1 1
8 8
14 14
60 60
77 77
79 79
64 64
73 73
89 89
85 85
78 78
83 83
88 88
74 74
84 84
91 91
99 99
81 81
82 82
94 94
96 96
93 93
97 97
75 75
86 86
87 87
90 90
98 98
92 92
95 95
20 20
13 13
7 7
68 68
76 76
80 80
72 72
63 63
59 59
66 66
