Albania VaticanCity Bulgaria Bahamas SolomonIslands EquatorGuinea Burkina Rome IvoryCoast SaintKitts Nepal Estonia Algeria Kosovo Panama Norway Comoros Mongolia Peru Mauritius Eritrea UnitedKingdom Belarus Brazil Laos Paraguay Philippines Burma Niger Cyprus MountAthos Dominica CapeVerde America SierraLeone Kiribati Latvia Japan Kazakhstan Portugal Tunisia Jamaica Qatar Danzig Australia Cambodia Germany Chile Tanzania SaudiArabia Newfoundland Ukraine France Slovenia Lesotho Argentina Romania Gabon Yemen CentralAfricanRep SaoTomPrincipe Bhutan Ethiopia SaintLucia Hungary Cuba Guatemala NorthKorea Grenada SriLanka Togo UAE Poland Seychelles Rwanda RussianFederation Finland NewZealand Vanuatu TheGambia Liechtenstein Israel Mali PapuaNewGuinea Switzerland Venezuela Serbia Fiji Maldives Greece Suriname Lithuania Malaysia Pakistan Andorra Djibouti Thailand BosHerzegovina Luxembourg Italy Mauritania Albania
100
VaticanCity VaticanCity
Bulgaria Bulgaria
Bahamas Bahamas
SolomonIslands SolomonIslands
EquatorGuinea EquatorGuinea
Burkina Burkina
Rome Rome
IvoryCoast IvoryCoast
SaintKitts SaintKitts
Nepal Nepal
Estonia Estonia
Algeria Algeria
Kosovo Kosovo
Panama Panama
Norway Norway
Comoros Comoros
Mongolia Mongolia
Peru Peru
Mauritius Mauritius
Eritrea Eritrea
UnitedKingdom UnitedKingdom
Belarus Belarus
Brazil Brazil
Laos Laos
Paraguay Paraguay
Philippines Philippines
Burma Burma
Niger Niger
Cyprus Cyprus
MountAthos MountAthos
Dominica Dominica
CapeVerde CapeVerde
America America
SierraLeone SierraLeone
Kiribati Kiribati
Latvia Latvia
Japan Japan
Kazakhstan Kazakhstan
Portugal Portugal
Tunisia Tunisia
Jamaica Jamaica
Qatar Qatar
Danzig Danzig
Australia Australia
Cambodia Cambodia
Germany Germany
Chile Chile
Tanzania Tanzania
SaudiArabia SaudiArabia
Newfoundland Newfoundland
Ukraine Ukraine
France France
Slovenia Slovenia
Lesotho Lesotho
Argentina Argentina
Romania Romania
Gabon Gabon
Yemen Yemen
CentralAfricanRep CentralAfricanRep
SaoTomPrincipe SaoTomPrincipe
Bhutan Bhutan
Ethiopia Ethiopia
SaintLucia SaintLucia
Hungary Hungary
Cuba Cuba
Guatemala Guatemala
NorthKorea NorthKorea
Grenada Grenada
SriLanka SriLanka
Togo Togo
UAE UAE
Poland Poland
Seychelles Seychelles
Rwanda Rwanda
RussianFederation RussianFederation
Finland Finland
NewZealand NewZealand
Vanuatu Vanuatu
TheGambia TheGambia
Liechtenstein Liechtenstein
Israel Israel
Mali Mali
PapuaNewGuinea PapuaNewGuinea
Switzerland Switzerland
Venezuela Venezuela
Serbia Serbia
Fiji Fiji
Maldives Maldives
Greece Greece
Suriname Suriname
Lithuania Lithuania
Malaysia Malaysia
Pakistan Pakistan
Andorra Andorra
Djibouti Djibouti
Thailand Thailand
BosHerzegovina BosHerzegovina
Luxembourg Luxembourg
Italy Italy
Mauritania Mauritania
