Nepal SaintLucia VaticanCity Tajikistan Kuwait Mauritius Panama Serbia Vietnam Niger Palau Afghanistan Fiji Botswana NewZealand Slovakia MarshallIslands Suriname Estonia UAE Belarus Azerbaijan Argentina Liechtenstein Tanzania Georgia Nepal
25
SaintLucia SaintLucia
VaticanCity VaticanCity
Tajikistan Tajikistan
Kuwait Kuwait
Mauritius Mauritius
Panama Panama
Serbia Serbia
Vietnam Vietnam
Niger Niger
Palau Palau
Afghanistan Afghanistan
Fiji Fiji
Botswana Botswana
NewZealand NewZealand
Slovakia Slovakia
MarshallIslands MarshallIslands
Suriname Suriname
Estonia Estonia
UAE UAE
Belarus Belarus
Azerbaijan Azerbaijan
Argentina Argentina
Liechtenstein Liechtenstein
Tanzania Tanzania
Georgia Georgia
